shmem_pipe_thr 0 0 1 64 2 1 1 1 1000000 227 Mbps
shmem_pipe_thr 0 1 1 64 2 1 1 1 1000000 288 Mbps
shmem_pipe_thr 0 6 1 64 2 1 1 1 1000000 301 Mbps
shmem_pipe_thr 0 12 1 64 2 1 1 1 1000000 322 Mbps
shmem_pipe_thr 0 18 1 64 2 1 1 1 1000000 260 Mbps
shmem_pipe_thr 0 0 1 4096 2 1 1 1 1000000 8793 Mbps
shmem_pipe_thr 0 1 1 4096 2 1 1 1 1000000 14134 Mbps
shmem_pipe_thr 0 6 1 4096 2 1 1 1 1000000 13316 Mbps
shmem_pipe_thr 0 12 1 4096 2 1 1 1 1000000 12886 Mbps
shmem_pipe_thr 0 18 1 4096 2 1 1 1 1000000 10411 Mbps
shmem_pipe_thr 0 0 1 65536 2 1 1 1 100000 22257 Mbps
shmem_pipe_thr 0 1 1 65536 2 1 1 1 100000 20346 Mbps
shmem_pipe_thr 0 6 1 65536 2 1 1 1 100000 13553 Mbps
shmem_pipe_thr 0 12 1 65536 2 1 1 1 100000 13158 Mbps
shmem_pipe_thr 0 18 1 65536 2 1 1 1 100000 10551 Mbps
shmem_pipe_thr 0 0 1 64 2 1 0 1 1000000 230 Mbps
shmem_pipe_thr 0 1 1 64 2 1 0 1 1000000 315 Mbps
shmem_pipe_thr 0 6 1 64 2 1 0 1 1000000 303 Mbps
shmem_pipe_thr 0 12 1 64 2 1 0 1 1000000 322 Mbps
shmem_pipe_thr 0 18 1 64 2 1 0 1 1000000 266 Mbps
shmem_pipe_thr 0 0 1 4096 2 1 0 1 1000000 14177 Mbps
shmem_pipe_thr 0 1 1 4096 2 1 0 1 1000000 13895 Mbps
shmem_pipe_thr 0 6 1 4096 2 1 0 1 1000000 13370 Mbps
shmem_pipe_thr 0 12 1 4096 2 1 0 1 1000000 12212 Mbps
shmem_pipe_thr 0 18 1 4096 2 1 0 1 1000000 11077 Mbps
shmem_pipe_thr 0 0 1 65536 2 1 0 1 100000 16179 Mbps
shmem_pipe_thr 0 1 1 65536 2 1 0 1 100000 22066 Mbps
shmem_pipe_thr 0 6 1 65536 2 1 0 1 100000 14073 Mbps
shmem_pipe_thr 0 12 1 65536 2 1 0 1 100000 12768 Mbps
shmem_pipe_thr 0 18 1 65536 2 1 0 1 100000 11986 Mbps
