mempipe_thr 0 0 1 64 2 1 1 1 1000000 319 166 250 256 270 231 300 249 378 326 274.5 58.9467744853
mempipe_thr 0 1 1 64 2 1 1 1 1000000 662 648 1012 1033 999 774 578 769 798 571 784.4 176.9853729047
mempipe_thr 0 6 1 64 2 1 1 1 1000000 472 490 434 483 405 423 474 428 400 476 448.5 33.9877428887
mempipe_thr 0 12 1 64 2 1 1 1 1000000 549 563 528 536 505 565 436 445 482 428 503.7 52.9067313508
mempipe_thr 0 18 1 64 2 1 1 1 1000000 378 385 481 377 490 387 506 479 368 373 422.4 58.0042144063
mempipe_thr 0 0 1 4096 2 1 1 1 1000000 7671 12268 11493 10983 11220 12488 11348 10148 9636 9648 10690.3 1444.2304409846
mempipe_thr 0 1 1 4096 2 1 1 1 1000000 18624 18795 18658 18658 18746 18479 18206 18193 18171 18164 18469.4 259.4319435485
mempipe_thr 0 6 1 4096 2 1 1 1 1000000 9956 9877 9837 9969 9925 9823 9901 9910 9816 9861 9887.5 53.8150123623
mempipe_thr 0 12 1 4096 2 1 1 1 1000000 9469 9465 9487 9441 9449 9419 9414 9495 9462 9502 9460.3 30.0112941703
mempipe_thr 0 18 1 4096 2 1 1 1 1000000 7277 7697 7758 7781 7168 7089 7132 7629 7744 7038 7431.3 314.652559712
mempipe_thr 0 0 1 65536 2 1 1 1 100000 23549 22750 23076 23476 23554 23379 23550 22901 23474 23989 23369.8 364.2934714394
mempipe_thr 0 1 1 65536 2 1 1 1 100000 22452 22622 22397 22561 22375 21114 21099 20970 20985 21043 21761.8 763.0728522086
mempipe_thr 0 6 1 65536 2 1 1 1 100000 12816 12791 12856 12788 12831 12825 12836 12812 12784 12819 12815.8 23.0062793361
mempipe_thr 0 12 1 65536 2 1 1 1 100000 12423 12433 12372 12378 12460 12469 12449 12412 12437 12361 12419.4 37.8863798452
mempipe_thr 0 18 1 65536 2 1 1 1 100000 10018 10010 10019 10047 10040 10000 10002 10036 10034 10032 10023.8 16.3625588871
mempipe_thr 0 0 1 64 2 1 0 1 1000000 536 386 352 468 495 414 458 576 510 415 461 70.1553830991
mempipe_thr 0 1 1 64 2 1 0 1 1000000 1527 1905 1536 1851 1898 1839 1892 1880 1614 1667 1760.9 156.644289182
mempipe_thr 0 6 1 64 2 1 0 1 1000000 846 908 924 662 715 720 872 886 889 867 828.9 93.3707663029
mempipe_thr 0 12 1 64 2 1 0 1 1000000 1356 1238 1219 1344 1160 1317 1353 1122 1261 1179 1254.9 85.4276171842
mempipe_thr 0 18 1 64 2 1 0 1 1000000 930 938 933 1019 1081 987 993 1091 1066 976 1001.4 61.07045112
mempipe_thr 0 0 1 4096 2 1 0 1 1000000 6305 6253 6315 6181 6139 6119 6177 6173 6148 6192 6200.2 68.0911154263
mempipe_thr 0 1 1 4096 2 1 0 1 1000000 19173 18829 19359 18856 19071 20319 20093 19788 20027 19998 19551.3 555.8375162261
mempipe_thr 0 6 1 4096 2 1 0 1 1000000 10076 10072 10160 10149 10059 10129 10139 10137 10039 10157 10111.7 45.1836991255
mempipe_thr 0 12 1 4096 2 1 0 1 1000000 9178 9098 9087 8876 8843 9029 8945 9196 8862 8983 9009.7 128.9082791928
mempipe_thr 0 18 1 4096 2 1 0 1 1000000 8092 8082 8026 8076 8073 7944 8123 8064 8012 8065 8055.7 50.1930716777
mempipe_thr 0 0 1 65536 2 1 0 1 100000 14795 14897 14839 14926 14854 14814 14851 14744 14700 14816 14823.6 66.9713039708
mempipe_thr 0 1 1 65536 2 1 0 1 100000 20115 19962 19878 19848 19939 21142 21186 20661 21164 21163 20505.8 610.3903668965
mempipe_thr 0 6 1 65536 2 1 0 1 100000 12866 12813 12814 12857 12793 12809 12781 12795 12793 12808 12812.9 27.7586823254
mempipe_thr 0 12 1 65536 2 1 0 1 100000 12114 12084 12124 12092 12087 12090 12093 12154 12152 12084 12107.4 27.3625859727
mempipe_thr 0 18 1 65536 2 1 0 1 100000 11185 11137 11159 11164 11107 11120 11096 11157 11120 11108 11135.3 29.6049920715
