mempipe_thr 0 0 1 64 2 1 1 1 1000000 256 Mbps
mempipe_thr 0 1 1 64 2 1 1 1 1000000 1033 Mbps
mempipe_thr 0 6 1 64 2 1 1 1 1000000 483 Mbps
mempipe_thr 0 12 1 64 2 1 1 1 1000000 536 Mbps
mempipe_thr 0 18 1 64 2 1 1 1 1000000 377 Mbps
mempipe_thr 0 0 1 4096 2 1 1 1 1000000 10983 Mbps
mempipe_thr 0 1 1 4096 2 1 1 1 1000000 18658 Mbps
mempipe_thr 0 6 1 4096 2 1 1 1 1000000 9969 Mbps
mempipe_thr 0 12 1 4096 2 1 1 1 1000000 9441 Mbps
mempipe_thr 0 18 1 4096 2 1 1 1 1000000 7781 Mbps
mempipe_thr 0 0 1 65536 2 1 1 1 100000 23476 Mbps
mempipe_thr 0 1 1 65536 2 1 1 1 100000 22561 Mbps
mempipe_thr 0 6 1 65536 2 1 1 1 100000 12788 Mbps
mempipe_thr 0 12 1 65536 2 1 1 1 100000 12378 Mbps
mempipe_thr 0 18 1 65536 2 1 1 1 100000 10047 Mbps
mempipe_thr 0 0 1 64 2 1 0 1 1000000 468 Mbps
mempipe_thr 0 1 1 64 2 1 0 1 1000000 1851 Mbps
mempipe_thr 0 6 1 64 2 1 0 1 1000000 662 Mbps
mempipe_thr 0 12 1 64 2 1 0 1 1000000 1344 Mbps
mempipe_thr 0 18 1 64 2 1 0 1 1000000 1019 Mbps
mempipe_thr 0 0 1 4096 2 1 0 1 1000000 6181 Mbps
mempipe_thr 0 1 1 4096 2 1 0 1 1000000 18856 Mbps
mempipe_thr 0 6 1 4096 2 1 0 1 1000000 10149 Mbps
mempipe_thr 0 12 1 4096 2 1 0 1 1000000 8876 Mbps
mempipe_thr 0 18 1 4096 2 1 0 1 1000000 8076 Mbps
mempipe_thr 0 0 1 65536 2 1 0 1 100000 14926 Mbps
mempipe_thr 0 1 1 65536 2 1 0 1 100000 19848 Mbps
mempipe_thr 0 6 1 65536 2 1 0 1 100000 12857 Mbps
mempipe_thr 0 12 1 65536 2 1 0 1 100000 12092 Mbps
mempipe_thr 0 18 1 65536 2 1 0 1 100000 11164 Mbps
mempipe_thr 0 1 1 64 2 1 1 1 1000000 1383 Mbps
mempipe_thr 0 6 1 64 2 1 1 1 1000000 1256 Mbps
mempipe_thr 0 12 1 64 2 1 1 1 1000000 1240 Mbps
mempipe_thr 0 18 1 64 2 1 1 1 1000000 904 Mbps
mempipe_thr 0 1 1 4096 2 1 1 1 1000000 17966 Mbps
mempipe_thr 0 6 1 4096 2 1 1 1 1000000 13436 Mbps
mempipe_thr 0 12 1 4096 2 1 1 1 1000000 12883 Mbps
mempipe_thr 0 18 1 4096 2 1 1 1 1000000 10512 Mbps
mempipe_thr 0 1 1 65536 2 1 1 1 100000 22563 Mbps
mempipe_thr 0 6 1 65536 2 1 1 1 100000 13792 Mbps
mempipe_thr 0 12 1 65536 2 1 1 1 100000 13412 Mbps
mempipe_thr 0 18 1 65536 2 1 1 1 100000 10697 Mbps
mempipe_thr 0 1 1 64 2 1 0 1 1000000 1530 Mbps
mempipe_thr 0 6 1 64 2 1 0 1 1000000 1279 Mbps
mempipe_thr 0 12 1 64 2 1 0 1 1000000 1270 Mbps
mempipe_thr 0 18 1 64 2 1 0 1 1000000 1067 Mbps
mempipe_thr 0 1 1 4096 2 1 0 1 1000000 23868 Mbps
mempipe_thr 0 6 1 4096 2 1 0 1 1000000 12881 Mbps
mempipe_thr 0 12 1 4096 2 1 0 1 1000000 12100 Mbps
mempipe_thr 0 18 1 4096 2 1 0 1 1000000 10841 Mbps
mempipe_thr 0 1 1 65536 2 1 0 1 100000 21144 Mbps
mempipe_thr 0 6 1 65536 2 1 0 1 100000 13752 Mbps
mempipe_thr 0 12 1 65536 2 1 0 1 100000 12929 Mbps
mempipe_thr 0 18 1 65536 2 1 0 1 100000 11917 Mbps
