mempipe_thr 0 0 0 64 2 1 1 1 1000000 1181 Mbps
mempipe_thr 0 0 0 64 2 1 1 1 1000000 993 Mbps
mempipe_thr 0 1 0 64 2 1 1 1 1000000 2444 Mbps
mempipe_thr 0 1 0 64 2 1 1 1 1000000 2451 Mbps
mempipe_thr 0 6 0 64 2 1 1 1 1000000 1519 Mbps
mempipe_thr 0 6 1 64 2 1 1 1 1000000 1384 Mbps
mempipe_thr 0 12 0 64 2 1 1 1 1000000 1221 Mbps
mempipe_thr 0 12 2 64 2 1 1 1 1000000 1526 Mbps
mempipe_thr 0 18 0 64 2 1 1 1 1000000 1310 Mbps
mempipe_thr 0 18 3 64 2 1 1 1 1000000 1160 Mbps
mempipe_thr 0 0 0 4096 2 1 1 1 1000000 7308 Mbps
mempipe_thr 0 0 0 4096 2 1 1 1 1000000 7422 Mbps
mempipe_thr 0 1 0 4096 2 1 1 1 1000000 20873 Mbps
mempipe_thr 0 1 0 4096 2 1 1 1 1000000 20826 Mbps
mempipe_thr 0 6 0 4096 2 1 1 1 1000000 10143 Mbps
mempipe_thr 0 6 1 4096 2 1 1 1 1000000 9796 Mbps
mempipe_thr 0 12 0 4096 2 1 1 1 1000000 9706 Mbps
mempipe_thr 0 12 2 4096 2 1 1 1 1000000 9156 Mbps
mempipe_thr 0 18 0 4096 2 1 1 1 1000000 7812 Mbps
mempipe_thr 0 18 3 4096 2 1 1 1 1000000 7286 Mbps
mempipe_thr 0 0 0 65536 2 1 1 1 100000 23167 Mbps
mempipe_thr 0 0 0 65536 2 1 1 1 100000 22823 Mbps
mempipe_thr 0 1 0 65536 2 1 1 1 100000 22586 Mbps
mempipe_thr 0 1 0 65536 2 1 1 1 100000 22575 Mbps
mempipe_thr 0 6 0 65536 2 1 1 1 100000 12611 Mbps
mempipe_thr 0 6 1 65536 2 1 1 1 100000 12797 Mbps
mempipe_thr 0 12 0 65536 2 1 1 1 100000 12408 Mbps
mempipe_thr 0 12 2 65536 2 1 1 1 100000 12385 Mbps
mempipe_thr 0 18 0 65536 2 1 1 1 100000 10007 Mbps
mempipe_thr 0 18 3 65536 2 1 1 1 100000 9944 Mbps
mempipe_thr 0 0 0 64 2 1 0 1 1000000 976 Mbps
mempipe_thr 0 0 0 64 2 1 0 1 1000000 859 Mbps
mempipe_thr 0 1 0 64 2 1 0 1 1000000 2269 Mbps
mempipe_thr 0 1 0 64 2 1 0 1 1000000 2242 Mbps
mempipe_thr 0 6 0 64 2 1 0 1 1000000 1387 Mbps
mempipe_thr 0 6 1 64 2 1 0 1 1000000 1674 Mbps
mempipe_thr 0 12 0 64 2 1 0 1 1000000 1581 Mbps
mempipe_thr 0 12 2 64 2 1 0 1 1000000 1552 Mbps
mempipe_thr 0 18 0 64 2 1 0 1 1000000 1266 Mbps
mempipe_thr 0 18 3 64 2 1 0 1 1000000 1376 Mbps
mempipe_thr 0 0 0 4096 2 1 0 1 1000000 6118 Mbps
mempipe_thr 0 0 0 4096 2 1 0 1 1000000 6378 Mbps
mempipe_thr 0 1 0 4096 2 1 0 1 1000000 19049 Mbps
mempipe_thr 0 1 0 4096 2 1 0 1 1000000 17893 Mbps
mempipe_thr 0 6 0 4096 2 1 0 1 1000000 10610 Mbps
mempipe_thr 0 6 1 4096 2 1 0 1 1000000 9929 Mbps
mempipe_thr 0 12 0 4096 2 1 0 1 1000000 9025 Mbps
mempipe_thr 0 12 2 4096 2 1 0 1 1000000 8969 Mbps
mempipe_thr 0 18 0 4096 2 1 0 1 1000000 8226 Mbps
mempipe_thr 0 18 3 4096 2 1 0 1 1000000 8146 Mbps
mempipe_thr 0 0 0 65536 2 1 0 1 100000 14778 Mbps
mempipe_thr 0 0 0 65536 2 1 0 1 100000 14839 Mbps
mempipe_thr 0 1 0 65536 2 1 0 1 100000 19894 Mbps
mempipe_thr 0 1 0 65536 2 1 0 1 100000 19735 Mbps
mempipe_thr 0 6 0 65536 2 1 0 1 100000 13407 Mbps
mempipe_thr 0 6 1 65536 2 1 0 1 100000 12776 Mbps
mempipe_thr 0 12 0 65536 2 1 0 1 100000 11609 Mbps
mempipe_thr 0 12 2 65536 2 1 0 1 100000 12029 Mbps
mempipe_thr 0 18 0 65536 2 1 0 1 100000 10834 Mbps
mempipe_thr 0 18 3 65536 2 1 0 1 100000 11078 Mbps
mempipe_thr 0 0 0 64 2 1 1 1 1000000 1820 Mbps
mempipe_thr 0 0 0 64 2 1 1 1 1000000 1596 Mbps
mempipe_thr 0 1 0 64 2 1 1 1 1000000 2440 Mbps
mempipe_thr 0 1 0 64 2 1 1 1 1000000 2397 Mbps
mempipe_thr 0 6 0 64 2 1 1 1 1000000 1521 Mbps
mempipe_thr 0 6 1 64 2 1 1 1 1000000 1328 Mbps
mempipe_thr 0 12 0 64 2 1 1 1 1000000 1117 Mbps
mempipe_thr 0 12 2 64 2 1 1 1 1000000 1533 Mbps
mempipe_thr 0 18 0 64 2 1 1 1 1000000 1305 Mbps
mempipe_thr 0 18 3 64 2 1 1 1 1000000 1159 Mbps
mempipe_thr 0 0 0 4096 2 1 1 1 1000000 7822 Mbps
mempipe_thr 0 0 0 4096 2 1 1 1 1000000 8623 Mbps
mempipe_thr 0 1 0 4096 2 1 1 1 1000000 20726 Mbps
mempipe_thr 0 1 0 4096 2 1 1 1 1000000 20821 Mbps
mempipe_thr 0 6 0 4096 2 1 1 1 1000000 10052 Mbps
mempipe_thr 0 6 1 4096 2 1 1 1 1000000 9745 Mbps
mempipe_thr 0 12 0 4096 2 1 1 1 1000000 9682 Mbps
mempipe_thr 0 12 2 4096 2 1 1 1 1000000 9350 Mbps
mempipe_thr 0 18 0 4096 2 1 1 1 1000000 7757 Mbps
mempipe_thr 0 18 3 4096 2 1 1 1 1000000 7072 Mbps
mempipe_thr 0 0 0 65536 2 1 1 1 100000 23141 Mbps
mempipe_thr 0 0 0 65536 2 1 1 1 100000 23130 Mbps
mempipe_thr 0 1 0 65536 2 1 1 1 100000 22443 Mbps
mempipe_thr 0 1 0 65536 2 1 1 1 100000 22470 Mbps
mempipe_thr 0 6 0 65536 2 1 1 1 100000 12666 Mbps
mempipe_thr 0 6 1 65536 2 1 1 1 100000 12762 Mbps
mempipe_thr 0 12 0 65536 2 1 1 1 100000 12402 Mbps
mempipe_thr 0 12 2 65536 2 1 1 1 100000 12377 Mbps
mempipe_thr 0 18 0 65536 2 1 1 1 100000 9970 Mbps
mempipe_thr 0 18 3 65536 2 1 1 1 100000 10028 Mbps
mempipe_thr 0 0 0 64 2 1 0 1 1000000 528 Mbps
mempipe_thr 0 0 0 64 2 1 0 1 1000000 861 Mbps
mempipe_thr 0 1 0 64 2 1 0 1 1000000 2261 Mbps
mempipe_thr 0 1 0 64 2 1 0 1 1000000 2262 Mbps
mempipe_thr 0 6 0 64 2 1 0 1 1000000 1687 Mbps
mempipe_thr 0 6 1 64 2 1 0 1 1000000 1676 Mbps
mempipe_thr 0 12 0 64 2 1 0 1 1000000 1574 Mbps
mempipe_thr 0 12 2 64 2 1 0 1 1000000 1548 Mbps
mempipe_thr 0 18 0 64 2 1 0 1 1000000 1349 Mbps
mempipe_thr 0 18 3 64 2 1 0 1 1000000 1364 Mbps
mempipe_thr 0 0 0 4096 2 1 0 1 1000000 6397 Mbps
mempipe_thr 0 0 0 4096 2 1 0 1 1000000 6457 Mbps
mempipe_thr 0 1 0 4096 2 1 0 1 1000000 18954 Mbps
mempipe_thr 0 1 0 4096 2 1 0 1 1000000 18896 Mbps
mempipe_thr 0 6 0 4096 2 1 0 1 1000000 10396 Mbps
mempipe_thr 0 6 1 4096 2 1 0 1 1000000 10038 Mbps
mempipe_thr 0 12 0 4096 2 1 0 1 1000000 9144 Mbps
mempipe_thr 0 12 2 4096 2 1 0 1 1000000 8860 Mbps
mempipe_thr 0 18 0 4096 2 1 0 1 1000000 8013 Mbps
mempipe_thr 0 18 3 4096 2 1 0 1 1000000 7928 Mbps
mempipe_thr 0 0 0 65536 2 1 0 1 100000 14817 Mbps
mempipe_thr 0 0 0 65536 2 1 0 1 100000 14825 Mbps
mempipe_thr 0 1 0 65536 2 1 0 1 100000 19758 Mbps
mempipe_thr 0 1 0 65536 2 1 0 1 100000 19866 Mbps
mempipe_thr 0 6 0 65536 2 1 0 1 100000 13416 Mbps
mempipe_thr 0 6 1 65536 2 1 0 1 100000 12748 Mbps
mempipe_thr 0 12 0 65536 2 1 0 1 100000 11612 Mbps
mempipe_thr 0 12 2 65536 2 1 0 1 100000 12060 Mbps
mempipe_thr 0 18 0 65536 2 1 0 1 100000 10794 Mbps
mempipe_thr 0 18 3 65536 2 1 0 1 100000 11071 Mbps
mempipe_thr 0 0 0 64 2 1 1 1 1000000 1756 Mbps
mempipe_thr 0 0 0 64 2 1 1 1 1000000 1941 Mbps
mempipe_thr 0 1 0 64 2 1 1 1 1000000 2405 Mbps
mempipe_thr 0 1 0 64 2 1 1 1 1000000 2449 Mbps
mempipe_thr 0 6 0 64 2 1 1 1 1000000 1490 Mbps
mempipe_thr 0 6 1 64 2 1 1 1 1000000 1387 Mbps
mempipe_thr 0 12 0 64 2 1 1 1 1000000 1174 Mbps
mempipe_thr 0 12 2 64 2 1 1 1 1000000 1514 Mbps
mempipe_thr 0 18 0 64 2 1 1 1 1000000 1316 Mbps
mempipe_thr 0 18 3 64 2 1 1 1 1000000 1177 Mbps
mempipe_thr 0 0 0 4096 2 1 1 1 1000000 8414 Mbps
mempipe_thr 0 0 0 4096 2 1 1 1 1000000 7742 Mbps
mempipe_thr 0 1 0 4096 2 1 1 1 1000000 20775 Mbps
mempipe_thr 0 1 0 4096 2 1 1 1 1000000 20736 Mbps
mempipe_thr 0 6 0 4096 2 1 1 1 1000000 10115 Mbps
mempipe_thr 0 6 1 4096 2 1 1 1 1000000 9740 Mbps
mempipe_thr 0 12 0 4096 2 1 1 1 1000000 9566 Mbps
mempipe_thr 0 12 2 4096 2 1 1 1 1000000 9378 Mbps
mempipe_thr 0 18 0 4096 2 1 1 1 1000000 7830 Mbps
mempipe_thr 0 18 3 4096 2 1 1 1 1000000 7308 Mbps
mempipe_thr 0 0 0 65536 2 1 1 1 100000 23019 Mbps
mempipe_thr 0 0 0 65536 2 1 1 1 100000 23015 Mbps
mempipe_thr 0 1 0 65536 2 1 1 1 100000 22424 Mbps
mempipe_thr 0 1 0 65536 2 1 1 1 100000 22615 Mbps
mempipe_thr 0 6 0 65536 2 1 1 1 100000 12666 Mbps
mempipe_thr 0 6 1 65536 2 1 1 1 100000 12810 Mbps
mempipe_thr 0 12 0 65536 2 1 1 1 100000 12401 Mbps
mempipe_thr 0 12 2 65536 2 1 1 1 100000 12351 Mbps
mempipe_thr 0 18 0 65536 2 1 1 1 100000 9955 Mbps
mempipe_thr 0 18 3 65536 2 1 1 1 100000 9960 Mbps
mempipe_thr 0 0 0 64 2 1 0 1 1000000 659 Mbps
mempipe_thr 0 0 0 64 2 1 0 1 1000000 870 Mbps
mempipe_thr 0 1 0 64 2 1 0 1 1000000 2282 Mbps
mempipe_thr 0 1 0 64 2 1 0 1 1000000 2274 Mbps
mempipe_thr 0 6 0 64 2 1 0 1 1000000 1705 Mbps
mempipe_thr 0 6 1 64 2 1 0 1 1000000 1706 Mbps
mempipe_thr 0 12 0 64 2 1 0 1 1000000 1581 Mbps
mempipe_thr 0 12 2 64 2 1 0 1 1000000 1551 Mbps
mempipe_thr 0 18 0 64 2 1 0 1 1000000 1381 Mbps
mempipe_thr 0 18 3 64 2 1 0 1 1000000 1399 Mbps
mempipe_thr 0 0 0 4096 2 1 0 1 1000000 6252 Mbps
mempipe_thr 0 0 0 4096 2 1 0 1 1000000 6398 Mbps
mempipe_thr 0 1 0 4096 2 1 0 1 1000000 17803 Mbps
mempipe_thr 0 1 0 4096 2 1 0 1 1000000 17685 Mbps
mempipe_thr 0 6 0 4096 2 1 0 1 1000000 10312 Mbps
mempipe_thr 0 6 1 4096 2 1 0 1 1000000 10176 Mbps
mempipe_thr 0 12 0 4096 2 1 0 1 1000000 9092 Mbps
mempipe_thr 0 12 2 4096 2 1 0 1 1000000 8921 Mbps
mempipe_thr 0 18 0 4096 2 1 0 1 1000000 8240 Mbps
mempipe_thr 0 18 3 4096 2 1 0 1 1000000 7862 Mbps
mempipe_thr 0 0 0 65536 2 1 0 1 100000 14789 Mbps
mempipe_thr 0 0 0 65536 2 1 0 1 100000 14883 Mbps
mempipe_thr 0 1 0 65536 2 1 0 1 100000 19763 Mbps
mempipe_thr 0 1 0 65536 2 1 0 1 100000 19878 Mbps
mempipe_thr 0 6 0 65536 2 1 0 1 100000 13386 Mbps
mempipe_thr 0 6 1 65536 2 1 0 1 100000 12774 Mbps
mempipe_thr 0 12 0 65536 2 1 0 1 100000 11586 Mbps
mempipe_thr 0 12 2 65536 2 1 0 1 100000 12035 Mbps
mempipe_thr 0 18 0 65536 2 1 0 1 100000 10810 Mbps
mempipe_thr 0 18 3 65536 2 1 0 1 100000 11024 Mbps
mempipe_thr 0 0 0 64 2 1 1 1 1000000 1495 Mbps
mempipe_thr 0 0 0 64 2 1 1 1 1000000 1527 Mbps
mempipe_thr 0 1 0 64 2 1 1 1 1000000 2448 Mbps
mempipe_thr 0 1 0 64 2 1 1 1 1000000 2422 Mbps
mempipe_thr 0 6 0 64 2 1 1 1 1000000 1526 Mbps
mempipe_thr 0 6 1 64 2 1 1 1 1000000 1376 Mbps
mempipe_thr 0 12 0 64 2 1 1 1 1000000 1110 Mbps
mempipe_thr 0 12 2 64 2 1 1 1 1000000 1516 Mbps
mempipe_thr 0 18 0 64 2 1 1 1 1000000 1311 Mbps
mempipe_thr 0 18 3 64 2 1 1 1 1000000 1188 Mbps
mempipe_thr 0 0 0 4096 2 1 1 1 1000000 7520 Mbps
mempipe_thr 0 0 0 4096 2 1 1 1 1000000 7333 Mbps
mempipe_thr 0 1 0 4096 2 1 1 1 1000000 20840 Mbps
mempipe_thr 0 1 0 4096 2 1 1 1 1000000 20854 Mbps
mempipe_thr 0 6 0 4096 2 1 1 1 1000000 10049 Mbps
mempipe_thr 0 6 1 4096 2 1 1 1 1000000 9744 Mbps
mempipe_thr 0 12 0 4096 2 1 1 1 1000000 9756 Mbps
mempipe_thr 0 12 2 4096 2 1 1 1 1000000 9189 Mbps
mempipe_thr 0 18 0 4096 2 1 1 1 1000000 7727 Mbps
mempipe_thr 0 18 3 4096 2 1 1 1 1000000 7235 Mbps
mempipe_thr 0 0 0 65536 2 1 1 1 100000 23035 Mbps
mempipe_thr 0 0 0 65536 2 1 1 1 100000 22976 Mbps
mempipe_thr 0 1 0 65536 2 1 1 1 100000 22608 Mbps
mempipe_thr 0 1 0 65536 2 1 1 1 100000 22640 Mbps
mempipe_thr 0 6 0 65536 2 1 1 1 100000 12612 Mbps
mempipe_thr 0 6 1 65536 2 1 1 1 100000 12758 Mbps
mempipe_thr 0 12 0 65536 2 1 1 1 100000 12382 Mbps
mempipe_thr 0 12 2 65536 2 1 1 1 100000 12341 Mbps
mempipe_thr 0 18 0 65536 2 1 1 1 100000 10026 Mbps
mempipe_thr 0 18 3 65536 2 1 1 1 100000 9949 Mbps
mempipe_thr 0 0 0 64 2 1 0 1 1000000 882 Mbps
mempipe_thr 0 0 0 64 2 1 0 1 1000000 871 Mbps
mempipe_thr 0 1 0 64 2 1 0 1 1000000 2267 Mbps
mempipe_thr 0 1 0 64 2 1 0 1 1000000 2267 Mbps
mempipe_thr 0 6 0 64 2 1 0 1 1000000 1711 Mbps
mempipe_thr 0 6 1 64 2 1 0 1 1000000 1697 Mbps
mempipe_thr 0 12 0 64 2 1 0 1 1000000 1537 Mbps
mempipe_thr 0 12 2 64 2 1 0 1 1000000 1564 Mbps
mempipe_thr 0 18 0 64 2 1 0 1 1000000 1384 Mbps
mempipe_thr 0 18 3 64 2 1 0 1 1000000 1405 Mbps
mempipe_thr 0 0 0 4096 2 1 0 1 1000000 6225 Mbps
mempipe_thr 0 0 0 4096 2 1 0 1 1000000 6426 Mbps
mempipe_thr 0 1 0 4096 2 1 0 1 1000000 18701 Mbps
mempipe_thr 0 1 0 4096 2 1 0 1 1000000 18801 Mbps
mempipe_thr 0 6 0 4096 2 1 0 1 1000000 10382 Mbps
mempipe_thr 0 6 1 4096 2 1 0 1 1000000 10033 Mbps
mempipe_thr 0 12 0 4096 2 1 0 1 1000000 9056 Mbps
mempipe_thr 0 12 2 4096 2 1 0 1 1000000 8884 Mbps
mempipe_thr 0 18 0 4096 2 1 0 1 1000000 8217 Mbps
mempipe_thr 0 18 3 4096 2 1 0 1 1000000 8027 Mbps
mempipe_thr 0 0 0 65536 2 1 0 1 100000 14813 Mbps
mempipe_thr 0 0 0 65536 2 1 0 1 100000 14816 Mbps
mempipe_thr 0 1 0 65536 2 1 0 1 100000 19895 Mbps
mempipe_thr 0 1 0 65536 2 1 0 1 100000 19873 Mbps
mempipe_thr 0 6 0 65536 2 1 0 1 100000 13406 Mbps
mempipe_thr 0 6 1 65536 2 1 0 1 100000 12780 Mbps
mempipe_thr 0 12 0 65536 2 1 0 1 100000 11531 Mbps
mempipe_thr 0 12 2 65536 2 1 0 1 100000 12115 Mbps
mempipe_thr 0 18 0 65536 2 1 0 1 100000 10821 Mbps
mempipe_thr 0 18 3 65536 2 1 0 1 100000 11106 Mbps
mempipe_thr 0 0 0 64 2 1 1 1 1000000 1799 Mbps
mempipe_thr 0 0 0 64 2 1 1 1 1000000 1521 Mbps
mempipe_thr 0 1 0 64 2 1 1 1 1000000 2431 Mbps
mempipe_thr 0 1 0 64 2 1 1 1 1000000 2447 Mbps
mempipe_thr 0 6 0 64 2 1 1 1 1000000 1521 Mbps
mempipe_thr 0 6 1 64 2 1 1 1 1000000 1452 Mbps
mempipe_thr 0 12 0 64 2 1 1 1 1000000 949 Mbps
mempipe_thr 0 12 2 64 2 1 1 1 1000000 1530 Mbps
mempipe_thr 0 18 0 64 2 1 1 1 1000000 1314 Mbps
mempipe_thr 0 18 3 64 2 1 1 1 1000000 1197 Mbps
mempipe_thr 0 0 0 4096 2 1 1 1 1000000 7957 Mbps
mempipe_thr 0 0 0 4096 2 1 1 1 1000000 7983 Mbps
mempipe_thr 0 1 0 4096 2 1 1 1 1000000 20812 Mbps
mempipe_thr 0 1 0 4096 2 1 1 1 1000000 20829 Mbps
mempipe_thr 0 6 0 4096 2 1 1 1 1000000 10142 Mbps
mempipe_thr 0 6 1 4096 2 1 1 1 1000000 9829 Mbps
mempipe_thr 0 12 0 4096 2 1 1 1 1000000 9710 Mbps
mempipe_thr 0 12 2 4096 2 1 1 1 1000000 9203 Mbps
mempipe_thr 0 18 0 4096 2 1 1 1 1000000 7776 Mbps
mempipe_thr 0 18 3 4096 2 1 1 1 1000000 7152 Mbps
mempipe_thr 0 0 0 65536 2 1 1 1 100000 23225 Mbps
mempipe_thr 0 0 0 65536 2 1 1 1 100000 23079 Mbps
mempipe_thr 0 1 0 65536 2 1 1 1 100000 22658 Mbps
mempipe_thr 0 1 0 65536 2 1 1 1 100000 22535 Mbps
mempipe_thr 0 6 0 65536 2 1 1 1 100000 12612 Mbps
mempipe_thr 0 6 1 65536 2 1 1 1 100000 12837 Mbps
mempipe_thr 0 12 0 65536 2 1 1 1 100000 12401 Mbps
mempipe_thr 0 12 2 65536 2 1 1 1 100000 12390 Mbps
mempipe_thr 0 18 0 65536 2 1 1 1 100000 10036 Mbps
mempipe_thr 0 18 3 65536 2 1 1 1 100000 9963 Mbps
mempipe_thr 0 0 0 64 2 1 0 1 1000000 922 Mbps
mempipe_thr 0 0 0 64 2 1 0 1 1000000 526 Mbps
mempipe_thr 0 1 0 64 2 1 0 1 1000000 2265 Mbps
mempipe_thr 0 1 0 64 2 1 0 1 1000000 2261 Mbps
mempipe_thr 0 6 0 64 2 1 0 1 1000000 1698 Mbps
mempipe_thr 0 6 1 64 2 1 0 1 1000000 1484 Mbps
mempipe_thr 0 12 0 64 2 1 0 1 1000000 1578 Mbps
mempipe_thr 0 12 2 64 2 1 0 1 1000000 1588 Mbps
mempipe_thr 0 18 0 64 2 1 0 1 1000000 1348 Mbps
mempipe_thr 0 18 3 64 2 1 0 1 1000000 1363 Mbps
mempipe_thr 0 0 0 4096 2 1 0 1 1000000 6423 Mbps
mempipe_thr 0 0 0 4096 2 1 0 1 1000000 6517 Mbps
mempipe_thr 0 1 0 4096 2 1 0 1 1000000 17903 Mbps
mempipe_thr 0 1 0 4096 2 1 0 1 1000000 18369 Mbps
mempipe_thr 0 6 0 4096 2 1 0 1 1000000 10360 Mbps
mempipe_thr 0 6 1 4096 2 1 0 1 1000000 10059 Mbps
mempipe_thr 0 12 0 4096 2 1 0 1 1000000 9020 Mbps
mempipe_thr 0 12 2 4096 2 1 0 1 1000000 8842 Mbps
mempipe_thr 0 18 0 4096 2 1 0 1 1000000 8021 Mbps
mempipe_thr 0 18 3 4096 2 1 0 1 1000000 8119 Mbps
mempipe_thr 0 0 0 65536 2 1 0 1 100000 14852 Mbps
mempipe_thr 0 0 0 65536 2 1 0 1 100000 14849 Mbps
mempipe_thr 0 1 0 65536 2 1 0 1 100000 19757 Mbps
mempipe_thr 0 1 0 65536 2 1 0 1 100000 19931 Mbps
mempipe_thr 0 6 0 65536 2 1 0 1 100000 13394 Mbps
mempipe_thr 0 6 1 65536 2 1 0 1 100000 12822 Mbps
mempipe_thr 0 12 0 65536 2 1 0 1 100000 11547 Mbps
mempipe_thr 0 12 2 65536 2 1 0 1 100000 12109 Mbps
mempipe_thr 0 18 0 65536 2 1 0 1 100000 10784 Mbps
mempipe_thr 0 18 3 65536 2 1 0 1 100000 11075 Mbps
mempipe_thr 0 0 0 64 2 1 1 1 1000000 1030 Mbps
mempipe_thr 0 0 0 64 2 1 1 1 1000000 1810 Mbps
mempipe_thr 0 1 0 64 2 1 1 1 1000000 2441 Mbps
mempipe_thr 0 1 0 64 2 1 1 1 1000000 2418 Mbps
mempipe_thr 0 6 0 64 2 1 1 1 1000000 1523 Mbps
mempipe_thr 0 6 1 64 2 1 1 1 1000000 1340 Mbps
mempipe_thr 0 12 0 64 2 1 1 1 1000000 1137 Mbps
mempipe_thr 0 12 2 64 2 1 1 1 1000000 1505 Mbps
mempipe_thr 0 18 0 64 2 1 1 1 1000000 1292 Mbps
mempipe_thr 0 18 3 64 2 1 1 1 1000000 1259 Mbps
mempipe_thr 0 0 0 4096 2 1 1 1 1000000 7322 Mbps
mempipe_thr 0 0 0 4096 2 1 1 1 1000000 7527 Mbps
mempipe_thr 0 1 0 4096 2 1 1 1 1000000 20843 Mbps
mempipe_thr 0 1 0 4096 2 1 1 1 1000000 20769 Mbps
mempipe_thr 0 6 0 4096 2 1 1 1 1000000 10162 Mbps
mempipe_thr 0 6 1 4096 2 1 1 1 1000000 9736 Mbps
mempipe_thr 0 12 0 4096 2 1 1 1 1000000 9742 Mbps
mempipe_thr 0 12 2 4096 2 1 1 1 1000000 9095 Mbps
mempipe_thr 0 18 0 4096 2 1 1 1 1000000 7847 Mbps
mempipe_thr 0 18 3 4096 2 1 1 1 1000000 7104 Mbps
mempipe_thr 0 0 0 65536 2 1 1 1 100000 22956 Mbps
mempipe_thr 0 0 0 65536 2 1 1 1 100000 22834 Mbps
mempipe_thr 0 1 0 65536 2 1 1 1 100000 22505 Mbps
mempipe_thr 0 1 0 65536 2 1 1 1 100000 22567 Mbps
mempipe_thr 0 6 0 65536 2 1 1 1 100000 12567 Mbps
mempipe_thr 0 6 1 65536 2 1 1 1 100000 12751 Mbps
mempipe_thr 0 12 0 65536 2 1 1 1 100000 12354 Mbps
mempipe_thr 0 12 2 65536 2 1 1 1 100000 12334 Mbps
mempipe_thr 0 18 0 65536 2 1 1 1 100000 9998 Mbps
mempipe_thr 0 18 3 65536 2 1 1 1 100000 9941 Mbps
mempipe_thr 0 0 0 64 2 1 0 1 1000000 956 Mbps
mempipe_thr 0 0 0 64 2 1 0 1 1000000 882 Mbps
mempipe_thr 0 1 0 64 2 1 0 1 1000000 2261 Mbps
mempipe_thr 0 1 0 64 2 1 0 1 1000000 2263 Mbps
mempipe_thr 0 6 0 64 2 1 0 1 1000000 1694 Mbps
mempipe_thr 0 6 1 64 2 1 0 1 1000000 1685 Mbps
mempipe_thr 0 12 0 64 2 1 0 1 1000000 1553 Mbps
mempipe_thr 0 12 2 64 2 1 0 1 1000000 1550 Mbps
mempipe_thr 0 18 0 64 2 1 0 1 1000000 1267 Mbps
mempipe_thr 0 18 3 64 2 1 0 1 1000000 1328 Mbps
mempipe_thr 0 0 0 4096 2 1 0 1 1000000 6325 Mbps
mempipe_thr 0 0 0 4096 2 1 0 1 1000000 6579 Mbps
mempipe_thr 0 1 0 4096 2 1 0 1 1000000 18154 Mbps
mempipe_thr 0 1 0 4096 2 1 0 1 1000000 18916 Mbps
mempipe_thr 0 6 0 4096 2 1 0 1 1000000 10302 Mbps
mempipe_thr 0 6 1 4096 2 1 0 1 1000000 10029 Mbps
mempipe_thr 0 12 0 4096 2 1 0 1 1000000 9010 Mbps
mempipe_thr 0 12 2 4096 2 1 0 1 1000000 8851 Mbps
mempipe_thr 0 18 0 4096 2 1 0 1 1000000 8208 Mbps
mempipe_thr 0 18 3 4096 2 1 0 1 1000000 8155 Mbps
mempipe_thr 0 0 0 65536 2 1 0 1 100000 14823 Mbps
mempipe_thr 0 0 0 65536 2 1 0 1 100000 14815 Mbps
mempipe_thr 0 1 0 65536 2 1 0 1 100000 19838 Mbps
mempipe_thr 0 1 0 65536 2 1 0 1 100000 19810 Mbps
mempipe_thr 0 6 0 65536 2 1 0 1 100000 13418 Mbps
mempipe_thr 0 6 1 65536 2 1 0 1 100000 12775 Mbps
mempipe_thr 0 12 0 65536 2 1 0 1 100000 11545 Mbps
mempipe_thr 0 12 2 65536 2 1 0 1 100000 12042 Mbps
mempipe_thr 0 18 0 65536 2 1 0 1 100000 10742 Mbps
mempipe_thr 0 18 3 65536 2 1 0 1 100000 11087 Mbps
mempipe_thr 0 0 0 64 2 1 1 1 1000000 1327 Mbps
mempipe_thr 0 0 0 64 2 1 1 1 1000000 1908 Mbps
mempipe_thr 0 1 0 64 2 1 1 1 1000000 2494 Mbps
mempipe_thr 0 1 0 64 2 1 1 1 1000000 2449 Mbps
mempipe_thr 0 6 0 64 2 1 1 1 1000000 1505 Mbps
mempipe_thr 0 6 1 64 2 1 1 1 1000000 1390 Mbps
mempipe_thr 0 12 0 64 2 1 1 1 1000000 1055 Mbps
mempipe_thr 0 12 2 64 2 1 1 1 1000000 1477 Mbps
mempipe_thr 0 18 0 64 2 1 1 1 1000000 1311 Mbps
mempipe_thr 0 18 3 64 2 1 1 1 1000000 1210 Mbps
mempipe_thr 0 0 0 4096 2 1 1 1 1000000 7781 Mbps
mempipe_thr 0 0 0 4096 2 1 1 1 1000000 7425 Mbps
mempipe_thr 0 1 0 4096 2 1 1 1 1000000 20705 Mbps
mempipe_thr 0 1 0 4096 2 1 1 1 1000000 20728 Mbps
mempipe_thr 0 6 0 4096 2 1 1 1 1000000 10157 Mbps
mempipe_thr 0 6 1 4096 2 1 1 1 1000000 9816 Mbps
mempipe_thr 0 12 0 4096 2 1 1 1 1000000 9787 Mbps
mempipe_thr 0 12 2 4096 2 1 1 1 1000000 9143 Mbps
mempipe_thr 0 18 0 4096 2 1 1 1 1000000 7841 Mbps
mempipe_thr 0 18 3 4096 2 1 1 1 1000000 7051 Mbps
mempipe_thr 0 0 0 65536 2 1 1 1 100000 23203 Mbps
mempipe_thr 0 0 0 65536 2 1 1 1 100000 23278 Mbps
mempipe_thr 0 1 0 65536 2 1 1 1 100000 22604 Mbps
mempipe_thr 0 1 0 65536 2 1 1 1 100000 22498 Mbps
mempipe_thr 0 6 0 65536 2 1 1 1 100000 12573 Mbps
mempipe_thr 0 6 1 65536 2 1 1 1 100000 12756 Mbps
mempipe_thr 0 12 0 65536 2 1 1 1 100000 12442 Mbps
mempipe_thr 0 12 2 65536 2 1 1 1 100000 12397 Mbps
mempipe_thr 0 18 0 65536 2 1 1 1 100000 9959 Mbps
mempipe_thr 0 18 3 65536 2 1 1 1 100000 9974 Mbps
mempipe_thr 0 0 0 64 2 1 0 1 1000000 575 Mbps
mempipe_thr 0 0 0 64 2 1 0 1 1000000 623 Mbps
mempipe_thr 0 1 0 64 2 1 0 1 1000000 2223 Mbps
mempipe_thr 0 1 0 64 2 1 0 1 1000000 2265 Mbps
mempipe_thr 0 6 0 64 2 1 0 1 1000000 1709 Mbps
mempipe_thr 0 6 1 64 2 1 0 1 1000000 1711 Mbps
mempipe_thr 0 12 0 64 2 1 0 1 1000000 1584 Mbps
mempipe_thr 0 12 2 64 2 1 0 1 1000000 1594 Mbps
mempipe_thr 0 18 0 64 2 1 0 1 1000000 1351 Mbps
mempipe_thr 0 18 3 64 2 1 0 1 1000000 1413 Mbps
mempipe_thr 0 0 0 4096 2 1 0 1 1000000 6269 Mbps
mempipe_thr 0 0 0 4096 2 1 0 1 1000000 6313 Mbps
mempipe_thr 0 1 0 4096 2 1 0 1 1000000 17738 Mbps
mempipe_thr 0 1 0 4096 2 1 0 1 1000000 18869 Mbps
mempipe_thr 0 6 0 4096 2 1 0 1 1000000 10406 Mbps
mempipe_thr 0 6 1 4096 2 1 0 1 1000000 10066 Mbps
mempipe_thr 0 12 0 4096 2 1 0 1 1000000 9105 Mbps
mempipe_thr 0 12 2 4096 2 1 0 1 1000000 8913 Mbps
mempipe_thr 0 18 0 4096 2 1 0 1 1000000 8149 Mbps
mempipe_thr 0 18 3 4096 2 1 0 1 1000000 7907 Mbps
mempipe_thr 0 0 0 65536 2 1 0 1 100000 14881 Mbps
mempipe_thr 0 0 0 65536 2 1 0 1 100000 14898 Mbps
mempipe_thr 0 1 0 65536 2 1 0 1 100000 19727 Mbps
mempipe_thr 0 1 0 65536 2 1 0 1 100000 19857 Mbps
mempipe_thr 0 6 0 65536 2 1 0 1 100000 13375 Mbps
mempipe_thr 0 6 1 65536 2 1 0 1 100000 12768 Mbps
mempipe_thr 0 12 0 65536 2 1 0 1 100000 11558 Mbps
mempipe_thr 0 12 2 65536 2 1 0 1 100000 12073 Mbps
mempipe_thr 0 18 0 65536 2 1 0 1 100000 10837 Mbps
mempipe_thr 0 18 3 65536 2 1 0 1 100000 11115 Mbps
mempipe_thr 0 0 0 64 2 1 1 1 1000000 2009 Mbps
mempipe_thr 0 0 0 64 2 1 1 1 1000000 977 Mbps
mempipe_thr 0 1 0 64 2 1 1 1 1000000 2458 Mbps
mempipe_thr 0 1 0 64 2 1 1 1 1000000 2430 Mbps
mempipe_thr 0 6 0 64 2 1 1 1 1000000 1523 Mbps
mempipe_thr 0 6 1 64 2 1 1 1 1000000 1376 Mbps
mempipe_thr 0 12 0 64 2 1 1 1 1000000 1191 Mbps
mempipe_thr 0 12 2 64 2 1 1 1 1000000 1501 Mbps
mempipe_thr 0 18 0 64 2 1 1 1 1000000 1312 Mbps
mempipe_thr 0 18 3 64 2 1 1 1 1000000 1238 Mbps
mempipe_thr 0 0 0 4096 2 1 1 1 1000000 7238 Mbps
mempipe_thr 0 0 0 4096 2 1 1 1 1000000 8893 Mbps
mempipe_thr 0 1 0 4096 2 1 1 1 1000000 20735 Mbps
mempipe_thr 0 1 0 4096 2 1 1 1 1000000 20884 Mbps
mempipe_thr 0 6 0 4096 2 1 1 1 1000000 9993 Mbps
mempipe_thr 0 6 1 4096 2 1 1 1 1000000 9805 Mbps
mempipe_thr 0 12 0 4096 2 1 1 1 1000000 9647 Mbps
mempipe_thr 0 12 2 4096 2 1 1 1 1000000 9207 Mbps
mempipe_thr 0 18 0 4096 2 1 1 1 1000000 7708 Mbps
mempipe_thr 0 18 3 4096 2 1 1 1 1000000 7167 Mbps
mempipe_thr 0 0 0 65536 2 1 1 1 100000 23287 Mbps
mempipe_thr 0 0 0 65536 2 1 1 1 100000 23276 Mbps
mempipe_thr 0 1 0 65536 2 1 1 1 100000 22502 Mbps
mempipe_thr 0 1 0 65536 2 1 1 1 100000 22473 Mbps
mempipe_thr 0 6 0 65536 2 1 1 1 100000 12648 Mbps
mempipe_thr 0 6 1 65536 2 1 1 1 100000 12813 Mbps
mempipe_thr 0 12 0 65536 2 1 1 1 100000 12375 Mbps
mempipe_thr 0 12 2 65536 2 1 1 1 100000 12378 Mbps
mempipe_thr 0 18 0 65536 2 1 1 1 100000 10004 Mbps
mempipe_thr 0 18 3 65536 2 1 1 1 100000 9948 Mbps
mempipe_thr 0 0 0 64 2 1 0 1 1000000 888 Mbps
mempipe_thr 0 0 0 64 2 1 0 1 1000000 777 Mbps
mempipe_thr 0 1 0 64 2 1 0 1 1000000 2273 Mbps
mempipe_thr 0 1 0 64 2 1 0 1 1000000 2266 Mbps
mempipe_thr 0 6 0 64 2 1 0 1 1000000 1701 Mbps
mempipe_thr 0 6 1 64 2 1 0 1 1000000 1704 Mbps
mempipe_thr 0 12 0 64 2 1 0 1 1000000 1589 Mbps
mempipe_thr 0 12 2 64 2 1 0 1 1000000 1523 Mbps
mempipe_thr 0 18 0 64 2 1 0 1 1000000 1380 Mbps
mempipe_thr 0 18 3 64 2 1 0 1 1000000 1516 Mbps
mempipe_thr 0 0 0 4096 2 1 0 1 1000000 6386 Mbps
mempipe_thr 0 0 0 4096 2 1 0 1 1000000 6447 Mbps
mempipe_thr 0 1 0 4096 2 1 0 1 1000000 18992 Mbps
mempipe_thr 0 1 0 4096 2 1 0 1 1000000 18853 Mbps
mempipe_thr 0 6 0 4096 2 1 0 1 1000000 10440 Mbps
mempipe_thr 0 6 1 4096 2 1 0 1 1000000 9990 Mbps
mempipe_thr 0 12 0 4096 2 1 0 1 1000000 9156 Mbps
mempipe_thr 0 12 2 4096 2 1 0 1 1000000 8883 Mbps
mempipe_thr 0 18 0 4096 2 1 0 1 1000000 8369 Mbps
mempipe_thr 0 18 3 4096 2 1 0 1 1000000 7892 Mbps
mempipe_thr 0 0 0 65536 2 1 0 1 100000 14898 Mbps
mempipe_thr 0 0 0 65536 2 1 0 1 100000 14838 Mbps
mempipe_thr 0 1 0 65536 2 1 0 1 100000 19899 Mbps
mempipe_thr 0 1 0 65536 2 1 0 1 100000 19742 Mbps
mempipe_thr 0 6 0 65536 2 1 0 1 100000 13411 Mbps
mempipe_thr 0 6 1 65536 2 1 0 1 100000 12760 Mbps
mempipe_thr 0 12 0 65536 2 1 0 1 100000 11595 Mbps
mempipe_thr 0 12 2 65536 2 1 0 1 100000 12046 Mbps
mempipe_thr 0 18 0 65536 2 1 0 1 100000 10793 Mbps
mempipe_thr 0 18 3 65536 2 1 0 1 100000 11118 Mbps
mempipe_thr 0 0 0 64 2 1 1 1 1000000 1084 Mbps
mempipe_thr 0 0 0 64 2 1 1 1 1000000 1788 Mbps
mempipe_thr 0 1 0 64 2 1 1 1 1000000 2411 Mbps
mempipe_thr 0 1 0 64 2 1 1 1 1000000 2439 Mbps
mempipe_thr 0 6 0 64 2 1 1 1 1000000 1521 Mbps
mempipe_thr 0 6 1 64 2 1 1 1 1000000 1436 Mbps
mempipe_thr 0 12 0 64 2 1 1 1 1000000 1166 Mbps
mempipe_thr 0 12 2 64 2 1 1 1 1000000 1500 Mbps
mempipe_thr 0 18 0 64 2 1 1 1 1000000 1311 Mbps
mempipe_thr 0 18 3 64 2 1 1 1 1000000 1146 Mbps
mempipe_thr 0 0 0 4096 2 1 1 1 1000000 8298 Mbps
mempipe_thr 0 0 0 4096 2 1 1 1 1000000 8166 Mbps
mempipe_thr 0 1 0 4096 2 1 1 1 1000000 20900 Mbps
mempipe_thr 0 1 0 4096 2 1 1 1 1000000 20898 Mbps
mempipe_thr 0 6 0 4096 2 1 1 1 1000000 10135 Mbps
mempipe_thr 0 6 1 4096 2 1 1 1 1000000 9717 Mbps
mempipe_thr 0 12 0 4096 2 1 1 1 1000000 9753 Mbps
mempipe_thr 0 12 2 4096 2 1 1 1 1000000 9190 Mbps
mempipe_thr 0 18 0 4096 2 1 1 1 1000000 7759 Mbps
mempipe_thr 0 18 3 4096 2 1 1 1 1000000 7043 Mbps
mempipe_thr 0 0 0 65536 2 1 1 1 100000 23281 Mbps
mempipe_thr 0 0 0 65536 2 1 1 1 100000 23235 Mbps
mempipe_thr 0 1 0 65536 2 1 1 1 100000 22614 Mbps
mempipe_thr 0 1 0 65536 2 1 1 1 100000 22616 Mbps
mempipe_thr 0 6 0 65536 2 1 1 1 100000 12624 Mbps
mempipe_thr 0 6 1 65536 2 1 1 1 100000 12745 Mbps
mempipe_thr 0 12 0 65536 2 1 1 1 100000 12417 Mbps
mempipe_thr 0 12 2 65536 2 1 1 1 100000 12353 Mbps
mempipe_thr 0 18 0 65536 2 1 1 1 100000 10039 Mbps
mempipe_thr 0 18 3 65536 2 1 1 1 100000 10025 Mbps
mempipe_thr 0 0 0 64 2 1 0 1 1000000 576 Mbps
mempipe_thr 0 0 0 64 2 1 0 1 1000000 963 Mbps
mempipe_thr 0 1 0 64 2 1 0 1 1000000 2262 Mbps
mempipe_thr 0 1 0 64 2 1 0 1 1000000 2282 Mbps
mempipe_thr 0 6 0 64 2 1 0 1 1000000 1694 Mbps
mempipe_thr 0 6 1 64 2 1 0 1 1000000 1692 Mbps
mempipe_thr 0 12 0 64 2 1 0 1 1000000 1578 Mbps
mempipe_thr 0 12 2 64 2 1 0 1 1000000 1594 Mbps
mempipe_thr 0 18 0 64 2 1 0 1 1000000 1371 Mbps
mempipe_thr 0 18 3 64 2 1 0 1 1000000 1417 Mbps
mempipe_thr 0 0 0 4096 2 1 0 1 1000000 6441 Mbps
mempipe_thr 0 0 0 4096 2 1 0 1 1000000 6494 Mbps
mempipe_thr 0 1 0 4096 2 1 0 1 1000000 18070 Mbps
mempipe_thr 0 1 0 4096 2 1 0 1 1000000 17995 Mbps
mempipe_thr 0 6 0 4096 2 1 0 1 1000000 10332 Mbps
mempipe_thr 0 6 1 4096 2 1 0 1 1000000 10062 Mbps
mempipe_thr 0 12 0 4096 2 1 0 1 1000000 9165 Mbps
mempipe_thr 0 12 2 4096 2 1 0 1 1000000 8912 Mbps
mempipe_thr 0 18 0 4096 2 1 0 1 1000000 8217 Mbps
mempipe_thr 0 18 3 4096 2 1 0 1 1000000 8052 Mbps
mempipe_thr 0 0 0 65536 2 1 0 1 100000 14836 Mbps
mempipe_thr 0 0 0 65536 2 1 0 1 100000 14886 Mbps
mempipe_thr 0 1 0 65536 2 1 0 1 100000 19897 Mbps
mempipe_thr 0 1 0 65536 2 1 0 1 100000 19898 Mbps
mempipe_thr 0 6 0 65536 2 1 0 1 100000 13410 Mbps
mempipe_thr 0 6 1 65536 2 1 0 1 100000 12827 Mbps
mempipe_thr 0 12 0 65536 2 1 0 1 100000 11584 Mbps
mempipe_thr 0 12 2 65536 2 1 0 1 100000 12140 Mbps
mempipe_thr 0 18 0 65536 2 1 0 1 100000 10773 Mbps
mempipe_thr 0 18 3 65536 2 1 0 1 100000 11066 Mbps
mempipe_thr 0 0 0 64 2 1 1 1 1000000 1566 Mbps
mempipe_thr 0 0 0 64 2 1 1 1 1000000 1719 Mbps
mempipe_thr 0 1 0 64 2 1 1 1 1000000 2439 Mbps
mempipe_thr 0 1 0 64 2 1 1 1 1000000 2409 Mbps
mempipe_thr 0 6 0 64 2 1 1 1 1000000 1523 Mbps
mempipe_thr 0 6 1 64 2 1 1 1 1000000 1443 Mbps
mempipe_thr 0 12 0 64 2 1 1 1 1000000 1201 Mbps
mempipe_thr 0 12 2 64 2 1 1 1 1000000 1507 Mbps
mempipe_thr 0 18 0 64 2 1 1 1 1000000 1316 Mbps
mempipe_thr 0 18 3 64 2 1 1 1 1000000 1024 Mbps
mempipe_thr 0 0 0 4096 2 1 1 1 1000000 7995 Mbps
mempipe_thr 0 0 0 4096 2 1 1 1 1000000 7696 Mbps
mempipe_thr 0 1 0 4096 2 1 1 1 1000000 20816 Mbps
mempipe_thr 0 1 0 4096 2 1 1 1 1000000 20906 Mbps
mempipe_thr 0 6 0 4096 2 1 1 1 1000000 9997 Mbps
mempipe_thr 0 6 1 4096 2 1 1 1 1000000 9779 Mbps
mempipe_thr 0 12 0 4096 2 1 1 1 1000000 9731 Mbps
mempipe_thr 0 12 2 4096 2 1 1 1 1000000 9344 Mbps
mempipe_thr 0 18 0 4096 2 1 1 1 1000000 7746 Mbps
mempipe_thr 0 18 3 4096 2 1 1 1 1000000 7018 Mbps
mempipe_thr 0 0 0 65536 2 1 1 1 100000 23298 Mbps
mempipe_thr 0 0 0 65536 2 1 1 1 100000 22897 Mbps
mempipe_thr 0 1 0 65536 2 1 1 1 100000 22524 Mbps
mempipe_thr 0 1 0 65536 2 1 1 1 100000 22626 Mbps
mempipe_thr 0 6 0 65536 2 1 1 1 100000 12643 Mbps
mempipe_thr 0 6 1 65536 2 1 1 1 100000 12811 Mbps
mempipe_thr 0 12 0 65536 2 1 1 1 100000 12420 Mbps
mempipe_thr 0 12 2 65536 2 1 1 1 100000 12456 Mbps
mempipe_thr 0 18 0 65536 2 1 1 1 100000 9962 Mbps
mempipe_thr 0 18 3 65536 2 1 1 1 100000 9980 Mbps
mempipe_thr 0 0 0 64 2 1 0 1 1000000 869 Mbps
mempipe_thr 0 0 0 64 2 1 0 1 1000000 741 Mbps
mempipe_thr 0 1 0 64 2 1 0 1 1000000 2268 Mbps
mempipe_thr 0 1 0 64 2 1 0 1 1000000 2262 Mbps
mempipe_thr 0 6 0 64 2 1 0 1 1000000 1691 Mbps
mempipe_thr 0 6 1 64 2 1 0 1 1000000 1576 Mbps
mempipe_thr 0 12 0 64 2 1 0 1 1000000 1576 Mbps
mempipe_thr 0 12 2 64 2 1 0 1 1000000 1540 Mbps
mempipe_thr 0 18 0 64 2 1 0 1 1000000 1346 Mbps
mempipe_thr 0 18 3 64 2 1 0 1 1000000 1411 Mbps
mempipe_thr 0 0 0 4096 2 1 0 1 1000000 6357 Mbps
mempipe_thr 0 0 0 4096 2 1 0 1 1000000 6172 Mbps
mempipe_thr 0 1 0 4096 2 1 0 1 1000000 18633 Mbps
mempipe_thr 0 1 0 4096 2 1 0 1 1000000 18823 Mbps
mempipe_thr 0 6 0 4096 2 1 0 1 1000000 10407 Mbps
mempipe_thr 0 6 1 4096 2 1 0 1 1000000 9886 Mbps
mempipe_thr 0 12 0 4096 2 1 0 1 1000000 9122 Mbps
mempipe_thr 0 12 2 4096 2 1 0 1 1000000 8814 Mbps
mempipe_thr 0 18 0 4096 2 1 0 1 1000000 8380 Mbps
mempipe_thr 0 18 3 4096 2 1 0 1 1000000 8055 Mbps
mempipe_thr 0 0 0 65536 2 1 0 1 100000 14847 Mbps
mempipe_thr 0 0 0 65536 2 1 0 1 100000 14869 Mbps
mempipe_thr 0 1 0 65536 2 1 0 1 100000 19857 Mbps
mempipe_thr 0 1 0 65536 2 1 0 1 100000 19781 Mbps
mempipe_thr 0 6 0 65536 2 1 0 1 100000 13440 Mbps
mempipe_thr 0 6 1 65536 2 1 0 1 100000 12806 Mbps
mempipe_thr 0 12 0 65536 2 1 0 1 100000 11566 Mbps
mempipe_thr 0 12 2 65536 2 1 0 1 100000 12039 Mbps
mempipe_thr 0 18 0 65536 2 1 0 1 100000 10841 Mbps
mempipe_thr 0 18 3 65536 2 1 0 1 100000 11069 Mbps
mempipe_thr 0 0 0 64 2 1 1 1 1000000 1365 Mbps
mempipe_thr 0 0 0 64 2 1 1 1 1000000 1009 Mbps
mempipe_thr 0 1 0 64 2 1 1 1 1000000 2448 Mbps
mempipe_thr 0 1 0 64 2 1 1 1 1000000 2439 Mbps
mempipe_thr 0 6 0 64 2 1 1 1 1000000 1530 Mbps
mempipe_thr 0 6 1 64 2 1 1 1 1000000 1335 Mbps
mempipe_thr 0 12 0 64 2 1 1 1 1000000 1194 Mbps
mempipe_thr 0 12 2 64 2 1 1 1 1000000 1498 Mbps
mempipe_thr 0 18 0 64 2 1 1 1 1000000 1311 Mbps
mempipe_thr 0 18 3 64 2 1 1 1 1000000 1223 Mbps
mempipe_thr 0 0 0 4096 2 1 1 1 1000000 7215 Mbps
mempipe_thr 0 0 0 4096 2 1 1 1 1000000 7668 Mbps
mempipe_thr 0 1 0 4096 2 1 1 1 1000000 20801 Mbps
mempipe_thr 0 1 0 4096 2 1 1 1 1000000 20920 Mbps
mempipe_thr 0 6 0 4096 2 1 1 1 1000000 10166 Mbps
mempipe_thr 0 6 1 4096 2 1 1 1 1000000 9802 Mbps
mempipe_thr 0 12 0 4096 2 1 1 1 1000000 9555 Mbps
mempipe_thr 0 12 2 4096 2 1 1 1 1000000 9074 Mbps
mempipe_thr 0 18 0 4096 2 1 1 1 1000000 7872 Mbps
mempipe_thr 0 18 3 4096 2 1 1 1 1000000 6981 Mbps
mempipe_thr 0 0 0 65536 2 1 1 1 100000 23261 Mbps
mempipe_thr 0 0 0 65536 2 1 1 1 100000 23046 Mbps
mempipe_thr 0 1 0 65536 2 1 1 1 100000 22644 Mbps
mempipe_thr 0 1 0 65536 2 1 1 1 100000 22633 Mbps
mempipe_thr 0 6 0 65536 2 1 1 1 100000 12562 Mbps
mempipe_thr 0 6 1 65536 2 1 1 1 100000 12795 Mbps
mempipe_thr 0 12 0 65536 2 1 1 1 100000 12385 Mbps
mempipe_thr 0 12 2 65536 2 1 1 1 100000 12348 Mbps
mempipe_thr 0 18 0 65536 2 1 1 1 100000 9978 Mbps
mempipe_thr 0 18 3 65536 2 1 1 1 100000 9959 Mbps
mempipe_thr 0 0 0 64 2 1 0 1 1000000 829 Mbps
mempipe_thr 0 0 0 64 2 1 0 1 1000000 813 Mbps
mempipe_thr 0 1 0 64 2 1 0 1 1000000 2279 Mbps
mempipe_thr 0 1 0 64 2 1 0 1 1000000 2286 Mbps
mempipe_thr 0 6 0 64 2 1 0 1 1000000 1704 Mbps
mempipe_thr 0 6 1 64 2 1 0 1 1000000 1708 Mbps
mempipe_thr 0 12 0 64 2 1 0 1 1000000 1580 Mbps
mempipe_thr 0 12 2 64 2 1 0 1 1000000 1525 Mbps
mempipe_thr 0 18 0 64 2 1 0 1 1000000 1347 Mbps
mempipe_thr 0 18 3 64 2 1 0 1 1000000 1374 Mbps
mempipe_thr 0 0 0 4096 2 1 0 1 1000000 6352 Mbps
mempipe_thr 0 0 0 4096 2 1 0 1 1000000 6296 Mbps
mempipe_thr 0 1 0 4096 2 1 0 1 1000000 18610 Mbps
mempipe_thr 0 1 0 4096 2 1 0 1 1000000 18927 Mbps
mempipe_thr 0 6 0 4096 2 1 0 1 1000000 10333 Mbps
mempipe_thr 0 6 1 4096 2 1 0 1 1000000 9953 Mbps
mempipe_thr 0 12 0 4096 2 1 0 1 1000000 9006 Mbps
mempipe_thr 0 12 2 4096 2 1 0 1 1000000 8850 Mbps
mempipe_thr 0 18 0 4096 2 1 0 1 1000000 7981 Mbps
mempipe_thr 0 18 3 4096 2 1 0 1 1000000 8124 Mbps
mempipe_thr 0 0 0 65536 2 1 0 1 100000 14913 Mbps
mempipe_thr 0 0 0 65536 2 1 0 1 100000 14847 Mbps
mempipe_thr 0 1 0 65536 2 1 0 1 100000 19752 Mbps
mempipe_thr 0 1 0 65536 2 1 0 1 100000 19777 Mbps
mempipe_thr 0 6 0 65536 2 1 0 1 100000 13452 Mbps
mempipe_thr 0 6 1 65536 2 1 0 1 100000 12809 Mbps
mempipe_thr 0 12 0 65536 2 1 0 1 100000 11591 Mbps
mempipe_thr 0 12 2 65536 2 1 0 1 100000 12078 Mbps
mempipe_thr 0 18 0 65536 2 1 0 1 100000 10808 Mbps
mempipe_thr 0 18 3 65536 2 1 0 1 100000 11071 Mbps
