shmem_pipe_thr 0 0 1 64 2 1 1 1 1000000 229 Mbps
shmem_pipe_thr 0 1 1 64 2 1 1 1 1000000 323 Mbps
shmem_pipe_thr 0 6 1 64 2 1 1 1 1000000 301 Mbps
shmem_pipe_thr 0 12 1 64 2 1 1 1 1000000 321 Mbps
shmem_pipe_thr 0 18 1 64 2 1 1 1 1000000 268 Mbps
shmem_pipe_thr 0 0 1 4096 2 1 1 1 1000000 8689 Mbps
shmem_pipe_thr 0 1 1 4096 2 1 1 1 1000000 11984 Mbps
shmem_pipe_thr 0 6 1 4096 2 1 1 1 1000000 13353 Mbps
shmem_pipe_thr 0 12 1 4096 2 1 1 1 1000000 12932 Mbps
shmem_pipe_thr 0 18 1 4096 2 1 1 1 1000000 10446 Mbps
shmem_pipe_thr 0 0 1 65536 2 1 1 1 100000 24211 Mbps
shmem_pipe_thr 0 1 1 65536 2 1 1 1 100000 21157 Mbps
shmem_pipe_thr 0 6 1 65536 2 1 1 1 100000 13550 Mbps
shmem_pipe_thr 0 12 1 65536 2 1 1 1 100000 13169 Mbps
shmem_pipe_thr 0 18 1 65536 2 1 1 1 100000 10548 Mbps
shmem_pipe_thr 0 0 1 64 2 1 0 1 1000000 242 Mbps
shmem_pipe_thr 0 1 1 64 2 1 0 1 1000000 309 Mbps
shmem_pipe_thr 0 6 1 64 2 1 0 1 1000000 312 Mbps
shmem_pipe_thr 0 12 1 64 2 1 0 1 1000000 328 Mbps
shmem_pipe_thr 0 18 1 64 2 1 0 1 1000000 259 Mbps
shmem_pipe_thr 0 0 1 4096 2 1 0 1 1000000 14057 Mbps
shmem_pipe_thr 0 1 1 4096 2 1 0 1 1000000 13481 Mbps
shmem_pipe_thr 0 6 1 4096 2 1 0 1 1000000 13390 Mbps
shmem_pipe_thr 0 12 1 4096 2 1 0 1 1000000 12233 Mbps
shmem_pipe_thr 0 18 1 4096 2 1 0 1 1000000 11088 Mbps
shmem_pipe_thr 0 0 1 65536 2 1 0 1 100000 15965 Mbps
shmem_pipe_thr 0 1 1 65536 2 1 0 1 100000 21737 Mbps
shmem_pipe_thr 0 6 1 65536 2 1 0 1 100000 14055 Mbps
shmem_pipe_thr 0 12 1 65536 2 1 0 1 100000 12916 Mbps
shmem_pipe_thr 0 18 1 65536 2 1 0 1 100000 11954 Mbps
