mempipe_thr 0 0 1 64 2 1 1 1 1000000 326 Mbps
mempipe_thr 0 1 1 64 2 1 1 1 1000000 571 Mbps
mempipe_thr 0 6 1 64 2 1 1 1 1000000 476 Mbps
mempipe_thr 0 12 1 64 2 1 1 1 1000000 428 Mbps
mempipe_thr 0 18 1 64 2 1 1 1 1000000 373 Mbps
mempipe_thr 0 0 1 4096 2 1 1 1 1000000 9648 Mbps
mempipe_thr 0 1 1 4096 2 1 1 1 1000000 18164 Mbps
mempipe_thr 0 6 1 4096 2 1 1 1 1000000 9861 Mbps
mempipe_thr 0 12 1 4096 2 1 1 1 1000000 9502 Mbps
mempipe_thr 0 18 1 4096 2 1 1 1 1000000 7038 Mbps
mempipe_thr 0 0 1 65536 2 1 1 1 100000 23989 Mbps
mempipe_thr 0 1 1 65536 2 1 1 1 100000 21043 Mbps
mempipe_thr 0 6 1 65536 2 1 1 1 100000 12819 Mbps
mempipe_thr 0 12 1 65536 2 1 1 1 100000 12361 Mbps
mempipe_thr 0 18 1 65536 2 1 1 1 100000 10032 Mbps
mempipe_thr 0 0 1 64 2 1 0 1 1000000 415 Mbps
mempipe_thr 0 1 1 64 2 1 0 1 1000000 1667 Mbps
mempipe_thr 0 6 1 64 2 1 0 1 1000000 867 Mbps
mempipe_thr 0 12 1 64 2 1 0 1 1000000 1179 Mbps
mempipe_thr 0 18 1 64 2 1 0 1 1000000 976 Mbps
mempipe_thr 0 0 1 4096 2 1 0 1 1000000 6192 Mbps
mempipe_thr 0 1 1 4096 2 1 0 1 1000000 19998 Mbps
mempipe_thr 0 6 1 4096 2 1 0 1 1000000 10157 Mbps
mempipe_thr 0 12 1 4096 2 1 0 1 1000000 8983 Mbps
mempipe_thr 0 18 1 4096 2 1 0 1 1000000 8065 Mbps
mempipe_thr 0 0 1 65536 2 1 0 1 100000 14816 Mbps
mempipe_thr 0 1 1 65536 2 1 0 1 100000 21163 Mbps
mempipe_thr 0 6 1 65536 2 1 0 1 100000 12808 Mbps
mempipe_thr 0 12 1 65536 2 1 0 1 100000 12084 Mbps
mempipe_thr 0 18 1 65536 2 1 0 1 100000 11108 Mbps
mempipe_thr 0 1 1 64 2 1 1 1 1000000 1557 Mbps
mempipe_thr 0 6 1 64 2 1 1 1 1000000 1255 Mbps
mempipe_thr 0 12 1 64 2 1 1 1 1000000 1241 Mbps
mempipe_thr 0 18 1 64 2 1 1 1 1000000 921 Mbps
mempipe_thr 0 1 1 4096 2 1 1 1 1000000 17776 Mbps
mempipe_thr 0 6 1 4096 2 1 1 1 1000000 13465 Mbps
mempipe_thr 0 12 1 4096 2 1 1 1 1000000 12898 Mbps
mempipe_thr 0 18 1 4096 2 1 1 1 1000000 10477 Mbps
mempipe_thr 0 1 1 65536 2 1 1 1 100000 20957 Mbps
mempipe_thr 0 6 1 65536 2 1 1 1 100000 13790 Mbps
mempipe_thr 0 12 1 65536 2 1 1 1 100000 13375 Mbps
mempipe_thr 0 18 1 65536 2 1 1 1 100000 10730 Mbps
mempipe_thr 0 1 1 64 2 1 0 1 1000000 1580 Mbps
mempipe_thr 0 6 1 64 2 1 0 1 1000000 1239 Mbps
mempipe_thr 0 12 1 64 2 1 0 1 1000000 1268 Mbps
mempipe_thr 0 18 1 64 2 1 0 1 1000000 1069 Mbps
mempipe_thr 0 1 1 4096 2 1 0 1 1000000 19646 Mbps
mempipe_thr 0 6 1 4096 2 1 0 1 1000000 12918 Mbps
mempipe_thr 0 12 1 4096 2 1 0 1 1000000 12109 Mbps
mempipe_thr 0 18 1 4096 2 1 0 1 1000000 10869 Mbps
mempipe_thr 0 1 1 65536 2 1 0 1 100000 22148 Mbps
mempipe_thr 0 6 1 65536 2 1 0 1 100000 13753 Mbps
mempipe_thr 0 12 1 65536 2 1 0 1 100000 12923 Mbps
mempipe_thr 0 18 1 65536 2 1 0 1 100000 11911 Mbps
