shmem_pipe_thr 0 0 1 64 2 1 1 1 1000000 225 Mbps
shmem_pipe_thr 0 1 1 64 2 1 1 1 1000000 314 Mbps
shmem_pipe_thr 0 6 1 64 2 1 1 1 1000000 306 Mbps
shmem_pipe_thr 0 12 1 64 2 1 1 1 1000000 321 Mbps
shmem_pipe_thr 0 18 1 64 2 1 1 1 1000000 264 Mbps
shmem_pipe_thr 0 0 1 4096 2 1 1 1 1000000 8626 Mbps
shmem_pipe_thr 0 1 1 4096 2 1 1 1 1000000 14036 Mbps
shmem_pipe_thr 0 6 1 4096 2 1 1 1 1000000 13316 Mbps
shmem_pipe_thr 0 12 1 4096 2 1 1 1 1000000 12854 Mbps
shmem_pipe_thr 0 18 1 4096 2 1 1 1 1000000 10419 Mbps
shmem_pipe_thr 0 0 1 65536 2 1 1 1 100000 24362 Mbps
shmem_pipe_thr 0 1 1 65536 2 1 1 1 100000 20398 Mbps
shmem_pipe_thr 0 6 1 65536 2 1 1 1 100000 13540 Mbps
shmem_pipe_thr 0 12 1 65536 2 1 1 1 100000 13100 Mbps
shmem_pipe_thr 0 18 1 65536 2 1 1 1 100000 10571 Mbps
shmem_pipe_thr 0 0 1 64 2 1 0 1 1000000 233 Mbps
shmem_pipe_thr 0 1 1 64 2 1 0 1 1000000 314 Mbps
shmem_pipe_thr 0 6 1 64 2 1 0 1 1000000 309 Mbps
shmem_pipe_thr 0 12 1 64 2 1 0 1 1000000 326 Mbps
shmem_pipe_thr 0 18 1 64 2 1 0 1 1000000 265 Mbps
shmem_pipe_thr 0 0 1 4096 2 1 0 1 1000000 14172 Mbps
shmem_pipe_thr 0 1 1 4096 2 1 0 1 1000000 14057 Mbps
shmem_pipe_thr 0 6 1 4096 2 1 0 1 1000000 13352 Mbps
shmem_pipe_thr 0 12 1 4096 2 1 0 1 1000000 12222 Mbps
shmem_pipe_thr 0 18 1 4096 2 1 0 1 1000000 11117 Mbps
shmem_pipe_thr 0 0 1 65536 2 1 0 1 100000 15910 Mbps
shmem_pipe_thr 0 1 1 65536 2 1 0 1 100000 22035 Mbps
shmem_pipe_thr 0 6 1 65536 2 1 0 1 100000 14040 Mbps
shmem_pipe_thr 0 12 1 65536 2 1 0 1 100000 12904 Mbps
shmem_pipe_thr 0 18 1 65536 2 1 0 1 100000 11761 Mbps
