mempipe_thr 0 1 64 2 1 1 1 1000000 1382 Mbps
mempipe_thr 0 6 64 2 1 1 1 1000000 1263 Mbps
mempipe_thr 0 12 64 2 1 1 1 1000000 1089 Mbps
mempipe_thr 0 18 64 2 1 1 1 1000000 809 Mbps
mempipe_thr 0 1 4096 2 1 1 1 1000000 17759 Mbps
mempipe_thr 0 6 4096 2 1 1 1 1000000 13436 Mbps
mempipe_thr 0 12 4096 2 1 1 1 1000000 12885 Mbps
mempipe_thr 0 18 4096 2 1 1 1 1000000 10518 Mbps
mempipe_thr 0 1 65536 2 1 1 1 100000 22464 Mbps
mempipe_thr 0 6 65536 2 1 1 1 100000 13832 Mbps
mempipe_thr 0 12 65536 2 1 1 1 100000 13381 Mbps
mempipe_thr 0 18 65536 2 1 1 1 100000 10684 Mbps
mempipe_thr 0 1 64 2 1 0 1 1000000 1574 Mbps
mempipe_thr 0 6 64 2 1 0 1 1000000 1187 Mbps
mempipe_thr 0 12 64 2 1 0 1 1000000 1149 Mbps
mempipe_thr 0 18 64 2 1 0 1 1000000 1077 Mbps
mempipe_thr 0 1 4096 2 1 0 1 1000000 23871 Mbps
mempipe_thr 0 6 4096 2 1 0 1 1000000 12899 Mbps
mempipe_thr 0 12 4096 2 1 0 1 1000000 12103 Mbps
mempipe_thr 0 18 4096 2 1 0 1 1000000 10855 Mbps
mempipe_thr 0 1 65536 2 1 0 1 100000 21169 Mbps
mempipe_thr 0 6 65536 2 1 0 1 100000 13743 Mbps
mempipe_thr 0 12 65536 2 1 0 1 100000 12926 Mbps
mempipe_thr 0 18 65536 2 1 0 1 100000 11911 Mbps
