shmem_pipe_thr 0 0 64 2 1 1 1 1000000 232 Mbps
shmem_pipe_thr 0 1 64 2 1 1 1 1000000 308 Mbps
shmem_pipe_thr 0 6 64 2 1 1 1 1000000 299 Mbps
shmem_pipe_thr 0 12 64 2 1 1 1 1000000 316 Mbps
shmem_pipe_thr 0 18 64 2 1 1 1 1000000 266 Mbps
shmem_pipe_thr 0 0 4096 2 1 1 1 1000000 9099 Mbps
shmem_pipe_thr 0 1 4096 2 1 1 1 1000000 11959 Mbps
shmem_pipe_thr 0 6 4096 2 1 1 1 1000000 13278 Mbps
shmem_pipe_thr 0 12 4096 2 1 1 1 1000000 12853 Mbps
shmem_pipe_thr 0 18 4096 2 1 1 1 1000000 10429 Mbps
shmem_pipe_thr 0 0 65536 2 1 1 1 100000 23930 Mbps
shmem_pipe_thr 0 1 65536 2 1 1 1 100000 21172 Mbps
shmem_pipe_thr 0 6 65536 2 1 1 1 100000 13591 Mbps
shmem_pipe_thr 0 12 65536 2 1 1 1 100000 13167 Mbps
shmem_pipe_thr 0 18 65536 2 1 1 1 100000 10564 Mbps
shmem_pipe_thr 0 0 64 2 1 0 1 1000000 237 Mbps
shmem_pipe_thr 0 1 64 2 1 0 1 1000000 318 Mbps
shmem_pipe_thr 0 6 64 2 1 0 1 1000000 309 Mbps
shmem_pipe_thr 0 12 64 2 1 0 1 1000000 322 Mbps
shmem_pipe_thr 0 18 64 2 1 0 1 1000000 262 Mbps
shmem_pipe_thr 0 0 4096 2 1 0 1 1000000 13758 Mbps
shmem_pipe_thr 0 1 4096 2 1 0 1 1000000 13956 Mbps
shmem_pipe_thr 0 6 4096 2 1 0 1 1000000 12678 Mbps
shmem_pipe_thr 0 12 4096 2 1 0 1 1000000 11535 Mbps
shmem_pipe_thr 0 18 4096 2 1 0 1 1000000 10366 Mbps
shmem_pipe_thr 0 0 65536 2 1 0 1 100000 15982 Mbps
shmem_pipe_thr 0 1 65536 2 1 0 1 100000 21568 Mbps
shmem_pipe_thr 0 6 65536 2 1 0 1 100000 14003 Mbps
shmem_pipe_thr 0 12 65536 2 1 0 1 100000 12893 Mbps
shmem_pipe_thr 0 18 65536 2 1 0 1 100000 11931 Mbps
