mempipe_thr 0 0 64 2 1 1 1 1000000 155 Mbps
mempipe_thr 0 1 64 2 1 1 1 1000000 144 Mbps
mempipe_thr 0 6 64 2 1 1 1 1000000 258 Mbps
mempipe_thr 0 12 64 2 1 1 1 1000000 344 Mbps
mempipe_thr 0 18 64 2 1 1 1 1000000 390 Mbps
mempipe_thr 0 0 4096 2 1 1 1 1000000 8431 Mbps
mempipe_thr 0 1 4096 2 1 1 1 1000000 6028 Mbps
mempipe_thr 0 6 4096 2 1 1 1 1000000 5580 Mbps
mempipe_thr 0 12 4096 2 1 1 1 1000000 6268 Mbps
mempipe_thr 0 18 4096 2 1 1 1 1000000 14795 Mbps
mempipe_thr 0 0 65536 2 1 1 1 100000 13597 Mbps
mempipe_thr 0 1 65536 2 1 1 1 100000 8505 Mbps
mempipe_thr 0 6 65536 2 1 1 1 100000 7873 Mbps
mempipe_thr 0 12 65536 2 1 1 1 100000 8921 Mbps
mempipe_thr 0 18 65536 2 1 1 1 100000 16779 Mbps
mempipe_thr 0 0 64 2 1 0 1 1000000 222 Mbps
mempipe_thr 0 1 64 2 1 0 1 1000000 296 Mbps
mempipe_thr 0 6 64 2 1 0 1 1000000 333 Mbps
mempipe_thr 0 12 64 2 1 0 1 1000000 196 Mbps
mempipe_thr 0 18 64 2 1 0 1 1000000 1570 Mbps
mempipe_thr 0 0 4096 2 1 0 1 1000000 1288 Mbps
mempipe_thr 0 1 4096 2 1 0 1 1000000 6572 Mbps
mempipe_thr 0 6 4096 2 1 0 1 1000000 6549 Mbps
mempipe_thr 0 12 4096 2 1 0 1 1000000 7131 Mbps
mempipe_thr 0 18 4096 2 1 0 1 1000000 15268 Mbps
mempipe_thr 0 0 65536 2 1 0 1 100000 9187 Mbps
mempipe_thr 0 1 65536 2 1 0 1 100000 9843 Mbps
mempipe_thr 0 6 65536 2 1 0 1 100000 10407 Mbps
mempipe_thr 0 12 65536 2 1 0 1 100000 11193 Mbps
mempipe_thr 0 18 65536 2 1 0 1 100000 16791 Mbps
mempipe_thr 0 1 64 2 1 1 1 1000000 888 Mbps
mempipe_thr 0 6 64 2 1 1 1 1000000 810 Mbps
mempipe_thr 0 12 64 2 1 1 1 1000000 1027 Mbps
mempipe_thr 0 18 64 2 1 1 1 1000000 1253 Mbps
mempipe_thr 0 1 4096 2 1 1 1 1000000 10056 Mbps
mempipe_thr 0 6 4096 2 1 1 1 1000000 9268 Mbps
mempipe_thr 0 12 4096 2 1 1 1 1000000 10603 Mbps
mempipe_thr 0 18 4096 2 1 1 1 1000000 14500 Mbps
mempipe_thr 0 1 65536 2 1 1 1 100000 10406 Mbps
mempipe_thr 0 6 65536 2 1 1 1 100000 9492 Mbps
mempipe_thr 0 12 65536 2 1 1 1 100000 10839 Mbps
mempipe_thr 0 18 65536 2 1 1 1 100000 16595 Mbps
mempipe_thr 0 1 64 2 1 0 1 1000000 893 Mbps
mempipe_thr 0 6 64 2 1 0 1 1000000 847 Mbps
mempipe_thr 0 12 64 2 1 0 1 1000000 985 Mbps
mempipe_thr 0 18 64 2 1 0 1 1000000 1332 Mbps
mempipe_thr 0 1 4096 2 1 0 1 1000000 10355 Mbps
mempipe_thr 0 6 4096 2 1 0 1 1000000 10180 Mbps
mempipe_thr 0 12 4096 2 1 0 1 1000000 11271 Mbps
mempipe_thr 0 18 4096 2 1 0 1 1000000 14789 Mbps
mempipe_thr 0 1 65536 2 1 0 1 100000 11500 Mbps
mempipe_thr 0 6 65536 2 1 0 1 100000 11754 Mbps
mempipe_thr 0 12 65536 2 1 0 1 100000 12680 Mbps
mempipe_thr 0 18 65536 2 1 0 1 100000 16811 Mbps
