shmem_pipe_thr 0 0 64 2 1 1 1 1000000 39 Mbps
shmem_pipe_thr 0 1 64 2 1 1 1 1000000 128 Mbps
shmem_pipe_thr 0 6 64 2 1 1 1 1000000 132 Mbps
shmem_pipe_thr 0 12 64 2 1 1 1 1000000 142 Mbps
shmem_pipe_thr 0 18 64 2 1 1 1 1000000 147 Mbps
shmem_pipe_thr 0 0 4096 2 1 1 1 1000000 2111 Mbps
shmem_pipe_thr 0 1 4096 2 1 1 1 1000000 6211 Mbps
shmem_pipe_thr 0 6 4096 2 1 1 1 1000000 5759 Mbps
shmem_pipe_thr 0 12 4096 2 1 1 1 1000000 5779 Mbps
shmem_pipe_thr 0 18 4096 2 1 1 1 1000000 5394 Mbps
shmem_pipe_thr 0 0 65536 2 1 1 1 100000 15219 Mbps
shmem_pipe_thr 0 1 65536 2 1 1 1 100000 9786 Mbps
shmem_pipe_thr 0 6 65536 2 1 1 1 100000 9196 Mbps
shmem_pipe_thr 0 12 65536 2 1 1 1 100000 10273 Mbps
shmem_pipe_thr 0 18 65536 2 1 1 1 100000 14917 Mbps
shmem_pipe_thr 0 0 64 2 1 0 1 1000000 40 Mbps
shmem_pipe_thr 0 1 64 2 1 0 1 1000000 128 Mbps
shmem_pipe_thr 0 6 64 2 1 0 1 1000000 129 Mbps
shmem_pipe_thr 0 12 64 2 1 0 1 1000000 141 Mbps
shmem_pipe_thr 0 18 64 2 1 0 1 1000000 146 Mbps
shmem_pipe_thr 0 0 4096 2 1 0 1 1000000 2353 Mbps
shmem_pipe_thr 0 1 4096 2 1 0 1 1000000 6078 Mbps
shmem_pipe_thr 0 6 4096 2 1 0 1 1000000 6048 Mbps
shmem_pipe_thr 0 12 4096 2 1 0 1 1000000 5737 Mbps
shmem_pipe_thr 0 18 4096 2 1 0 1 1000000 5530 Mbps
shmem_pipe_thr 0 0 65536 2 1 0 1 100000 12901 Mbps
shmem_pipe_thr 0 1 65536 2 1 0 1 100000 10939 Mbps
shmem_pipe_thr 0 6 65536 2 1 0 1 100000 11041 Mbps
shmem_pipe_thr 0 12 65536 2 1 0 1 100000 12330 Mbps
shmem_pipe_thr 0 18 65536 2 1 0 1 100000 14389 Mbps
