mempipe_thr 0 0 1 64 2 1 1 1 1000000 250 Mbps
mempipe_thr 0 1 1 64 2 1 1 1 1000000 1012 Mbps
mempipe_thr 0 6 1 64 2 1 1 1 1000000 434 Mbps
mempipe_thr 0 12 1 64 2 1 1 1 1000000 528 Mbps
mempipe_thr 0 18 1 64 2 1 1 1 1000000 481 Mbps
mempipe_thr 0 0 1 4096 2 1 1 1 1000000 11493 Mbps
mempipe_thr 0 1 1 4096 2 1 1 1 1000000 18658 Mbps
mempipe_thr 0 6 1 4096 2 1 1 1 1000000 9837 Mbps
mempipe_thr 0 12 1 4096 2 1 1 1 1000000 9487 Mbps
mempipe_thr 0 18 1 4096 2 1 1 1 1000000 7758 Mbps
mempipe_thr 0 0 1 65536 2 1 1 1 100000 23076 Mbps
mempipe_thr 0 1 1 65536 2 1 1 1 100000 22397 Mbps
mempipe_thr 0 6 1 65536 2 1 1 1 100000 12856 Mbps
mempipe_thr 0 12 1 65536 2 1 1 1 100000 12372 Mbps
mempipe_thr 0 18 1 65536 2 1 1 1 100000 10019 Mbps
mempipe_thr 0 0 1 64 2 1 0 1 1000000 352 Mbps
mempipe_thr 0 1 1 64 2 1 0 1 1000000 1536 Mbps
mempipe_thr 0 6 1 64 2 1 0 1 1000000 924 Mbps
mempipe_thr 0 12 1 64 2 1 0 1 1000000 1219 Mbps
mempipe_thr 0 18 1 64 2 1 0 1 1000000 933 Mbps
mempipe_thr 0 0 1 4096 2 1 0 1 1000000 6315 Mbps
mempipe_thr 0 1 1 4096 2 1 0 1 1000000 19359 Mbps
mempipe_thr 0 6 1 4096 2 1 0 1 1000000 10160 Mbps
mempipe_thr 0 12 1 4096 2 1 0 1 1000000 9087 Mbps
mempipe_thr 0 18 1 4096 2 1 0 1 1000000 8026 Mbps
mempipe_thr 0 0 1 65536 2 1 0 1 100000 14839 Mbps
mempipe_thr 0 1 1 65536 2 1 0 1 100000 19878 Mbps
mempipe_thr 0 6 1 65536 2 1 0 1 100000 12814 Mbps
mempipe_thr 0 12 1 65536 2 1 0 1 100000 12124 Mbps
mempipe_thr 0 18 1 65536 2 1 0 1 100000 11159 Mbps
mempipe_thr 0 1 1 64 2 1 1 1 1000000 1390 Mbps
mempipe_thr 0 6 1 64 2 1 1 1 1000000 1258 Mbps
mempipe_thr 0 12 1 64 2 1 1 1 1000000 1243 Mbps
mempipe_thr 0 18 1 64 2 1 1 1 1000000 903 Mbps
mempipe_thr 0 1 1 4096 2 1 1 1 1000000 17965 Mbps
mempipe_thr 0 6 1 4096 2 1 1 1 1000000 13473 Mbps
mempipe_thr 0 12 1 4096 2 1 1 1 1000000 12922 Mbps
mempipe_thr 0 18 1 4096 2 1 1 1 1000000 10453 Mbps
mempipe_thr 0 1 1 65536 2 1 1 1 100000 22483 Mbps
mempipe_thr 0 6 1 65536 2 1 1 1 100000 13780 Mbps
mempipe_thr 0 12 1 65536 2 1 1 1 100000 13363 Mbps
mempipe_thr 0 18 1 65536 2 1 1 1 100000 10696 Mbps
mempipe_thr 0 1 1 64 2 1 0 1 1000000 1527 Mbps
mempipe_thr 0 6 1 64 2 1 0 1 1000000 1236 Mbps
mempipe_thr 0 12 1 64 2 1 0 1 1000000 1265 Mbps
mempipe_thr 0 18 1 64 2 1 0 1 1000000 1062 Mbps
mempipe_thr 0 1 1 4096 2 1 0 1 1000000 24056 Mbps
mempipe_thr 0 6 1 4096 2 1 0 1 1000000 12905 Mbps
mempipe_thr 0 12 1 4096 2 1 0 1 1000000 12119 Mbps
mempipe_thr 0 18 1 4096 2 1 0 1 1000000 10855 Mbps
mempipe_thr 0 1 1 65536 2 1 0 1 100000 21129 Mbps
mempipe_thr 0 6 1 65536 2 1 0 1 100000 13765 Mbps
mempipe_thr 0 12 1 65536 2 1 0 1 100000 12917 Mbps
mempipe_thr 0 18 1 65536 2 1 0 1 100000 11912 Mbps
