shmem_pipe_thr 0 0 1 64 2 1 1 1 1000000 234 Mbps
shmem_pipe_thr 0 1 1 64 2 1 1 1 1000000 283 Mbps
shmem_pipe_thr 0 6 1 64 2 1 1 1 1000000 305 Mbps
shmem_pipe_thr 0 12 1 64 2 1 1 1 1000000 321 Mbps
shmem_pipe_thr 0 18 1 64 2 1 1 1 1000000 264 Mbps
shmem_pipe_thr 0 0 1 4096 2 1 1 1 1000000 9022 Mbps
shmem_pipe_thr 0 1 1 4096 2 1 1 1 1000000 11889 Mbps
shmem_pipe_thr 0 6 1 4096 2 1 1 1 1000000 13324 Mbps
shmem_pipe_thr 0 12 1 4096 2 1 1 1 1000000 12871 Mbps
shmem_pipe_thr 0 18 1 4096 2 1 1 1 1000000 10417 Mbps
shmem_pipe_thr 0 0 1 65536 2 1 1 1 100000 22410 Mbps
shmem_pipe_thr 0 1 1 65536 2 1 1 1 100000 21318 Mbps
shmem_pipe_thr 0 6 1 65536 2 1 1 1 100000 13547 Mbps
shmem_pipe_thr 0 12 1 65536 2 1 1 1 100000 13200 Mbps
shmem_pipe_thr 0 18 1 65536 2 1 1 1 100000 10563 Mbps
shmem_pipe_thr 0 0 1 64 2 1 0 1 1000000 236 Mbps
shmem_pipe_thr 0 1 1 64 2 1 0 1 1000000 319 Mbps
shmem_pipe_thr 0 6 1 64 2 1 0 1 1000000 306 Mbps
shmem_pipe_thr 0 12 1 64 2 1 0 1 1000000 324 Mbps
shmem_pipe_thr 0 18 1 64 2 1 0 1 1000000 262 Mbps
shmem_pipe_thr 0 0 1 4096 2 1 0 1 1000000 13995 Mbps
shmem_pipe_thr 0 1 1 4096 2 1 0 1 1000000 13638 Mbps
shmem_pipe_thr 0 6 1 4096 2 1 0 1 1000000 13399 Mbps
shmem_pipe_thr 0 12 1 4096 2 1 0 1 1000000 12226 Mbps
shmem_pipe_thr 0 18 1 4096 2 1 0 1 1000000 11057 Mbps
shmem_pipe_thr 0 0 1 65536 2 1 0 1 100000 15953 Mbps
shmem_pipe_thr 0 1 1 65536 2 1 0 1 100000 21695 Mbps
shmem_pipe_thr 0 6 1 65536 2 1 0 1 100000 13714 Mbps
shmem_pipe_thr 0 12 1 65536 2 1 0 1 100000 12925 Mbps
shmem_pipe_thr 0 18 1 65536 2 1 0 1 100000 11953 Mbps
