mempipe_thr 0 0 1 64 2 1 1 1 1000000 270 Mbps
mempipe_thr 0 1 1 64 2 1 1 1 1000000 999 Mbps
mempipe_thr 0 6 1 64 2 1 1 1 1000000 405 Mbps
mempipe_thr 0 12 1 64 2 1 1 1 1000000 505 Mbps
mempipe_thr 0 18 1 64 2 1 1 1 1000000 490 Mbps
mempipe_thr 0 0 1 4096 2 1 1 1 1000000 11220 Mbps
mempipe_thr 0 1 1 4096 2 1 1 1 1000000 18746 Mbps
mempipe_thr 0 6 1 4096 2 1 1 1 1000000 9925 Mbps
mempipe_thr 0 12 1 4096 2 1 1 1 1000000 9449 Mbps
mempipe_thr 0 18 1 4096 2 1 1 1 1000000 7168 Mbps
mempipe_thr 0 0 1 65536 2 1 1 1 100000 23554 Mbps
mempipe_thr 0 1 1 65536 2 1 1 1 100000 22375 Mbps
mempipe_thr 0 6 1 65536 2 1 1 1 100000 12831 Mbps
mempipe_thr 0 12 1 65536 2 1 1 1 100000 12460 Mbps
mempipe_thr 0 18 1 65536 2 1 1 1 100000 10040 Mbps
mempipe_thr 0 0 1 64 2 1 0 1 1000000 495 Mbps
mempipe_thr 0 1 1 64 2 1 0 1 1000000 1898 Mbps
mempipe_thr 0 6 1 64 2 1 0 1 1000000 715 Mbps
mempipe_thr 0 12 1 64 2 1 0 1 1000000 1160 Mbps
mempipe_thr 0 18 1 64 2 1 0 1 1000000 1081 Mbps
mempipe_thr 0 0 1 4096 2 1 0 1 1000000 6139 Mbps
mempipe_thr 0 1 1 4096 2 1 0 1 1000000 19071 Mbps
mempipe_thr 0 6 1 4096 2 1 0 1 1000000 10059 Mbps
mempipe_thr 0 12 1 4096 2 1 0 1 1000000 8843 Mbps
mempipe_thr 0 18 1 4096 2 1 0 1 1000000 8073 Mbps
mempipe_thr 0 0 1 65536 2 1 0 1 100000 14854 Mbps
mempipe_thr 0 1 1 65536 2 1 0 1 100000 19939 Mbps
mempipe_thr 0 6 1 65536 2 1 0 1 100000 12793 Mbps
mempipe_thr 0 12 1 65536 2 1 0 1 100000 12087 Mbps
mempipe_thr 0 18 1 65536 2 1 0 1 100000 11107 Mbps
mempipe_thr 0 1 1 64 2 1 1 1 1000000 1373 Mbps
mempipe_thr 0 6 1 64 2 1 1 1 1000000 1263 Mbps
mempipe_thr 0 12 1 64 2 1 1 1 1000000 1245 Mbps
mempipe_thr 0 18 1 64 2 1 1 1 1000000 921 Mbps
mempipe_thr 0 1 1 4096 2 1 1 1 1000000 17987 Mbps
mempipe_thr 0 6 1 4096 2 1 1 1 1000000 13465 Mbps
mempipe_thr 0 12 1 4096 2 1 1 1 1000000 12868 Mbps
mempipe_thr 0 18 1 4096 2 1 1 1 1000000 10509 Mbps
mempipe_thr 0 1 1 65536 2 1 1 1 100000 22566 Mbps
mempipe_thr 0 6 1 65536 2 1 1 1 100000 13830 Mbps
mempipe_thr 0 12 1 65536 2 1 1 1 100000 13422 Mbps
mempipe_thr 0 18 1 65536 2 1 1 1 100000 10723 Mbps
mempipe_thr 0 1 1 64 2 1 0 1 1000000 1530 Mbps
mempipe_thr 0 6 1 64 2 1 0 1 1000000 1234 Mbps
mempipe_thr 0 12 1 64 2 1 0 1 1000000 1276 Mbps
mempipe_thr 0 18 1 64 2 1 0 1 1000000 1068 Mbps
mempipe_thr 0 1 1 4096 2 1 0 1 1000000 24080 Mbps
mempipe_thr 0 6 1 4096 2 1 0 1 1000000 12892 Mbps
mempipe_thr 0 12 1 4096 2 1 0 1 1000000 12110 Mbps
mempipe_thr 0 18 1 4096 2 1 0 1 1000000 10858 Mbps
mempipe_thr 0 1 1 65536 2 1 0 1 100000 21189 Mbps
mempipe_thr 0 6 1 65536 2 1 0 1 100000 13741 Mbps
mempipe_thr 0 12 1 65536 2 1 0 1 100000 12933 Mbps
mempipe_thr 0 18 1 65536 2 1 0 1 100000 11911 Mbps
