shmem_pipe_thr 0 0 1 64 2 1 1 1 1000000 230 Mbps
shmem_pipe_thr 0 1 1 64 2 1 1 1 1000000 309 Mbps
shmem_pipe_thr 0 6 1 64 2 1 1 1 1000000 290 Mbps
shmem_pipe_thr 0 12 1 64 2 1 1 1 1000000 312 Mbps
shmem_pipe_thr 0 18 1 64 2 1 1 1 1000000 264 Mbps
shmem_pipe_thr 0 0 1 4096 2 1 1 1 1000000 8792 Mbps
shmem_pipe_thr 0 1 1 4096 2 1 1 1 1000000 11913 Mbps
shmem_pipe_thr 0 6 1 4096 2 1 1 1 1000000 13320 Mbps
shmem_pipe_thr 0 12 1 4096 2 1 1 1 1000000 12889 Mbps
shmem_pipe_thr 0 18 1 4096 2 1 1 1 1000000 10424 Mbps
shmem_pipe_thr 0 0 1 65536 2 1 1 1 100000 22787 Mbps
shmem_pipe_thr 0 1 1 65536 2 1 1 1 100000 21225 Mbps
shmem_pipe_thr 0 6 1 65536 2 1 1 1 100000 13576 Mbps
shmem_pipe_thr 0 12 1 65536 2 1 1 1 100000 13179 Mbps
shmem_pipe_thr 0 18 1 65536 2 1 1 1 100000 10547 Mbps
shmem_pipe_thr 0 0 1 64 2 1 0 1 1000000 238 Mbps
shmem_pipe_thr 0 1 1 64 2 1 0 1 1000000 310 Mbps
shmem_pipe_thr 0 6 1 64 2 1 0 1 1000000 305 Mbps
shmem_pipe_thr 0 12 1 64 2 1 0 1 1000000 322 Mbps
shmem_pipe_thr 0 18 1 64 2 1 0 1 1000000 268 Mbps
shmem_pipe_thr 0 0 1 4096 2 1 0 1 1000000 14163 Mbps
shmem_pipe_thr 0 1 1 4096 2 1 0 1 1000000 13740 Mbps
shmem_pipe_thr 0 6 1 4096 2 1 0 1 1000000 13318 Mbps
shmem_pipe_thr 0 12 1 4096 2 1 0 1 1000000 12226 Mbps
shmem_pipe_thr 0 18 1 4096 2 1 0 1 1000000 11063 Mbps
shmem_pipe_thr 0 0 1 65536 2 1 0 1 100000 16061 Mbps
shmem_pipe_thr 0 1 1 65536 2 1 0 1 100000 21516 Mbps
shmem_pipe_thr 0 6 1 65536 2 1 0 1 100000 14024 Mbps
shmem_pipe_thr 0 12 1 65536 2 1 0 1 100000 12923 Mbps
shmem_pipe_thr 0 18 1 65536 2 1 0 1 100000 11976 Mbps
