mempipe_spin_thr 0 1 0 64 2 1 1 1 1000000 2077 Mbps
mempipe_spin_thr 0 1 0 64 2 1 1 1 1000000 2047 Mbps
mempipe_spin_thr 0 6 0 64 2 1 1 1 1000000 2410 Mbps
mempipe_spin_thr 0 6 1 64 2 1 1 1 1000000 2517 Mbps
mempipe_spin_thr 0 12 0 64 2 1 1 1 1000000 2266 Mbps
mempipe_spin_thr 0 12 2 64 2 1 1 1 1000000 2465 Mbps
mempipe_spin_thr 0 18 0 64 2 1 1 1 1000000 2043 Mbps
mempipe_spin_thr 0 18 3 64 2 1 1 1 1000000 2198 Mbps
mempipe_spin_thr 0 1 0 4096 2 1 1 1 1000000 19936 Mbps
mempipe_spin_thr 0 1 0 4096 2 1 1 1 1000000 19960 Mbps
mempipe_spin_thr 0 6 0 4096 2 1 1 1 1000000 13275 Mbps
mempipe_spin_thr 0 6 1 4096 2 1 1 1 1000000 13381 Mbps
mempipe_spin_thr 0 12 0 4096 2 1 1 1 1000000 12889 Mbps
mempipe_spin_thr 0 12 2 4096 2 1 1 1 1000000 12827 Mbps
mempipe_spin_thr 0 18 0 4096 2 1 1 1 1000000 10475 Mbps
mempipe_spin_thr 0 18 3 4096 2 1 1 1 1000000 10432 Mbps
mempipe_spin_thr 0 1 0 65536 2 1 1 1 100000 22338 Mbps
mempipe_spin_thr 0 1 0 65536 2 1 1 1 100000 22447 Mbps
mempipe_spin_thr 0 6 0 65536 2 1 1 1 100000 13511 Mbps
mempipe_spin_thr 0 6 1 65536 2 1 1 1 100000 13775 Mbps
mempipe_spin_thr 0 12 0 65536 2 1 1 1 100000 13359 Mbps
mempipe_spin_thr 0 12 2 65536 2 1 1 1 100000 13311 Mbps
mempipe_spin_thr 0 18 0 65536 2 1 1 1 100000 10697 Mbps
mempipe_spin_thr 0 18 3 65536 2 1 1 1 100000 10659 Mbps
mempipe_spin_thr 0 1 0 64 2 1 0 1 1000000 2978 Mbps
mempipe_spin_thr 0 1 0 64 2 1 0 1 1000000 2966 Mbps
mempipe_spin_thr 0 6 0 64 2 1 0 1 1000000 2841 Mbps
mempipe_spin_thr 0 6 1 64 2 1 0 1 1000000 2739 Mbps
mempipe_spin_thr 0 12 0 64 2 1 0 1 1000000 2314 Mbps
mempipe_spin_thr 0 12 2 64 2 1 0 1 1000000 2535 Mbps
mempipe_spin_thr 0 18 0 64 2 1 0 1 1000000 2077 Mbps
mempipe_spin_thr 0 18 3 64 2 1 0 1 1000000 2520 Mbps
mempipe_spin_thr 0 1 0 4096 2 1 0 1 1000000 24088 Mbps
mempipe_spin_thr 0 1 0 4096 2 1 0 1 1000000 24054 Mbps
mempipe_spin_thr 0 6 0 4096 2 1 0 1 1000000 13027 Mbps
mempipe_spin_thr 0 6 1 4096 2 1 0 1 1000000 12853 Mbps
mempipe_spin_thr 0 12 0 4096 2 1 0 1 1000000 11727 Mbps
mempipe_spin_thr 0 12 2 4096 2 1 0 1 1000000 12070 Mbps
mempipe_spin_thr 0 18 0 4096 2 1 0 1 1000000 10672 Mbps
mempipe_spin_thr 0 18 3 4096 2 1 0 1 1000000 10789 Mbps
mempipe_spin_thr 0 1 0 65536 2 1 0 1 100000 21188 Mbps
mempipe_spin_thr 0 1 0 65536 2 1 0 1 100000 21166 Mbps
mempipe_spin_thr 0 6 0 65536 2 1 0 1 100000 14085 Mbps
mempipe_spin_thr 0 6 1 65536 2 1 0 1 100000 13745 Mbps
mempipe_spin_thr 0 12 0 65536 2 1 0 1 100000 12322 Mbps
mempipe_spin_thr 0 12 2 65536 2 1 0 1 100000 12901 Mbps
mempipe_spin_thr 0 18 0 65536 2 1 0 1 100000 11549 Mbps
mempipe_spin_thr 0 18 3 65536 2 1 0 1 100000 11866 Mbps
mempipe_spin_thr 0 1 0 64 2 1 1 1 1000000 2037 Mbps
mempipe_spin_thr 0 1 0 64 2 1 1 1 1000000 2058 Mbps
mempipe_spin_thr 0 6 0 64 2 1 1 1 1000000 2407 Mbps
mempipe_spin_thr 0 6 1 64 2 1 1 1 1000000 2530 Mbps
mempipe_spin_thr 0 12 0 64 2 1 1 1 1000000 2259 Mbps
mempipe_spin_thr 0 12 2 64 2 1 1 1 1000000 2465 Mbps
mempipe_spin_thr 0 18 0 64 2 1 1 1 1000000 2040 Mbps
mempipe_spin_thr 0 18 3 64 2 1 1 1 1000000 2197 Mbps
mempipe_spin_thr 0 1 0 4096 2 1 1 1 1000000 19854 Mbps
mempipe_spin_thr 0 1 0 4096 2 1 1 1 1000000 19956 Mbps
mempipe_spin_thr 0 6 0 4096 2 1 1 1 1000000 13275 Mbps
mempipe_spin_thr 0 6 1 4096 2 1 1 1 1000000 13398 Mbps
mempipe_spin_thr 0 12 0 4096 2 1 1 1 1000000 12877 Mbps
mempipe_spin_thr 0 12 2 4096 2 1 1 1 1000000 12802 Mbps
mempipe_spin_thr 0 18 0 4096 2 1 1 1 1000000 10452 Mbps
mempipe_spin_thr 0 18 3 4096 2 1 1 1 1000000 10458 Mbps
mempipe_spin_thr 0 1 0 65536 2 1 1 1 100000 22491 Mbps
mempipe_spin_thr 0 1 0 65536 2 1 1 1 100000 22464 Mbps
mempipe_spin_thr 0 6 0 65536 2 1 1 1 100000 13484 Mbps
mempipe_spin_thr 0 6 1 65536 2 1 1 1 100000 13757 Mbps
mempipe_spin_thr 0 12 0 65536 2 1 1 1 100000 13331 Mbps
mempipe_spin_thr 0 12 2 65536 2 1 1 1 100000 13375 Mbps
mempipe_spin_thr 0 18 0 65536 2 1 1 1 100000 10663 Mbps
mempipe_spin_thr 0 18 3 65536 2 1 1 1 100000 10684 Mbps
mempipe_spin_thr 0 1 0 64 2 1 0 1 1000000 2971 Mbps
mempipe_spin_thr 0 1 0 64 2 1 0 1 1000000 2963 Mbps
mempipe_spin_thr 0 6 0 64 2 1 0 1 1000000 2851 Mbps
mempipe_spin_thr 0 6 1 64 2 1 0 1 1000000 2601 Mbps
mempipe_spin_thr 0 12 0 64 2 1 0 1 1000000 2332 Mbps
mempipe_spin_thr 0 12 2 64 2 1 0 1 1000000 2535 Mbps
mempipe_spin_thr 0 18 0 64 2 1 0 1 1000000 2105 Mbps
mempipe_spin_thr 0 18 3 64 2 1 0 1 1000000 2515 Mbps
mempipe_spin_thr 0 1 0 4096 2 1 0 1 1000000 24126 Mbps
mempipe_spin_thr 0 1 0 4096 2 1 0 1 1000000 24034 Mbps
mempipe_spin_thr 0 6 0 4096 2 1 0 1 1000000 13034 Mbps
mempipe_spin_thr 0 6 1 4096 2 1 0 1 1000000 12871 Mbps
mempipe_spin_thr 0 12 0 4096 2 1 0 1 1000000 11735 Mbps
mempipe_spin_thr 0 12 2 4096 2 1 0 1 1000000 12032 Mbps
mempipe_spin_thr 0 18 0 4096 2 1 0 1 1000000 10675 Mbps
mempipe_spin_thr 0 18 3 4096 2 1 0 1 1000000 10812 Mbps
mempipe_spin_thr 0 1 0 65536 2 1 0 1 100000 21204 Mbps
mempipe_spin_thr 0 1 0 65536 2 1 0 1 100000 21180 Mbps
mempipe_spin_thr 0 6 0 65536 2 1 0 1 100000 14110 Mbps
mempipe_spin_thr 0 6 1 65536 2 1 0 1 100000 13740 Mbps
mempipe_spin_thr 0 12 0 65536 2 1 0 1 100000 12325 Mbps
mempipe_spin_thr 0 12 2 65536 2 1 0 1 100000 12906 Mbps
mempipe_spin_thr 0 18 0 65536 2 1 0 1 100000 11557 Mbps
mempipe_spin_thr 0 18 3 65536 2 1 0 1 100000 11890 Mbps
mempipe_spin_thr 0 1 0 64 2 1 1 1 1000000 2099 Mbps
mempipe_spin_thr 0 1 0 64 2 1 1 1 1000000 2127 Mbps
mempipe_spin_thr 0 6 0 64 2 1 1 1 1000000 2422 Mbps
mempipe_spin_thr 0 6 1 64 2 1 1 1 1000000 2518 Mbps
mempipe_spin_thr 0 12 0 64 2 1 1 1 1000000 2266 Mbps
mempipe_spin_thr 0 12 2 64 2 1 1 1 1000000 2487 Mbps
mempipe_spin_thr 0 18 0 64 2 1 1 1 1000000 2045 Mbps
mempipe_spin_thr 0 18 3 64 2 1 1 1 1000000 2407 Mbps
mempipe_spin_thr 0 1 0 4096 2 1 1 1 1000000 19869 Mbps
mempipe_spin_thr 0 1 0 4096 2 1 1 1 1000000 19918 Mbps
mempipe_spin_thr 0 6 0 4096 2 1 1 1 1000000 13310 Mbps
mempipe_spin_thr 0 6 1 4096 2 1 1 1 1000000 13434 Mbps
mempipe_spin_thr 0 12 0 4096 2 1 1 1 1000000 12876 Mbps
mempipe_spin_thr 0 12 2 4096 2 1 1 1 1000000 12862 Mbps
mempipe_spin_thr 0 18 0 4096 2 1 1 1 1000000 10430 Mbps
mempipe_spin_thr 0 18 3 4096 2 1 1 1 1000000 10468 Mbps
mempipe_spin_thr 0 1 0 65536 2 1 1 1 100000 22308 Mbps
mempipe_spin_thr 0 1 0 65536 2 1 1 1 100000 22483 Mbps
mempipe_spin_thr 0 6 0 65536 2 1 1 1 100000 13522 Mbps
mempipe_spin_thr 0 6 1 65536 2 1 1 1 100000 13806 Mbps
mempipe_spin_thr 0 12 0 65536 2 1 1 1 100000 13365 Mbps
mempipe_spin_thr 0 12 2 65536 2 1 1 1 100000 13339 Mbps
mempipe_spin_thr 0 18 0 65536 2 1 1 1 100000 10703 Mbps
mempipe_spin_thr 0 18 3 65536 2 1 1 1 100000 10686 Mbps
mempipe_spin_thr 0 1 0 64 2 1 0 1 1000000 2976 Mbps
mempipe_spin_thr 0 1 0 64 2 1 0 1 1000000 2973 Mbps
mempipe_spin_thr 0 6 0 64 2 1 0 1 1000000 2845 Mbps
mempipe_spin_thr 0 6 1 64 2 1 0 1 1000000 2725 Mbps
mempipe_spin_thr 0 12 0 64 2 1 0 1 1000000 2335 Mbps
mempipe_spin_thr 0 12 2 64 2 1 0 1 1000000 2539 Mbps
mempipe_spin_thr 0 18 0 64 2 1 0 1 1000000 2081 Mbps
mempipe_spin_thr 0 18 3 64 2 1 0 1 1000000 2515 Mbps
mempipe_spin_thr 0 1 0 4096 2 1 0 1 1000000 24049 Mbps
mempipe_spin_thr 0 1 0 4096 2 1 0 1 1000000 24111 Mbps
mempipe_spin_thr 0 6 0 4096 2 1 0 1 1000000 13004 Mbps
mempipe_spin_thr 0 6 1 4096 2 1 0 1 1000000 12854 Mbps
mempipe_spin_thr 0 12 0 4096 2 1 0 1 1000000 11724 Mbps
mempipe_spin_thr 0 12 2 4096 2 1 0 1 1000000 12058 Mbps
mempipe_spin_thr 0 18 0 4096 2 1 0 1 1000000 10649 Mbps
mempipe_spin_thr 0 18 3 4096 2 1 0 1 1000000 10808 Mbps
mempipe_spin_thr 0 1 0 65536 2 1 0 1 100000 21236 Mbps
mempipe_spin_thr 0 1 0 65536 2 1 0 1 100000 21242 Mbps
mempipe_spin_thr 0 6 0 65536 2 1 0 1 100000 14102 Mbps
mempipe_spin_thr 0 6 1 65536 2 1 0 1 100000 13735 Mbps
mempipe_spin_thr 0 12 0 65536 2 1 0 1 100000 12329 Mbps
mempipe_spin_thr 0 12 2 65536 2 1 0 1 100000 12899 Mbps
mempipe_spin_thr 0 18 0 65536 2 1 0 1 100000 11559 Mbps
mempipe_spin_thr 0 18 3 65536 2 1 0 1 100000 11878 Mbps
mempipe_spin_thr 0 1 0 64 2 1 1 1 1000000 2038 Mbps
mempipe_spin_thr 0 1 0 64 2 1 1 1 1000000 2035 Mbps
mempipe_spin_thr 0 6 0 64 2 1 1 1 1000000 2410 Mbps
mempipe_spin_thr 0 6 1 64 2 1 1 1 1000000 2507 Mbps
mempipe_spin_thr 0 12 0 64 2 1 1 1 1000000 2255 Mbps
mempipe_spin_thr 0 12 2 64 2 1 1 1 1000000 2484 Mbps
mempipe_spin_thr 0 18 0 64 2 1 1 1 1000000 2044 Mbps
mempipe_spin_thr 0 18 3 64 2 1 1 1 1000000 2199 Mbps
mempipe_spin_thr 0 1 0 4096 2 1 1 1 1000000 19888 Mbps
mempipe_spin_thr 0 1 0 4096 2 1 1 1 1000000 19892 Mbps
mempipe_spin_thr 0 6 0 4096 2 1 1 1 1000000 13273 Mbps
mempipe_spin_thr 0 6 1 4096 2 1 1 1 1000000 13397 Mbps
mempipe_spin_thr 0 12 0 4096 2 1 1 1 1000000 12885 Mbps
mempipe_spin_thr 0 12 2 4096 2 1 1 1 1000000 12810 Mbps
mempipe_spin_thr 0 18 0 4096 2 1 1 1 1000000 10423 Mbps
mempipe_spin_thr 0 18 3 4096 2 1 1 1 1000000 10460 Mbps
mempipe_spin_thr 0 1 0 65536 2 1 1 1 100000 22315 Mbps
mempipe_spin_thr 0 1 0 65536 2 1 1 1 100000 22465 Mbps
mempipe_spin_thr 0 6 0 65536 2 1 1 1 100000 13522 Mbps
mempipe_spin_thr 0 6 1 65536 2 1 1 1 100000 13801 Mbps
mempipe_spin_thr 0 12 0 65536 2 1 1 1 100000 13334 Mbps
mempipe_spin_thr 0 12 2 65536 2 1 1 1 100000 13319 Mbps
mempipe_spin_thr 0 18 0 65536 2 1 1 1 100000 10667 Mbps
mempipe_spin_thr 0 18 3 65536 2 1 1 1 100000 10681 Mbps
mempipe_spin_thr 0 1 0 64 2 1 0 1 1000000 2955 Mbps
mempipe_spin_thr 0 1 0 64 2 1 0 1 1000000 2960 Mbps
mempipe_spin_thr 0 6 0 64 2 1 0 1 1000000 2851 Mbps
mempipe_spin_thr 0 6 1 64 2 1 0 1 1000000 2740 Mbps
mempipe_spin_thr 0 12 0 64 2 1 0 1 1000000 2342 Mbps
mempipe_spin_thr 0 12 2 64 2 1 0 1 1000000 2539 Mbps
mempipe_spin_thr 0 18 0 64 2 1 0 1 1000000 2090 Mbps
mempipe_spin_thr 0 18 3 64 2 1 0 1 1000000 2523 Mbps
mempipe_spin_thr 0 1 0 4096 2 1 0 1 1000000 24058 Mbps
mempipe_spin_thr 0 1 0 4096 2 1 0 1 1000000 24072 Mbps
mempipe_spin_thr 0 6 0 4096 2 1 0 1 1000000 13068 Mbps
mempipe_spin_thr 0 6 1 4096 2 1 0 1 1000000 12858 Mbps
mempipe_spin_thr 0 12 0 4096 2 1 0 1 1000000 11730 Mbps
mempipe_spin_thr 0 12 2 4096 2 1 0 1 1000000 12070 Mbps
mempipe_spin_thr 0 18 0 4096 2 1 0 1 1000000 10669 Mbps
mempipe_spin_thr 0 18 3 4096 2 1 0 1 1000000 10831 Mbps
mempipe_spin_thr 0 1 0 65536 2 1 0 1 100000 21203 Mbps
mempipe_spin_thr 0 1 0 65536 2 1 0 1 100000 21175 Mbps
mempipe_spin_thr 0 6 0 65536 2 1 0 1 100000 14091 Mbps
mempipe_spin_thr 0 6 1 65536 2 1 0 1 100000 13711 Mbps
mempipe_spin_thr 0 12 0 65536 2 1 0 1 100000 12324 Mbps
mempipe_spin_thr 0 12 2 65536 2 1 0 1 100000 12895 Mbps
mempipe_spin_thr 0 18 0 65536 2 1 0 1 100000 11569 Mbps
mempipe_spin_thr 0 18 3 65536 2 1 0 1 100000 11882 Mbps
mempipe_spin_thr 0 1 0 64 2 1 1 1 1000000 2842 Mbps
mempipe_spin_thr 0 1 0 64 2 1 1 1 1000000 2047 Mbps
mempipe_spin_thr 0 6 0 64 2 1 1 1 1000000 2412 Mbps
mempipe_spin_thr 0 6 1 64 2 1 1 1 1000000 2483 Mbps
mempipe_spin_thr 0 12 0 64 2 1 1 1 1000000 2267 Mbps
mempipe_spin_thr 0 12 2 64 2 1 1 1 1000000 2452 Mbps
mempipe_spin_thr 0 18 0 64 2 1 1 1 1000000 2073 Mbps
mempipe_spin_thr 0 18 3 64 2 1 1 1 1000000 2204 Mbps
mempipe_spin_thr 0 1 0 4096 2 1 1 1 1000000 19871 Mbps
mempipe_spin_thr 0 1 0 4096 2 1 1 1 1000000 19883 Mbps
mempipe_spin_thr 0 6 0 4096 2 1 1 1 1000000 13281 Mbps
mempipe_spin_thr 0 6 1 4096 2 1 1 1 1000000 13432 Mbps
mempipe_spin_thr 0 12 0 4096 2 1 1 1 1000000 12289 Mbps
mempipe_spin_thr 0 12 2 4096 2 1 1 1 1000000 12829 Mbps
mempipe_spin_thr 0 18 0 4096 2 1 1 1 1000000 10443 Mbps
mempipe_spin_thr 0 18 3 4096 2 1 1 1 1000000 10449 Mbps
mempipe_spin_thr 0 1 0 65536 2 1 1 1 100000 22352 Mbps
mempipe_spin_thr 0 1 0 65536 2 1 1 1 100000 22412 Mbps
mempipe_spin_thr 0 6 0 65536 2 1 1 1 100000 13532 Mbps
mempipe_spin_thr 0 6 1 65536 2 1 1 1 100000 13754 Mbps
mempipe_spin_thr 0 12 0 65536 2 1 1 1 100000 13394 Mbps
mempipe_spin_thr 0 12 2 65536 2 1 1 1 100000 13317 Mbps
mempipe_spin_thr 0 18 0 65536 2 1 1 1 100000 10702 Mbps
mempipe_spin_thr 0 18 3 65536 2 1 1 1 100000 10655 Mbps
mempipe_spin_thr 0 1 0 64 2 1 0 1 1000000 2972 Mbps
mempipe_spin_thr 0 1 0 64 2 1 0 1 1000000 2983 Mbps
mempipe_spin_thr 0 6 0 64 2 1 0 1 1000000 2849 Mbps
mempipe_spin_thr 0 6 1 64 2 1 0 1 1000000 2735 Mbps
mempipe_spin_thr 0 12 0 64 2 1 0 1 1000000 2337 Mbps
mempipe_spin_thr 0 12 2 64 2 1 0 1 1000000 2541 Mbps
mempipe_spin_thr 0 18 0 64 2 1 0 1 1000000 2060 Mbps
mempipe_spin_thr 0 18 3 64 2 1 0 1 1000000 2509 Mbps
mempipe_spin_thr 0 1 0 4096 2 1 0 1 1000000 24056 Mbps
mempipe_spin_thr 0 1 0 4096 2 1 0 1 1000000 24060 Mbps
mempipe_spin_thr 0 6 0 4096 2 1 0 1 1000000 13042 Mbps
mempipe_spin_thr 0 6 1 4096 2 1 0 1 1000000 12871 Mbps
mempipe_spin_thr 0 12 0 4096 2 1 0 1 1000000 11729 Mbps
mempipe_spin_thr 0 12 2 4096 2 1 0 1 1000000 12036 Mbps
mempipe_spin_thr 0 18 0 4096 2 1 0 1 1000000 10673 Mbps
mempipe_spin_thr 0 18 3 4096 2 1 0 1 1000000 10820 Mbps
mempipe_spin_thr 0 1 0 65536 2 1 0 1 100000 21170 Mbps
mempipe_spin_thr 0 1 0 65536 2 1 0 1 100000 21249 Mbps
mempipe_spin_thr 0 6 0 65536 2 1 0 1 100000 14087 Mbps
mempipe_spin_thr 0 6 1 65536 2 1 0 1 100000 13723 Mbps
mempipe_spin_thr 0 12 0 65536 2 1 0 1 100000 12321 Mbps
mempipe_spin_thr 0 12 2 65536 2 1 0 1 100000 12901 Mbps
mempipe_spin_thr 0 18 0 65536 2 1 0 1 100000 11560 Mbps
mempipe_spin_thr 0 18 3 65536 2 1 0 1 100000 11881 Mbps
mempipe_spin_thr 0 1 0 64 2 1 1 1 1000000 2063 Mbps
mempipe_spin_thr 0 1 0 64 2 1 1 1 1000000 1980 Mbps
mempipe_spin_thr 0 6 0 64 2 1 1 1 1000000 2408 Mbps
mempipe_spin_thr 0 6 1 64 2 1 1 1 1000000 2542 Mbps
mempipe_spin_thr 0 12 0 64 2 1 1 1 1000000 2255 Mbps
mempipe_spin_thr 0 12 2 64 2 1 1 1 1000000 2496 Mbps
mempipe_spin_thr 0 18 0 64 2 1 1 1 1000000 2048 Mbps
mempipe_spin_thr 0 18 3 64 2 1 1 1 1000000 2194 Mbps
mempipe_spin_thr 0 1 0 4096 2 1 1 1 1000000 19873 Mbps
mempipe_spin_thr 0 1 0 4096 2 1 1 1 1000000 19934 Mbps
mempipe_spin_thr 0 6 0 4096 2 1 1 1 1000000 13323 Mbps
mempipe_spin_thr 0 6 1 4096 2 1 1 1 1000000 13398 Mbps
mempipe_spin_thr 0 12 0 4096 2 1 1 1 1000000 12911 Mbps
mempipe_spin_thr 0 12 2 4096 2 1 1 1 1000000 12824 Mbps
mempipe_spin_thr 0 18 0 4096 2 1 1 1 1000000 10424 Mbps
mempipe_spin_thr 0 18 3 4096 2 1 1 1 1000000 10444 Mbps
mempipe_spin_thr 0 1 0 65536 2 1 1 1 100000 22416 Mbps
mempipe_spin_thr 0 1 0 65536 2 1 1 1 100000 22328 Mbps
mempipe_spin_thr 0 6 0 65536 2 1 1 1 100000 13532 Mbps
mempipe_spin_thr 0 6 1 65536 2 1 1 1 100000 13764 Mbps
mempipe_spin_thr 0 12 0 65536 2 1 1 1 100000 13311 Mbps
mempipe_spin_thr 0 12 2 65536 2 1 1 1 100000 13315 Mbps
mempipe_spin_thr 0 18 0 65536 2 1 1 1 100000 10663 Mbps
mempipe_spin_thr 0 18 3 65536 2 1 1 1 100000 10658 Mbps
mempipe_spin_thr 0 1 0 64 2 1 0 1 1000000 2975 Mbps
mempipe_spin_thr 0 1 0 64 2 1 0 1 1000000 2963 Mbps
mempipe_spin_thr 0 6 0 64 2 1 0 1 1000000 2827 Mbps
mempipe_spin_thr 0 6 1 64 2 1 0 1 1000000 2725 Mbps
mempipe_spin_thr 0 12 0 64 2 1 0 1 1000000 2296 Mbps
mempipe_spin_thr 0 12 2 64 2 1 0 1 1000000 2535 Mbps
mempipe_spin_thr 0 18 0 64 2 1 0 1 1000000 2085 Mbps
mempipe_spin_thr 0 18 3 64 2 1 0 1 1000000 2522 Mbps
mempipe_spin_thr 0 1 0 4096 2 1 0 1 1000000 23927 Mbps
mempipe_spin_thr 0 1 0 4096 2 1 0 1 1000000 24115 Mbps
mempipe_spin_thr 0 6 0 4096 2 1 0 1 1000000 13046 Mbps
mempipe_spin_thr 0 6 1 4096 2 1 0 1 1000000 12860 Mbps
mempipe_spin_thr 0 12 0 4096 2 1 0 1 1000000 11720 Mbps
mempipe_spin_thr 0 12 2 4096 2 1 0 1 1000000 12060 Mbps
mempipe_spin_thr 0 18 0 4096 2 1 0 1 1000000 10654 Mbps
mempipe_spin_thr 0 18 3 4096 2 1 0 1 1000000 10824 Mbps
mempipe_spin_thr 0 1 0 65536 2 1 0 1 100000 21194 Mbps
mempipe_spin_thr 0 1 0 65536 2 1 0 1 100000 21260 Mbps
mempipe_spin_thr 0 6 0 65536 2 1 0 1 100000 14100 Mbps
mempipe_spin_thr 0 6 1 65536 2 1 0 1 100000 13742 Mbps
mempipe_spin_thr 0 12 0 65536 2 1 0 1 100000 12310 Mbps
mempipe_spin_thr 0 12 2 65536 2 1 0 1 100000 12882 Mbps
mempipe_spin_thr 0 18 0 65536 2 1 0 1 100000 11560 Mbps
mempipe_spin_thr 0 18 3 65536 2 1 0 1 100000 11882 Mbps
mempipe_spin_thr 0 1 0 64 2 1 1 1 1000000 2016 Mbps
mempipe_spin_thr 0 1 0 64 2 1 1 1 1000000 2022 Mbps
mempipe_spin_thr 0 6 0 64 2 1 1 1 1000000 2430 Mbps
mempipe_spin_thr 0 6 1 64 2 1 1 1 1000000 2536 Mbps
mempipe_spin_thr 0 12 0 64 2 1 1 1 1000000 2269 Mbps
mempipe_spin_thr 0 12 2 64 2 1 1 1 1000000 2480 Mbps
mempipe_spin_thr 0 18 0 64 2 1 1 1 1000000 2428 Mbps
mempipe_spin_thr 0 18 3 64 2 1 1 1 1000000 2201 Mbps
mempipe_spin_thr 0 1 0 4096 2 1 1 1 1000000 19967 Mbps
mempipe_spin_thr 0 1 0 4096 2 1 1 1 1000000 19885 Mbps
mempipe_spin_thr 0 6 0 4096 2 1 1 1 1000000 13352 Mbps
mempipe_spin_thr 0 6 1 4096 2 1 1 1 1000000 13442 Mbps
mempipe_spin_thr 0 12 0 4096 2 1 1 1 1000000 12862 Mbps
mempipe_spin_thr 0 12 2 4096 2 1 1 1 1000000 12826 Mbps
mempipe_spin_thr 0 18 0 4096 2 1 1 1 1000000 10427 Mbps
mempipe_spin_thr 0 18 3 4096 2 1 1 1 1000000 10433 Mbps
mempipe_spin_thr 0 1 0 65536 2 1 1 1 100000 22402 Mbps
mempipe_spin_thr 0 1 0 65536 2 1 1 1 100000 22442 Mbps
mempipe_spin_thr 0 6 0 65536 2 1 1 1 100000 13527 Mbps
mempipe_spin_thr 0 6 1 65536 2 1 1 1 100000 13800 Mbps
mempipe_spin_thr 0 12 0 65536 2 1 1 1 100000 13339 Mbps
mempipe_spin_thr 0 12 2 65536 2 1 1 1 100000 13299 Mbps
mempipe_spin_thr 0 18 0 65536 2 1 1 1 100000 10665 Mbps
mempipe_spin_thr 0 18 3 65536 2 1 1 1 100000 10682 Mbps
mempipe_spin_thr 0 1 0 64 2 1 0 1 1000000 2979 Mbps
mempipe_spin_thr 0 1 0 64 2 1 0 1 1000000 2965 Mbps
mempipe_spin_thr 0 6 0 64 2 1 0 1 1000000 2852 Mbps
mempipe_spin_thr 0 6 1 64 2 1 0 1 1000000 2719 Mbps
mempipe_spin_thr 0 12 0 64 2 1 0 1 1000000 2352 Mbps
mempipe_spin_thr 0 12 2 64 2 1 0 1 1000000 2540 Mbps
mempipe_spin_thr 0 18 0 64 2 1 0 1 1000000 2082 Mbps
mempipe_spin_thr 0 18 3 64 2 1 0 1 1000000 2519 Mbps
mempipe_spin_thr 0 1 0 4096 2 1 0 1 1000000 24093 Mbps
mempipe_spin_thr 0 1 0 4096 2 1 0 1 1000000 24113 Mbps
mempipe_spin_thr 0 6 0 4096 2 1 0 1 1000000 13019 Mbps
mempipe_spin_thr 0 6 1 4096 2 1 0 1 1000000 12880 Mbps
mempipe_spin_thr 0 12 0 4096 2 1 0 1 1000000 11744 Mbps
mempipe_spin_thr 0 12 2 4096 2 1 0 1 1000000 12069 Mbps
mempipe_spin_thr 0 18 0 4096 2 1 0 1 1000000 10667 Mbps
mempipe_spin_thr 0 18 3 4096 2 1 0 1 1000000 10805 Mbps
mempipe_spin_thr 0 1 0 65536 2 1 0 1 100000 21217 Mbps
mempipe_spin_thr 0 1 0 65536 2 1 0 1 100000 21196 Mbps
mempipe_spin_thr 0 6 0 65536 2 1 0 1 100000 14085 Mbps
mempipe_spin_thr 0 6 1 65536 2 1 0 1 100000 13749 Mbps
mempipe_spin_thr 0 12 0 65536 2 1 0 1 100000 12323 Mbps
mempipe_spin_thr 0 12 2 65536 2 1 0 1 100000 12900 Mbps
mempipe_spin_thr 0 18 0 65536 2 1 0 1 100000 11550 Mbps
mempipe_spin_thr 0 18 3 65536 2 1 0 1 100000 11865 Mbps
mempipe_spin_thr 0 1 0 64 2 1 1 1 1000000 2043 Mbps
mempipe_spin_thr 0 1 0 64 2 1 1 1 1000000 2817 Mbps
mempipe_spin_thr 0 6 0 64 2 1 1 1 1000000 2413 Mbps
mempipe_spin_thr 0 6 1 64 2 1 1 1 1000000 2546 Mbps
mempipe_spin_thr 0 12 0 64 2 1 1 1 1000000 2261 Mbps
mempipe_spin_thr 0 12 2 64 2 1 1 1 1000000 2470 Mbps
mempipe_spin_thr 0 18 0 64 2 1 1 1 1000000 2049 Mbps
mempipe_spin_thr 0 18 3 64 2 1 1 1 1000000 2196 Mbps
mempipe_spin_thr 0 1 0 4096 2 1 1 1 1000000 19843 Mbps
mempipe_spin_thr 0 1 0 4096 2 1 1 1 1000000 19873 Mbps
mempipe_spin_thr 0 6 0 4096 2 1 1 1 1000000 13291 Mbps
mempipe_spin_thr 0 6 1 4096 2 1 1 1 1000000 13441 Mbps
mempipe_spin_thr 0 12 0 4096 2 1 1 1 1000000 12912 Mbps
mempipe_spin_thr 0 12 2 4096 2 1 1 1 1000000 12827 Mbps
mempipe_spin_thr 0 18 0 4096 2 1 1 1 1000000 10432 Mbps
mempipe_spin_thr 0 18 3 4096 2 1 1 1 1000000 10436 Mbps
mempipe_spin_thr 0 1 0 65536 2 1 1 1 100000 22541 Mbps
mempipe_spin_thr 0 1 0 65536 2 1 1 1 100000 22479 Mbps
mempipe_spin_thr 0 6 0 65536 2 1 1 1 100000 13525 Mbps
mempipe_spin_thr 0 6 1 65536 2 1 1 1 100000 13807 Mbps
mempipe_spin_thr 0 12 0 65536 2 1 1 1 100000 13360 Mbps
mempipe_spin_thr 0 12 2 65536 2 1 1 1 100000 13334 Mbps
mempipe_spin_thr 0 18 0 65536 2 1 1 1 100000 10666 Mbps
mempipe_spin_thr 0 18 3 65536 2 1 1 1 100000 10684 Mbps
mempipe_spin_thr 0 1 0 64 2 1 0 1 1000000 2978 Mbps
mempipe_spin_thr 0 1 0 64 2 1 0 1 1000000 2976 Mbps
mempipe_spin_thr 0 6 0 64 2 1 0 1 1000000 2850 Mbps
mempipe_spin_thr 0 6 1 64 2 1 0 1 1000000 2718 Mbps
mempipe_spin_thr 0 12 0 64 2 1 0 1 1000000 2307 Mbps
mempipe_spin_thr 0 12 2 64 2 1 0 1 1000000 2534 Mbps
mempipe_spin_thr 0 18 0 64 2 1 0 1 1000000 2088 Mbps
mempipe_spin_thr 0 18 3 64 2 1 0 1 1000000 2522 Mbps
mempipe_spin_thr 0 1 0 4096 2 1 0 1 1000000 24048 Mbps
mempipe_spin_thr 0 1 0 4096 2 1 0 1 1000000 24080 Mbps
mempipe_spin_thr 0 6 0 4096 2 1 0 1 1000000 13021 Mbps
mempipe_spin_thr 0 6 1 4096 2 1 0 1 1000000 12869 Mbps
mempipe_spin_thr 0 12 0 4096 2 1 0 1 1000000 11737 Mbps
mempipe_spin_thr 0 12 2 4096 2 1 0 1 1000000 12070 Mbps
mempipe_spin_thr 0 18 0 4096 2 1 0 1 1000000 10673 Mbps
mempipe_spin_thr 0 18 3 4096 2 1 0 1 1000000 10808 Mbps
mempipe_spin_thr 0 1 0 65536 2 1 0 1 100000 21239 Mbps
mempipe_spin_thr 0 1 0 65536 2 1 0 1 100000 21178 Mbps
mempipe_spin_thr 0 6 0 65536 2 1 0 1 100000 14085 Mbps
mempipe_spin_thr 0 6 1 65536 2 1 0 1 100000 13723 Mbps
mempipe_spin_thr 0 12 0 65536 2 1 0 1 100000 12319 Mbps
mempipe_spin_thr 0 12 2 65536 2 1 0 1 100000 12905 Mbps
mempipe_spin_thr 0 18 0 65536 2 1 0 1 100000 11563 Mbps
mempipe_spin_thr 0 18 3 65536 2 1 0 1 100000 11873 Mbps
mempipe_spin_thr 0 1 0 64 2 1 1 1 1000000 2029 Mbps
mempipe_spin_thr 0 1 0 64 2 1 1 1 1000000 2020 Mbps
mempipe_spin_thr 0 6 0 64 2 1 1 1 1000000 2401 Mbps
mempipe_spin_thr 0 6 1 64 2 1 1 1 1000000 2513 Mbps
mempipe_spin_thr 0 12 0 64 2 1 1 1 1000000 2266 Mbps
mempipe_spin_thr 0 12 2 64 2 1 1 1 1000000 2481 Mbps
mempipe_spin_thr 0 18 0 64 2 1 1 1 1000000 2052 Mbps
mempipe_spin_thr 0 18 3 64 2 1 1 1 1000000 2205 Mbps
mempipe_spin_thr 0 1 0 4096 2 1 1 1 1000000 19912 Mbps
mempipe_spin_thr 0 1 0 4096 2 1 1 1 1000000 19937 Mbps
mempipe_spin_thr 0 6 0 4096 2 1 1 1 1000000 13264 Mbps
mempipe_spin_thr 0 6 1 4096 2 1 1 1 1000000 13378 Mbps
mempipe_spin_thr 0 12 0 4096 2 1 1 1 1000000 12932 Mbps
mempipe_spin_thr 0 12 2 4096 2 1 1 1 1000000 12825 Mbps
mempipe_spin_thr 0 18 0 4096 2 1 1 1 1000000 10441 Mbps
mempipe_spin_thr 0 18 3 4096 2 1 1 1 1000000 10463 Mbps
mempipe_spin_thr 0 1 0 65536 2 1 1 1 100000 22486 Mbps
mempipe_spin_thr 0 1 0 65536 2 1 1 1 100000 22494 Mbps
mempipe_spin_thr 0 6 0 65536 2 1 1 1 100000 13524 Mbps
mempipe_spin_thr 0 6 1 65536 2 1 1 1 100000 13747 Mbps
mempipe_spin_thr 0 12 0 65536 2 1 1 1 100000 13370 Mbps
mempipe_spin_thr 0 12 2 65536 2 1 1 1 100000 13321 Mbps
mempipe_spin_thr 0 18 0 65536 2 1 1 1 100000 10669 Mbps
mempipe_spin_thr 0 18 3 65536 2 1 1 1 100000 10683 Mbps
mempipe_spin_thr 0 1 0 64 2 1 0 1 1000000 2977 Mbps
mempipe_spin_thr 0 1 0 64 2 1 0 1 1000000 2645 Mbps
mempipe_spin_thr 0 6 0 64 2 1 0 1 1000000 2840 Mbps
mempipe_spin_thr 0 6 1 64 2 1 0 1 1000000 2740 Mbps
mempipe_spin_thr 0 12 0 64 2 1 0 1 1000000 2338 Mbps
mempipe_spin_thr 0 12 2 64 2 1 0 1 1000000 2538 Mbps
mempipe_spin_thr 0 18 0 64 2 1 0 1 1000000 2066 Mbps
mempipe_spin_thr 0 18 3 64 2 1 0 1 1000000 2523 Mbps
mempipe_spin_thr 0 1 0 4096 2 1 0 1 1000000 24062 Mbps
mempipe_spin_thr 0 1 0 4096 2 1 0 1 1000000 24004 Mbps
mempipe_spin_thr 0 6 0 4096 2 1 0 1 1000000 13048 Mbps
mempipe_spin_thr 0 6 1 4096 2 1 0 1 1000000 12885 Mbps
mempipe_spin_thr 0 12 0 4096 2 1 0 1 1000000 11716 Mbps
mempipe_spin_thr 0 12 2 4096 2 1 0 1 1000000 12063 Mbps
mempipe_spin_thr 0 18 0 4096 2 1 0 1 1000000 10647 Mbps
mempipe_spin_thr 0 18 3 4096 2 1 0 1 1000000 10834 Mbps
mempipe_spin_thr 0 1 0 65536 2 1 0 1 100000 21194 Mbps
mempipe_spin_thr 0 1 0 65536 2 1 0 1 100000 21203 Mbps
mempipe_spin_thr 0 6 0 65536 2 1 0 1 100000 14070 Mbps
mempipe_spin_thr 0 6 1 65536 2 1 0 1 100000 13725 Mbps
mempipe_spin_thr 0 12 0 65536 2 1 0 1 100000 12327 Mbps
mempipe_spin_thr 0 12 2 65536 2 1 0 1 100000 12897 Mbps
mempipe_spin_thr 0 18 0 65536 2 1 0 1 100000 11559 Mbps
mempipe_spin_thr 0 18 3 65536 2 1 0 1 100000 11886 Mbps
mempipe_spin_thr 0 1 0 64 2 1 1 1 1000000 2039 Mbps
mempipe_spin_thr 0 1 0 64 2 1 1 1 1000000 2016 Mbps
mempipe_spin_thr 0 6 0 64 2 1 1 1 1000000 2409 Mbps
mempipe_spin_thr 0 6 1 64 2 1 1 1 1000000 2546 Mbps
mempipe_spin_thr 0 12 0 64 2 1 1 1 1000000 2257 Mbps
mempipe_spin_thr 0 12 2 64 2 1 1 1 1000000 2463 Mbps
mempipe_spin_thr 0 18 0 64 2 1 1 1 1000000 2054 Mbps
mempipe_spin_thr 0 18 3 64 2 1 1 1 1000000 2191 Mbps
mempipe_spin_thr 0 1 0 4096 2 1 1 1 1000000 19840 Mbps
mempipe_spin_thr 0 1 0 4096 2 1 1 1 1000000 19840 Mbps
mempipe_spin_thr 0 6 0 4096 2 1 1 1 1000000 13284 Mbps
mempipe_spin_thr 0 6 1 4096 2 1 1 1 1000000 12937 Mbps
mempipe_spin_thr 0 12 0 4096 2 1 1 1 1000000 12947 Mbps
mempipe_spin_thr 0 12 2 4096 2 1 1 1 1000000 12833 Mbps
mempipe_spin_thr 0 18 0 4096 2 1 1 1 1000000 10460 Mbps
mempipe_spin_thr 0 18 3 4096 2 1 1 1 1000000 10431 Mbps
mempipe_spin_thr 0 1 0 65536 2 1 1 1 100000 22445 Mbps
mempipe_spin_thr 0 1 0 65536 2 1 1 1 100000 22531 Mbps
mempipe_spin_thr 0 6 0 65536 2 1 1 1 100000 13528 Mbps
mempipe_spin_thr 0 6 1 65536 2 1 1 1 100000 13763 Mbps
mempipe_spin_thr 0 12 0 65536 2 1 1 1 100000 13327 Mbps
mempipe_spin_thr 0 12 2 65536 2 1 1 1 100000 13383 Mbps
mempipe_spin_thr 0 18 0 65536 2 1 1 1 100000 10706 Mbps
mempipe_spin_thr 0 18 3 65536 2 1 1 1 100000 10686 Mbps
mempipe_spin_thr 0 1 0 64 2 1 0 1 1000000 2977 Mbps
mempipe_spin_thr 0 1 0 64 2 1 0 1 1000000 2981 Mbps
mempipe_spin_thr 0 6 0 64 2 1 0 1 1000000 2840 Mbps
mempipe_spin_thr 0 6 1 64 2 1 0 1 1000000 2718 Mbps
mempipe_spin_thr 0 12 0 64 2 1 0 1 1000000 2341 Mbps
mempipe_spin_thr 0 12 2 64 2 1 0 1 1000000 2405 Mbps
mempipe_spin_thr 0 18 0 64 2 1 0 1 1000000 2074 Mbps
mempipe_spin_thr 0 18 3 64 2 1 0 1 1000000 2540 Mbps
mempipe_spin_thr 0 1 0 4096 2 1 0 1 1000000 24117 Mbps
mempipe_spin_thr 0 1 0 4096 2 1 0 1 1000000 24062 Mbps
mempipe_spin_thr 0 6 0 4096 2 1 0 1 1000000 13008 Mbps
mempipe_spin_thr 0 6 1 4096 2 1 0 1 1000000 12852 Mbps
mempipe_spin_thr 0 12 0 4096 2 1 0 1 1000000 11737 Mbps
mempipe_spin_thr 0 12 2 4096 2 1 0 1 1000000 12048 Mbps
mempipe_spin_thr 0 18 0 4096 2 1 0 1 1000000 10657 Mbps
mempipe_spin_thr 0 18 3 4096 2 1 0 1 1000000 10804 Mbps
mempipe_spin_thr 0 1 0 65536 2 1 0 1 100000 21173 Mbps
mempipe_spin_thr 0 1 0 65536 2 1 0 1 100000 21253 Mbps
mempipe_spin_thr 0 6 0 65536 2 1 0 1 100000 14077 Mbps
mempipe_spin_thr 0 6 1 65536 2 1 0 1 100000 13716 Mbps
mempipe_spin_thr 0 12 0 65536 2 1 0 1 100000 12325 Mbps
mempipe_spin_thr 0 12 2 65536 2 1 0 1 100000 12907 Mbps
mempipe_spin_thr 0 18 0 65536 2 1 0 1 100000 11564 Mbps
mempipe_spin_thr 0 18 3 65536 2 1 0 1 100000 11882 Mbps
mempipe_spin_thr 0 1 0 64 2 1 1 1 1000000 2059 Mbps
mempipe_spin_thr 0 1 0 64 2 1 1 1 1000000 2031 Mbps
mempipe_spin_thr 0 6 0 64 2 1 1 1 1000000 2408 Mbps
mempipe_spin_thr 0 6 1 64 2 1 1 1 1000000 2515 Mbps
mempipe_spin_thr 0 12 0 64 2 1 1 1 1000000 2267 Mbps
mempipe_spin_thr 0 12 2 64 2 1 1 1 1000000 2490 Mbps
mempipe_spin_thr 0 18 0 64 2 1 1 1 1000000 2048 Mbps
mempipe_spin_thr 0 18 3 64 2 1 1 1 1000000 2190 Mbps
mempipe_spin_thr 0 1 0 4096 2 1 1 1 1000000 19925 Mbps
mempipe_spin_thr 0 1 0 4096 2 1 1 1 1000000 19831 Mbps
mempipe_spin_thr 0 6 0 4096 2 1 1 1 1000000 13326 Mbps
mempipe_spin_thr 0 6 1 4096 2 1 1 1 1000000 13401 Mbps
mempipe_spin_thr 0 12 0 4096 2 1 1 1 1000000 12872 Mbps
mempipe_spin_thr 0 12 2 4096 2 1 1 1 1000000 12845 Mbps
mempipe_spin_thr 0 18 0 4096 2 1 1 1 1000000 10435 Mbps
mempipe_spin_thr 0 18 3 4096 2 1 1 1 1000000 10462 Mbps
mempipe_spin_thr 0 1 0 65536 2 1 1 1 100000 22378 Mbps
mempipe_spin_thr 0 1 0 65536 2 1 1 1 100000 22380 Mbps
mempipe_spin_thr 0 6 0 65536 2 1 1 1 100000 13491 Mbps
mempipe_spin_thr 0 6 1 65536 2 1 1 1 100000 13802 Mbps
mempipe_spin_thr 0 12 0 65536 2 1 1 1 100000 13371 Mbps
mempipe_spin_thr 0 12 2 65536 2 1 1 1 100000 13357 Mbps
mempipe_spin_thr 0 18 0 65536 2 1 1 1 100000 10673 Mbps
mempipe_spin_thr 0 18 3 65536 2 1 1 1 100000 10681 Mbps
mempipe_spin_thr 0 1 0 64 2 1 0 1 1000000 2965 Mbps
mempipe_spin_thr 0 1 0 64 2 1 0 1 1000000 2986 Mbps
mempipe_spin_thr 0 6 0 64 2 1 0 1 1000000 2849 Mbps
mempipe_spin_thr 0 6 1 64 2 1 0 1 1000000 2720 Mbps
mempipe_spin_thr 0 12 0 64 2 1 0 1 1000000 2363 Mbps
mempipe_spin_thr 0 12 2 64 2 1 0 1 1000000 2534 Mbps
mempipe_spin_thr 0 18 0 64 2 1 0 1 1000000 2080 Mbps
mempipe_spin_thr 0 18 3 64 2 1 0 1 1000000 2540 Mbps
mempipe_spin_thr 0 1 0 4096 2 1 0 1 1000000 24039 Mbps
mempipe_spin_thr 0 1 0 4096 2 1 0 1 1000000 24115 Mbps
mempipe_spin_thr 0 6 0 4096 2 1 0 1 1000000 13014 Mbps
mempipe_spin_thr 0 6 1 4096 2 1 0 1 1000000 12873 Mbps
mempipe_spin_thr 0 12 0 4096 2 1 0 1 1000000 11725 Mbps
mempipe_spin_thr 0 12 2 4096 2 1 0 1 1000000 12065 Mbps
mempipe_spin_thr 0 18 0 4096 2 1 0 1 1000000 10682 Mbps
mempipe_spin_thr 0 18 3 4096 2 1 0 1 1000000 10766 Mbps
mempipe_spin_thr 0 1 0 65536 2 1 0 1 100000 21162 Mbps
mempipe_spin_thr 0 1 0 65536 2 1 0 1 100000 21192 Mbps
mempipe_spin_thr 0 6 0 65536 2 1 0 1 100000 14094 Mbps
mempipe_spin_thr 0 6 1 65536 2 1 0 1 100000 13738 Mbps
mempipe_spin_thr 0 12 0 65536 2 1 0 1 100000 12326 Mbps
mempipe_spin_thr 0 12 2 65536 2 1 0 1 100000 12896 Mbps
mempipe_spin_thr 0 18 0 65536 2 1 0 1 100000 11561 Mbps
mempipe_spin_thr 0 18 3 65536 2 1 0 1 100000 11892 Mbps
