pipe_thr 0 0 -1 64 2 1 1 1 1000000 500 Mbps
pipe_thr 0 1 -1 64 2 1 1 1 1000000 316 Mbps
pipe_thr 0 6 -1 64 2 1 1 1 1000000 313 Mbps
pipe_thr 0 12 -1 64 2 1 1 1 1000000 323 Mbps
pipe_thr 0 18 -1 64 2 1 1 1 1000000 257 Mbps
pipe_thr 0 0 -1 4096 2 1 1 1 1000000 6438 Mbps
pipe_thr 0 1 -1 4096 2 1 1 1 1000000 5728 Mbps
pipe_thr 0 6 -1 4096 2 1 1 1 1000000 5295 Mbps
pipe_thr 0 12 -1 4096 2 1 1 1 1000000 5123 Mbps
pipe_thr 0 18 -1 4096 2 1 1 1 1000000 4623 Mbps
pipe_thr 0 0 -1 65536 2 1 1 1 100000 11223 Mbps
pipe_thr 0 1 -1 65536 2 1 1 1 100000 7740 Mbps
pipe_thr 0 6 -1 65536 2 1 1 1 100000 6731 Mbps
pipe_thr 0 12 -1 65536 2 1 1 1 100000 6231 Mbps
pipe_thr 0 18 -1 65536 2 1 1 1 100000 5870 Mbps
pipe_thr 0 0 -1 64 2 1 1 1 1000000 538 Mbps
pipe_thr 0 1 -1 64 2 1 1 1 1000000 304 Mbps
pipe_thr 0 6 -1 64 2 1 1 1 1000000 280 Mbps
pipe_thr 0 12 -1 64 2 1 1 1 1000000 335 Mbps
pipe_thr 0 18 -1 64 2 1 1 1 1000000 273 Mbps
pipe_thr 0 0 -1 4096 2 1 1 1 1000000 6746 Mbps
pipe_thr 0 1 -1 4096 2 1 1 1 1000000 5785 Mbps
pipe_thr 0 6 -1 4096 2 1 1 1 1000000 5299 Mbps
pipe_thr 0 12 -1 4096 2 1 1 1 1000000 5003 Mbps
pipe_thr 0 18 -1 4096 2 1 1 1 1000000 4639 Mbps
pipe_thr 0 0 -1 65536 2 1 1 1 100000 11131 Mbps
pipe_thr 0 1 -1 65536 2 1 1 1 100000 7764 Mbps
pipe_thr 0 6 -1 65536 2 1 1 1 100000 6728 Mbps
pipe_thr 0 12 -1 65536 2 1 1 1 100000 6351 Mbps
pipe_thr 0 18 -1 65536 2 1 1 1 100000 5819 Mbps
pipe_thr 0 0 -1 64 2 1 1 1 1000000 498 Mbps
pipe_thr 0 1 -1 64 2 1 1 1 1000000 301 Mbps
pipe_thr 0 6 -1 64 2 1 1 1 1000000 318 Mbps
pipe_thr 0 12 -1 64 2 1 1 1 1000000 328 Mbps
pipe_thr 0 18 -1 64 2 1 1 1 1000000 250 Mbps
pipe_thr 0 0 -1 4096 2 1 1 1 1000000 6432 Mbps
pipe_thr 0 1 -1 4096 2 1 1 1 1000000 5771 Mbps
pipe_thr 0 6 -1 4096 2 1 1 1 1000000 5363 Mbps
pipe_thr 0 12 -1 4096 2 1 1 1 1000000 5112 Mbps
pipe_thr 0 18 -1 4096 2 1 1 1 1000000 4677 Mbps
pipe_thr 0 0 -1 65536 2 1 1 1 100000 11238 Mbps
pipe_thr 0 1 -1 65536 2 1 1 1 100000 7730 Mbps
pipe_thr 0 6 -1 65536 2 1 1 1 100000 6753 Mbps
pipe_thr 0 12 -1 65536 2 1 1 1 100000 6377 Mbps
pipe_thr 0 18 -1 65536 2 1 1 1 100000 5860 Mbps
pipe_thr 0 0 -1 64 2 1 1 1 1000000 508 Mbps
pipe_thr 0 1 -1 64 2 1 1 1 1000000 314 Mbps
pipe_thr 0 6 -1 64 2 1 1 1 1000000 313 Mbps
pipe_thr 0 12 -1 64 2 1 1 1 1000000 346 Mbps
pipe_thr 0 18 -1 64 2 1 1 1 1000000 280 Mbps
pipe_thr 0 0 -1 4096 2 1 1 1 1000000 7249 Mbps
pipe_thr 0 1 -1 4096 2 1 1 1 1000000 5829 Mbps
pipe_thr 0 6 -1 4096 2 1 1 1 1000000 5371 Mbps
pipe_thr 0 12 -1 4096 2 1 1 1 1000000 5118 Mbps
pipe_thr 0 18 -1 4096 2 1 1 1 1000000 4629 Mbps
pipe_thr 0 0 -1 65536 2 1 1 1 100000 11163 Mbps
pipe_thr 0 1 -1 65536 2 1 1 1 100000 7694 Mbps
pipe_thr 0 6 -1 65536 2 1 1 1 100000 6711 Mbps
pipe_thr 0 12 -1 65536 2 1 1 1 100000 6293 Mbps
pipe_thr 0 18 -1 65536 2 1 1 1 100000 5895 Mbps
pipe_thr 0 0 -1 64 2 1 1 1 1000000 519 Mbps
pipe_thr 0 1 -1 64 2 1 1 1 1000000 298 Mbps
pipe_thr 0 6 -1 64 2 1 1 1 1000000 290 Mbps
pipe_thr 0 12 -1 64 2 1 1 1 1000000 331 Mbps
pipe_thr 0 18 -1 64 2 1 1 1 1000000 252 Mbps
pipe_thr 0 0 -1 4096 2 1 1 1 1000000 6227 Mbps
pipe_thr 0 1 -1 4096 2 1 1 1 1000000 5718 Mbps
pipe_thr 0 6 -1 4096 2 1 1 1 1000000 5323 Mbps
pipe_thr 0 12 -1 4096 2 1 1 1 1000000 5041 Mbps
pipe_thr 0 18 -1 4096 2 1 1 1 1000000 4651 Mbps
pipe_thr 0 0 -1 65536 2 1 1 1 100000 11271 Mbps
pipe_thr 0 1 -1 65536 2 1 1 1 100000 7752 Mbps
pipe_thr 0 6 -1 65536 2 1 1 1 100000 6823 Mbps
pipe_thr 0 12 -1 65536 2 1 1 1 100000 6297 Mbps
pipe_thr 0 18 -1 65536 2 1 1 1 100000 5798 Mbps
pipe_thr 0 0 -1 64 2 1 1 1 1000000 511 Mbps
pipe_thr 0 1 -1 64 2 1 1 1 1000000 309 Mbps
pipe_thr 0 6 -1 64 2 1 1 1 1000000 291 Mbps
pipe_thr 0 12 -1 64 2 1 1 1 1000000 325 Mbps
pipe_thr 0 18 -1 64 2 1 1 1 1000000 254 Mbps
pipe_thr 0 0 -1 4096 2 1 1 1 1000000 6219 Mbps
pipe_thr 0 1 -1 4096 2 1 1 1 1000000 5747 Mbps
pipe_thr 0 6 -1 4096 2 1 1 1 1000000 5298 Mbps
pipe_thr 0 12 -1 4096 2 1 1 1 1000000 5046 Mbps
pipe_thr 0 18 -1 4096 2 1 1 1 1000000 4736 Mbps
pipe_thr 0 0 -1 65536 2 1 1 1 100000 11156 Mbps
pipe_thr 0 1 -1 65536 2 1 1 1 100000 7821 Mbps
pipe_thr 0 6 -1 65536 2 1 1 1 100000 6744 Mbps
pipe_thr 0 12 -1 65536 2 1 1 1 100000 6361 Mbps
pipe_thr 0 18 -1 65536 2 1 1 1 100000 5867 Mbps
pipe_thr 0 0 -1 64 2 1 1 1 1000000 539 Mbps
pipe_thr 0 1 -1 64 2 1 1 1 1000000 307 Mbps
pipe_thr 0 6 -1 64 2 1 1 1 1000000 292 Mbps
pipe_thr 0 12 -1 64 2 1 1 1 1000000 335 Mbps
pipe_thr 0 18 -1 64 2 1 1 1 1000000 254 Mbps
pipe_thr 0 0 -1 4096 2 1 1 1 1000000 6339 Mbps
pipe_thr 0 1 -1 4096 2 1 1 1 1000000 5730 Mbps
pipe_thr 0 6 -1 4096 2 1 1 1 1000000 5288 Mbps
pipe_thr 0 12 -1 4096 2 1 1 1 1000000 5048 Mbps
pipe_thr 0 18 -1 4096 2 1 1 1 1000000 4639 Mbps
pipe_thr 0 0 -1 65536 2 1 1 1 100000 11174 Mbps
pipe_thr 0 1 -1 65536 2 1 1 1 100000 7781 Mbps
pipe_thr 0 6 -1 65536 2 1 1 1 100000 6757 Mbps
pipe_thr 0 12 -1 65536 2 1 1 1 100000 6283 Mbps
pipe_thr 0 18 -1 65536 2 1 1 1 100000 5894 Mbps
pipe_thr 0 0 -1 64 2 1 1 1 1000000 554 Mbps
pipe_thr 0 1 -1 64 2 1 1 1 1000000 318 Mbps
pipe_thr 0 6 -1 64 2 1 1 1 1000000 297 Mbps
pipe_thr 0 12 -1 64 2 1 1 1 1000000 334 Mbps
pipe_thr 0 18 -1 64 2 1 1 1 1000000 274 Mbps
pipe_thr 0 0 -1 4096 2 1 1 1 1000000 7343 Mbps
pipe_thr 0 1 -1 4096 2 1 1 1 1000000 5823 Mbps
pipe_thr 0 6 -1 4096 2 1 1 1 1000000 5368 Mbps
pipe_thr 0 12 -1 4096 2 1 1 1 1000000 5113 Mbps
pipe_thr 0 18 -1 4096 2 1 1 1 1000000 4646 Mbps
pipe_thr 0 0 -1 65536 2 1 1 1 100000 11161 Mbps
pipe_thr 0 1 -1 65536 2 1 1 1 100000 7800 Mbps
pipe_thr 0 6 -1 65536 2 1 1 1 100000 6788 Mbps
pipe_thr 0 12 -1 65536 2 1 1 1 100000 6347 Mbps
pipe_thr 0 18 -1 65536 2 1 1 1 100000 5853 Mbps
pipe_thr 0 0 -1 64 2 1 1 1 1000000 524 Mbps
pipe_thr 0 1 -1 64 2 1 1 1 1000000 317 Mbps
pipe_thr 0 6 -1 64 2 1 1 1 1000000 294 Mbps
pipe_thr 0 12 -1 64 2 1 1 1 1000000 259 Mbps
pipe_thr 0 18 -1 64 2 1 1 1 1000000 272 Mbps
pipe_thr 0 0 -1 4096 2 1 1 1 1000000 6967 Mbps
pipe_thr 0 1 -1 4096 2 1 1 1 1000000 5728 Mbps
pipe_thr 0 6 -1 4096 2 1 1 1 1000000 5321 Mbps
pipe_thr 0 12 -1 4096 2 1 1 1 1000000 5115 Mbps
pipe_thr 0 18 -1 4096 2 1 1 1 1000000 4714 Mbps
pipe_thr 0 0 -1 65536 2 1 1 1 100000 11287 Mbps
pipe_thr 0 1 -1 65536 2 1 1 1 100000 7689 Mbps
pipe_thr 0 6 -1 65536 2 1 1 1 100000 6844 Mbps
pipe_thr 0 12 -1 65536 2 1 1 1 100000 6341 Mbps
pipe_thr 0 18 -1 65536 2 1 1 1 100000 5930 Mbps
pipe_thr 0 0 -1 64 2 1 1 1 1000000 500 Mbps
pipe_thr 0 1 -1 64 2 1 1 1 1000000 308 Mbps
pipe_thr 0 6 -1 64 2 1 1 1 1000000 313 Mbps
pipe_thr 0 12 -1 64 2 1 1 1 1000000 328 Mbps
pipe_thr 0 18 -1 64 2 1 1 1 1000000 272 Mbps
pipe_thr 0 0 -1 4096 2 1 1 1 1000000 8051 Mbps
pipe_thr 0 1 -1 4096 2 1 1 1 1000000 5767 Mbps
pipe_thr 0 6 -1 4096 2 1 1 1 1000000 5285 Mbps
pipe_thr 0 12 -1 4096 2 1 1 1 1000000 5069 Mbps
pipe_thr 0 18 -1 4096 2 1 1 1 1000000 4633 Mbps
pipe_thr 0 0 -1 65536 2 1 1 1 100000 11208 Mbps
pipe_thr 0 1 -1 65536 2 1 1 1 100000 7780 Mbps
pipe_thr 0 6 -1 65536 2 1 1 1 100000 6843 Mbps
pipe_thr 0 12 -1 65536 2 1 1 1 100000 6332 Mbps
pipe_thr 0 18 -1 65536 2 1 1 1 100000 5894 Mbps
pipe_thr 0 0 -1 64 2 1 1 1 1000000 532 Mbps
pipe_thr 0 1 -1 64 2 1 1 1 1000000 316 Mbps
pipe_thr 0 6 -1 64 2 1 1 1 1000000 296 Mbps
pipe_thr 0 12 -1 64 2 1 1 1 1000000 332 Mbps
pipe_thr 0 18 -1 64 2 1 1 1 1000000 274 Mbps
pipe_thr 0 0 -1 4096 2 1 1 1 1000000 6253 Mbps
pipe_thr 0 1 -1 4096 2 1 1 1 1000000 5743 Mbps
pipe_thr 0 6 -1 4096 2 1 1 1 1000000 5272 Mbps
pipe_thr 0 12 -1 4096 2 1 1 1 1000000 5126 Mbps
pipe_thr 0 18 -1 4096 2 1 1 1 1000000 4734 Mbps
pipe_thr 0 0 -1 65536 2 1 1 1 100000 11132 Mbps
pipe_thr 0 1 -1 65536 2 1 1 1 100000 7764 Mbps
pipe_thr 0 6 -1 65536 2 1 1 1 100000 6872 Mbps
pipe_thr 0 12 -1 65536 2 1 1 1 100000 6288 Mbps
pipe_thr 0 18 -1 65536 2 1 1 1 100000 5890 Mbps
