shmem_pipe_thr 0 0 0 64 2 1 1 1 1000000 255 Mbps
shmem_pipe_thr 0 0 0 64 2 1 1 1 1000000 254 Mbps
shmem_pipe_thr 0 1 0 64 2 1 1 1 1000000 299 Mbps
shmem_pipe_thr 0 1 0 64 2 1 1 1 1000000 300 Mbps
shmem_pipe_thr 0 6 0 64 2 1 1 1 1000000 296 Mbps
shmem_pipe_thr 0 6 1 64 2 1 1 1 1000000 295 Mbps
shmem_pipe_thr 0 12 0 64 2 1 1 1 1000000 316 Mbps
shmem_pipe_thr 0 12 2 64 2 1 1 1 1000000 260 Mbps
shmem_pipe_thr 0 18 0 64 2 1 1 1 1000000 265 Mbps
shmem_pipe_thr 0 18 3 64 2 1 1 1 1000000 253 Mbps
shmem_pipe_thr 0 0 0 4096 2 1 1 1 1000000 9631 Mbps
shmem_pipe_thr 0 0 0 4096 2 1 1 1 1000000 9609 Mbps
shmem_pipe_thr 0 1 0 4096 2 1 1 1 1000000 11983 Mbps
shmem_pipe_thr 0 1 0 4096 2 1 1 1 1000000 12048 Mbps
shmem_pipe_thr 0 6 0 4096 2 1 1 1 1000000 13250 Mbps
shmem_pipe_thr 0 6 1 4096 2 1 1 1 1000000 13343 Mbps
shmem_pipe_thr 0 12 0 4096 2 1 1 1 1000000 12986 Mbps
shmem_pipe_thr 0 12 2 4096 2 1 1 1 1000000 12804 Mbps
shmem_pipe_thr 0 18 0 4096 2 1 1 1 1000000 10431 Mbps
shmem_pipe_thr 0 18 3 4096 2 1 1 1 1000000 10427 Mbps
shmem_pipe_thr 0 0 0 65536 2 1 1 1 100000 24653 Mbps
shmem_pipe_thr 0 0 0 65536 2 1 1 1 100000 23116 Mbps
shmem_pipe_thr 0 1 0 65536 2 1 1 1 100000 21118 Mbps
shmem_pipe_thr 0 1 0 65536 2 1 1 1 100000 21162 Mbps
shmem_pipe_thr 0 6 0 65536 2 1 1 1 100000 13288 Mbps
shmem_pipe_thr 0 6 1 65536 2 1 1 1 100000 13520 Mbps
shmem_pipe_thr 0 12 0 65536 2 1 1 1 100000 13147 Mbps
shmem_pipe_thr 0 12 2 65536 2 1 1 1 100000 13090 Mbps
shmem_pipe_thr 0 18 0 65536 2 1 1 1 100000 10514 Mbps
shmem_pipe_thr 0 18 3 65536 2 1 1 1 100000 10503 Mbps
shmem_pipe_thr 0 0 0 64 2 1 0 1 1000000 254 Mbps
shmem_pipe_thr 0 0 0 64 2 1 0 1 1000000 243 Mbps
shmem_pipe_thr 0 1 0 64 2 1 0 1 1000000 302 Mbps
shmem_pipe_thr 0 1 0 64 2 1 0 1 1000000 324 Mbps
shmem_pipe_thr 0 6 0 64 2 1 0 1 1000000 305 Mbps
shmem_pipe_thr 0 6 1 64 2 1 0 1 1000000 311 Mbps
shmem_pipe_thr 0 12 0 64 2 1 0 1 1000000 316 Mbps
shmem_pipe_thr 0 12 2 64 2 1 0 1 1000000 264 Mbps
shmem_pipe_thr 0 18 0 64 2 1 0 1 1000000 264 Mbps
shmem_pipe_thr 0 18 3 64 2 1 0 1 1000000 262 Mbps
shmem_pipe_thr 0 0 0 4096 2 1 0 1 1000000 14332 Mbps
shmem_pipe_thr 0 0 0 4096 2 1 0 1 1000000 14391 Mbps
shmem_pipe_thr 0 1 0 4096 2 1 0 1 1000000 14481 Mbps
shmem_pipe_thr 0 1 0 4096 2 1 0 1 1000000 14463 Mbps
shmem_pipe_thr 0 6 0 4096 2 1 0 1 1000000 13611 Mbps
shmem_pipe_thr 0 6 1 4096 2 1 0 1 1000000 13343 Mbps
shmem_pipe_thr 0 12 0 4096 2 1 0 1 1000000 11831 Mbps
shmem_pipe_thr 0 12 2 4096 2 1 0 1 1000000 12173 Mbps
shmem_pipe_thr 0 18 0 4096 2 1 0 1 1000000 10942 Mbps
shmem_pipe_thr 0 18 3 4096 2 1 0 1 1000000 11054 Mbps
shmem_pipe_thr 0 0 0 65536 2 1 0 1 100000 15968 Mbps
shmem_pipe_thr 0 0 0 65536 2 1 0 1 100000 16073 Mbps
shmem_pipe_thr 0 1 0 65536 2 1 0 1 100000 21703 Mbps
shmem_pipe_thr 0 1 0 65536 2 1 0 1 100000 21695 Mbps
shmem_pipe_thr 0 6 0 65536 2 1 0 1 100000 14339 Mbps
shmem_pipe_thr 0 6 1 65536 2 1 0 1 100000 14021 Mbps
shmem_pipe_thr 0 12 0 65536 2 1 0 1 100000 12373 Mbps
shmem_pipe_thr 0 12 2 65536 2 1 0 1 100000 12875 Mbps
shmem_pipe_thr 0 18 0 65536 2 1 0 1 100000 11639 Mbps
shmem_pipe_thr 0 18 3 65536 2 1 0 1 100000 11938 Mbps
shmem_pipe_thr 0 0 0 64 2 1 1 1 1000000 252 Mbps
shmem_pipe_thr 0 0 0 64 2 1 1 1 1000000 257 Mbps
shmem_pipe_thr 0 1 0 64 2 1 1 1 1000000 300 Mbps
shmem_pipe_thr 0 1 0 64 2 1 1 1 1000000 294 Mbps
shmem_pipe_thr 0 6 0 64 2 1 1 1 1000000 304 Mbps
shmem_pipe_thr 0 6 1 64 2 1 1 1 1000000 306 Mbps
shmem_pipe_thr 0 12 0 64 2 1 1 1 1000000 320 Mbps
shmem_pipe_thr 0 12 2 64 2 1 1 1 1000000 264 Mbps
shmem_pipe_thr 0 18 0 64 2 1 1 1 1000000 255 Mbps
shmem_pipe_thr 0 18 3 64 2 1 1 1 1000000 251 Mbps
shmem_pipe_thr 0 0 0 4096 2 1 1 1 1000000 9260 Mbps
shmem_pipe_thr 0 0 0 4096 2 1 1 1 1000000 9431 Mbps
shmem_pipe_thr 0 1 0 4096 2 1 1 1 1000000 11725 Mbps
shmem_pipe_thr 0 1 0 4096 2 1 1 1 1000000 12082 Mbps
shmem_pipe_thr 0 6 0 4096 2 1 1 1 1000000 13258 Mbps
shmem_pipe_thr 0 6 1 4096 2 1 1 1 1000000 13361 Mbps
shmem_pipe_thr 0 12 0 4096 2 1 1 1 1000000 12937 Mbps
shmem_pipe_thr 0 12 2 4096 2 1 1 1 1000000 12787 Mbps
shmem_pipe_thr 0 18 0 4096 2 1 1 1 1000000 10455 Mbps
shmem_pipe_thr 0 18 3 4096 2 1 1 1 1000000 10428 Mbps
shmem_pipe_thr 0 0 0 65536 2 1 1 1 100000 22588 Mbps
shmem_pipe_thr 0 0 0 65536 2 1 1 1 100000 24659 Mbps
shmem_pipe_thr 0 1 0 65536 2 1 1 1 100000 21094 Mbps
shmem_pipe_thr 0 1 0 65536 2 1 1 1 100000 21198 Mbps
shmem_pipe_thr 0 6 0 65536 2 1 1 1 100000 13285 Mbps
shmem_pipe_thr 0 6 1 65536 2 1 1 1 100000 13552 Mbps
shmem_pipe_thr 0 12 0 65536 2 1 1 1 100000 13160 Mbps
shmem_pipe_thr 0 12 2 65536 2 1 1 1 100000 13126 Mbps
shmem_pipe_thr 0 18 0 65536 2 1 1 1 100000 10506 Mbps
shmem_pipe_thr 0 18 3 65536 2 1 1 1 100000 10535 Mbps
shmem_pipe_thr 0 0 0 64 2 1 0 1 1000000 258 Mbps
shmem_pipe_thr 0 0 0 64 2 1 0 1 1000000 278 Mbps
shmem_pipe_thr 0 1 0 64 2 1 0 1 1000000 317 Mbps
shmem_pipe_thr 0 1 0 64 2 1 0 1 1000000 308 Mbps
shmem_pipe_thr 0 6 0 64 2 1 0 1 1000000 289 Mbps
shmem_pipe_thr 0 6 1 64 2 1 0 1 1000000 306 Mbps
shmem_pipe_thr 0 12 0 64 2 1 0 1 1000000 317 Mbps
shmem_pipe_thr 0 12 2 64 2 1 0 1 1000000 263 Mbps
shmem_pipe_thr 0 18 0 64 2 1 0 1 1000000 266 Mbps
shmem_pipe_thr 0 18 3 64 2 1 0 1 1000000 258 Mbps
shmem_pipe_thr 0 0 0 4096 2 1 0 1 1000000 14515 Mbps
shmem_pipe_thr 0 0 0 4096 2 1 0 1 1000000 14522 Mbps
shmem_pipe_thr 0 1 0 4096 2 1 0 1 1000000 14455 Mbps
shmem_pipe_thr 0 1 0 4096 2 1 0 1 1000000 14561 Mbps
shmem_pipe_thr 0 6 0 4096 2 1 0 1 1000000 13567 Mbps
shmem_pipe_thr 0 6 1 4096 2 1 0 1 1000000 13363 Mbps
shmem_pipe_thr 0 12 0 4096 2 1 0 1 1000000 11846 Mbps
shmem_pipe_thr 0 12 2 4096 2 1 0 1 1000000 12189 Mbps
shmem_pipe_thr 0 18 0 4096 2 1 0 1 1000000 10924 Mbps
shmem_pipe_thr 0 18 3 4096 2 1 0 1 1000000 11095 Mbps
shmem_pipe_thr 0 0 0 65536 2 1 0 1 100000 15946 Mbps
shmem_pipe_thr 0 0 0 65536 2 1 0 1 100000 15755 Mbps
shmem_pipe_thr 0 1 0 65536 2 1 0 1 100000 21655 Mbps
shmem_pipe_thr 0 1 0 65536 2 1 0 1 100000 21647 Mbps
shmem_pipe_thr 0 6 0 65536 2 1 0 1 100000 14329 Mbps
shmem_pipe_thr 0 6 1 65536 2 1 0 1 100000 14021 Mbps
shmem_pipe_thr 0 12 0 65536 2 1 0 1 100000 12365 Mbps
shmem_pipe_thr 0 12 2 65536 2 1 0 1 100000 12865 Mbps
shmem_pipe_thr 0 18 0 65536 2 1 0 1 100000 11667 Mbps
shmem_pipe_thr 0 18 3 65536 2 1 0 1 100000 11936 Mbps
shmem_pipe_thr 0 0 0 64 2 1 1 1 1000000 249 Mbps
shmem_pipe_thr 0 0 0 64 2 1 1 1 1000000 241 Mbps
shmem_pipe_thr 0 1 0 64 2 1 1 1 1000000 298 Mbps
shmem_pipe_thr 0 1 0 64 2 1 1 1 1000000 314 Mbps
shmem_pipe_thr 0 6 0 64 2 1 1 1 1000000 294 Mbps
shmem_pipe_thr 0 6 1 64 2 1 1 1 1000000 306 Mbps
shmem_pipe_thr 0 12 0 64 2 1 1 1 1000000 318 Mbps
shmem_pipe_thr 0 12 2 64 2 1 1 1 1000000 269 Mbps
shmem_pipe_thr 0 18 0 64 2 1 1 1 1000000 265 Mbps
shmem_pipe_thr 0 18 3 64 2 1 1 1 1000000 261 Mbps
shmem_pipe_thr 0 0 0 4096 2 1 1 1 1000000 9420 Mbps
shmem_pipe_thr 0 0 0 4096 2 1 1 1 1000000 9289 Mbps
shmem_pipe_thr 0 1 0 4096 2 1 1 1 1000000 11855 Mbps
shmem_pipe_thr 0 1 0 4096 2 1 1 1 1000000 12091 Mbps
shmem_pipe_thr 0 6 0 4096 2 1 1 1 1000000 13182 Mbps
shmem_pipe_thr 0 6 1 4096 2 1 1 1 1000000 13258 Mbps
shmem_pipe_thr 0 12 0 4096 2 1 1 1 1000000 12931 Mbps
shmem_pipe_thr 0 12 2 4096 2 1 1 1 1000000 12838 Mbps
shmem_pipe_thr 0 18 0 4096 2 1 1 1 1000000 10428 Mbps
shmem_pipe_thr 0 18 3 4096 2 1 1 1 1000000 10392 Mbps
shmem_pipe_thr 0 0 0 65536 2 1 1 1 100000 23183 Mbps
shmem_pipe_thr 0 0 0 65536 2 1 1 1 100000 23286 Mbps
shmem_pipe_thr 0 1 0 65536 2 1 1 1 100000 21158 Mbps
shmem_pipe_thr 0 1 0 65536 2 1 1 1 100000 21179 Mbps
shmem_pipe_thr 0 6 0 65536 2 1 1 1 100000 13298 Mbps
shmem_pipe_thr 0 6 1 65536 2 1 1 1 100000 13560 Mbps
shmem_pipe_thr 0 12 0 65536 2 1 1 1 100000 13140 Mbps
shmem_pipe_thr 0 12 2 65536 2 1 1 1 100000 13149 Mbps
shmem_pipe_thr 0 18 0 65536 2 1 1 1 100000 10568 Mbps
shmem_pipe_thr 0 18 3 65536 2 1 1 1 100000 10530 Mbps
shmem_pipe_thr 0 0 0 64 2 1 0 1 1000000 275 Mbps
shmem_pipe_thr 0 0 0 64 2 1 0 1 1000000 259 Mbps
shmem_pipe_thr 0 1 0 64 2 1 0 1 1000000 316 Mbps
shmem_pipe_thr 0 1 0 64 2 1 0 1 1000000 307 Mbps
shmem_pipe_thr 0 6 0 64 2 1 0 1 1000000 285 Mbps
shmem_pipe_thr 0 6 1 64 2 1 0 1 1000000 302 Mbps
shmem_pipe_thr 0 12 0 64 2 1 0 1 1000000 312 Mbps
shmem_pipe_thr 0 12 2 64 2 1 0 1 1000000 266 Mbps
shmem_pipe_thr 0 18 0 64 2 1 0 1 1000000 255 Mbps
shmem_pipe_thr 0 18 3 64 2 1 0 1 1000000 262 Mbps
shmem_pipe_thr 0 0 0 4096 2 1 0 1 1000000 14471 Mbps
shmem_pipe_thr 0 0 0 4096 2 1 0 1 1000000 14307 Mbps
shmem_pipe_thr 0 1 0 4096 2 1 0 1 1000000 14417 Mbps
shmem_pipe_thr 0 1 0 4096 2 1 0 1 1000000 14451 Mbps
shmem_pipe_thr 0 6 0 4096 2 1 0 1 1000000 13498 Mbps
shmem_pipe_thr 0 6 1 4096 2 1 0 1 1000000 13368 Mbps
shmem_pipe_thr 0 12 0 4096 2 1 0 1 1000000 11818 Mbps
shmem_pipe_thr 0 12 2 4096 2 1 0 1 1000000 12185 Mbps
shmem_pipe_thr 0 18 0 4096 2 1 0 1 1000000 10926 Mbps
shmem_pipe_thr 0 18 3 4096 2 1 0 1 1000000 11080 Mbps
shmem_pipe_thr 0 0 0 65536 2 1 0 1 100000 16023 Mbps
shmem_pipe_thr 0 0 0 65536 2 1 0 1 100000 15917 Mbps
shmem_pipe_thr 0 1 0 65536 2 1 0 1 100000 21571 Mbps
shmem_pipe_thr 0 1 0 65536 2 1 0 1 100000 21575 Mbps
shmem_pipe_thr 0 6 0 65536 2 1 0 1 100000 14373 Mbps
shmem_pipe_thr 0 6 1 65536 2 1 0 1 100000 13994 Mbps
shmem_pipe_thr 0 12 0 65536 2 1 0 1 100000 12375 Mbps
shmem_pipe_thr 0 12 2 65536 2 1 0 1 100000 12873 Mbps
shmem_pipe_thr 0 18 0 65536 2 1 0 1 100000 11648 Mbps
shmem_pipe_thr 0 18 3 65536 2 1 0 1 100000 11956 Mbps
shmem_pipe_thr 0 0 0 64 2 1 1 1 1000000 267 Mbps
shmem_pipe_thr 0 0 0 64 2 1 1 1 1000000 262 Mbps
shmem_pipe_thr 0 1 0 64 2 1 1 1 1000000 300 Mbps
shmem_pipe_thr 0 1 0 64 2 1 1 1 1000000 296 Mbps
shmem_pipe_thr 0 6 0 64 2 1 1 1 1000000 306 Mbps
shmem_pipe_thr 0 6 1 64 2 1 1 1 1000000 307 Mbps
shmem_pipe_thr 0 12 0 64 2 1 1 1 1000000 312 Mbps
shmem_pipe_thr 0 12 2 64 2 1 1 1 1000000 256 Mbps
shmem_pipe_thr 0 18 0 64 2 1 1 1 1000000 258 Mbps
shmem_pipe_thr 0 18 3 64 2 1 1 1 1000000 253 Mbps
shmem_pipe_thr 0 0 0 4096 2 1 1 1 1000000 9726 Mbps
shmem_pipe_thr 0 0 0 4096 2 1 1 1 1000000 9399 Mbps
shmem_pipe_thr 0 1 0 4096 2 1 1 1 1000000 12076 Mbps
shmem_pipe_thr 0 1 0 4096 2 1 1 1 1000000 11792 Mbps
shmem_pipe_thr 0 6 0 4096 2 1 1 1 1000000 13233 Mbps
shmem_pipe_thr 0 6 1 4096 2 1 1 1 1000000 13273 Mbps
shmem_pipe_thr 0 12 0 4096 2 1 1 1 1000000 12905 Mbps
shmem_pipe_thr 0 12 2 4096 2 1 1 1 1000000 12837 Mbps
shmem_pipe_thr 0 18 0 4096 2 1 1 1 1000000 10440 Mbps
shmem_pipe_thr 0 18 3 4096 2 1 1 1 1000000 10430 Mbps
shmem_pipe_thr 0 0 0 65536 2 1 1 1 100000 24031 Mbps
shmem_pipe_thr 0 0 0 65536 2 1 1 1 100000 24675 Mbps
shmem_pipe_thr 0 1 0 65536 2 1 1 1 100000 21243 Mbps
shmem_pipe_thr 0 1 0 65536 2 1 1 1 100000 21217 Mbps
shmem_pipe_thr 0 6 0 65536 2 1 1 1 100000 13292 Mbps
shmem_pipe_thr 0 6 1 65536 2 1 1 1 100000 13555 Mbps
shmem_pipe_thr 0 12 0 65536 2 1 1 1 100000 13159 Mbps
shmem_pipe_thr 0 12 2 65536 2 1 1 1 100000 13112 Mbps
shmem_pipe_thr 0 18 0 65536 2 1 1 1 100000 10524 Mbps
shmem_pipe_thr 0 18 3 65536 2 1 1 1 100000 10503 Mbps
shmem_pipe_thr 0 0 0 64 2 1 0 1 1000000 266 Mbps
shmem_pipe_thr 0 0 0 64 2 1 0 1 1000000 269 Mbps
shmem_pipe_thr 0 1 0 64 2 1 0 1 1000000 297 Mbps
shmem_pipe_thr 0 1 0 64 2 1 0 1 1000000 320 Mbps
shmem_pipe_thr 0 6 0 64 2 1 0 1 1000000 298 Mbps
shmem_pipe_thr 0 6 1 64 2 1 0 1 1000000 310 Mbps
shmem_pipe_thr 0 12 0 64 2 1 0 1 1000000 320 Mbps
shmem_pipe_thr 0 12 2 64 2 1 0 1 1000000 265 Mbps
shmem_pipe_thr 0 18 0 64 2 1 0 1 1000000 262 Mbps
shmem_pipe_thr 0 18 3 64 2 1 0 1 1000000 263 Mbps
shmem_pipe_thr 0 0 0 4096 2 1 0 1 1000000 14281 Mbps
shmem_pipe_thr 0 0 0 4096 2 1 0 1 1000000 14424 Mbps
shmem_pipe_thr 0 1 0 4096 2 1 0 1 1000000 14528 Mbps
shmem_pipe_thr 0 1 0 4096 2 1 0 1 1000000 14426 Mbps
shmem_pipe_thr 0 6 0 4096 2 1 0 1 1000000 13554 Mbps
shmem_pipe_thr 0 6 1 4096 2 1 0 1 1000000 13363 Mbps
shmem_pipe_thr 0 12 0 4096 2 1 0 1 1000000 11825 Mbps
shmem_pipe_thr 0 12 2 4096 2 1 0 1 1000000 12165 Mbps
shmem_pipe_thr 0 18 0 4096 2 1 0 1 1000000 10935 Mbps
shmem_pipe_thr 0 18 3 4096 2 1 0 1 1000000 11079 Mbps
shmem_pipe_thr 0 0 0 65536 2 1 0 1 100000 15897 Mbps
shmem_pipe_thr 0 0 0 65536 2 1 0 1 100000 15986 Mbps
shmem_pipe_thr 0 1 0 65536 2 1 0 1 100000 21579 Mbps
shmem_pipe_thr 0 1 0 65536 2 1 0 1 100000 21680 Mbps
shmem_pipe_thr 0 6 0 65536 2 1 0 1 100000 14316 Mbps
shmem_pipe_thr 0 6 1 65536 2 1 0 1 100000 13744 Mbps
shmem_pipe_thr 0 12 0 65536 2 1 0 1 100000 12374 Mbps
shmem_pipe_thr 0 12 2 65536 2 1 0 1 100000 12746 Mbps
shmem_pipe_thr 0 18 0 65536 2 1 0 1 100000 11643 Mbps
shmem_pipe_thr 0 18 3 65536 2 1 0 1 100000 11949 Mbps
shmem_pipe_thr 0 0 0 64 2 1 1 1 1000000 253 Mbps
shmem_pipe_thr 0 0 0 64 2 1 1 1 1000000 258 Mbps
shmem_pipe_thr 0 1 0 64 2 1 1 1 1000000 298 Mbps
shmem_pipe_thr 0 1 0 64 2 1 1 1 1000000 295 Mbps
shmem_pipe_thr 0 6 0 64 2 1 1 1 1000000 311 Mbps
shmem_pipe_thr 0 6 1 64 2 1 1 1 1000000 296 Mbps
shmem_pipe_thr 0 12 0 64 2 1 1 1 1000000 327 Mbps
shmem_pipe_thr 0 12 2 64 2 1 1 1 1000000 260 Mbps
shmem_pipe_thr 0 18 0 64 2 1 1 1 1000000 259 Mbps
shmem_pipe_thr 0 18 3 64 2 1 1 1 1000000 251 Mbps
shmem_pipe_thr 0 0 0 4096 2 1 1 1 1000000 9405 Mbps
shmem_pipe_thr 0 0 0 4096 2 1 1 1 1000000 9301 Mbps
shmem_pipe_thr 0 1 0 4096 2 1 1 1 1000000 11737 Mbps
shmem_pipe_thr 0 1 0 4096 2 1 1 1 1000000 11679 Mbps
shmem_pipe_thr 0 6 0 4096 2 1 1 1 1000000 13199 Mbps
shmem_pipe_thr 0 6 1 4096 2 1 1 1 1000000 13299 Mbps
shmem_pipe_thr 0 12 0 4096 2 1 1 1 1000000 12923 Mbps
shmem_pipe_thr 0 12 2 4096 2 1 1 1 1000000 12831 Mbps
shmem_pipe_thr 0 18 0 4096 2 1 1 1 1000000 10417 Mbps
shmem_pipe_thr 0 18 3 4096 2 1 1 1 1000000 10385 Mbps
shmem_pipe_thr 0 0 0 65536 2 1 1 1 100000 22984 Mbps
shmem_pipe_thr 0 0 0 65536 2 1 1 1 100000 23006 Mbps
shmem_pipe_thr 0 1 0 65536 2 1 1 1 100000 21208 Mbps
shmem_pipe_thr 0 1 0 65536 2 1 1 1 100000 21274 Mbps
shmem_pipe_thr 0 6 0 65536 2 1 1 1 100000 13293 Mbps
shmem_pipe_thr 0 6 1 65536 2 1 1 1 100000 13509 Mbps
shmem_pipe_thr 0 12 0 65536 2 1 1 1 100000 13126 Mbps
shmem_pipe_thr 0 12 2 65536 2 1 1 1 100000 13073 Mbps
shmem_pipe_thr 0 18 0 65536 2 1 1 1 100000 10548 Mbps
shmem_pipe_thr 0 18 3 65536 2 1 1 1 100000 10520 Mbps
shmem_pipe_thr 0 0 0 64 2 1 0 1 1000000 271 Mbps
shmem_pipe_thr 0 0 0 64 2 1 0 1 1000000 256 Mbps
shmem_pipe_thr 0 1 0 64 2 1 0 1 1000000 312 Mbps
shmem_pipe_thr 0 1 0 64 2 1 0 1 1000000 308 Mbps
shmem_pipe_thr 0 6 0 64 2 1 0 1 1000000 302 Mbps
shmem_pipe_thr 0 6 1 64 2 1 0 1 1000000 310 Mbps
shmem_pipe_thr 0 12 0 64 2 1 0 1 1000000 311 Mbps
shmem_pipe_thr 0 12 2 64 2 1 0 1 1000000 266 Mbps
shmem_pipe_thr 0 18 0 64 2 1 0 1 1000000 249 Mbps
shmem_pipe_thr 0 18 3 64 2 1 0 1 1000000 261 Mbps
shmem_pipe_thr 0 0 0 4096 2 1 0 1 1000000 14235 Mbps
shmem_pipe_thr 0 0 0 4096 2 1 0 1 1000000 14318 Mbps
shmem_pipe_thr 0 1 0 4096 2 1 0 1 1000000 14402 Mbps
shmem_pipe_thr 0 1 0 4096 2 1 0 1 1000000 14417 Mbps
shmem_pipe_thr 0 6 0 4096 2 1 0 1 1000000 13603 Mbps
shmem_pipe_thr 0 6 1 4096 2 1 0 1 1000000 13343 Mbps
shmem_pipe_thr 0 12 0 4096 2 1 0 1 1000000 11837 Mbps
shmem_pipe_thr 0 12 2 4096 2 1 0 1 1000000 12193 Mbps
shmem_pipe_thr 0 18 0 4096 2 1 0 1 1000000 10931 Mbps
shmem_pipe_thr 0 18 3 4096 2 1 0 1 1000000 11072 Mbps
shmem_pipe_thr 0 0 0 65536 2 1 0 1 100000 16110 Mbps
shmem_pipe_thr 0 0 0 65536 2 1 0 1 100000 16057 Mbps
shmem_pipe_thr 0 1 0 65536 2 1 0 1 100000 21720 Mbps
shmem_pipe_thr 0 1 0 65536 2 1 0 1 100000 21652 Mbps
shmem_pipe_thr 0 6 0 65536 2 1 0 1 100000 14338 Mbps
shmem_pipe_thr 0 6 1 65536 2 1 0 1 100000 14019 Mbps
shmem_pipe_thr 0 12 0 65536 2 1 0 1 100000 12375 Mbps
shmem_pipe_thr 0 12 2 65536 2 1 0 1 100000 12874 Mbps
shmem_pipe_thr 0 18 0 65536 2 1 0 1 100000 11652 Mbps
shmem_pipe_thr 0 18 3 65536 2 1 0 1 100000 11950 Mbps
shmem_pipe_thr 0 0 0 64 2 1 1 1 1000000 263 Mbps
shmem_pipe_thr 0 0 0 64 2 1 1 1 1000000 251 Mbps
shmem_pipe_thr 0 1 0 64 2 1 1 1 1000000 307 Mbps
shmem_pipe_thr 0 1 0 64 2 1 1 1 1000000 321 Mbps
shmem_pipe_thr 0 6 0 64 2 1 1 1 1000000 290 Mbps
shmem_pipe_thr 0 6 1 64 2 1 1 1 1000000 300 Mbps
shmem_pipe_thr 0 12 0 64 2 1 1 1 1000000 318 Mbps
shmem_pipe_thr 0 12 2 64 2 1 1 1 1000000 262 Mbps
shmem_pipe_thr 0 18 0 64 2 1 1 1 1000000 257 Mbps
shmem_pipe_thr 0 18 3 64 2 1 1 1 1000000 253 Mbps
shmem_pipe_thr 0 0 0 4096 2 1 1 1 1000000 9875 Mbps
shmem_pipe_thr 0 0 0 4096 2 1 1 1 1000000 9768 Mbps
shmem_pipe_thr 0 1 0 4096 2 1 1 1 1000000 12064 Mbps
shmem_pipe_thr 0 1 0 4096 2 1 1 1 1000000 12070 Mbps
shmem_pipe_thr 0 6 0 4096 2 1 1 1 1000000 13201 Mbps
shmem_pipe_thr 0 6 1 4096 2 1 1 1 1000000 13344 Mbps
shmem_pipe_thr 0 12 0 4096 2 1 1 1 1000000 12932 Mbps
shmem_pipe_thr 0 12 2 4096 2 1 1 1 1000000 12816 Mbps
shmem_pipe_thr 0 18 0 4096 2 1 1 1 1000000 10430 Mbps
shmem_pipe_thr 0 18 3 4096 2 1 1 1 1000000 10429 Mbps
shmem_pipe_thr 0 0 0 65536 2 1 1 1 100000 24660 Mbps
shmem_pipe_thr 0 0 0 65536 2 1 1 1 100000 22727 Mbps
shmem_pipe_thr 0 1 0 65536 2 1 1 1 100000 21182 Mbps
shmem_pipe_thr 0 1 0 65536 2 1 1 1 100000 21215 Mbps
shmem_pipe_thr 0 6 0 65536 2 1 1 1 100000 13355 Mbps
shmem_pipe_thr 0 6 1 65536 2 1 1 1 100000 13517 Mbps
shmem_pipe_thr 0 12 0 65536 2 1 1 1 100000 13156 Mbps
shmem_pipe_thr 0 12 2 65536 2 1 1 1 100000 13074 Mbps
shmem_pipe_thr 0 18 0 65536 2 1 1 1 100000 10519 Mbps
shmem_pipe_thr 0 18 3 65536 2 1 1 1 100000 10533 Mbps
shmem_pipe_thr 0 0 0 64 2 1 0 1 1000000 259 Mbps
shmem_pipe_thr 0 0 0 64 2 1 0 1 1000000 268 Mbps
shmem_pipe_thr 0 1 0 64 2 1 0 1 1000000 311 Mbps
shmem_pipe_thr 0 1 0 64 2 1 0 1 1000000 303 Mbps
shmem_pipe_thr 0 6 0 64 2 1 0 1 1000000 292 Mbps
shmem_pipe_thr 0 6 1 64 2 1 0 1 1000000 298 Mbps
shmem_pipe_thr 0 12 0 64 2 1 0 1 1000000 306 Mbps
shmem_pipe_thr 0 12 2 64 2 1 0 1 1000000 271 Mbps
shmem_pipe_thr 0 18 0 64 2 1 0 1 1000000 263 Mbps
shmem_pipe_thr 0 18 3 64 2 1 0 1 1000000 260 Mbps
shmem_pipe_thr 0 0 0 4096 2 1 0 1 1000000 14367 Mbps
shmem_pipe_thr 0 0 0 4096 2 1 0 1 1000000 14392 Mbps
shmem_pipe_thr 0 1 0 4096 2 1 0 1 1000000 14498 Mbps
shmem_pipe_thr 0 1 0 4096 2 1 0 1 1000000 14548 Mbps
shmem_pipe_thr 0 6 0 4096 2 1 0 1 1000000 13552 Mbps
shmem_pipe_thr 0 6 1 4096 2 1 0 1 1000000 13339 Mbps
shmem_pipe_thr 0 12 0 4096 2 1 0 1 1000000 11802 Mbps
shmem_pipe_thr 0 12 2 4096 2 1 0 1 1000000 12183 Mbps
shmem_pipe_thr 0 18 0 4096 2 1 0 1 1000000 10937 Mbps
shmem_pipe_thr 0 18 3 4096 2 1 0 1 1000000 11066 Mbps
shmem_pipe_thr 0 0 0 65536 2 1 0 1 100000 16115 Mbps
shmem_pipe_thr 0 0 0 65536 2 1 0 1 100000 15925 Mbps
shmem_pipe_thr 0 1 0 65536 2 1 0 1 100000 21602 Mbps
shmem_pipe_thr 0 1 0 65536 2 1 0 1 100000 21598 Mbps
shmem_pipe_thr 0 6 0 65536 2 1 0 1 100000 14347 Mbps
shmem_pipe_thr 0 6 1 65536 2 1 0 1 100000 14003 Mbps
shmem_pipe_thr 0 12 0 65536 2 1 0 1 100000 12385 Mbps
shmem_pipe_thr 0 12 2 65536 2 1 0 1 100000 12882 Mbps
shmem_pipe_thr 0 18 0 65536 2 1 0 1 100000 11660 Mbps
shmem_pipe_thr 0 18 3 65536 2 1 0 1 100000 11931 Mbps
shmem_pipe_thr 0 0 0 64 2 1 1 1 1000000 248 Mbps
shmem_pipe_thr 0 0 0 64 2 1 1 1 1000000 257 Mbps
shmem_pipe_thr 0 1 0 64 2 1 1 1 1000000 294 Mbps
shmem_pipe_thr 0 1 0 64 2 1 1 1 1000000 301 Mbps
shmem_pipe_thr 0 6 0 64 2 1 1 1 1000000 283 Mbps
shmem_pipe_thr 0 6 1 64 2 1 1 1 1000000 288 Mbps
shmem_pipe_thr 0 12 0 64 2 1 1 1 1000000 313 Mbps
shmem_pipe_thr 0 12 2 64 2 1 1 1 1000000 268 Mbps
shmem_pipe_thr 0 18 0 64 2 1 1 1 1000000 258 Mbps
shmem_pipe_thr 0 18 3 64 2 1 1 1 1000000 262 Mbps
shmem_pipe_thr 0 0 0 4096 2 1 1 1 1000000 9640 Mbps
shmem_pipe_thr 0 0 0 4096 2 1 1 1 1000000 9648 Mbps
shmem_pipe_thr 0 1 0 4096 2 1 1 1 1000000 11764 Mbps
shmem_pipe_thr 0 1 0 4096 2 1 1 1 1000000 11824 Mbps
shmem_pipe_thr 0 6 0 4096 2 1 1 1 1000000 13189 Mbps
shmem_pipe_thr 0 6 1 4096 2 1 1 1 1000000 13354 Mbps
shmem_pipe_thr 0 12 0 4096 2 1 1 1 1000000 12890 Mbps
shmem_pipe_thr 0 12 2 4096 2 1 1 1 1000000 12869 Mbps
shmem_pipe_thr 0 18 0 4096 2 1 1 1 1000000 10476 Mbps
shmem_pipe_thr 0 18 3 4096 2 1 1 1 1000000 10397 Mbps
shmem_pipe_thr 0 0 0 65536 2 1 1 1 100000 23094 Mbps
shmem_pipe_thr 0 0 0 65536 2 1 1 1 100000 23024 Mbps
shmem_pipe_thr 0 1 0 65536 2 1 1 1 100000 21048 Mbps
shmem_pipe_thr 0 1 0 65536 2 1 1 1 100000 21141 Mbps
shmem_pipe_thr 0 6 0 65536 2 1 1 1 100000 13292 Mbps
shmem_pipe_thr 0 6 1 65536 2 1 1 1 100000 13559 Mbps
shmem_pipe_thr 0 12 0 65536 2 1 1 1 100000 13160 Mbps
shmem_pipe_thr 0 12 2 65536 2 1 1 1 100000 13100 Mbps
shmem_pipe_thr 0 18 0 65536 2 1 1 1 100000 10527 Mbps
shmem_pipe_thr 0 18 3 65536 2 1 1 1 100000 10526 Mbps
shmem_pipe_thr 0 0 0 64 2 1 0 1 1000000 261 Mbps
shmem_pipe_thr 0 0 0 64 2 1 0 1 1000000 251 Mbps
shmem_pipe_thr 0 1 0 64 2 1 0 1 1000000 308 Mbps
shmem_pipe_thr 0 1 0 64 2 1 0 1 1000000 314 Mbps
shmem_pipe_thr 0 6 0 64 2 1 0 1 1000000 295 Mbps
shmem_pipe_thr 0 6 1 64 2 1 0 1 1000000 311 Mbps
shmem_pipe_thr 0 12 0 64 2 1 0 1 1000000 318 Mbps
shmem_pipe_thr 0 12 2 64 2 1 0 1 1000000 267 Mbps
shmem_pipe_thr 0 18 0 64 2 1 0 1 1000000 264 Mbps
shmem_pipe_thr 0 18 3 64 2 1 0 1 1000000 256 Mbps
shmem_pipe_thr 0 0 0 4096 2 1 0 1 1000000 14355 Mbps
shmem_pipe_thr 0 0 0 4096 2 1 0 1 1000000 14473 Mbps
shmem_pipe_thr 0 1 0 4096 2 1 0 1 1000000 14583 Mbps
shmem_pipe_thr 0 1 0 4096 2 1 0 1 1000000 14503 Mbps
shmem_pipe_thr 0 6 0 4096 2 1 0 1 1000000 13593 Mbps
shmem_pipe_thr 0 6 1 4096 2 1 0 1 1000000 13358 Mbps
shmem_pipe_thr 0 12 0 4096 2 1 0 1 1000000 11837 Mbps
shmem_pipe_thr 0 12 2 4096 2 1 0 1 1000000 12204 Mbps
shmem_pipe_thr 0 18 0 4096 2 1 0 1 1000000 10948 Mbps
shmem_pipe_thr 0 18 3 4096 2 1 0 1 1000000 11077 Mbps
shmem_pipe_thr 0 0 0 65536 2 1 0 1 100000 16150 Mbps
shmem_pipe_thr 0 0 0 65536 2 1 0 1 100000 16094 Mbps
shmem_pipe_thr 0 1 0 65536 2 1 0 1 100000 21665 Mbps
shmem_pipe_thr 0 1 0 65536 2 1 0 1 100000 21764 Mbps
shmem_pipe_thr 0 6 0 65536 2 1 0 1 100000 14381 Mbps
shmem_pipe_thr 0 6 1 65536 2 1 0 1 100000 13991 Mbps
shmem_pipe_thr 0 12 0 65536 2 1 0 1 100000 12352 Mbps
shmem_pipe_thr 0 12 2 65536 2 1 0 1 100000 12885 Mbps
shmem_pipe_thr 0 18 0 65536 2 1 0 1 100000 11517 Mbps
shmem_pipe_thr 0 18 3 65536 2 1 0 1 100000 11930 Mbps
shmem_pipe_thr 0 0 0 64 2 1 1 1 1000000 266 Mbps
shmem_pipe_thr 0 0 0 64 2 1 1 1 1000000 249 Mbps
shmem_pipe_thr 0 1 0 64 2 1 1 1 1000000 272 Mbps
shmem_pipe_thr 0 1 0 64 2 1 1 1 1000000 306 Mbps
shmem_pipe_thr 0 6 0 64 2 1 1 1 1000000 302 Mbps
shmem_pipe_thr 0 6 1 64 2 1 1 1 1000000 287 Mbps
shmem_pipe_thr 0 12 0 64 2 1 1 1 1000000 325 Mbps
shmem_pipe_thr 0 12 2 64 2 1 1 1 1000000 272 Mbps
shmem_pipe_thr 0 18 0 64 2 1 1 1 1000000 262 Mbps
shmem_pipe_thr 0 18 3 64 2 1 1 1 1000000 248 Mbps
shmem_pipe_thr 0 0 0 4096 2 1 1 1 1000000 9639 Mbps
shmem_pipe_thr 0 0 0 4096 2 1 1 1 1000000 9708 Mbps
shmem_pipe_thr 0 1 0 4096 2 1 1 1 1000000 11704 Mbps
shmem_pipe_thr 0 1 0 4096 2 1 1 1 1000000 11697 Mbps
shmem_pipe_thr 0 6 0 4096 2 1 1 1 1000000 13163 Mbps
shmem_pipe_thr 0 6 1 4096 2 1 1 1 1000000 13356 Mbps
shmem_pipe_thr 0 12 0 4096 2 1 1 1 1000000 12946 Mbps
shmem_pipe_thr 0 12 2 4096 2 1 1 1 1000000 12823 Mbps
shmem_pipe_thr 0 18 0 4096 2 1 1 1 1000000 10478 Mbps
shmem_pipe_thr 0 18 3 4096 2 1 1 1 1000000 10389 Mbps
shmem_pipe_thr 0 0 0 65536 2 1 1 1 100000 24379 Mbps
shmem_pipe_thr 0 0 0 65536 2 1 1 1 100000 24703 Mbps
shmem_pipe_thr 0 1 0 65536 2 1 1 1 100000 21061 Mbps
shmem_pipe_thr 0 1 0 65536 2 1 1 1 100000 21187 Mbps
shmem_pipe_thr 0 6 0 65536 2 1 1 1 100000 13288 Mbps
shmem_pipe_thr 0 6 1 65536 2 1 1 1 100000 13541 Mbps
shmem_pipe_thr 0 12 0 65536 2 1 1 1 100000 13089 Mbps
shmem_pipe_thr 0 12 2 65536 2 1 1 1 100000 13097 Mbps
shmem_pipe_thr 0 18 0 65536 2 1 1 1 100000 10550 Mbps
shmem_pipe_thr 0 18 3 65536 2 1 1 1 100000 10506 Mbps
shmem_pipe_thr 0 0 0 64 2 1 0 1 1000000 269 Mbps
shmem_pipe_thr 0 0 0 64 2 1 0 1 1000000 258 Mbps
shmem_pipe_thr 0 1 0 64 2 1 0 1 1000000 310 Mbps
shmem_pipe_thr 0 1 0 64 2 1 0 1 1000000 294 Mbps
shmem_pipe_thr 0 6 0 64 2 1 0 1 1000000 293 Mbps
shmem_pipe_thr 0 6 1 64 2 1 0 1 1000000 312 Mbps
shmem_pipe_thr 0 12 0 64 2 1 0 1 1000000 306 Mbps
shmem_pipe_thr 0 12 2 64 2 1 0 1 1000000 266 Mbps
shmem_pipe_thr 0 18 0 64 2 1 0 1 1000000 259 Mbps
shmem_pipe_thr 0 18 3 64 2 1 0 1 1000000 261 Mbps
shmem_pipe_thr 0 0 0 4096 2 1 0 1 1000000 14359 Mbps
shmem_pipe_thr 0 0 0 4096 2 1 0 1 1000000 14342 Mbps
shmem_pipe_thr 0 1 0 4096 2 1 0 1 1000000 14531 Mbps
shmem_pipe_thr 0 1 0 4096 2 1 0 1 1000000 14502 Mbps
shmem_pipe_thr 0 6 0 4096 2 1 0 1 1000000 13619 Mbps
shmem_pipe_thr 0 6 1 4096 2 1 0 1 1000000 13325 Mbps
shmem_pipe_thr 0 12 0 4096 2 1 0 1 1000000 11847 Mbps
shmem_pipe_thr 0 12 2 4096 2 1 0 1 1000000 12183 Mbps
shmem_pipe_thr 0 18 0 4096 2 1 0 1 1000000 10941 Mbps
shmem_pipe_thr 0 18 3 4096 2 1 0 1 1000000 11088 Mbps
shmem_pipe_thr 0 0 0 65536 2 1 0 1 100000 15907 Mbps
shmem_pipe_thr 0 0 0 65536 2 1 0 1 100000 15993 Mbps
shmem_pipe_thr 0 1 0 65536 2 1 0 1 100000 21588 Mbps
shmem_pipe_thr 0 1 0 65536 2 1 0 1 100000 21649 Mbps
shmem_pipe_thr 0 6 0 65536 2 1 0 1 100000 14382 Mbps
shmem_pipe_thr 0 6 1 65536 2 1 0 1 100000 14022 Mbps
shmem_pipe_thr 0 12 0 65536 2 1 0 1 100000 12374 Mbps
shmem_pipe_thr 0 12 2 65536 2 1 0 1 100000 12887 Mbps
shmem_pipe_thr 0 18 0 65536 2 1 0 1 100000 11645 Mbps
shmem_pipe_thr 0 18 3 65536 2 1 0 1 100000 11938 Mbps
shmem_pipe_thr 0 0 0 64 2 1 1 1 1000000 253 Mbps
shmem_pipe_thr 0 0 0 64 2 1 1 1 1000000 257 Mbps
shmem_pipe_thr 0 1 0 64 2 1 1 1 1000000 305 Mbps
shmem_pipe_thr 0 1 0 64 2 1 1 1 1000000 298 Mbps
shmem_pipe_thr 0 6 0 64 2 1 1 1 1000000 304 Mbps
shmem_pipe_thr 0 6 1 64 2 1 1 1 1000000 301 Mbps
shmem_pipe_thr 0 12 0 64 2 1 1 1 1000000 321 Mbps
shmem_pipe_thr 0 12 2 64 2 1 1 1 1000000 271 Mbps
shmem_pipe_thr 0 18 0 64 2 1 1 1 1000000 256 Mbps
shmem_pipe_thr 0 18 3 64 2 1 1 1 1000000 250 Mbps
shmem_pipe_thr 0 0 0 4096 2 1 1 1 1000000 9335 Mbps
shmem_pipe_thr 0 0 0 4096 2 1 1 1 1000000 9488 Mbps
shmem_pipe_thr 0 1 0 4096 2 1 1 1 1000000 12043 Mbps
shmem_pipe_thr 0 1 0 4096 2 1 1 1 1000000 11989 Mbps
shmem_pipe_thr 0 6 0 4096 2 1 1 1 1000000 13181 Mbps
shmem_pipe_thr 0 6 1 4096 2 1 1 1 1000000 13296 Mbps
shmem_pipe_thr 0 12 0 4096 2 1 1 1 1000000 12931 Mbps
shmem_pipe_thr 0 12 2 4096 2 1 1 1 1000000 12807 Mbps
shmem_pipe_thr 0 18 0 4096 2 1 1 1 1000000 10474 Mbps
shmem_pipe_thr 0 18 3 4096 2 1 1 1 1000000 10407 Mbps
shmem_pipe_thr 0 0 0 65536 2 1 1 1 100000 24501 Mbps
shmem_pipe_thr 0 0 0 65536 2 1 1 1 100000 24690 Mbps
shmem_pipe_thr 0 1 0 65536 2 1 1 1 100000 21054 Mbps
shmem_pipe_thr 0 1 0 65536 2 1 1 1 100000 21157 Mbps
shmem_pipe_thr 0 6 0 65536 2 1 1 1 100000 13346 Mbps
shmem_pipe_thr 0 6 1 65536 2 1 1 1 100000 13559 Mbps
shmem_pipe_thr 0 12 0 65536 2 1 1 1 100000 13100 Mbps
shmem_pipe_thr 0 12 2 65536 2 1 1 1 100000 13079 Mbps
shmem_pipe_thr 0 18 0 65536 2 1 1 1 100000 10521 Mbps
shmem_pipe_thr 0 18 3 65536 2 1 1 1 100000 10499 Mbps
shmem_pipe_thr 0 0 0 64 2 1 0 1 1000000 250 Mbps
shmem_pipe_thr 0 0 0 64 2 1 0 1 1000000 269 Mbps
shmem_pipe_thr 0 1 0 64 2 1 0 1 1000000 315 Mbps
shmem_pipe_thr 0 1 0 64 2 1 0 1 1000000 308 Mbps
shmem_pipe_thr 0 6 0 64 2 1 0 1 1000000 292 Mbps
shmem_pipe_thr 0 6 1 64 2 1 0 1 1000000 311 Mbps
shmem_pipe_thr 0 12 0 64 2 1 0 1 1000000 322 Mbps
shmem_pipe_thr 0 12 2 64 2 1 0 1 1000000 266 Mbps
shmem_pipe_thr 0 18 0 64 2 1 0 1 1000000 266 Mbps
shmem_pipe_thr 0 18 3 64 2 1 0 1 1000000 267 Mbps
shmem_pipe_thr 0 0 0 4096 2 1 0 1 1000000 14333 Mbps
shmem_pipe_thr 0 0 0 4096 2 1 0 1 1000000 14460 Mbps
shmem_pipe_thr 0 1 0 4096 2 1 0 1 1000000 14425 Mbps
shmem_pipe_thr 0 1 0 4096 2 1 0 1 1000000 14605 Mbps
shmem_pipe_thr 0 6 0 4096 2 1 0 1 1000000 13531 Mbps
shmem_pipe_thr 0 6 1 4096 2 1 0 1 1000000 13343 Mbps
shmem_pipe_thr 0 12 0 4096 2 1 0 1 1000000 11840 Mbps
shmem_pipe_thr 0 12 2 4096 2 1 0 1 1000000 12161 Mbps
shmem_pipe_thr 0 18 0 4096 2 1 0 1 1000000 10918 Mbps
shmem_pipe_thr 0 18 3 4096 2 1 0 1 1000000 11080 Mbps
shmem_pipe_thr 0 0 0 65536 2 1 0 1 100000 15850 Mbps
shmem_pipe_thr 0 0 0 65536 2 1 0 1 100000 16060 Mbps
shmem_pipe_thr 0 1 0 65536 2 1 0 1 100000 21667 Mbps
shmem_pipe_thr 0 1 0 65536 2 1 0 1 100000 21688 Mbps
shmem_pipe_thr 0 6 0 65536 2 1 0 1 100000 14378 Mbps
shmem_pipe_thr 0 6 1 65536 2 1 0 1 100000 13996 Mbps
shmem_pipe_thr 0 12 0 65536 2 1 0 1 100000 12376 Mbps
shmem_pipe_thr 0 12 2 65536 2 1 0 1 100000 12841 Mbps
shmem_pipe_thr 0 18 0 65536 2 1 0 1 100000 11643 Mbps
shmem_pipe_thr 0 18 3 65536 2 1 0 1 100000 11932 Mbps
shmem_pipe_thr 0 0 0 64 2 1 1 1 1000000 262 Mbps
shmem_pipe_thr 0 0 0 64 2 1 1 1 1000000 264 Mbps
shmem_pipe_thr 0 1 0 64 2 1 1 1 1000000 299 Mbps
shmem_pipe_thr 0 1 0 64 2 1 1 1 1000000 301 Mbps
shmem_pipe_thr 0 6 0 64 2 1 1 1 1000000 304 Mbps
shmem_pipe_thr 0 6 1 64 2 1 1 1 1000000 304 Mbps
shmem_pipe_thr 0 12 0 64 2 1 1 1 1000000 313 Mbps
shmem_pipe_thr 0 12 2 64 2 1 1 1 1000000 261 Mbps
shmem_pipe_thr 0 18 0 64 2 1 1 1 1000000 260 Mbps
shmem_pipe_thr 0 18 3 64 2 1 1 1 1000000 255 Mbps
shmem_pipe_thr 0 0 0 4096 2 1 1 1 1000000 9449 Mbps
shmem_pipe_thr 0 0 0 4096 2 1 1 1 1000000 9434 Mbps
shmem_pipe_thr 0 1 0 4096 2 1 1 1 1000000 11732 Mbps
shmem_pipe_thr 0 1 0 4096 2 1 1 1 1000000 11800 Mbps
shmem_pipe_thr 0 6 0 4096 2 1 1 1 1000000 13177 Mbps
shmem_pipe_thr 0 6 1 4096 2 1 1 1 1000000 13298 Mbps
shmem_pipe_thr 0 12 0 4096 2 1 1 1 1000000 12911 Mbps
shmem_pipe_thr 0 12 2 4096 2 1 1 1 1000000 12837 Mbps
shmem_pipe_thr 0 18 0 4096 2 1 1 1 1000000 10488 Mbps
shmem_pipe_thr 0 18 3 4096 2 1 1 1 1000000 10385 Mbps
shmem_pipe_thr 0 0 0 65536 2 1 1 1 100000 23160 Mbps
shmem_pipe_thr 0 0 0 65536 2 1 1 1 100000 24683 Mbps
shmem_pipe_thr 0 1 0 65536 2 1 1 1 100000 21222 Mbps
shmem_pipe_thr 0 1 0 65536 2 1 1 1 100000 21021 Mbps
shmem_pipe_thr 0 6 0 65536 2 1 1 1 100000 13344 Mbps
shmem_pipe_thr 0 6 1 65536 2 1 1 1 100000 13549 Mbps
shmem_pipe_thr 0 12 0 65536 2 1 1 1 100000 13145 Mbps
shmem_pipe_thr 0 12 2 65536 2 1 1 1 100000 13105 Mbps
shmem_pipe_thr 0 18 0 65536 2 1 1 1 100000 10563 Mbps
shmem_pipe_thr 0 18 3 65536 2 1 1 1 100000 10516 Mbps
shmem_pipe_thr 0 0 0 64 2 1 0 1 1000000 265 Mbps
shmem_pipe_thr 0 0 0 64 2 1 0 1 1000000 256 Mbps
shmem_pipe_thr 0 1 0 64 2 1 0 1 1000000 309 Mbps
shmem_pipe_thr 0 1 0 64 2 1 0 1 1000000 307 Mbps
shmem_pipe_thr 0 6 0 64 2 1 0 1 1000000 294 Mbps
shmem_pipe_thr 0 6 1 64 2 1 0 1 1000000 308 Mbps
shmem_pipe_thr 0 12 0 64 2 1 0 1 1000000 306 Mbps
shmem_pipe_thr 0 12 2 64 2 1 0 1 1000000 268 Mbps
shmem_pipe_thr 0 18 0 64 2 1 0 1 1000000 254 Mbps
shmem_pipe_thr 0 18 3 64 2 1 0 1 1000000 266 Mbps
shmem_pipe_thr 0 0 0 4096 2 1 0 1 1000000 14397 Mbps
shmem_pipe_thr 0 0 0 4096 2 1 0 1 1000000 14462 Mbps
shmem_pipe_thr 0 1 0 4096 2 1 0 1 1000000 14444 Mbps
shmem_pipe_thr 0 1 0 4096 2 1 0 1 1000000 14441 Mbps
shmem_pipe_thr 0 6 0 4096 2 1 0 1 1000000 13508 Mbps
shmem_pipe_thr 0 6 1 4096 2 1 0 1 1000000 13325 Mbps
shmem_pipe_thr 0 12 0 4096 2 1 0 1 1000000 11855 Mbps
shmem_pipe_thr 0 12 2 4096 2 1 0 1 1000000 12189 Mbps
shmem_pipe_thr 0 18 0 4096 2 1 0 1 1000000 10933 Mbps
shmem_pipe_thr 0 18 3 4096 2 1 0 1 1000000 11096 Mbps
shmem_pipe_thr 0 0 0 65536 2 1 0 1 100000 15846 Mbps
shmem_pipe_thr 0 0 0 65536 2 1 0 1 100000 15923 Mbps
shmem_pipe_thr 0 1 0 65536 2 1 0 1 100000 21635 Mbps
shmem_pipe_thr 0 1 0 65536 2 1 0 1 100000 21498 Mbps
shmem_pipe_thr 0 6 0 65536 2 1 0 1 100000 14348 Mbps
shmem_pipe_thr 0 6 1 65536 2 1 0 1 100000 14019 Mbps
shmem_pipe_thr 0 12 0 65536 2 1 0 1 100000 12391 Mbps
shmem_pipe_thr 0 12 2 65536 2 1 0 1 100000 12873 Mbps
shmem_pipe_thr 0 18 0 65536 2 1 0 1 100000 11652 Mbps
shmem_pipe_thr 0 18 3 65536 2 1 0 1 100000 11943 Mbps
shmem_pipe_thr 0 0 0 64 2 1 1 1 1000000 269 Mbps
shmem_pipe_thr 0 0 0 64 2 1 1 1 1000000 257 Mbps
shmem_pipe_thr 0 1 0 64 2 1 1 1 1000000 307 Mbps
shmem_pipe_thr 0 1 0 64 2 1 1 1 1000000 298 Mbps
shmem_pipe_thr 0 6 0 64 2 1 1 1 1000000 291 Mbps
shmem_pipe_thr 0 6 1 64 2 1 1 1 1000000 302 Mbps
shmem_pipe_thr 0 12 0 64 2 1 1 1 1000000 316 Mbps
shmem_pipe_thr 0 12 2 64 2 1 1 1 1000000 260 Mbps
shmem_pipe_thr 0 18 0 64 2 1 1 1 1000000 262 Mbps
shmem_pipe_thr 0 18 3 64 2 1 1 1 1000000 256 Mbps
shmem_pipe_thr 0 0 0 4096 2 1 1 1 1000000 9405 Mbps
shmem_pipe_thr 0 0 0 4096 2 1 1 1 1000000 9520 Mbps
shmem_pipe_thr 0 1 0 4096 2 1 1 1 1000000 11966 Mbps
shmem_pipe_thr 0 1 0 4096 2 1 1 1 1000000 12059 Mbps
shmem_pipe_thr 0 6 0 4096 2 1 1 1 1000000 13290 Mbps
shmem_pipe_thr 0 6 1 4096 2 1 1 1 1000000 13310 Mbps
shmem_pipe_thr 0 12 0 4096 2 1 1 1 1000000 12974 Mbps
shmem_pipe_thr 0 12 2 4096 2 1 1 1 1000000 12819 Mbps
shmem_pipe_thr 0 18 0 4096 2 1 1 1 1000000 10440 Mbps
shmem_pipe_thr 0 18 3 4096 2 1 1 1 1000000 10388 Mbps
shmem_pipe_thr 0 0 0 65536 2 1 1 1 100000 24691 Mbps
shmem_pipe_thr 0 0 0 65536 2 1 1 1 100000 23169 Mbps
shmem_pipe_thr 0 1 0 65536 2 1 1 1 100000 21092 Mbps
shmem_pipe_thr 0 1 0 65536 2 1 1 1 100000 21144 Mbps
shmem_pipe_thr 0 6 0 65536 2 1 1 1 100000 13301 Mbps
shmem_pipe_thr 0 6 1 65536 2 1 1 1 100000 13518 Mbps
shmem_pipe_thr 0 12 0 65536 2 1 1 1 100000 13184 Mbps
shmem_pipe_thr 0 12 2 65536 2 1 1 1 100000 13090 Mbps
shmem_pipe_thr 0 18 0 65536 2 1 1 1 100000 10563 Mbps
shmem_pipe_thr 0 18 3 65536 2 1 1 1 100000 10497 Mbps
shmem_pipe_thr 0 0 0 64 2 1 0 1 1000000 276 Mbps
shmem_pipe_thr 0 0 0 64 2 1 0 1 1000000 257 Mbps
shmem_pipe_thr 0 1 0 64 2 1 0 1 1000000 312 Mbps
shmem_pipe_thr 0 1 0 64 2 1 0 1 1000000 299 Mbps
shmem_pipe_thr 0 6 0 64 2 1 0 1 1000000 287 Mbps
shmem_pipe_thr 0 6 1 64 2 1 0 1 1000000 296 Mbps
shmem_pipe_thr 0 12 0 64 2 1 0 1 1000000 316 Mbps
shmem_pipe_thr 0 12 2 64 2 1 0 1 1000000 273 Mbps
shmem_pipe_thr 0 18 0 64 2 1 0 1 1000000 264 Mbps
shmem_pipe_thr 0 18 3 64 2 1 0 1 1000000 265 Mbps
shmem_pipe_thr 0 0 0 4096 2 1 0 1 1000000 14465 Mbps
shmem_pipe_thr 0 0 0 4096 2 1 0 1 1000000 14482 Mbps
shmem_pipe_thr 0 1 0 4096 2 1 0 1 1000000 14549 Mbps
shmem_pipe_thr 0 1 0 4096 2 1 0 1 1000000 14177 Mbps
shmem_pipe_thr 0 6 0 4096 2 1 0 1 1000000 13540 Mbps
shmem_pipe_thr 0 6 1 4096 2 1 0 1 1000000 13357 Mbps
shmem_pipe_thr 0 12 0 4096 2 1 0 1 1000000 11835 Mbps
shmem_pipe_thr 0 12 2 4096 2 1 0 1 1000000 12172 Mbps
shmem_pipe_thr 0 18 0 4096 2 1 0 1 1000000 10917 Mbps
shmem_pipe_thr 0 18 3 4096 2 1 0 1 1000000 11070 Mbps
shmem_pipe_thr 0 0 0 65536 2 1 0 1 100000 15777 Mbps
shmem_pipe_thr 0 0 0 65536 2 1 0 1 100000 15955 Mbps
shmem_pipe_thr 0 1 0 65536 2 1 0 1 100000 21686 Mbps
shmem_pipe_thr 0 1 0 65536 2 1 0 1 100000 21495 Mbps
shmem_pipe_thr 0 6 0 65536 2 1 0 1 100000 14341 Mbps
shmem_pipe_thr 0 6 1 65536 2 1 0 1 100000 14029 Mbps
shmem_pipe_thr 0 12 0 65536 2 1 0 1 100000 12366 Mbps
shmem_pipe_thr 0 12 2 65536 2 1 0 1 100000 12880 Mbps
shmem_pipe_thr 0 18 0 65536 2 1 0 1 100000 11643 Mbps
shmem_pipe_thr 0 18 3 65536 2 1 0 1 100000 11949 Mbps
