tcp_thr 0 0 -1 64 2 1 1 1 1000000 410 Mbps
tcp_thr 0 1 -1 64 2 1 1 1 1000000 719 Mbps
tcp_thr 0 6 -1 64 2 1 1 1 1000000 697 Mbps
tcp_thr 0 12 -1 64 2 1 1 1 1000000 687 Mbps
tcp_thr 0 18 -1 64 2 1 1 1 1000000 688 Mbps
tcp_thr 0 0 -1 4096 2 1 1 1 1000000 5704 Mbps
tcp_thr 0 1 -1 4096 2 1 1 1 1000000 5439 Mbps
tcp_thr 0 6 -1 4096 2 1 1 1 1000000 4954 Mbps
tcp_thr 0 12 -1 4096 2 1 1 1 1000000 6252 Mbps
tcp_thr 0 18 -1 4096 2 1 1 1 1000000 5872 Mbps
tcp_thr 0 0 -1 65536 2 1 1 1 100000 8446 Mbps
tcp_thr 0 1 -1 65536 2 1 1 1 100000 7766 Mbps
tcp_thr 0 6 -1 65536 2 1 1 1 100000 6882 Mbps
tcp_thr 0 12 -1 65536 2 1 1 1 100000 8295 Mbps
tcp_thr 0 18 -1 65536 2 1 1 1 100000 8123 Mbps
tcp_thr 0 0 -1 64 2 1 1 1 1000000 411 Mbps
tcp_thr 0 1 -1 64 2 1 1 1 1000000 714 Mbps
tcp_thr 0 6 -1 64 2 1 1 1 1000000 716 Mbps
tcp_thr 0 12 -1 64 2 1 1 1 1000000 692 Mbps
tcp_thr 0 18 -1 64 2 1 1 1 1000000 677 Mbps
tcp_thr 0 0 -1 4096 2 1 1 1 1000000 5719 Mbps
tcp_thr 0 1 -1 4096 2 1 1 1 1000000 5373 Mbps
tcp_thr 0 6 -1 4096 2 1 1 1 1000000 4982 Mbps
tcp_thr 0 12 -1 4096 2 1 1 1 1000000 6323 Mbps
tcp_thr 0 18 -1 4096 2 1 1 1 1000000 5851 Mbps
tcp_thr 0 0 -1 65536 2 1 1 1 100000 8450 Mbps
tcp_thr 0 1 -1 65536 2 1 1 1 100000 7745 Mbps
tcp_thr 0 6 -1 65536 2 1 1 1 100000 6881 Mbps
tcp_thr 0 12 -1 65536 2 1 1 1 100000 8399 Mbps
tcp_thr 0 18 -1 65536 2 1 1 1 100000 8116 Mbps
tcp_thr 0 0 -1 64 2 1 1 1 1000000 350 Mbps
tcp_thr 0 1 -1 64 2 1 1 1 1000000 719 Mbps
tcp_thr 0 6 -1 64 2 1 1 1 1000000 697 Mbps
tcp_thr 0 12 -1 64 2 1 1 1 1000000 706 Mbps
tcp_thr 0 18 -1 64 2 1 1 1 1000000 682 Mbps
tcp_thr 0 0 -1 4096 2 1 1 1 1000000 5444 Mbps
tcp_thr 0 1 -1 4096 2 1 1 1 1000000 5361 Mbps
tcp_thr 0 6 -1 4096 2 1 1 1 1000000 4977 Mbps
tcp_thr 0 12 -1 4096 2 1 1 1 1000000 6264 Mbps
tcp_thr 0 18 -1 4096 2 1 1 1 1000000 5861 Mbps
tcp_thr 0 0 -1 65536 2 1 1 1 100000 8431 Mbps
tcp_thr 0 1 -1 65536 2 1 1 1 100000 7682 Mbps
tcp_thr 0 6 -1 65536 2 1 1 1 100000 6730 Mbps
tcp_thr 0 12 -1 65536 2 1 1 1 100000 8637 Mbps
tcp_thr 0 18 -1 65536 2 1 1 1 100000 8121 Mbps
tcp_thr 0 0 -1 64 2 1 1 1 1000000 377 Mbps
tcp_thr 0 1 -1 64 2 1 1 1 1000000 730 Mbps
tcp_thr 0 6 -1 64 2 1 1 1 1000000 713 Mbps
tcp_thr 0 12 -1 64 2 1 1 1 1000000 691 Mbps
tcp_thr 0 18 -1 64 2 1 1 1 1000000 674 Mbps
tcp_thr 0 0 -1 4096 2 1 1 1 1000000 5697 Mbps
tcp_thr 0 1 -1 4096 2 1 1 1 1000000 5321 Mbps
tcp_thr 0 6 -1 4096 2 1 1 1 1000000 4959 Mbps
tcp_thr 0 12 -1 4096 2 1 1 1 1000000 6291 Mbps
tcp_thr 0 18 -1 4096 2 1 1 1 1000000 5870 Mbps
tcp_thr 0 0 -1 65536 2 1 1 1 100000 8417 Mbps
tcp_thr 0 1 -1 65536 2 1 1 1 100000 7694 Mbps
tcp_thr 0 6 -1 65536 2 1 1 1 100000 6876 Mbps
tcp_thr 0 12 -1 65536 2 1 1 1 100000 8594 Mbps
tcp_thr 0 18 -1 65536 2 1 1 1 100000 7988 Mbps
tcp_thr 0 0 -1 64 2 1 1 1 1000000 392 Mbps
tcp_thr 0 1 -1 64 2 1 1 1 1000000 720 Mbps
tcp_thr 0 6 -1 64 2 1 1 1 1000000 670 Mbps
tcp_thr 0 12 -1 64 2 1 1 1 1000000 698 Mbps
tcp_thr 0 18 -1 64 2 1 1 1 1000000 676 Mbps
tcp_thr 0 0 -1 4096 2 1 1 1 1000000 5773 Mbps
tcp_thr 0 1 -1 4096 2 1 1 1 1000000 5409 Mbps
tcp_thr 0 6 -1 4096 2 1 1 1 1000000 5004 Mbps
tcp_thr 0 12 -1 4096 2 1 1 1 1000000 6207 Mbps
tcp_thr 0 18 -1 4096 2 1 1 1 1000000 5856 Mbps
tcp_thr 0 0 -1 65536 2 1 1 1 100000 8489 Mbps
tcp_thr 0 1 -1 65536 2 1 1 1 100000 7739 Mbps
tcp_thr 0 6 -1 65536 2 1 1 1 100000 6909 Mbps
tcp_thr 0 12 -1 65536 2 1 1 1 100000 9047 Mbps
tcp_thr 0 18 -1 65536 2 1 1 1 100000 8147 Mbps
tcp_thr 0 0 -1 64 2 1 1 1 1000000 413 Mbps
tcp_thr 0 1 -1 64 2 1 1 1 1000000 727 Mbps
tcp_thr 0 6 -1 64 2 1 1 1 1000000 675 Mbps
tcp_thr 0 12 -1 64 2 1 1 1 1000000 707 Mbps
tcp_thr 0 18 -1 64 2 1 1 1 1000000 644 Mbps
tcp_thr 0 0 -1 4096 2 1 1 1 1000000 5746 Mbps
tcp_thr 0 1 -1 4096 2 1 1 1 1000000 5415 Mbps
tcp_thr 0 6 -1 4096 2 1 1 1 1000000 5000 Mbps
tcp_thr 0 12 -1 4096 2 1 1 1 1000000 6252 Mbps
tcp_thr 0 18 -1 4096 2 1 1 1 1000000 5854 Mbps
tcp_thr 0 0 -1 65536 2 1 1 1 100000 8502 Mbps
tcp_thr 0 1 -1 65536 2 1 1 1 100000 7685 Mbps
tcp_thr 0 6 -1 65536 2 1 1 1 100000 6889 Mbps
tcp_thr 0 12 -1 65536 2 1 1 1 100000 8446 Mbps
tcp_thr 0 18 -1 65536 2 1 1 1 100000 7934 Mbps
tcp_thr 0 0 -1 64 2 1 1 1 1000000 389 Mbps
tcp_thr 0 1 -1 64 2 1 1 1 1000000 666 Mbps
tcp_thr 0 6 -1 64 2 1 1 1 1000000 704 Mbps
tcp_thr 0 12 -1 64 2 1 1 1 1000000 702 Mbps
tcp_thr 0 18 -1 64 2 1 1 1 1000000 705 Mbps
tcp_thr 0 0 -1 4096 2 1 1 1 1000000 5806 Mbps
tcp_thr 0 1 -1 4096 2 1 1 1 1000000 5403 Mbps
tcp_thr 0 6 -1 4096 2 1 1 1 1000000 4994 Mbps
tcp_thr 0 12 -1 4096 2 1 1 1 1000000 6314 Mbps
tcp_thr 0 18 -1 4096 2 1 1 1 1000000 5845 Mbps
tcp_thr 0 0 -1 65536 2 1 1 1 100000 8424 Mbps
tcp_thr 0 1 -1 65536 2 1 1 1 100000 7709 Mbps
tcp_thr 0 6 -1 65536 2 1 1 1 100000 6896 Mbps
tcp_thr 0 12 -1 65536 2 1 1 1 100000 9088 Mbps
tcp_thr 0 18 -1 65536 2 1 1 1 100000 7743 Mbps
tcp_thr 0 0 -1 64 2 1 1 1 1000000 399 Mbps
tcp_thr 0 1 -1 64 2 1 1 1 1000000 716 Mbps
tcp_thr 0 6 -1 64 2 1 1 1 1000000 703 Mbps
tcp_thr 0 12 -1 64 2 1 1 1 1000000 716 Mbps
tcp_thr 0 18 -1 64 2 1 1 1 1000000 696 Mbps
tcp_thr 0 0 -1 4096 2 1 1 1 1000000 5819 Mbps
tcp_thr 0 1 -1 4096 2 1 1 1 1000000 5479 Mbps
tcp_thr 0 6 -1 4096 2 1 1 1 1000000 4874 Mbps
tcp_thr 0 12 -1 4096 2 1 1 1 1000000 6236 Mbps
tcp_thr 0 18 -1 4096 2 1 1 1 1000000 5832 Mbps
tcp_thr 0 0 -1 65536 2 1 1 1 100000 8413 Mbps
tcp_thr 0 1 -1 65536 2 1 1 1 100000 7745 Mbps
tcp_thr 0 6 -1 65536 2 1 1 1 100000 6869 Mbps
tcp_thr 0 12 -1 65536 2 1 1 1 100000 8111 Mbps
tcp_thr 0 18 -1 65536 2 1 1 1 100000 8134 Mbps
tcp_thr 0 0 -1 64 2 1 1 1 1000000 386 Mbps
tcp_thr 0 1 -1 64 2 1 1 1 1000000 725 Mbps
tcp_thr 0 6 -1 64 2 1 1 1 1000000 712 Mbps
tcp_thr 0 12 -1 64 2 1 1 1 1000000 714 Mbps
tcp_thr 0 18 -1 64 2 1 1 1 1000000 696 Mbps
tcp_thr 0 0 -1 4096 2 1 1 1 1000000 5752 Mbps
tcp_thr 0 1 -1 4096 2 1 1 1 1000000 5387 Mbps
tcp_thr 0 6 -1 4096 2 1 1 1 1000000 4963 Mbps
tcp_thr 0 12 -1 4096 2 1 1 1 1000000 6244 Mbps
tcp_thr 0 18 -1 4096 2 1 1 1 1000000 5863 Mbps
tcp_thr 0 0 -1 65536 2 1 1 1 100000 8486 Mbps
tcp_thr 0 1 -1 65536 2 1 1 1 100000 7736 Mbps
tcp_thr 0 6 -1 65536 2 1 1 1 100000 6883 Mbps
tcp_thr 0 12 -1 65536 2 1 1 1 100000 8220 Mbps
tcp_thr 0 18 -1 65536 2 1 1 1 100000 8123 Mbps
tcp_thr 0 0 -1 64 2 1 1 1 1000000 408 Mbps
tcp_thr 0 1 -1 64 2 1 1 1 1000000 706 Mbps
tcp_thr 0 6 -1 64 2 1 1 1 1000000 700 Mbps
tcp_thr 0 12 -1 64 2 1 1 1 1000000 689 Mbps
tcp_thr 0 18 -1 64 2 1 1 1 1000000 692 Mbps
tcp_thr 0 0 -1 4096 2 1 1 1 1000000 7065 Mbps
tcp_thr 0 1 -1 4096 2 1 1 1 1000000 5413 Mbps
tcp_thr 0 6 -1 4096 2 1 1 1 1000000 4986 Mbps
tcp_thr 0 12 -1 4096 2 1 1 1 1000000 5982 Mbps
tcp_thr 0 18 -1 4096 2 1 1 1 1000000 5832 Mbps
tcp_thr 0 0 -1 65536 2 1 1 1 100000 8477 Mbps
tcp_thr 0 1 -1 65536 2 1 1 1 100000 7751 Mbps
tcp_thr 0 6 -1 65536 2 1 1 1 100000 6730 Mbps
tcp_thr 0 12 -1 65536 2 1 1 1 100000 8347 Mbps
tcp_thr 0 18 -1 65536 2 1 1 1 100000 8107 Mbps
tcp_thr 0 0 -1 64 2 1 1 1 1000000 400 Mbps
tcp_thr 0 1 -1 64 2 1 1 1 1000000 712 Mbps
tcp_thr 0 6 -1 64 2 1 1 1 1000000 722 Mbps
tcp_thr 0 12 -1 64 2 1 1 1 1000000 709 Mbps
tcp_thr 0 18 -1 64 2 1 1 1 1000000 695 Mbps
tcp_thr 0 0 -1 4096 2 1 1 1 1000000 5712 Mbps
tcp_thr 0 1 -1 4096 2 1 1 1 1000000 5195 Mbps
tcp_thr 0 6 -1 4096 2 1 1 1 1000000 4969 Mbps
tcp_thr 0 12 -1 4096 2 1 1 1 1000000 6278 Mbps
tcp_thr 0 18 -1 4096 2 1 1 1 1000000 5893 Mbps
tcp_thr 0 0 -1 65536 2 1 1 1 100000 8430 Mbps
tcp_thr 0 1 -1 65536 2 1 1 1 100000 7698 Mbps
tcp_thr 0 6 -1 65536 2 1 1 1 100000 6891 Mbps
tcp_thr 0 12 -1 65536 2 1 1 1 100000 9084 Mbps
tcp_thr 0 18 -1 65536 2 1 1 1 100000 7700 Mbps
