tcp_nodelay_thr 0 0 -1 64 2 1 1 1 1000000 436 Mbps
tcp_nodelay_thr 0 1 -1 64 2 1 1 1 1000000 82 Mbps
tcp_nodelay_thr 0 6 -1 64 2 1 1 1 1000000 78 Mbps
tcp_nodelay_thr 0 12 -1 64 2 1 1 1 1000000 75 Mbps
tcp_nodelay_thr 0 18 -1 64 2 1 1 1 1000000 70 Mbps
tcp_nodelay_thr 0 0 -1 4096 2 1 1 1 1000000 5764 Mbps
tcp_nodelay_thr 0 1 -1 4096 2 1 1 1 1000000 3302 Mbps
tcp_nodelay_thr 0 6 -1 4096 2 1 1 1 1000000 3090 Mbps
tcp_nodelay_thr 0 12 -1 4096 2 1 1 1 1000000 3084 Mbps
tcp_nodelay_thr 0 18 -1 4096 2 1 1 1 1000000 2989 Mbps
tcp_nodelay_thr 0 0 -1 65536 2 1 1 1 100000 8469 Mbps
tcp_nodelay_thr 0 1 -1 65536 2 1 1 1 100000 7739 Mbps
tcp_nodelay_thr 0 6 -1 65536 2 1 1 1 100000 6874 Mbps
tcp_nodelay_thr 0 12 -1 65536 2 1 1 1 100000 9056 Mbps
tcp_nodelay_thr 0 18 -1 65536 2 1 1 1 100000 8193 Mbps
tcp_nodelay_thr 0 0 -1 64 2 1 1 1 1000000 440 Mbps
tcp_nodelay_thr 0 1 -1 64 2 1 1 1 1000000 83 Mbps
tcp_nodelay_thr 0 6 -1 64 2 1 1 1 1000000 77 Mbps
tcp_nodelay_thr 0 12 -1 64 2 1 1 1 1000000 76 Mbps
tcp_nodelay_thr 0 18 -1 64 2 1 1 1 1000000 70 Mbps
tcp_nodelay_thr 0 0 -1 4096 2 1 1 1 1000000 5561 Mbps
tcp_nodelay_thr 0 1 -1 4096 2 1 1 1 1000000 3360 Mbps
tcp_nodelay_thr 0 6 -1 4096 2 1 1 1 1000000 3084 Mbps
tcp_nodelay_thr 0 12 -1 4096 2 1 1 1 1000000 3065 Mbps
tcp_nodelay_thr 0 18 -1 4096 2 1 1 1 1000000 2961 Mbps
tcp_nodelay_thr 0 0 -1 65536 2 1 1 1 100000 8480 Mbps
tcp_nodelay_thr 0 1 -1 65536 2 1 1 1 100000 7780 Mbps
tcp_nodelay_thr 0 6 -1 65536 2 1 1 1 100000 6898 Mbps
tcp_nodelay_thr 0 12 -1 65536 2 1 1 1 100000 8369 Mbps
tcp_nodelay_thr 0 18 -1 65536 2 1 1 1 100000 8140 Mbps
tcp_nodelay_thr 0 0 -1 64 2 1 1 1 1000000 428 Mbps
tcp_nodelay_thr 0 1 -1 64 2 1 1 1 1000000 84 Mbps
tcp_nodelay_thr 0 6 -1 64 2 1 1 1 1000000 78 Mbps
tcp_nodelay_thr 0 12 -1 64 2 1 1 1 1000000 76 Mbps
tcp_nodelay_thr 0 18 -1 64 2 1 1 1 1000000 69 Mbps
tcp_nodelay_thr 0 0 -1 4096 2 1 1 1 1000000 5704 Mbps
tcp_nodelay_thr 0 1 -1 4096 2 1 1 1 1000000 3335 Mbps
tcp_nodelay_thr 0 6 -1 4096 2 1 1 1 1000000 3081 Mbps
tcp_nodelay_thr 0 12 -1 4096 2 1 1 1 1000000 3082 Mbps
tcp_nodelay_thr 0 18 -1 4096 2 1 1 1 1000000 2950 Mbps
tcp_nodelay_thr 0 0 -1 65536 2 1 1 1 100000 8413 Mbps
tcp_nodelay_thr 0 1 -1 65536 2 1 1 1 100000 7736 Mbps
tcp_nodelay_thr 0 6 -1 65536 2 1 1 1 100000 6739 Mbps
tcp_nodelay_thr 0 12 -1 65536 2 1 1 1 100000 8339 Mbps
tcp_nodelay_thr 0 18 -1 65536 2 1 1 1 100000 8113 Mbps
tcp_nodelay_thr 0 0 -1 64 2 1 1 1 1000000 440 Mbps
tcp_nodelay_thr 0 1 -1 64 2 1 1 1 1000000 84 Mbps
tcp_nodelay_thr 0 6 -1 64 2 1 1 1 1000000 75 Mbps
tcp_nodelay_thr 0 12 -1 64 2 1 1 1 1000000 75 Mbps
tcp_nodelay_thr 0 18 -1 64 2 1 1 1 1000000 69 Mbps
tcp_nodelay_thr 0 0 -1 4096 2 1 1 1 1000000 5681 Mbps
tcp_nodelay_thr 0 1 -1 4096 2 1 1 1 1000000 3371 Mbps
tcp_nodelay_thr 0 6 -1 4096 2 1 1 1 1000000 3055 Mbps
tcp_nodelay_thr 0 12 -1 4096 2 1 1 1 1000000 3149 Mbps
tcp_nodelay_thr 0 18 -1 4096 2 1 1 1 1000000 2978 Mbps
tcp_nodelay_thr 0 0 -1 65536 2 1 1 1 100000 8430 Mbps
tcp_nodelay_thr 0 1 -1 65536 2 1 1 1 100000 7769 Mbps
tcp_nodelay_thr 0 6 -1 65536 2 1 1 1 100000 6875 Mbps
tcp_nodelay_thr 0 12 -1 65536 2 1 1 1 100000 9046 Mbps
tcp_nodelay_thr 0 18 -1 65536 2 1 1 1 100000 8166 Mbps
tcp_nodelay_thr 0 0 -1 64 2 1 1 1 1000000 438 Mbps
tcp_nodelay_thr 0 1 -1 64 2 1 1 1 1000000 84 Mbps
tcp_nodelay_thr 0 6 -1 64 2 1 1 1 1000000 75 Mbps
tcp_nodelay_thr 0 12 -1 64 2 1 1 1 1000000 76 Mbps
tcp_nodelay_thr 0 18 -1 64 2 1 1 1 1000000 68 Mbps
tcp_nodelay_thr 0 0 -1 4096 2 1 1 1 1000000 5741 Mbps
tcp_nodelay_thr 0 1 -1 4096 2 1 1 1 1000000 3367 Mbps
tcp_nodelay_thr 0 6 -1 4096 2 1 1 1 1000000 3092 Mbps
tcp_nodelay_thr 0 12 -1 4096 2 1 1 1 1000000 3112 Mbps
tcp_nodelay_thr 0 18 -1 4096 2 1 1 1 1000000 2993 Mbps
tcp_nodelay_thr 0 0 -1 65536 2 1 1 1 100000 8472 Mbps
tcp_nodelay_thr 0 1 -1 65536 2 1 1 1 100000 7668 Mbps
tcp_nodelay_thr 0 6 -1 65536 2 1 1 1 100000 6890 Mbps
tcp_nodelay_thr 0 12 -1 65536 2 1 1 1 100000 8640 Mbps
tcp_nodelay_thr 0 18 -1 65536 2 1 1 1 100000 8124 Mbps
tcp_nodelay_thr 0 0 -1 64 2 1 1 1 1000000 436 Mbps
tcp_nodelay_thr 0 1 -1 64 2 1 1 1 1000000 83 Mbps
tcp_nodelay_thr 0 6 -1 64 2 1 1 1 1000000 77 Mbps
tcp_nodelay_thr 0 12 -1 64 2 1 1 1 1000000 75 Mbps
tcp_nodelay_thr 0 18 -1 64 2 1 1 1 1000000 69 Mbps
tcp_nodelay_thr 0 0 -1 4096 2 1 1 1 1000000 5789 Mbps
tcp_nodelay_thr 0 1 -1 4096 2 1 1 1 1000000 3368 Mbps
tcp_nodelay_thr 0 6 -1 4096 2 1 1 1 1000000 3087 Mbps
tcp_nodelay_thr 0 12 -1 4096 2 1 1 1 1000000 3068 Mbps
tcp_nodelay_thr 0 18 -1 4096 2 1 1 1 1000000 2918 Mbps
tcp_nodelay_thr 0 0 -1 65536 2 1 1 1 100000 8438 Mbps
tcp_nodelay_thr 0 1 -1 65536 2 1 1 1 100000 7704 Mbps
tcp_nodelay_thr 0 6 -1 65536 2 1 1 1 100000 6710 Mbps
tcp_nodelay_thr 0 12 -1 65536 2 1 1 1 100000 6901 Mbps
tcp_nodelay_thr 0 18 -1 65536 2 1 1 1 100000 7071 Mbps
tcp_nodelay_thr 0 0 -1 64 2 1 1 1 1000000 435 Mbps
tcp_nodelay_thr 0 1 -1 64 2 1 1 1 1000000 81 Mbps
tcp_nodelay_thr 0 6 -1 64 2 1 1 1 1000000 77 Mbps
tcp_nodelay_thr 0 12 -1 64 2 1 1 1 1000000 76 Mbps
tcp_nodelay_thr 0 18 -1 64 2 1 1 1 1000000 69 Mbps
tcp_nodelay_thr 0 0 -1 4096 2 1 1 1 1000000 4668 Mbps
tcp_nodelay_thr 0 1 -1 4096 2 1 1 1 1000000 3277 Mbps
tcp_nodelay_thr 0 6 -1 4096 2 1 1 1 1000000 3059 Mbps
tcp_nodelay_thr 0 12 -1 4096 2 1 1 1 1000000 3080 Mbps
tcp_nodelay_thr 0 18 -1 4096 2 1 1 1 1000000 2962 Mbps
tcp_nodelay_thr 0 0 -1 65536 2 1 1 1 100000 8439 Mbps
tcp_nodelay_thr 0 1 -1 65536 2 1 1 1 100000 7677 Mbps
tcp_nodelay_thr 0 6 -1 65536 2 1 1 1 100000 6893 Mbps
tcp_nodelay_thr 0 12 -1 65536 2 1 1 1 100000 8726 Mbps
tcp_nodelay_thr 0 18 -1 65536 2 1 1 1 100000 8123 Mbps
tcp_nodelay_thr 0 0 -1 64 2 1 1 1 1000000 431 Mbps
tcp_nodelay_thr 0 1 -1 64 2 1 1 1 1000000 84 Mbps
tcp_nodelay_thr 0 6 -1 64 2 1 1 1 1000000 78 Mbps
tcp_nodelay_thr 0 12 -1 64 2 1 1 1 1000000 76 Mbps
tcp_nodelay_thr 0 18 -1 64 2 1 1 1 1000000 70 Mbps
tcp_nodelay_thr 0 0 -1 4096 2 1 1 1 1000000 5723 Mbps
tcp_nodelay_thr 0 1 -1 4096 2 1 1 1 1000000 3322 Mbps
tcp_nodelay_thr 0 6 -1 4096 2 1 1 1 1000000 3049 Mbps
tcp_nodelay_thr 0 12 -1 4096 2 1 1 1 1000000 3071 Mbps
tcp_nodelay_thr 0 18 -1 4096 2 1 1 1 1000000 2961 Mbps
tcp_nodelay_thr 0 0 -1 65536 2 1 1 1 100000 8442 Mbps
tcp_nodelay_thr 0 1 -1 65536 2 1 1 1 100000 7736 Mbps
tcp_nodelay_thr 0 6 -1 65536 2 1 1 1 100000 6889 Mbps
tcp_nodelay_thr 0 12 -1 65536 2 1 1 1 100000 8258 Mbps
tcp_nodelay_thr 0 18 -1 65536 2 1 1 1 100000 7383 Mbps
tcp_nodelay_thr 0 0 -1 64 2 1 1 1 1000000 437 Mbps
tcp_nodelay_thr 0 1 -1 64 2 1 1 1 1000000 81 Mbps
tcp_nodelay_thr 0 6 -1 64 2 1 1 1 1000000 77 Mbps
tcp_nodelay_thr 0 12 -1 64 2 1 1 1 1000000 75 Mbps
tcp_nodelay_thr 0 18 -1 64 2 1 1 1 1000000 69 Mbps
tcp_nodelay_thr 0 0 -1 4096 2 1 1 1 1000000 5671 Mbps
tcp_nodelay_thr 0 1 -1 4096 2 1 1 1 1000000 3371 Mbps
tcp_nodelay_thr 0 6 -1 4096 2 1 1 1 1000000 3048 Mbps
tcp_nodelay_thr 0 12 -1 4096 2 1 1 1 1000000 3101 Mbps
tcp_nodelay_thr 0 18 -1 4096 2 1 1 1 1000000 2951 Mbps
tcp_nodelay_thr 0 0 -1 65536 2 1 1 1 100000 8417 Mbps
tcp_nodelay_thr 0 1 -1 65536 2 1 1 1 100000 7533 Mbps
tcp_nodelay_thr 0 6 -1 65536 2 1 1 1 100000 6889 Mbps
tcp_nodelay_thr 0 12 -1 65536 2 1 1 1 100000 8354 Mbps
tcp_nodelay_thr 0 18 -1 65536 2 1 1 1 100000 8122 Mbps
tcp_nodelay_thr 0 0 -1 64 2 1 1 1 1000000 443 Mbps
tcp_nodelay_thr 0 1 -1 64 2 1 1 1 1000000 83 Mbps
tcp_nodelay_thr 0 6 -1 64 2 1 1 1 1000000 77 Mbps
tcp_nodelay_thr 0 12 -1 64 2 1 1 1 1000000 74 Mbps
tcp_nodelay_thr 0 18 -1 64 2 1 1 1 1000000 67 Mbps
tcp_nodelay_thr 0 0 -1 4096 2 1 1 1 1000000 5724 Mbps
tcp_nodelay_thr 0 1 -1 4096 2 1 1 1 1000000 3385 Mbps
tcp_nodelay_thr 0 6 -1 4096 2 1 1 1 1000000 3107 Mbps
tcp_nodelay_thr 0 12 -1 4096 2 1 1 1 1000000 3113 Mbps
tcp_nodelay_thr 0 18 -1 4096 2 1 1 1 1000000 2975 Mbps
tcp_nodelay_thr 0 0 -1 65536 2 1 1 1 100000 8443 Mbps
tcp_nodelay_thr 0 1 -1 65536 2 1 1 1 100000 7714 Mbps
tcp_nodelay_thr 0 6 -1 65536 2 1 1 1 100000 6894 Mbps
tcp_nodelay_thr 0 12 -1 65536 2 1 1 1 100000 8077 Mbps
tcp_nodelay_thr 0 18 -1 65536 2 1 1 1 100000 8132 Mbps
tcp_nodelay_thr 0 0 -1 64 2 1 1 1 1000000 438 Mbps
tcp_nodelay_thr 0 1 -1 64 2 1 1 1 1000000 82 Mbps
tcp_nodelay_thr 0 6 -1 64 2 1 1 1 1000000 77 Mbps
tcp_nodelay_thr 0 12 -1 64 2 1 1 1 1000000 75 Mbps
tcp_nodelay_thr 0 18 -1 64 2 1 1 1 1000000 69 Mbps
tcp_nodelay_thr 0 0 -1 4096 2 1 1 1 1000000 5619 Mbps
tcp_nodelay_thr 0 1 -1 4096 2 1 1 1 1000000 3345 Mbps
tcp_nodelay_thr 0 6 -1 4096 2 1 1 1 1000000 3133 Mbps
tcp_nodelay_thr 0 12 -1 4096 2 1 1 1 1000000 3092 Mbps
tcp_nodelay_thr 0 18 -1 4096 2 1 1 1 1000000 2965 Mbps
tcp_nodelay_thr 0 0 -1 65536 2 1 1 1 100000 8448 Mbps
tcp_nodelay_thr 0 1 -1 65536 2 1 1 1 100000 7694 Mbps
tcp_nodelay_thr 0 6 -1 65536 2 1 1 1 100000 6879 Mbps
tcp_nodelay_thr 0 12 -1 65536 2 1 1 1 100000 9050 Mbps
tcp_nodelay_thr 0 18 -1 65536 2 1 1 1 100000 7486 Mbps
