unix_thr 0 0 -1 64 2 1 1 1 1000000 309 Mbps
unix_thr 0 1 -1 64 2 1 1 1 1000000 232 Mbps
unix_thr 0 6 -1 64 2 1 1 1 1000000 203 Mbps
unix_thr 0 12 -1 64 2 1 1 1 1000000 203 Mbps
unix_thr 0 18 -1 64 2 1 1 1 1000000 173 Mbps
unix_thr 0 0 -1 4096 2 1 1 1 1000000 9603 Mbps
unix_thr 0 1 -1 4096 2 1 1 1 1000000 5283 Mbps
unix_thr 0 6 -1 4096 2 1 1 1 1000000 5207 Mbps
unix_thr 0 12 -1 4096 2 1 1 1 1000000 5306 Mbps
unix_thr 0 18 -1 4096 2 1 1 1 1000000 4894 Mbps
unix_thr 0 0 -1 65536 2 1 1 1 100000 12207 Mbps
unix_thr 0 1 -1 65536 2 1 1 1 100000 7108 Mbps
unix_thr 0 6 -1 65536 2 1 1 1 100000 7083 Mbps
unix_thr 0 12 -1 65536 2 1 1 1 100000 7193 Mbps
unix_thr 0 18 -1 65536 2 1 1 1 100000 6925 Mbps
unix_thr 0 0 -1 64 2 1 1 1 1000000 321 Mbps
unix_thr 0 1 -1 64 2 1 1 1 1000000 234 Mbps
unix_thr 0 6 -1 64 2 1 1 1 1000000 206 Mbps
unix_thr 0 12 -1 64 2 1 1 1 1000000 204 Mbps
unix_thr 0 18 -1 64 2 1 1 1 1000000 175 Mbps
unix_thr 0 0 -1 4096 2 1 1 1 1000000 9684 Mbps
unix_thr 0 1 -1 4096 2 1 1 1 1000000 5264 Mbps
unix_thr 0 6 -1 4096 2 1 1 1 1000000 5110 Mbps
unix_thr 0 12 -1 4096 2 1 1 1 1000000 5289 Mbps
unix_thr 0 18 -1 4096 2 1 1 1 1000000 5042 Mbps
unix_thr 0 0 -1 65536 2 1 1 1 100000 12056 Mbps
unix_thr 0 1 -1 65536 2 1 1 1 100000 7172 Mbps
unix_thr 0 6 -1 65536 2 1 1 1 100000 7018 Mbps
unix_thr 0 12 -1 65536 2 1 1 1 100000 7201 Mbps
unix_thr 0 18 -1 65536 2 1 1 1 100000 6930 Mbps
unix_thr 0 0 -1 64 2 1 1 1 1000000 322 Mbps
unix_thr 0 1 -1 64 2 1 1 1 1000000 233 Mbps
unix_thr 0 6 -1 64 2 1 1 1 1000000 203 Mbps
unix_thr 0 12 -1 64 2 1 1 1 1000000 197 Mbps
unix_thr 0 18 -1 64 2 1 1 1 1000000 175 Mbps
unix_thr 0 0 -1 4096 2 1 1 1 1000000 9644 Mbps
unix_thr 0 1 -1 4096 2 1 1 1 1000000 5203 Mbps
unix_thr 0 6 -1 4096 2 1 1 1 1000000 5183 Mbps
unix_thr 0 12 -1 4096 2 1 1 1 1000000 5304 Mbps
unix_thr 0 18 -1 4096 2 1 1 1 1000000 5041 Mbps
unix_thr 0 0 -1 65536 2 1 1 1 100000 12084 Mbps
unix_thr 0 1 -1 65536 2 1 1 1 100000 7124 Mbps
unix_thr 0 6 -1 65536 2 1 1 1 100000 7037 Mbps
unix_thr 0 12 -1 65536 2 1 1 1 100000 7258 Mbps
unix_thr 0 18 -1 65536 2 1 1 1 100000 6937 Mbps
unix_thr 0 0 -1 64 2 1 1 1 1000000 314 Mbps
unix_thr 0 1 -1 64 2 1 1 1 1000000 234 Mbps
unix_thr 0 6 -1 64 2 1 1 1 1000000 205 Mbps
unix_thr 0 12 -1 64 2 1 1 1 1000000 204 Mbps
unix_thr 0 18 -1 64 2 1 1 1 1000000 174 Mbps
unix_thr 0 0 -1 4096 2 1 1 1 1000000 9523 Mbps
unix_thr 0 1 -1 4096 2 1 1 1 1000000 5259 Mbps
unix_thr 0 6 -1 4096 2 1 1 1 1000000 5124 Mbps
unix_thr 0 12 -1 4096 2 1 1 1 1000000 5299 Mbps
unix_thr 0 18 -1 4096 2 1 1 1 1000000 4965 Mbps
unix_thr 0 0 -1 65536 2 1 1 1 100000 12053 Mbps
unix_thr 0 1 -1 65536 2 1 1 1 100000 7165 Mbps
unix_thr 0 6 -1 65536 2 1 1 1 100000 7055 Mbps
unix_thr 0 12 -1 65536 2 1 1 1 100000 7200 Mbps
unix_thr 0 18 -1 65536 2 1 1 1 100000 6930 Mbps
unix_thr 0 0 -1 64 2 1 1 1 1000000 321 Mbps
unix_thr 0 1 -1 64 2 1 1 1 1000000 231 Mbps
unix_thr 0 6 -1 64 2 1 1 1 1000000 203 Mbps
unix_thr 0 12 -1 64 2 1 1 1 1000000 203 Mbps
unix_thr 0 18 -1 64 2 1 1 1 1000000 175 Mbps
unix_thr 0 0 -1 4096 2 1 1 1 1000000 9578 Mbps
unix_thr 0 1 -1 4096 2 1 1 1 1000000 5252 Mbps
unix_thr 0 6 -1 4096 2 1 1 1 1000000 5170 Mbps
unix_thr 0 12 -1 4096 2 1 1 1 1000000 5291 Mbps
unix_thr 0 18 -1 4096 2 1 1 1 1000000 5104 Mbps
unix_thr 0 0 -1 65536 2 1 1 1 100000 12195 Mbps
unix_thr 0 1 -1 65536 2 1 1 1 100000 7089 Mbps
unix_thr 0 6 -1 65536 2 1 1 1 100000 7092 Mbps
unix_thr 0 12 -1 65536 2 1 1 1 100000 7240 Mbps
unix_thr 0 18 -1 65536 2 1 1 1 100000 6921 Mbps
unix_thr 0 0 -1 64 2 1 1 1 1000000 314 Mbps
unix_thr 0 1 -1 64 2 1 1 1 1000000 235 Mbps
unix_thr 0 6 -1 64 2 1 1 1 1000000 202 Mbps
unix_thr 0 12 -1 64 2 1 1 1 1000000 202 Mbps
unix_thr 0 18 -1 64 2 1 1 1 1000000 174 Mbps
unix_thr 0 0 -1 4096 2 1 1 1 1000000 9725 Mbps
unix_thr 0 1 -1 4096 2 1 1 1 1000000 5285 Mbps
unix_thr 0 6 -1 4096 2 1 1 1 1000000 5074 Mbps
unix_thr 0 12 -1 4096 2 1 1 1 1000000 5345 Mbps
unix_thr 0 18 -1 4096 2 1 1 1 1000000 5007 Mbps
unix_thr 0 0 -1 65536 2 1 1 1 100000 12321 Mbps
unix_thr 0 1 -1 65536 2 1 1 1 100000 7120 Mbps
unix_thr 0 6 -1 65536 2 1 1 1 100000 7076 Mbps
unix_thr 0 12 -1 65536 2 1 1 1 100000 7176 Mbps
unix_thr 0 18 -1 65536 2 1 1 1 100000 6891 Mbps
unix_thr 0 0 -1 64 2 1 1 1 1000000 326 Mbps
unix_thr 0 1 -1 64 2 1 1 1 1000000 234 Mbps
unix_thr 0 6 -1 64 2 1 1 1 1000000 203 Mbps
unix_thr 0 12 -1 64 2 1 1 1 1000000 196 Mbps
unix_thr 0 18 -1 64 2 1 1 1 1000000 174 Mbps
unix_thr 0 0 -1 4096 2 1 1 1 1000000 9390 Mbps
unix_thr 0 1 -1 4096 2 1 1 1 1000000 5163 Mbps
unix_thr 0 6 -1 4096 2 1 1 1 1000000 5181 Mbps
unix_thr 0 12 -1 4096 2 1 1 1 1000000 5346 Mbps
unix_thr 0 18 -1 4096 2 1 1 1 1000000 5043 Mbps
unix_thr 0 0 -1 65536 2 1 1 1 100000 12229 Mbps
unix_thr 0 1 -1 65536 2 1 1 1 100000 7098 Mbps
unix_thr 0 6 -1 65536 2 1 1 1 100000 7031 Mbps
unix_thr 0 12 -1 65536 2 1 1 1 100000 7214 Mbps
unix_thr 0 18 -1 65536 2 1 1 1 100000 6946 Mbps
unix_thr 0 0 -1 64 2 1 1 1 1000000 323 Mbps
unix_thr 0 1 -1 64 2 1 1 1 1000000 235 Mbps
unix_thr 0 6 -1 64 2 1 1 1 1000000 206 Mbps
unix_thr 0 12 -1 64 2 1 1 1 1000000 203 Mbps
unix_thr 0 18 -1 64 2 1 1 1 1000000 175 Mbps
unix_thr 0 0 -1 4096 2 1 1 1 1000000 9207 Mbps
unix_thr 0 1 -1 4096 2 1 1 1 1000000 5291 Mbps
unix_thr 0 6 -1 4096 2 1 1 1 1000000 5207 Mbps
unix_thr 0 12 -1 4096 2 1 1 1 1000000 5308 Mbps
unix_thr 0 18 -1 4096 2 1 1 1 1000000 4997 Mbps
unix_thr 0 0 -1 65536 2 1 1 1 100000 12197 Mbps
unix_thr 0 1 -1 65536 2 1 1 1 100000 7098 Mbps
unix_thr 0 6 -1 65536 2 1 1 1 100000 7108 Mbps
unix_thr 0 12 -1 65536 2 1 1 1 100000 7262 Mbps
unix_thr 0 18 -1 65536 2 1 1 1 100000 6923 Mbps
unix_thr 0 0 -1 64 2 1 1 1 1000000 311 Mbps
unix_thr 0 1 -1 64 2 1 1 1 1000000 235 Mbps
unix_thr 0 6 -1 64 2 1 1 1 1000000 201 Mbps
unix_thr 0 12 -1 64 2 1 1 1 1000000 204 Mbps
unix_thr 0 18 -1 64 2 1 1 1 1000000 176 Mbps
unix_thr 0 0 -1 4096 2 1 1 1 1000000 9707 Mbps
unix_thr 0 1 -1 4096 2 1 1 1 1000000 5242 Mbps
unix_thr 0 6 -1 4096 2 1 1 1 1000000 5121 Mbps
unix_thr 0 12 -1 4096 2 1 1 1 1000000 5286 Mbps
unix_thr 0 18 -1 4096 2 1 1 1 1000000 5069 Mbps
unix_thr 0 0 -1 65536 2 1 1 1 100000 12013 Mbps
unix_thr 0 1 -1 65536 2 1 1 1 100000 7180 Mbps
unix_thr 0 6 -1 65536 2 1 1 1 100000 7052 Mbps
unix_thr 0 12 -1 65536 2 1 1 1 100000 7238 Mbps
unix_thr 0 18 -1 65536 2 1 1 1 100000 6971 Mbps
unix_thr 0 0 -1 64 2 1 1 1 1000000 319 Mbps
unix_thr 0 1 -1 64 2 1 1 1 1000000 234 Mbps
unix_thr 0 6 -1 64 2 1 1 1 1000000 199 Mbps
unix_thr 0 12 -1 64 2 1 1 1 1000000 205 Mbps
unix_thr 0 18 -1 64 2 1 1 1 1000000 175 Mbps
unix_thr 0 0 -1 4096 2 1 1 1 1000000 9619 Mbps
unix_thr 0 1 -1 4096 2 1 1 1 1000000 5209 Mbps
unix_thr 0 6 -1 4096 2 1 1 1 1000000 5187 Mbps
unix_thr 0 12 -1 4096 2 1 1 1 1000000 5254 Mbps
unix_thr 0 18 -1 4096 2 1 1 1 1000000 5046 Mbps
unix_thr 0 0 -1 65536 2 1 1 1 100000 12132 Mbps
unix_thr 0 1 -1 65536 2 1 1 1 100000 7163 Mbps
unix_thr 0 6 -1 65536 2 1 1 1 100000 7067 Mbps
unix_thr 0 12 -1 65536 2 1 1 1 100000 7143 Mbps
unix_thr 0 18 -1 65536 2 1 1 1 100000 6973 Mbps
unix_thr 0 0 -1 64 2 1 1 1 1000000 323 Mbps
unix_thr 0 1 -1 64 2 1 1 1 1000000 233 Mbps
unix_thr 0 6 -1 64 2 1 1 1 1000000 204 Mbps
unix_thr 0 12 -1 64 2 1 1 1 1000000 204 Mbps
unix_thr 0 18 -1 64 2 1 1 1 1000000 172 Mbps
unix_thr 0 0 -1 4096 2 1 1 1 1000000 9645 Mbps
unix_thr 0 1 -1 4096 2 1 1 1 1000000 5300 Mbps
unix_thr 0 6 -1 4096 2 1 1 1 1000000 5114 Mbps
unix_thr 0 12 -1 4096 2 1 1 1 1000000 5352 Mbps
unix_thr 0 18 -1 4096 2 1 1 1 1000000 5051 Mbps
unix_thr 0 0 -1 65536 2 1 1 1 100000 12267 Mbps
unix_thr 0 1 -1 65536 2 1 1 1 100000 7126 Mbps
unix_thr 0 6 -1 65536 2 1 1 1 100000 7056 Mbps
unix_thr 0 12 -1 65536 2 1 1 1 100000 7144 Mbps
unix_thr 0 18 -1 65536 2 1 1 1 100000 6947 Mbps
