vmsplice_coop_pipe_thr 0 0 -1 64 2 1 1 1 1000000 430 Mbps
vmsplice_coop_pipe_thr 0 1 -1 64 2 1 1 1 1000000 317 Mbps
vmsplice_coop_pipe_thr 0 6 -1 64 2 1 1 1 1000000 289 Mbps
vmsplice_coop_pipe_thr 0 12 -1 64 2 1 1 1 1000000 304 Mbps
vmsplice_coop_pipe_thr 0 18 -1 64 2 1 1 1 1000000 262 Mbps
vmsplice_coop_pipe_thr 0 0 -1 4096 2 1 1 1 1000000 6416 Mbps
vmsplice_coop_pipe_thr 0 1 -1 4096 2 1 1 1 1000000 10030 Mbps
vmsplice_coop_pipe_thr 0 6 -1 4096 2 1 1 1 1000000 8977 Mbps
vmsplice_coop_pipe_thr 0 12 -1 4096 2 1 1 1 1000000 8541 Mbps
vmsplice_coop_pipe_thr 0 18 -1 4096 2 1 1 1 1000000 7944 Mbps
vmsplice_coop_pipe_thr 0 0 -1 65536 2 1 1 1 100000 14810 Mbps
vmsplice_coop_pipe_thr 0 1 -1 65536 2 1 1 1 100000 13493 Mbps
vmsplice_coop_pipe_thr 0 6 -1 65536 2 1 1 1 100000 12116 Mbps
vmsplice_coop_pipe_thr 0 12 -1 65536 2 1 1 1 100000 10903 Mbps
vmsplice_coop_pipe_thr 0 18 -1 65536 2 1 1 1 100000 10127 Mbps
vmsplice_coop_pipe_thr 0 0 -1 64 2 1 1 1 1000000 412 Mbps
vmsplice_coop_pipe_thr 0 1 -1 64 2 1 1 1 1000000 305 Mbps
vmsplice_coop_pipe_thr 0 6 -1 64 2 1 1 1 1000000 303 Mbps
vmsplice_coop_pipe_thr 0 12 -1 64 2 1 1 1 1000000 297 Mbps
vmsplice_coop_pipe_thr 0 18 -1 64 2 1 1 1 1000000 266 Mbps
vmsplice_coop_pipe_thr 0 0 -1 4096 2 1 1 1 1000000 6358 Mbps
vmsplice_coop_pipe_thr 0 1 -1 4096 2 1 1 1 1000000 10005 Mbps
vmsplice_coop_pipe_thr 0 6 -1 4096 2 1 1 1 1000000 9322 Mbps
vmsplice_coop_pipe_thr 0 12 -1 4096 2 1 1 1 1000000 8595 Mbps
vmsplice_coop_pipe_thr 0 18 -1 4096 2 1 1 1 1000000 7906 Mbps
vmsplice_coop_pipe_thr 0 0 -1 65536 2 1 1 1 100000 14998 Mbps
vmsplice_coop_pipe_thr 0 1 -1 65536 2 1 1 1 100000 13421 Mbps
vmsplice_coop_pipe_thr 0 6 -1 65536 2 1 1 1 100000 12160 Mbps
vmsplice_coop_pipe_thr 0 12 -1 65536 2 1 1 1 100000 10950 Mbps
vmsplice_coop_pipe_thr 0 18 -1 65536 2 1 1 1 100000 10070 Mbps
vmsplice_coop_pipe_thr 0 0 -1 64 2 1 1 1 1000000 412 Mbps
vmsplice_coop_pipe_thr 0 1 -1 64 2 1 1 1 1000000 330 Mbps
vmsplice_coop_pipe_thr 0 6 -1 64 2 1 1 1 1000000 292 Mbps
vmsplice_coop_pipe_thr 0 12 -1 64 2 1 1 1 1000000 305 Mbps
vmsplice_coop_pipe_thr 0 18 -1 64 2 1 1 1 1000000 247 Mbps
vmsplice_coop_pipe_thr 0 0 -1 4096 2 1 1 1 1000000 6231 Mbps
vmsplice_coop_pipe_thr 0 1 -1 4096 2 1 1 1 1000000 9893 Mbps
vmsplice_coop_pipe_thr 0 6 -1 4096 2 1 1 1 1000000 9335 Mbps
vmsplice_coop_pipe_thr 0 12 -1 4096 2 1 1 1 1000000 8536 Mbps
vmsplice_coop_pipe_thr 0 18 -1 4096 2 1 1 1 1000000 7854 Mbps
vmsplice_coop_pipe_thr 0 0 -1 65536 2 1 1 1 100000 14914 Mbps
vmsplice_coop_pipe_thr 0 1 -1 65536 2 1 1 1 100000 13581 Mbps
vmsplice_coop_pipe_thr 0 6 -1 65536 2 1 1 1 100000 12082 Mbps
vmsplice_coop_pipe_thr 0 12 -1 65536 2 1 1 1 100000 10882 Mbps
vmsplice_coop_pipe_thr 0 18 -1 65536 2 1 1 1 100000 10066 Mbps
vmsplice_coop_pipe_thr 0 0 -1 64 2 1 1 1 1000000 417 Mbps
vmsplice_coop_pipe_thr 0 1 -1 64 2 1 1 1 1000000 316 Mbps
vmsplice_coop_pipe_thr 0 6 -1 64 2 1 1 1 1000000 290 Mbps
vmsplice_coop_pipe_thr 0 12 -1 64 2 1 1 1 1000000 322 Mbps
vmsplice_coop_pipe_thr 0 18 -1 64 2 1 1 1 1000000 266 Mbps
vmsplice_coop_pipe_thr 0 0 -1 4096 2 1 1 1 1000000 6476 Mbps
vmsplice_coop_pipe_thr 0 1 -1 4096 2 1 1 1 1000000 9947 Mbps
vmsplice_coop_pipe_thr 0 6 -1 4096 2 1 1 1 1000000 9017 Mbps
vmsplice_coop_pipe_thr 0 12 -1 4096 2 1 1 1 1000000 8443 Mbps
vmsplice_coop_pipe_thr 0 18 -1 4096 2 1 1 1 1000000 7807 Mbps
vmsplice_coop_pipe_thr 0 0 -1 65536 2 1 1 1 100000 14954 Mbps
vmsplice_coop_pipe_thr 0 1 -1 65536 2 1 1 1 100000 14073 Mbps
vmsplice_coop_pipe_thr 0 6 -1 65536 2 1 1 1 100000 12141 Mbps
vmsplice_coop_pipe_thr 0 12 -1 65536 2 1 1 1 100000 10882 Mbps
vmsplice_coop_pipe_thr 0 18 -1 65536 2 1 1 1 100000 10161 Mbps
vmsplice_coop_pipe_thr 0 0 -1 64 2 1 1 1 1000000 426 Mbps
vmsplice_coop_pipe_thr 0 1 -1 64 2 1 1 1 1000000 310 Mbps
vmsplice_coop_pipe_thr 0 6 -1 64 2 1 1 1 1000000 302 Mbps
vmsplice_coop_pipe_thr 0 12 -1 64 2 1 1 1 1000000 307 Mbps
vmsplice_coop_pipe_thr 0 18 -1 64 2 1 1 1 1000000 262 Mbps
vmsplice_coop_pipe_thr 0 0 -1 4096 2 1 1 1 1000000 6362 Mbps
vmsplice_coop_pipe_thr 0 1 -1 4096 2 1 1 1 1000000 9975 Mbps
vmsplice_coop_pipe_thr 0 6 -1 4096 2 1 1 1 1000000 9075 Mbps
vmsplice_coop_pipe_thr 0 12 -1 4096 2 1 1 1 1000000 8205 Mbps
vmsplice_coop_pipe_thr 0 18 -1 4096 2 1 1 1 1000000 7959 Mbps
vmsplice_coop_pipe_thr 0 0 -1 65536 2 1 1 1 100000 14831 Mbps
vmsplice_coop_pipe_thr 0 1 -1 65536 2 1 1 1 100000 13498 Mbps
vmsplice_coop_pipe_thr 0 6 -1 65536 2 1 1 1 100000 12115 Mbps
vmsplice_coop_pipe_thr 0 12 -1 65536 2 1 1 1 100000 10906 Mbps
vmsplice_coop_pipe_thr 0 18 -1 65536 2 1 1 1 100000 10076 Mbps
vmsplice_coop_pipe_thr 0 0 -1 64 2 1 1 1 1000000 423 Mbps
vmsplice_coop_pipe_thr 0 1 -1 64 2 1 1 1 1000000 321 Mbps
vmsplice_coop_pipe_thr 0 6 -1 64 2 1 1 1 1000000 294 Mbps
vmsplice_coop_pipe_thr 0 12 -1 64 2 1 1 1 1000000 324 Mbps
vmsplice_coop_pipe_thr 0 18 -1 64 2 1 1 1 1000000 264 Mbps
vmsplice_coop_pipe_thr 0 0 -1 4096 2 1 1 1 1000000 6275 Mbps
vmsplice_coop_pipe_thr 0 1 -1 4096 2 1 1 1 1000000 9876 Mbps
vmsplice_coop_pipe_thr 0 6 -1 4096 2 1 1 1 1000000 8948 Mbps
vmsplice_coop_pipe_thr 0 12 -1 4096 2 1 1 1 1000000 8462 Mbps
vmsplice_coop_pipe_thr 0 18 -1 4096 2 1 1 1 1000000 7707 Mbps
vmsplice_coop_pipe_thr 0 0 -1 65536 2 1 1 1 100000 14838 Mbps
vmsplice_coop_pipe_thr 0 1 -1 65536 2 1 1 1 100000 13365 Mbps
vmsplice_coop_pipe_thr 0 6 -1 65536 2 1 1 1 100000 12135 Mbps
vmsplice_coop_pipe_thr 0 12 -1 65536 2 1 1 1 100000 10904 Mbps
vmsplice_coop_pipe_thr 0 18 -1 65536 2 1 1 1 100000 10136 Mbps
vmsplice_coop_pipe_thr 0 0 -1 64 2 1 1 1 1000000 416 Mbps
vmsplice_coop_pipe_thr 0 1 -1 64 2 1 1 1 1000000 326 Mbps
vmsplice_coop_pipe_thr 0 6 -1 64 2 1 1 1 1000000 294 Mbps
vmsplice_coop_pipe_thr 0 12 -1 64 2 1 1 1 1000000 314 Mbps
vmsplice_coop_pipe_thr 0 18 -1 64 2 1 1 1 1000000 258 Mbps
vmsplice_coop_pipe_thr 0 0 -1 4096 2 1 1 1 1000000 6446 Mbps
vmsplice_coop_pipe_thr 0 1 -1 4096 2 1 1 1 1000000 10080 Mbps
vmsplice_coop_pipe_thr 0 6 -1 4096 2 1 1 1 1000000 9015 Mbps
vmsplice_coop_pipe_thr 0 12 -1 4096 2 1 1 1 1000000 8572 Mbps
vmsplice_coop_pipe_thr 0 18 -1 4096 2 1 1 1 1000000 7817 Mbps
vmsplice_coop_pipe_thr 0 0 -1 65536 2 1 1 1 100000 14993 Mbps
vmsplice_coop_pipe_thr 0 1 -1 65536 2 1 1 1 100000 13514 Mbps
vmsplice_coop_pipe_thr 0 6 -1 65536 2 1 1 1 100000 12152 Mbps
vmsplice_coop_pipe_thr 0 12 -1 65536 2 1 1 1 100000 10946 Mbps
vmsplice_coop_pipe_thr 0 18 -1 65536 2 1 1 1 100000 10063 Mbps
vmsplice_coop_pipe_thr 0 0 -1 64 2 1 1 1 1000000 421 Mbps
vmsplice_coop_pipe_thr 0 1 -1 64 2 1 1 1 1000000 327 Mbps
vmsplice_coop_pipe_thr 0 6 -1 64 2 1 1 1 1000000 297 Mbps
vmsplice_coop_pipe_thr 0 12 -1 64 2 1 1 1 1000000 307 Mbps
vmsplice_coop_pipe_thr 0 18 -1 64 2 1 1 1 1000000 248 Mbps
vmsplice_coop_pipe_thr 0 0 -1 4096 2 1 1 1 1000000 6237 Mbps
vmsplice_coop_pipe_thr 0 1 -1 4096 2 1 1 1 1000000 9848 Mbps
vmsplice_coop_pipe_thr 0 6 -1 4096 2 1 1 1 1000000 9067 Mbps
vmsplice_coop_pipe_thr 0 12 -1 4096 2 1 1 1 1000000 8422 Mbps
vmsplice_coop_pipe_thr 0 18 -1 4096 2 1 1 1 1000000 7932 Mbps
vmsplice_coop_pipe_thr 0 0 -1 65536 2 1 1 1 100000 14847 Mbps
vmsplice_coop_pipe_thr 0 1 -1 65536 2 1 1 1 100000 13542 Mbps
vmsplice_coop_pipe_thr 0 6 -1 65536 2 1 1 1 100000 12148 Mbps
vmsplice_coop_pipe_thr 0 12 -1 65536 2 1 1 1 100000 10936 Mbps
vmsplice_coop_pipe_thr 0 18 -1 65536 2 1 1 1 100000 10136 Mbps
vmsplice_coop_pipe_thr 0 0 -1 64 2 1 1 1 1000000 398 Mbps
vmsplice_coop_pipe_thr 0 1 -1 64 2 1 1 1 1000000 327 Mbps
vmsplice_coop_pipe_thr 0 6 -1 64 2 1 1 1 1000000 294 Mbps
vmsplice_coop_pipe_thr 0 12 -1 64 2 1 1 1 1000000 300 Mbps
vmsplice_coop_pipe_thr 0 18 -1 64 2 1 1 1 1000000 241 Mbps
vmsplice_coop_pipe_thr 0 0 -1 4096 2 1 1 1 1000000 6409 Mbps
vmsplice_coop_pipe_thr 0 1 -1 4096 2 1 1 1 1000000 9931 Mbps
vmsplice_coop_pipe_thr 0 6 -1 4096 2 1 1 1 1000000 9043 Mbps
vmsplice_coop_pipe_thr 0 12 -1 4096 2 1 1 1 1000000 8602 Mbps
vmsplice_coop_pipe_thr 0 18 -1 4096 2 1 1 1 1000000 7850 Mbps
vmsplice_coop_pipe_thr 0 0 -1 65536 2 1 1 1 100000 14861 Mbps
vmsplice_coop_pipe_thr 0 1 -1 65536 2 1 1 1 100000 13447 Mbps
vmsplice_coop_pipe_thr 0 6 -1 65536 2 1 1 1 100000 12132 Mbps
vmsplice_coop_pipe_thr 0 12 -1 65536 2 1 1 1 100000 10910 Mbps
vmsplice_coop_pipe_thr 0 18 -1 65536 2 1 1 1 100000 10067 Mbps
vmsplice_coop_pipe_thr 0 0 -1 64 2 1 1 1 1000000 408 Mbps
vmsplice_coop_pipe_thr 0 1 -1 64 2 1 1 1 1000000 324 Mbps
vmsplice_coop_pipe_thr 0 6 -1 64 2 1 1 1 1000000 296 Mbps
vmsplice_coop_pipe_thr 0 12 -1 64 2 1 1 1 1000000 308 Mbps
vmsplice_coop_pipe_thr 0 18 -1 64 2 1 1 1 1000000 229 Mbps
vmsplice_coop_pipe_thr 0 0 -1 4096 2 1 1 1 1000000 6396 Mbps
vmsplice_coop_pipe_thr 0 1 -1 4096 2 1 1 1 1000000 10110 Mbps
vmsplice_coop_pipe_thr 0 6 -1 4096 2 1 1 1 1000000 8977 Mbps
vmsplice_coop_pipe_thr 0 12 -1 4096 2 1 1 1 1000000 8619 Mbps
vmsplice_coop_pipe_thr 0 18 -1 4096 2 1 1 1 1000000 7765 Mbps
vmsplice_coop_pipe_thr 0 0 -1 65536 2 1 1 1 100000 14847 Mbps
vmsplice_coop_pipe_thr 0 1 -1 65536 2 1 1 1 100000 13438 Mbps
vmsplice_coop_pipe_thr 0 6 -1 65536 2 1 1 1 100000 12128 Mbps
vmsplice_coop_pipe_thr 0 12 -1 65536 2 1 1 1 100000 10900 Mbps
vmsplice_coop_pipe_thr 0 18 -1 65536 2 1 1 1 100000 10112 Mbps
vmsplice_coop_pipe_thr 0 0 -1 64 2 1 1 1 1000000 389 Mbps
vmsplice_coop_pipe_thr 0 1 -1 64 2 1 1 1 1000000 324 Mbps
vmsplice_coop_pipe_thr 0 6 -1 64 2 1 1 1 1000000 294 Mbps
vmsplice_coop_pipe_thr 0 12 -1 64 2 1 1 1 1000000 313 Mbps
vmsplice_coop_pipe_thr 0 18 -1 64 2 1 1 1 1000000 266 Mbps
vmsplice_coop_pipe_thr 0 0 -1 4096 2 1 1 1 1000000 6386 Mbps
vmsplice_coop_pipe_thr 0 1 -1 4096 2 1 1 1 1000000 10090 Mbps
vmsplice_coop_pipe_thr 0 6 -1 4096 2 1 1 1 1000000 9059 Mbps
vmsplice_coop_pipe_thr 0 12 -1 4096 2 1 1 1 1000000 8642 Mbps
vmsplice_coop_pipe_thr 0 18 -1 4096 2 1 1 1 1000000 7870 Mbps
vmsplice_coop_pipe_thr 0 0 -1 65536 2 1 1 1 100000 14886 Mbps
vmsplice_coop_pipe_thr 0 1 -1 65536 2 1 1 1 100000 13464 Mbps
vmsplice_coop_pipe_thr 0 6 -1 65536 2 1 1 1 100000 12117 Mbps
vmsplice_coop_pipe_thr 0 12 -1 65536 2 1 1 1 100000 10990 Mbps
vmsplice_coop_pipe_thr 0 18 -1 65536 2 1 1 1 100000 10124 Mbps
