mempipe_spin_thr 0 1 -1 64 2 1 1 1 1000000 4996 Mbps
mempipe_spin_thr 0 2 -1 64 2 1 1 1 1000000 12687 Mbps
mempipe_spin_thr 0 1 -1 4096 2 1 1 1 1000000 21231 Mbps
mempipe_spin_thr 0 2 -1 4096 2 1 1 1 1000000 37048 Mbps
mempipe_spin_thr 0 1 -1 65536 2 1 1 1 100000 22085 Mbps
mempipe_spin_thr 0 2 -1 65536 2 1 1 1 100000 37949 Mbps
mempipe_spin_thr 0 1 -1 64 2 1 0 1 1000000 4435 Mbps
mempipe_spin_thr 0 2 -1 64 2 1 0 1 1000000 10209 Mbps
mempipe_spin_thr 0 1 -1 4096 2 1 0 1 1000000 14443 Mbps
mempipe_spin_thr 0 2 -1 4096 2 1 0 1 1000000 22070 Mbps
mempipe_spin_thr 0 1 -1 65536 2 1 0 1 100000 14116 Mbps
mempipe_spin_thr 0 2 -1 65536 2 1 0 1 100000 23322 Mbps
mempipe_spin_thr 0 1 -1 64 2 1 1 1 1000000 4265 Mbps
mempipe_spin_thr 0 2 -1 64 2 1 1 1 1000000 12999 Mbps
mempipe_spin_thr 0 1 -1 4096 2 1 1 1 1000000 15680 Mbps
mempipe_spin_thr 0 2 -1 4096 2 1 1 1 1000000 37081 Mbps
mempipe_spin_thr 0 1 -1 65536 2 1 1 1 100000 18106 Mbps
mempipe_spin_thr 0 2 -1 65536 2 1 1 1 100000 38021 Mbps
mempipe_spin_thr 0 1 -1 64 2 1 0 1 1000000 4196 Mbps
mempipe_spin_thr 0 2 -1 64 2 1 0 1 1000000 10403 Mbps
mempipe_spin_thr 0 1 -1 4096 2 1 0 1 1000000 13550 Mbps
mempipe_spin_thr 0 2 -1 4096 2 1 0 1 1000000 23646 Mbps
mempipe_spin_thr 0 1 -1 65536 2 1 0 1 100000 12075 Mbps
mempipe_spin_thr 0 2 -1 65536 2 1 0 1 100000 22013 Mbps
mempipe_spin_thr 0 1 -1 64 2 1 1 1 1000000 5024 Mbps
mempipe_spin_thr 0 2 -1 64 2 1 1 1 1000000 13362 Mbps
mempipe_spin_thr 0 1 -1 4096 2 1 1 1 1000000 21208 Mbps
mempipe_spin_thr 0 2 -1 4096 2 1 1 1 1000000 36842 Mbps
mempipe_spin_thr 0 1 -1 65536 2 1 1 1 100000 22280 Mbps
mempipe_spin_thr 0 2 -1 65536 2 1 1 1 100000 37993 Mbps
mempipe_spin_thr 0 1 -1 64 2 1 0 1 1000000 4494 Mbps
mempipe_spin_thr 0 2 -1 64 2 1 0 1 1000000 10649 Mbps
mempipe_spin_thr 0 1 -1 4096 2 1 0 1 1000000 14432 Mbps
mempipe_spin_thr 0 2 -1 4096 2 1 0 1 1000000 22034 Mbps
mempipe_spin_thr 0 1 -1 65536 2 1 0 1 100000 14072 Mbps
mempipe_spin_thr 0 2 -1 65536 2 1 0 1 100000 23373 Mbps
mempipe_spin_thr 0 1 -1 64 2 1 1 1 1000000 5205 Mbps
mempipe_spin_thr 0 2 -1 64 2 1 1 1 1000000 12660 Mbps
mempipe_spin_thr 0 1 -1 4096 2 1 1 1 1000000 21408 Mbps
mempipe_spin_thr 0 2 -1 4096 2 1 1 1 1000000 37015 Mbps
mempipe_spin_thr 0 1 -1 65536 2 1 1 1 100000 22254 Mbps
mempipe_spin_thr 0 2 -1 65536 2 1 1 1 100000 37971 Mbps
mempipe_spin_thr 0 1 -1 64 2 1 0 1 1000000 5740 Mbps
mempipe_spin_thr 0 2 -1 64 2 1 0 1 1000000 10677 Mbps
mempipe_spin_thr 0 1 -1 4096 2 1 0 1 1000000 14435 Mbps
mempipe_spin_thr 0 2 -1 4096 2 1 0 1 1000000 23752 Mbps
mempipe_spin_thr 0 1 -1 65536 2 1 0 1 100000 14111 Mbps
mempipe_spin_thr 0 2 -1 65536 2 1 0 1 100000 22157 Mbps
mempipe_spin_thr 0 1 -1 64 2 1 1 1 1000000 3691 Mbps
mempipe_spin_thr 0 2 -1 64 2 1 1 1 1000000 12652 Mbps
mempipe_spin_thr 0 1 -1 4096 2 1 1 1 1000000 21443 Mbps
mempipe_spin_thr 0 2 -1 4096 2 1 1 1 1000000 37018 Mbps
mempipe_spin_thr 0 1 -1 65536 2 1 1 1 100000 22294 Mbps
mempipe_spin_thr 0 2 -1 65536 2 1 1 1 100000 37755 Mbps
mempipe_spin_thr 0 1 -1 64 2 1 0 1 1000000 4649 Mbps
mempipe_spin_thr 0 2 -1 64 2 1 0 1 1000000 10211 Mbps
mempipe_spin_thr 0 1 -1 4096 2 1 0 1 1000000 14433 Mbps
mempipe_spin_thr 0 2 -1 4096 2 1 0 1 1000000 22035 Mbps
mempipe_spin_thr 0 1 -1 65536 2 1 0 1 100000 14124 Mbps
mempipe_spin_thr 0 2 -1 65536 2 1 0 1 100000 23204 Mbps
mempipe_spin_thr 0 1 -1 64 2 1 1 1 1000000 5170 Mbps
mempipe_spin_thr 0 2 -1 64 2 1 1 1 1000000 12658 Mbps
mempipe_spin_thr 0 1 -1 4096 2 1 1 1 1000000 21411 Mbps
mempipe_spin_thr 0 2 -1 4096 2 1 1 1 1000000 37009 Mbps
mempipe_spin_thr 0 1 -1 65536 2 1 1 1 100000 22257 Mbps
mempipe_spin_thr 0 2 -1 65536 2 1 1 1 100000 37954 Mbps
mempipe_spin_thr 0 1 -1 64 2 1 0 1 1000000 4651 Mbps
mempipe_spin_thr 0 2 -1 64 2 1 0 1 1000000 10487 Mbps
mempipe_spin_thr 0 1 -1 4096 2 1 0 1 1000000 14447 Mbps
mempipe_spin_thr 0 2 -1 4096 2 1 0 1 1000000 23977 Mbps
mempipe_spin_thr 0 1 -1 65536 2 1 0 1 100000 14129 Mbps
mempipe_spin_thr 0 2 -1 65536 2 1 0 1 100000 22217 Mbps
mempipe_spin_thr 0 1 -1 64 2 1 1 1 1000000 5079 Mbps
mempipe_spin_thr 0 2 -1 64 2 1 1 1 1000000 13341 Mbps
mempipe_spin_thr 0 1 -1 4096 2 1 1 1 1000000 21345 Mbps
mempipe_spin_thr 0 2 -1 4096 2 1 1 1 1000000 37007 Mbps
mempipe_spin_thr 0 1 -1 65536 2 1 1 1 100000 22170 Mbps
mempipe_spin_thr 0 2 -1 65536 2 1 1 1 100000 37674 Mbps
mempipe_spin_thr 0 1 -1 64 2 1 0 1 1000000 4671 Mbps
mempipe_spin_thr 0 2 -1 64 2 1 0 1 1000000 10195 Mbps
mempipe_spin_thr 0 1 -1 4096 2 1 0 1 1000000 14430 Mbps
mempipe_spin_thr 0 2 -1 4096 2 1 0 1 1000000 21708 Mbps
mempipe_spin_thr 0 1 -1 65536 2 1 0 1 100000 14116 Mbps
mempipe_spin_thr 0 2 -1 65536 2 1 0 1 100000 23396 Mbps
mempipe_spin_thr 0 1 -1 64 2 1 1 1 1000000 5123 Mbps
mempipe_spin_thr 0 2 -1 64 2 1 1 1 1000000 12519 Mbps
mempipe_spin_thr 0 1 -1 4096 2 1 1 1 1000000 21351 Mbps
mempipe_spin_thr 0 2 -1 4096 2 1 1 1 1000000 37006 Mbps
mempipe_spin_thr 0 1 -1 65536 2 1 1 1 100000 22161 Mbps
mempipe_spin_thr 0 2 -1 65536 2 1 1 1 100000 34853 Mbps
mempipe_spin_thr 0 1 -1 64 2 1 0 1 1000000 4654 Mbps
mempipe_spin_thr 0 2 -1 64 2 1 0 1 1000000 10211 Mbps
mempipe_spin_thr 0 1 -1 4096 2 1 0 1 1000000 14444 Mbps
mempipe_spin_thr 0 2 -1 4096 2 1 0 1 1000000 23970 Mbps
mempipe_spin_thr 0 1 -1 65536 2 1 0 1 100000 14077 Mbps
mempipe_spin_thr 0 2 -1 65536 2 1 0 1 100000 22168 Mbps
mempipe_spin_thr 0 1 -1 64 2 1 1 1 1000000 5151 Mbps
mempipe_spin_thr 0 2 -1 64 2 1 1 1 1000000 12650 Mbps
mempipe_spin_thr 0 1 -1 4096 2 1 1 1 1000000 21465 Mbps
mempipe_spin_thr 0 2 -1 4096 2 1 1 1 1000000 37058 Mbps
mempipe_spin_thr 0 1 -1 65536 2 1 1 1 100000 22326 Mbps
mempipe_spin_thr 0 2 -1 65536 2 1 1 1 100000 38035 Mbps
mempipe_spin_thr 0 1 -1 64 2 1 0 1 1000000 4643 Mbps
mempipe_spin_thr 0 2 -1 64 2 1 0 1 1000000 10205 Mbps
mempipe_spin_thr 0 1 -1 4096 2 1 0 1 1000000 14453 Mbps
mempipe_spin_thr 0 2 -1 4096 2 1 0 1 1000000 23982 Mbps
mempipe_spin_thr 0 1 -1 65536 2 1 0 1 100000 14137 Mbps
mempipe_spin_thr 0 2 -1 65536 2 1 0 1 100000 23272 Mbps
mempipe_spin_thr 0 1 -1 64 2 1 1 1 1000000 5103 Mbps
mempipe_spin_thr 0 2 -1 64 2 1 1 1 1000000 12617 Mbps
mempipe_spin_thr 0 1 -1 4096 2 1 1 1 1000000 21237 Mbps
mempipe_spin_thr 0 2 -1 4096 2 1 1 1 1000000 36929 Mbps
mempipe_spin_thr 0 1 -1 65536 2 1 1 1 100000 22049 Mbps
mempipe_spin_thr 0 2 -1 65536 2 1 1 1 100000 34855 Mbps
mempipe_spin_thr 0 1 -1 64 2 1 0 1 1000000 4649 Mbps
mempipe_spin_thr 0 2 -1 64 2 1 0 1 1000000 10175 Mbps
mempipe_spin_thr 0 1 -1 4096 2 1 0 1 1000000 14436 Mbps
mempipe_spin_thr 0 2 -1 4096 2 1 0 1 1000000 23873 Mbps
mempipe_spin_thr 0 1 -1 65536 2 1 0 1 100000 14091 Mbps
mempipe_spin_thr 0 2 -1 65536 2 1 0 1 100000 22188 Mbps
mempipe_spin_thr 0 1 -1 64 2 1 1 1 1000000 5225 Mbps
mempipe_spin_thr 0 2 -1 64 2 1 1 1 1000000 12647 Mbps
mempipe_spin_thr 0 1 -1 4096 2 1 1 1 1000000 21394 Mbps
mempipe_spin_thr 0 2 -1 4096 2 1 1 1 1000000 36934 Mbps
mempipe_spin_thr 0 1 -1 65536 2 1 1 1 100000 22326 Mbps
mempipe_spin_thr 0 2 -1 65536 2 1 1 1 100000 38000 Mbps
mempipe_spin_thr 0 1 -1 64 2 1 0 1 1000000 4621 Mbps
mempipe_spin_thr 0 2 -1 64 2 1 0 1 1000000 10208 Mbps
mempipe_spin_thr 0 1 -1 4096 2 1 0 1 1000000 14456 Mbps
mempipe_spin_thr 0 2 -1 4096 2 1 0 1 1000000 23812 Mbps
mempipe_spin_thr 0 1 -1 65536 2 1 0 1 100000 14129 Mbps
mempipe_spin_thr 0 2 -1 65536 2 1 0 1 100000 23402 Mbps
