pipe_thr 0 0 -1 64 2 1 1 1 1000000 525 Mbps
pipe_thr 0 1 -1 64 2 1 1 1 1000000 328 Mbps
pipe_thr 0 2 -1 64 2 1 1 1 1000000 900 Mbps
pipe_thr 0 0 -1 4096 2 1 1 1 1000000 6590 Mbps
pipe_thr 0 1 -1 4096 2 1 1 1 1000000 10241 Mbps
pipe_thr 0 2 -1 4096 2 1 1 1 1000000 13277 Mbps
pipe_thr 0 0 -1 65536 2 1 1 1 100000 11872 Mbps
pipe_thr 0 1 -1 65536 2 1 1 1 100000 13541 Mbps
pipe_thr 0 2 -1 65536 2 1 1 1 100000 20572 Mbps
pipe_thr 0 0 -1 64 2 1 1 1 1000000 527 Mbps
pipe_thr 0 1 -1 64 2 1 1 1 1000000 281 Mbps
pipe_thr 0 2 -1 64 2 1 1 1 1000000 925 Mbps
pipe_thr 0 0 -1 4096 2 1 1 1 1000000 6705 Mbps
pipe_thr 0 1 -1 4096 2 1 1 1 1000000 9085 Mbps
pipe_thr 0 2 -1 4096 2 1 1 1 1000000 13233 Mbps
pipe_thr 0 0 -1 65536 2 1 1 1 100000 11871 Mbps
pipe_thr 0 1 -1 65536 2 1 1 1 100000 12111 Mbps
pipe_thr 0 2 -1 65536 2 1 1 1 100000 20080 Mbps
pipe_thr 0 0 -1 64 2 1 1 1 1000000 537 Mbps
pipe_thr 0 1 -1 64 2 1 1 1 1000000 393 Mbps
pipe_thr 0 2 -1 64 2 1 1 1 1000000 876 Mbps
pipe_thr 0 0 -1 4096 2 1 1 1 1000000 6677 Mbps
pipe_thr 0 1 -1 4096 2 1 1 1 1000000 10373 Mbps
pipe_thr 0 2 -1 4096 2 1 1 1 1000000 13499 Mbps
pipe_thr 0 0 -1 65536 2 1 1 1 100000 11887 Mbps
pipe_thr 0 1 -1 65536 2 1 1 1 100000 13585 Mbps
pipe_thr 0 2 -1 65536 2 1 1 1 100000 20554 Mbps
pipe_thr 0 0 -1 64 2 1 1 1 1000000 526 Mbps
pipe_thr 0 1 -1 64 2 1 1 1 1000000 345 Mbps
pipe_thr 0 2 -1 64 2 1 1 1 1000000 908 Mbps
pipe_thr 0 0 -1 4096 2 1 1 1 1000000 6646 Mbps
pipe_thr 0 1 -1 4096 2 1 1 1 1000000 9788 Mbps
pipe_thr 0 2 -1 4096 2 1 1 1 1000000 13252 Mbps
pipe_thr 0 0 -1 65536 2 1 1 1 100000 11887 Mbps
pipe_thr 0 1 -1 65536 2 1 1 1 100000 13680 Mbps
pipe_thr 0 2 -1 65536 2 1 1 1 100000 20527 Mbps
pipe_thr 0 0 -1 64 2 1 1 1 1000000 543 Mbps
pipe_thr 0 1 -1 64 2 1 1 1 1000000 468 Mbps
pipe_thr 0 2 -1 64 2 1 1 1 1000000 878 Mbps
pipe_thr 0 0 -1 4096 2 1 1 1 1000000 6659 Mbps
pipe_thr 0 1 -1 4096 2 1 1 1 1000000 10604 Mbps
pipe_thr 0 2 -1 4096 2 1 1 1 1000000 13217 Mbps
pipe_thr 0 0 -1 65536 2 1 1 1 100000 11848 Mbps
pipe_thr 0 1 -1 65536 2 1 1 1 100000 13608 Mbps
pipe_thr 0 2 -1 65536 2 1 1 1 100000 20534 Mbps
pipe_thr 0 0 -1 64 2 1 1 1 1000000 521 Mbps
pipe_thr 0 1 -1 64 2 1 1 1 1000000 347 Mbps
pipe_thr 0 2 -1 64 2 1 1 1 1000000 930 Mbps
pipe_thr 0 0 -1 4096 2 1 1 1 1000000 6623 Mbps
pipe_thr 0 1 -1 4096 2 1 1 1 1000000 10238 Mbps
pipe_thr 0 2 -1 4096 2 1 1 1 1000000 13326 Mbps
pipe_thr 0 0 -1 65536 2 1 1 1 100000 11882 Mbps
pipe_thr 0 1 -1 65536 2 1 1 1 100000 13634 Mbps
pipe_thr 0 2 -1 65536 2 1 1 1 100000 20536 Mbps
pipe_thr 0 0 -1 64 2 1 1 1 1000000 534 Mbps
pipe_thr 0 1 -1 64 2 1 1 1 1000000 384 Mbps
pipe_thr 0 2 -1 64 2 1 1 1 1000000 963 Mbps
pipe_thr 0 0 -1 4096 2 1 1 1 1000000 6602 Mbps
pipe_thr 0 1 -1 4096 2 1 1 1 1000000 10103 Mbps
pipe_thr 0 2 -1 4096 2 1 1 1 1000000 13314 Mbps
pipe_thr 0 0 -1 65536 2 1 1 1 100000 11869 Mbps
pipe_thr 0 1 -1 65536 2 1 1 1 100000 13645 Mbps
pipe_thr 0 2 -1 65536 2 1 1 1 100000 20522 Mbps
pipe_thr 0 0 -1 64 2 1 1 1 1000000 539 Mbps
pipe_thr 0 1 -1 64 2 1 1 1 1000000 347 Mbps
pipe_thr 0 2 -1 64 2 1 1 1 1000000 927 Mbps
pipe_thr 0 0 -1 4096 2 1 1 1 1000000 6651 Mbps
pipe_thr 0 1 -1 4096 2 1 1 1 1000000 10177 Mbps
pipe_thr 0 2 -1 4096 2 1 1 1 1000000 13187 Mbps
pipe_thr 0 0 -1 65536 2 1 1 1 100000 11845 Mbps
pipe_thr 0 1 -1 65536 2 1 1 1 100000 13615 Mbps
pipe_thr 0 2 -1 65536 2 1 1 1 100000 20541 Mbps
pipe_thr 0 0 -1 64 2 1 1 1 1000000 530 Mbps
pipe_thr 0 1 -1 64 2 1 1 1 1000000 320 Mbps
pipe_thr 0 2 -1 64 2 1 1 1 1000000 908 Mbps
pipe_thr 0 0 -1 4096 2 1 1 1 1000000 6673 Mbps
pipe_thr 0 1 -1 4096 2 1 1 1 1000000 10333 Mbps
pipe_thr 0 2 -1 4096 2 1 1 1 1000000 13496 Mbps
pipe_thr 0 0 -1 65536 2 1 1 1 100000 11859 Mbps
pipe_thr 0 1 -1 65536 2 1 1 1 100000 13599 Mbps
pipe_thr 0 2 -1 65536 2 1 1 1 100000 20474 Mbps
pipe_thr 0 0 -1 64 2 1 1 1 1000000 537 Mbps
pipe_thr 0 1 -1 64 2 1 1 1 1000000 259 Mbps
pipe_thr 0 2 -1 64 2 1 1 1 1000000 923 Mbps
pipe_thr 0 0 -1 4096 2 1 1 1 1000000 6579 Mbps
pipe_thr 0 1 -1 4096 2 1 1 1 1000000 10429 Mbps
pipe_thr 0 2 -1 4096 2 1 1 1 1000000 12691 Mbps
pipe_thr 0 0 -1 65536 2 1 1 1 100000 11858 Mbps
pipe_thr 0 1 -1 65536 2 1 1 1 100000 13655 Mbps
pipe_thr 0 2 -1 65536 2 1 1 1 100000 20548 Mbps
pipe_thr 0 0 -1 64 2 1 1 1 1000000 533 Mbps
pipe_thr 0 1 -1 64 2 1 1 1 1000000 451 Mbps
pipe_thr 0 2 -1 64 2 1 1 1 1000000 905 Mbps
pipe_thr 0 0 -1 4096 2 1 1 1 1000000 6638 Mbps
pipe_thr 0 1 -1 4096 2 1 1 1 1000000 10124 Mbps
pipe_thr 0 2 -1 4096 2 1 1 1 1000000 13533 Mbps
pipe_thr 0 0 -1 65536 2 1 1 1 100000 11867 Mbps
pipe_thr 0 1 -1 65536 2 1 1 1 100000 13618 Mbps
pipe_thr 0 2 -1 65536 2 1 1 1 100000 20561 Mbps
