shmem_pipe_thr 0 0 -1 64 2 1 1 1 1000000 298 Mbps
shmem_pipe_thr 0 1 -1 64 2 1 1 1 1000000 366 Mbps
shmem_pipe_thr 0 2 -1 64 2 1 1 1 1000000 839 Mbps
shmem_pipe_thr 0 0 -1 4096 2 1 1 1 1000000 19050 Mbps
shmem_pipe_thr 0 1 -1 4096 2 1 1 1 1000000 18008 Mbps
shmem_pipe_thr 0 2 -1 4096 2 1 1 1 1000000 35762 Mbps
shmem_pipe_thr 0 0 -1 65536 2 1 1 1 100000 25516 Mbps
shmem_pipe_thr 0 1 -1 65536 2 1 1 1 100000 19554 Mbps
shmem_pipe_thr 0 2 -1 65536 2 1 1 1 100000 35638 Mbps
shmem_pipe_thr 0 0 -1 64 2 1 0 1 1000000 303 Mbps
shmem_pipe_thr 0 1 -1 64 2 1 0 1 1000000 290 Mbps
shmem_pipe_thr 0 2 -1 64 2 1 0 1 1000000 849 Mbps
shmem_pipe_thr 0 0 -1 4096 2 1 0 1 1000000 15208 Mbps
shmem_pipe_thr 0 1 -1 4096 2 1 0 1 1000000 12377 Mbps
shmem_pipe_thr 0 2 -1 4096 2 1 0 1 1000000 24094 Mbps
shmem_pipe_thr 0 0 -1 65536 2 1 0 1 100000 18331 Mbps
shmem_pipe_thr 0 1 -1 65536 2 1 0 1 100000 12226 Mbps
shmem_pipe_thr 0 2 -1 65536 2 1 0 1 100000 22252 Mbps
shmem_pipe_thr 0 0 -1 64 2 1 1 1 1000000 293 Mbps
shmem_pipe_thr 0 1 -1 64 2 1 1 1 1000000 244 Mbps
shmem_pipe_thr 0 2 -1 64 2 1 1 1 1000000 869 Mbps
shmem_pipe_thr 0 0 -1 4096 2 1 1 1 1000000 19066 Mbps
shmem_pipe_thr 0 1 -1 4096 2 1 1 1 1000000 16616 Mbps
shmem_pipe_thr 0 2 -1 4096 2 1 1 1 1000000 35604 Mbps
shmem_pipe_thr 0 0 -1 65536 2 1 1 1 100000 25526 Mbps
shmem_pipe_thr 0 1 -1 65536 2 1 1 1 100000 19616 Mbps
shmem_pipe_thr 0 2 -1 65536 2 1 1 1 100000 36811 Mbps
shmem_pipe_thr 0 0 -1 64 2 1 0 1 1000000 303 Mbps
shmem_pipe_thr 0 1 -1 64 2 1 0 1 1000000 367 Mbps
shmem_pipe_thr 0 2 -1 64 2 1 0 1 1000000 813 Mbps
shmem_pipe_thr 0 0 -1 4096 2 1 0 1 1000000 15202 Mbps
shmem_pipe_thr 0 1 -1 4096 2 1 0 1 1000000 13578 Mbps
shmem_pipe_thr 0 2 -1 4096 2 1 0 1 1000000 23456 Mbps
shmem_pipe_thr 0 0 -1 65536 2 1 0 1 100000 18054 Mbps
shmem_pipe_thr 0 1 -1 65536 2 1 0 1 100000 14272 Mbps
shmem_pipe_thr 0 2 -1 65536 2 1 0 1 100000 23297 Mbps
shmem_pipe_thr 0 0 -1 64 2 1 1 1 1000000 301 Mbps
shmem_pipe_thr 0 1 -1 64 2 1 1 1 1000000 388 Mbps
shmem_pipe_thr 0 2 -1 64 2 1 1 1 1000000 699 Mbps
shmem_pipe_thr 0 0 -1 4096 2 1 1 1 1000000 18993 Mbps
shmem_pipe_thr 0 1 -1 4096 2 1 1 1 1000000 17935 Mbps
shmem_pipe_thr 0 2 -1 4096 2 1 1 1 1000000 35675 Mbps
shmem_pipe_thr 0 0 -1 65536 2 1 1 1 100000 25490 Mbps
shmem_pipe_thr 0 1 -1 65536 2 1 1 1 100000 19442 Mbps
shmem_pipe_thr 0 2 -1 65536 2 1 1 1 100000 34034 Mbps
shmem_pipe_thr 0 0 -1 64 2 1 0 1 1000000 303 Mbps
shmem_pipe_thr 0 1 -1 64 2 1 0 1 1000000 387 Mbps
shmem_pipe_thr 0 2 -1 64 2 1 0 1 1000000 794 Mbps
shmem_pipe_thr 0 0 -1 4096 2 1 0 1 1000000 15200 Mbps
shmem_pipe_thr 0 1 -1 4096 2 1 0 1 1000000 13557 Mbps
shmem_pipe_thr 0 2 -1 4096 2 1 0 1 1000000 22103 Mbps
shmem_pipe_thr 0 0 -1 65536 2 1 0 1 100000 18385 Mbps
shmem_pipe_thr 0 1 -1 65536 2 1 0 1 100000 14328 Mbps
shmem_pipe_thr 0 2 -1 65536 2 1 0 1 100000 23264 Mbps
shmem_pipe_thr 0 0 -1 64 2 1 1 1 1000000 298 Mbps
shmem_pipe_thr 0 1 -1 64 2 1 1 1 1000000 305 Mbps
shmem_pipe_thr 0 2 -1 64 2 1 1 1 1000000 861 Mbps
shmem_pipe_thr 0 0 -1 4096 2 1 1 1 1000000 19074 Mbps
shmem_pipe_thr 0 1 -1 4096 2 1 1 1 1000000 17161 Mbps
shmem_pipe_thr 0 2 -1 4096 2 1 1 1 1000000 31490 Mbps
shmem_pipe_thr 0 0 -1 65536 2 1 1 1 100000 25468 Mbps
shmem_pipe_thr 0 1 -1 65536 2 1 1 1 100000 19581 Mbps
shmem_pipe_thr 0 2 -1 65536 2 1 1 1 100000 36946 Mbps
shmem_pipe_thr 0 0 -1 64 2 1 0 1 1000000 304 Mbps
shmem_pipe_thr 0 1 -1 64 2 1 0 1 1000000 242 Mbps
shmem_pipe_thr 0 2 -1 64 2 1 0 1 1000000 801 Mbps
shmem_pipe_thr 0 0 -1 4096 2 1 0 1 1000000 15255 Mbps
shmem_pipe_thr 0 1 -1 4096 2 1 0 1 1000000 13591 Mbps
shmem_pipe_thr 0 2 -1 4096 2 1 0 1 1000000 23845 Mbps
shmem_pipe_thr 0 0 -1 65536 2 1 0 1 100000 18375 Mbps
shmem_pipe_thr 0 1 -1 65536 2 1 0 1 100000 14325 Mbps
shmem_pipe_thr 0 2 -1 65536 2 1 0 1 100000 23491 Mbps
shmem_pipe_thr 0 0 -1 64 2 1 1 1 1000000 299 Mbps
shmem_pipe_thr 0 1 -1 64 2 1 1 1 1000000 389 Mbps
shmem_pipe_thr 0 2 -1 64 2 1 1 1 1000000 756 Mbps
shmem_pipe_thr 0 0 -1 4096 2 1 1 1 1000000 19012 Mbps
shmem_pipe_thr 0 1 -1 4096 2 1 1 1 1000000 18086 Mbps
shmem_pipe_thr 0 2 -1 4096 2 1 1 1 1000000 35279 Mbps
shmem_pipe_thr 0 0 -1 65536 2 1 1 1 100000 25545 Mbps
shmem_pipe_thr 0 1 -1 65536 2 1 1 1 100000 19630 Mbps
shmem_pipe_thr 0 2 -1 65536 2 1 1 1 100000 34051 Mbps
shmem_pipe_thr 0 0 -1 64 2 1 0 1 1000000 304 Mbps
shmem_pipe_thr 0 1 -1 64 2 1 0 1 1000000 302 Mbps
shmem_pipe_thr 0 2 -1 64 2 1 0 1 1000000 792 Mbps
shmem_pipe_thr 0 0 -1 4096 2 1 0 1 1000000 15204 Mbps
shmem_pipe_thr 0 1 -1 4096 2 1 0 1 1000000 13589 Mbps
shmem_pipe_thr 0 2 -1 4096 2 1 0 1 1000000 22042 Mbps
shmem_pipe_thr 0 0 -1 65536 2 1 0 1 100000 18366 Mbps
shmem_pipe_thr 0 1 -1 65536 2 1 0 1 100000 14308 Mbps
shmem_pipe_thr 0 2 -1 65536 2 1 0 1 100000 23443 Mbps
shmem_pipe_thr 0 0 -1 64 2 1 1 1 1000000 296 Mbps
shmem_pipe_thr 0 1 -1 64 2 1 1 1 1000000 332 Mbps
shmem_pipe_thr 0 2 -1 64 2 1 1 1 1000000 841 Mbps
shmem_pipe_thr 0 0 -1 4096 2 1 1 1 1000000 19013 Mbps
shmem_pipe_thr 0 1 -1 4096 2 1 1 1 1000000 17294 Mbps
shmem_pipe_thr 0 2 -1 4096 2 1 1 1 1000000 35692 Mbps
shmem_pipe_thr 0 0 -1 65536 2 1 1 1 100000 25512 Mbps
shmem_pipe_thr 0 1 -1 65536 2 1 1 1 100000 19600 Mbps
shmem_pipe_thr 0 2 -1 65536 2 1 1 1 100000 36711 Mbps
shmem_pipe_thr 0 0 -1 64 2 1 0 1 1000000 307 Mbps
shmem_pipe_thr 0 1 -1 64 2 1 0 1 1000000 305 Mbps
shmem_pipe_thr 0 2 -1 64 2 1 0 1 1000000 796 Mbps
shmem_pipe_thr 0 0 -1 4096 2 1 0 1 1000000 15237 Mbps
shmem_pipe_thr 0 1 -1 4096 2 1 0 1 1000000 13597 Mbps
shmem_pipe_thr 0 2 -1 4096 2 1 0 1 1000000 24095 Mbps
shmem_pipe_thr 0 0 -1 65536 2 1 0 1 100000 18384 Mbps
shmem_pipe_thr 0 1 -1 65536 2 1 0 1 100000 14313 Mbps
shmem_pipe_thr 0 2 -1 65536 2 1 0 1 100000 23447 Mbps
shmem_pipe_thr 0 0 -1 64 2 1 1 1 1000000 297 Mbps
shmem_pipe_thr 0 1 -1 64 2 1 1 1 1000000 365 Mbps
shmem_pipe_thr 0 2 -1 64 2 1 1 1 1000000 720 Mbps
shmem_pipe_thr 0 0 -1 4096 2 1 1 1 1000000 19043 Mbps
shmem_pipe_thr 0 1 -1 4096 2 1 1 1 1000000 18011 Mbps
shmem_pipe_thr 0 2 -1 4096 2 1 1 1 1000000 35537 Mbps
shmem_pipe_thr 0 0 -1 65536 2 1 1 1 100000 25534 Mbps
shmem_pipe_thr 0 1 -1 65536 2 1 1 1 100000 19622 Mbps
shmem_pipe_thr 0 2 -1 65536 2 1 1 1 100000 34030 Mbps
shmem_pipe_thr 0 0 -1 64 2 1 0 1 1000000 312 Mbps
shmem_pipe_thr 0 1 -1 64 2 1 0 1 1000000 330 Mbps
shmem_pipe_thr 0 2 -1 64 2 1 0 1 1000000 817 Mbps
shmem_pipe_thr 0 0 -1 4096 2 1 0 1 1000000 15202 Mbps
shmem_pipe_thr 0 1 -1 4096 2 1 0 1 1000000 13561 Mbps
shmem_pipe_thr 0 2 -1 4096 2 1 0 1 1000000 22103 Mbps
shmem_pipe_thr 0 0 -1 65536 2 1 0 1 100000 18372 Mbps
shmem_pipe_thr 0 1 -1 65536 2 1 0 1 100000 14311 Mbps
shmem_pipe_thr 0 2 -1 65536 2 1 0 1 100000 23264 Mbps
shmem_pipe_thr 0 0 -1 64 2 1 1 1 1000000 301 Mbps
shmem_pipe_thr 0 1 -1 64 2 1 1 1 1000000 386 Mbps
shmem_pipe_thr 0 2 -1 64 2 1 1 1 1000000 866 Mbps
shmem_pipe_thr 0 0 -1 4096 2 1 1 1 1000000 19013 Mbps
shmem_pipe_thr 0 1 -1 4096 2 1 1 1 1000000 16682 Mbps
shmem_pipe_thr 0 2 -1 4096 2 1 1 1 1000000 35565 Mbps
shmem_pipe_thr 0 0 -1 65536 2 1 1 1 100000 25335 Mbps
shmem_pipe_thr 0 1 -1 65536 2 1 1 1 100000 19545 Mbps
shmem_pipe_thr 0 2 -1 65536 2 1 1 1 100000 36949 Mbps
shmem_pipe_thr 0 0 -1 64 2 1 0 1 1000000 303 Mbps
shmem_pipe_thr 0 1 -1 64 2 1 0 1 1000000 316 Mbps
shmem_pipe_thr 0 2 -1 64 2 1 0 1 1000000 794 Mbps
shmem_pipe_thr 0 0 -1 4096 2 1 0 1 1000000 15194 Mbps
shmem_pipe_thr 0 1 -1 4096 2 1 0 1 1000000 13558 Mbps
shmem_pipe_thr 0 2 -1 4096 2 1 0 1 1000000 23984 Mbps
shmem_pipe_thr 0 0 -1 65536 2 1 0 1 100000 18324 Mbps
shmem_pipe_thr 0 1 -1 65536 2 1 0 1 100000 14293 Mbps
shmem_pipe_thr 0 2 -1 65536 2 1 0 1 100000 23247 Mbps
shmem_pipe_thr 0 0 -1 64 2 1 1 1 1000000 298 Mbps
shmem_pipe_thr 0 1 -1 64 2 1 1 1 1000000 373 Mbps
shmem_pipe_thr 0 2 -1 64 2 1 1 1 1000000 811 Mbps
shmem_pipe_thr 0 0 -1 4096 2 1 1 1 1000000 18999 Mbps
shmem_pipe_thr 0 1 -1 4096 2 1 1 1 1000000 17137 Mbps
shmem_pipe_thr 0 2 -1 4096 2 1 1 1 1000000 35722 Mbps
shmem_pipe_thr 0 0 -1 65536 2 1 1 1 100000 25475 Mbps
shmem_pipe_thr 0 1 -1 65536 2 1 1 1 100000 19716 Mbps
shmem_pipe_thr 0 2 -1 65536 2 1 1 1 100000 36974 Mbps
shmem_pipe_thr 0 0 -1 64 2 1 0 1 1000000 306 Mbps
shmem_pipe_thr 0 1 -1 64 2 1 0 1 1000000 382 Mbps
shmem_pipe_thr 0 2 -1 64 2 1 0 1 1000000 788 Mbps
shmem_pipe_thr 0 0 -1 4096 2 1 0 1 1000000 15243 Mbps
shmem_pipe_thr 0 1 -1 4096 2 1 0 1 1000000 13561 Mbps
shmem_pipe_thr 0 2 -1 4096 2 1 0 1 1000000 24118 Mbps
shmem_pipe_thr 0 0 -1 65536 2 1 0 1 100000 18394 Mbps
shmem_pipe_thr 0 1 -1 65536 2 1 0 1 100000 14353 Mbps
shmem_pipe_thr 0 2 -1 65536 2 1 0 1 100000 22953 Mbps
shmem_pipe_thr 0 0 -1 64 2 1 1 1 1000000 295 Mbps
shmem_pipe_thr 0 1 -1 64 2 1 1 1 1000000 381 Mbps
shmem_pipe_thr 0 2 -1 64 2 1 1 1 1000000 818 Mbps
shmem_pipe_thr 0 0 -1 4096 2 1 1 1 1000000 19069 Mbps
shmem_pipe_thr 0 1 -1 4096 2 1 1 1 1000000 16759 Mbps
shmem_pipe_thr 0 2 -1 4096 2 1 1 1 1000000 35546 Mbps
shmem_pipe_thr 0 0 -1 65536 2 1 1 1 100000 25464 Mbps
shmem_pipe_thr 0 1 -1 65536 2 1 1 1 100000 19592 Mbps
shmem_pipe_thr 0 2 -1 65536 2 1 1 1 100000 36983 Mbps
shmem_pipe_thr 0 0 -1 64 2 1 0 1 1000000 305 Mbps
shmem_pipe_thr 0 1 -1 64 2 1 0 1 1000000 273 Mbps
shmem_pipe_thr 0 2 -1 64 2 1 0 1 1000000 797 Mbps
shmem_pipe_thr 0 0 -1 4096 2 1 0 1 1000000 15220 Mbps
shmem_pipe_thr 0 1 -1 4096 2 1 0 1 1000000 13566 Mbps
shmem_pipe_thr 0 2 -1 4096 2 1 0 1 1000000 24026 Mbps
shmem_pipe_thr 0 0 -1 65536 2 1 0 1 100000 18352 Mbps
shmem_pipe_thr 0 1 -1 65536 2 1 0 1 100000 14296 Mbps
shmem_pipe_thr 0 2 -1 65536 2 1 0 1 100000 23317 Mbps
shmem_pipe_thr 0 0 -1 64 2 1 1 1 1000000 293 Mbps
shmem_pipe_thr 0 1 -1 64 2 1 1 1 1000000 372 Mbps
shmem_pipe_thr 0 2 -1 64 2 1 1 1 1000000 839 Mbps
shmem_pipe_thr 0 0 -1 4096 2 1 1 1 1000000 18923 Mbps
shmem_pipe_thr 0 1 -1 4096 2 1 1 1 1000000 16924 Mbps
shmem_pipe_thr 0 2 -1 4096 2 1 1 1 1000000 35637 Mbps
shmem_pipe_thr 0 0 -1 65536 2 1 1 1 100000 25533 Mbps
shmem_pipe_thr 0 1 -1 65536 2 1 1 1 100000 19527 Mbps
shmem_pipe_thr 0 2 -1 65536 2 1 1 1 100000 36699 Mbps
shmem_pipe_thr 0 0 -1 64 2 1 0 1 1000000 300 Mbps
shmem_pipe_thr 0 1 -1 64 2 1 0 1 1000000 308 Mbps
shmem_pipe_thr 0 2 -1 64 2 1 0 1 1000000 846 Mbps
shmem_pipe_thr 0 0 -1 4096 2 1 0 1 1000000 15229 Mbps
shmem_pipe_thr 0 1 -1 4096 2 1 0 1 1000000 13590 Mbps
shmem_pipe_thr 0 2 -1 4096 2 1 0 1 1000000 23813 Mbps
shmem_pipe_thr 0 0 -1 65536 2 1 0 1 100000 18400 Mbps
shmem_pipe_thr 0 1 -1 65536 2 1 0 1 100000 14340 Mbps
shmem_pipe_thr 0 2 -1 65536 2 1 0 1 100000 23283 Mbps
