tcp_nodelay_thr 0 0 -1 64 2 1 1 1 1000000 455 Mbps
tcp_nodelay_thr 0 1 -1 64 2 1 1 1 1000000 63 Mbps
tcp_nodelay_thr 0 2 -1 64 2 1 1 1 1000000 72 Mbps
tcp_nodelay_thr 0 0 -1 4096 2 1 1 1 1000000 6660 Mbps
tcp_nodelay_thr 0 1 -1 4096 2 1 1 1 1000000 3192 Mbps
tcp_nodelay_thr 0 2 -1 4096 2 1 1 1 1000000 4287 Mbps
tcp_nodelay_thr 0 0 -1 65536 2 1 1 1 100000 8102 Mbps
tcp_nodelay_thr 0 1 -1 65536 2 1 1 1 100000 10024 Mbps
tcp_nodelay_thr 0 2 -1 65536 2 1 1 1 100000 13561 Mbps
tcp_nodelay_thr 0 0 -1 64 2 1 1 1 1000000 451 Mbps
tcp_nodelay_thr 0 1 -1 64 2 1 1 1 1000000 65 Mbps
tcp_nodelay_thr 0 2 -1 64 2 1 1 1 1000000 75 Mbps
tcp_nodelay_thr 0 0 -1 4096 2 1 1 1 1000000 5571 Mbps
tcp_nodelay_thr 0 1 -1 4096 2 1 1 1 1000000 3230 Mbps
tcp_nodelay_thr 0 2 -1 4096 2 1 1 1 1000000 4244 Mbps
tcp_nodelay_thr 0 0 -1 65536 2 1 1 1 100000 7869 Mbps
tcp_nodelay_thr 0 1 -1 65536 2 1 1 1 100000 10437 Mbps
tcp_nodelay_thr 0 2 -1 65536 2 1 1 1 100000 10877 Mbps
tcp_nodelay_thr 0 0 -1 64 2 1 1 1 1000000 459 Mbps
tcp_nodelay_thr 0 1 -1 64 2 1 1 1 1000000 63 Mbps
tcp_nodelay_thr 0 2 -1 64 2 1 1 1 1000000 70 Mbps
tcp_nodelay_thr 0 0 -1 4096 2 1 1 1 1000000 6540 Mbps
tcp_nodelay_thr 0 1 -1 4096 2 1 1 1 1000000 3207 Mbps
tcp_nodelay_thr 0 2 -1 4096 2 1 1 1 1000000 4307 Mbps
tcp_nodelay_thr 0 0 -1 65536 2 1 1 1 100000 7946 Mbps
tcp_nodelay_thr 0 1 -1 65536 2 1 1 1 100000 10401 Mbps
tcp_nodelay_thr 0 2 -1 65536 2 1 1 1 100000 12872 Mbps
tcp_nodelay_thr 0 0 -1 64 2 1 1 1 1000000 462 Mbps
tcp_nodelay_thr 0 1 -1 64 2 1 1 1 1000000 65 Mbps
tcp_nodelay_thr 0 2 -1 64 2 1 1 1 1000000 72 Mbps
tcp_nodelay_thr 0 0 -1 4096 2 1 1 1 1000000 5737 Mbps
tcp_nodelay_thr 0 1 -1 4096 2 1 1 1 1000000 3208 Mbps
tcp_nodelay_thr 0 2 -1 4096 2 1 1 1 1000000 4298 Mbps
tcp_nodelay_thr 0 0 -1 65536 2 1 1 1 100000 7984 Mbps
tcp_nodelay_thr 0 1 -1 65536 2 1 1 1 100000 10632 Mbps
tcp_nodelay_thr 0 2 -1 65536 2 1 1 1 100000 11198 Mbps
tcp_nodelay_thr 0 0 -1 64 2 1 1 1 1000000 455 Mbps
tcp_nodelay_thr 0 1 -1 64 2 1 1 1 1000000 63 Mbps
tcp_nodelay_thr 0 2 -1 64 2 1 1 1 1000000 70 Mbps
tcp_nodelay_thr 0 0 -1 4096 2 1 1 1 1000000 5788 Mbps
tcp_nodelay_thr 0 1 -1 4096 2 1 1 1 1000000 3232 Mbps
tcp_nodelay_thr 0 2 -1 4096 2 1 1 1 1000000 4365 Mbps
tcp_nodelay_thr 0 0 -1 65536 2 1 1 1 100000 7995 Mbps
tcp_nodelay_thr 0 1 -1 65536 2 1 1 1 100000 10546 Mbps
tcp_nodelay_thr 0 2 -1 65536 2 1 1 1 100000 14772 Mbps
tcp_nodelay_thr 0 0 -1 64 2 1 1 1 1000000 454 Mbps
tcp_nodelay_thr 0 1 -1 64 2 1 1 1 1000000 65 Mbps
tcp_nodelay_thr 0 2 -1 64 2 1 1 1 1000000 74 Mbps
tcp_nodelay_thr 0 0 -1 4096 2 1 1 1 1000000 6601 Mbps
tcp_nodelay_thr 0 1 -1 4096 2 1 1 1 1000000 3126 Mbps
tcp_nodelay_thr 0 2 -1 4096 2 1 1 1 1000000 4299 Mbps
tcp_nodelay_thr 0 0 -1 65536 2 1 1 1 100000 7991 Mbps
tcp_nodelay_thr 0 1 -1 65536 2 1 1 1 100000 10578 Mbps
tcp_nodelay_thr 0 2 -1 65536 2 1 1 1 100000 10707 Mbps
tcp_nodelay_thr 0 0 -1 64 2 1 1 1 1000000 455 Mbps
tcp_nodelay_thr 0 1 -1 64 2 1 1 1 1000000 64 Mbps
tcp_nodelay_thr 0 2 -1 64 2 1 1 1 1000000 70 Mbps
tcp_nodelay_thr 0 0 -1 4096 2 1 1 1 1000000 6581 Mbps
tcp_nodelay_thr 0 1 -1 4096 2 1 1 1 1000000 3226 Mbps
tcp_nodelay_thr 0 2 -1 4096 2 1 1 1 1000000 4287 Mbps
tcp_nodelay_thr 0 0 -1 65536 2 1 1 1 100000 8007 Mbps
tcp_nodelay_thr 0 1 -1 65536 2 1 1 1 100000 10553 Mbps
tcp_nodelay_thr 0 2 -1 65536 2 1 1 1 100000 11817 Mbps
tcp_nodelay_thr 0 0 -1 64 2 1 1 1 1000000 465 Mbps
tcp_nodelay_thr 0 1 -1 64 2 1 1 1 1000000 64 Mbps
tcp_nodelay_thr 0 2 -1 64 2 1 1 1 1000000 71 Mbps
tcp_nodelay_thr 0 0 -1 4096 2 1 1 1 1000000 6587 Mbps
tcp_nodelay_thr 0 1 -1 4096 2 1 1 1 1000000 3183 Mbps
tcp_nodelay_thr 0 2 -1 4096 2 1 1 1 1000000 4386 Mbps
tcp_nodelay_thr 0 0 -1 65536 2 1 1 1 100000 8022 Mbps
tcp_nodelay_thr 0 1 -1 65536 2 1 1 1 100000 10558 Mbps
tcp_nodelay_thr 0 2 -1 65536 2 1 1 1 100000 10693 Mbps
tcp_nodelay_thr 0 0 -1 64 2 1 1 1 1000000 465 Mbps
tcp_nodelay_thr 0 1 -1 64 2 1 1 1 1000000 63 Mbps
tcp_nodelay_thr 0 2 -1 64 2 1 1 1 1000000 70 Mbps
tcp_nodelay_thr 0 0 -1 4096 2 1 1 1 1000000 6595 Mbps
tcp_nodelay_thr 0 1 -1 4096 2 1 1 1 1000000 3249 Mbps
tcp_nodelay_thr 0 2 -1 4096 2 1 1 1 1000000 4290 Mbps
tcp_nodelay_thr 0 0 -1 65536 2 1 1 1 100000 7984 Mbps
tcp_nodelay_thr 0 1 -1 65536 2 1 1 1 100000 10521 Mbps
tcp_nodelay_thr 0 2 -1 65536 2 1 1 1 100000 10826 Mbps
tcp_nodelay_thr 0 0 -1 64 2 1 1 1 1000000 451 Mbps
tcp_nodelay_thr 0 1 -1 64 2 1 1 1 1000000 64 Mbps
tcp_nodelay_thr 0 2 -1 64 2 1 1 1 1000000 71 Mbps
tcp_nodelay_thr 0 0 -1 4096 2 1 1 1 1000000 5792 Mbps
tcp_nodelay_thr 0 1 -1 4096 2 1 1 1 1000000 3320 Mbps
tcp_nodelay_thr 0 2 -1 4096 2 1 1 1 1000000 4365 Mbps
tcp_nodelay_thr 0 0 -1 65536 2 1 1 1 100000 8021 Mbps
tcp_nodelay_thr 0 1 -1 65536 2 1 1 1 100000 10586 Mbps
tcp_nodelay_thr 0 2 -1 65536 2 1 1 1 100000 12934 Mbps
tcp_nodelay_thr 0 0 -1 64 2 1 1 1 1000000 457 Mbps
tcp_nodelay_thr 0 1 -1 64 2 1 1 1 1000000 64 Mbps
tcp_nodelay_thr 0 2 -1 64 2 1 1 1 1000000 71 Mbps
tcp_nodelay_thr 0 0 -1 4096 2 1 1 1 1000000 6615 Mbps
tcp_nodelay_thr 0 1 -1 4096 2 1 1 1 1000000 3282 Mbps
tcp_nodelay_thr 0 2 -1 4096 2 1 1 1 1000000 4293 Mbps
tcp_nodelay_thr 0 0 -1 65536 2 1 1 1 100000 8025 Mbps
tcp_nodelay_thr 0 1 -1 65536 2 1 1 1 100000 10508 Mbps
tcp_nodelay_thr 0 2 -1 65536 2 1 1 1 100000 10505 Mbps
