unix_thr 0 0 -1 64 2 1 1 1 1000000 341 Mbps
unix_thr 0 1 -1 64 2 1 1 1 1000000 235 Mbps
unix_thr 0 2 -1 64 2 1 1 1 1000000 513 Mbps
unix_thr 0 0 -1 4096 2 1 1 1 1000000 9034 Mbps
unix_thr 0 1 -1 4096 2 1 1 1 1000000 6752 Mbps
unix_thr 0 2 -1 4096 2 1 1 1 1000000 14552 Mbps
unix_thr 0 0 -1 65536 2 1 1 1 100000 11221 Mbps
unix_thr 0 1 -1 65536 2 1 1 1 100000 11137 Mbps
unix_thr 0 2 -1 65536 2 1 1 1 100000 19727 Mbps
unix_thr 0 0 -1 64 2 1 1 1 1000000 340 Mbps
unix_thr 0 1 -1 64 2 1 1 1 1000000 216 Mbps
unix_thr 0 2 -1 64 2 1 1 1 1000000 512 Mbps
unix_thr 0 0 -1 4096 2 1 1 1 1000000 9099 Mbps
unix_thr 0 1 -1 4096 2 1 1 1 1000000 6878 Mbps
unix_thr 0 2 -1 4096 2 1 1 1 1000000 13804 Mbps
unix_thr 0 0 -1 65536 2 1 1 1 100000 11099 Mbps
unix_thr 0 1 -1 65536 2 1 1 1 100000 10908 Mbps
unix_thr 0 2 -1 65536 2 1 1 1 100000 19614 Mbps
unix_thr 0 0 -1 64 2 1 1 1 1000000 338 Mbps
unix_thr 0 1 -1 64 2 1 1 1 1000000 218 Mbps
unix_thr 0 2 -1 64 2 1 1 1 1000000 516 Mbps
unix_thr 0 0 -1 4096 2 1 1 1 1000000 9083 Mbps
unix_thr 0 1 -1 4096 2 1 1 1 1000000 6937 Mbps
unix_thr 0 2 -1 4096 2 1 1 1 1000000 14570 Mbps
unix_thr 0 0 -1 65536 2 1 1 1 100000 11229 Mbps
unix_thr 0 1 -1 65536 2 1 1 1 100000 10897 Mbps
unix_thr 0 2 -1 65536 2 1 1 1 100000 19726 Mbps
unix_thr 0 0 -1 64 2 1 1 1 1000000 340 Mbps
unix_thr 0 1 -1 64 2 1 1 1 1000000 238 Mbps
unix_thr 0 2 -1 64 2 1 1 1 1000000 511 Mbps
unix_thr 0 0 -1 4096 2 1 1 1 1000000 9152 Mbps
unix_thr 0 1 -1 4096 2 1 1 1 1000000 7051 Mbps
unix_thr 0 2 -1 4096 2 1 1 1 1000000 14584 Mbps
unix_thr 0 0 -1 65536 2 1 1 1 100000 11218 Mbps
unix_thr 0 1 -1 65536 2 1 1 1 100000 10955 Mbps
unix_thr 0 2 -1 65536 2 1 1 1 100000 18851 Mbps
unix_thr 0 0 -1 64 2 1 1 1 1000000 339 Mbps
unix_thr 0 1 -1 64 2 1 1 1 1000000 224 Mbps
unix_thr 0 2 -1 64 2 1 1 1 1000000 511 Mbps
unix_thr 0 0 -1 4096 2 1 1 1 1000000 9158 Mbps
unix_thr 0 1 -1 4096 2 1 1 1 1000000 7032 Mbps
unix_thr 0 2 -1 4096 2 1 1 1 1000000 14554 Mbps
unix_thr 0 0 -1 65536 2 1 1 1 100000 11238 Mbps
unix_thr 0 1 -1 65536 2 1 1 1 100000 10892 Mbps
unix_thr 0 2 -1 65536 2 1 1 1 100000 19732 Mbps
unix_thr 0 0 -1 64 2 1 1 1 1000000 340 Mbps
unix_thr 0 1 -1 64 2 1 1 1 1000000 239 Mbps
unix_thr 0 2 -1 64 2 1 1 1 1000000 515 Mbps
unix_thr 0 0 -1 4096 2 1 1 1 1000000 9037 Mbps
unix_thr 0 1 -1 4096 2 1 1 1 1000000 7054 Mbps
unix_thr 0 2 -1 4096 2 1 1 1 1000000 14613 Mbps
unix_thr 0 0 -1 65536 2 1 1 1 100000 11224 Mbps
unix_thr 0 1 -1 65536 2 1 1 1 100000 11093 Mbps
unix_thr 0 2 -1 65536 2 1 1 1 100000 18833 Mbps
unix_thr 0 0 -1 64 2 1 1 1 1000000 340 Mbps
unix_thr 0 1 -1 64 2 1 1 1 1000000 236 Mbps
unix_thr 0 2 -1 64 2 1 1 1 1000000 515 Mbps
unix_thr 0 0 -1 4096 2 1 1 1 1000000 9037 Mbps
unix_thr 0 1 -1 4096 2 1 1 1 1000000 7054 Mbps
unix_thr 0 2 -1 4096 2 1 1 1 1000000 14600 Mbps
unix_thr 0 0 -1 65536 2 1 1 1 100000 11221 Mbps
unix_thr 0 1 -1 65536 2 1 1 1 100000 11732 Mbps
unix_thr 0 2 -1 65536 2 1 1 1 100000 19707 Mbps
unix_thr 0 0 -1 64 2 1 1 1 1000000 340 Mbps
unix_thr 0 1 -1 64 2 1 1 1 1000000 239 Mbps
unix_thr 0 2 -1 64 2 1 1 1 1000000 517 Mbps
unix_thr 0 0 -1 4096 2 1 1 1 1000000 9047 Mbps
unix_thr 0 1 -1 4096 2 1 1 1 1000000 7068 Mbps
unix_thr 0 2 -1 4096 2 1 1 1 1000000 14575 Mbps
unix_thr 0 0 -1 65536 2 1 1 1 100000 11210 Mbps
unix_thr 0 1 -1 65536 2 1 1 1 100000 11713 Mbps
unix_thr 0 2 -1 65536 2 1 1 1 100000 19724 Mbps
unix_thr 0 0 -1 64 2 1 1 1 1000000 341 Mbps
unix_thr 0 1 -1 64 2 1 1 1 1000000 238 Mbps
unix_thr 0 2 -1 64 2 1 1 1 1000000 512 Mbps
unix_thr 0 0 -1 4096 2 1 1 1 1000000 9080 Mbps
unix_thr 0 1 -1 4096 2 1 1 1 1000000 7046 Mbps
unix_thr 0 2 -1 4096 2 1 1 1 1000000 13827 Mbps
unix_thr 0 0 -1 65536 2 1 1 1 100000 11221 Mbps
unix_thr 0 1 -1 65536 2 1 1 1 100000 11706 Mbps
unix_thr 0 2 -1 65536 2 1 1 1 100000 19728 Mbps
unix_thr 0 0 -1 64 2 1 1 1 1000000 341 Mbps
unix_thr 0 1 -1 64 2 1 1 1 1000000 237 Mbps
unix_thr 0 2 -1 64 2 1 1 1 1000000 518 Mbps
unix_thr 0 0 -1 4096 2 1 1 1 1000000 9185 Mbps
unix_thr 0 1 -1 4096 2 1 1 1 1000000 7052 Mbps
unix_thr 0 2 -1 4096 2 1 1 1 1000000 14604 Mbps
unix_thr 0 0 -1 65536 2 1 1 1 100000 11219 Mbps
unix_thr 0 1 -1 65536 2 1 1 1 100000 10810 Mbps
unix_thr 0 2 -1 65536 2 1 1 1 100000 19719 Mbps
unix_thr 0 0 -1 64 2 1 1 1 1000000 342 Mbps
unix_thr 0 1 -1 64 2 1 1 1 1000000 237 Mbps
unix_thr 0 2 -1 64 2 1 1 1 1000000 516 Mbps
unix_thr 0 0 -1 4096 2 1 1 1 1000000 9167 Mbps
unix_thr 0 1 -1 4096 2 1 1 1 1000000 7019 Mbps
unix_thr 0 2 -1 4096 2 1 1 1 1000000 13837 Mbps
unix_thr 0 0 -1 65536 2 1 1 1 100000 11215 Mbps
unix_thr 0 1 -1 65536 2 1 1 1 100000 11715 Mbps
unix_thr 0 2 -1 65536 2 1 1 1 100000 19742 Mbps
