mempipe_thr 0 0 -1 64 2 1 1 1 1000000 3760 Mbps
mempipe_thr 0 1 -1 64 2 1 1 1 1000000 2828 Mbps
mempipe_thr 0 2 -1 64 2 1 1 1 1000000 8428 Mbps
mempipe_thr 0 0 -1 4096 2 1 1 1 1000000 7863 Mbps
mempipe_thr 0 1 -1 4096 2 1 1 1 1000000 15617 Mbps
mempipe_thr 0 2 -1 4096 2 1 1 1 1000000 24140 Mbps
mempipe_thr 0 0 -1 65536 2 1 1 1 100000 23095 Mbps
mempipe_thr 0 1 -1 65536 2 1 1 1 100000 18532 Mbps
mempipe_thr 0 2 -1 65536 2 1 1 1 100000 31780 Mbps
mempipe_thr 0 0 -1 64 2 1 0 1 1000000 1653 Mbps
mempipe_thr 0 1 -1 64 2 1 0 1 1000000 3278 Mbps
mempipe_thr 0 2 -1 64 2 1 0 1 1000000 7101 Mbps
mempipe_thr 0 0 -1 4096 2 1 0 1 1000000 6902 Mbps
mempipe_thr 0 1 -1 4096 2 1 0 1 1000000 8948 Mbps
mempipe_thr 0 2 -1 4096 2 1 0 1 1000000 14926 Mbps
mempipe_thr 0 0 -1 65536 2 1 0 1 100000 16943 Mbps
mempipe_thr 0 1 -1 65536 2 1 0 1 100000 12397 Mbps
mempipe_thr 0 2 -1 65536 2 1 0 1 100000 20765 Mbps
mempipe_thr 0 0 -1 64 2 1 1 1 1000000 2358 Mbps
mempipe_thr 0 1 -1 64 2 1 1 1 1000000 2959 Mbps
mempipe_thr 0 2 -1 64 2 1 1 1 1000000 8293 Mbps
mempipe_thr 0 0 -1 4096 2 1 1 1 1000000 7954 Mbps
mempipe_thr 0 1 -1 4096 2 1 1 1 1000000 9882 Mbps
mempipe_thr 0 2 -1 4096 2 1 1 1 1000000 22937 Mbps
mempipe_thr 0 0 -1 65536 2 1 1 1 100000 23025 Mbps
mempipe_thr 0 1 -1 65536 2 1 1 1 100000 14487 Mbps
mempipe_thr 0 2 -1 65536 2 1 1 1 100000 34296 Mbps
mempipe_thr 0 0 -1 64 2 1 0 1 1000000 1985 Mbps
mempipe_thr 0 1 -1 64 2 1 0 1 1000000 3115 Mbps
mempipe_thr 0 2 -1 64 2 1 0 1 1000000 6903 Mbps
mempipe_thr 0 0 -1 4096 2 1 0 1 1000000 6895 Mbps
mempipe_thr 0 1 -1 4096 2 1 0 1 1000000 9342 Mbps
mempipe_thr 0 2 -1 4096 2 1 0 1 1000000 15661 Mbps
mempipe_thr 0 0 -1 65536 2 1 0 1 100000 16798 Mbps
mempipe_thr 0 1 -1 65536 2 1 0 1 100000 12051 Mbps
mempipe_thr 0 2 -1 65536 2 1 0 1 100000 21882 Mbps
mempipe_thr 0 0 -1 64 2 1 1 1 1000000 3847 Mbps
mempipe_thr 0 1 -1 64 2 1 1 1 1000000 2876 Mbps
mempipe_thr 0 2 -1 64 2 1 1 1 1000000 8060 Mbps
mempipe_thr 0 0 -1 4096 2 1 1 1 1000000 7844 Mbps
mempipe_thr 0 1 -1 4096 2 1 1 1 1000000 15857 Mbps
mempipe_thr 0 2 -1 4096 2 1 1 1 1000000 24033 Mbps
mempipe_thr 0 0 -1 65536 2 1 1 1 100000 23044 Mbps
mempipe_thr 0 1 -1 65536 2 1 1 1 100000 17059 Mbps
mempipe_thr 0 2 -1 65536 2 1 1 1 100000 34107 Mbps
mempipe_thr 0 0 -1 64 2 1 0 1 1000000 1918 Mbps
mempipe_thr 0 1 -1 64 2 1 0 1 1000000 3308 Mbps
mempipe_thr 0 2 -1 64 2 1 0 1 1000000 6759 Mbps
mempipe_thr 0 0 -1 4096 2 1 0 1 1000000 6905 Mbps
mempipe_thr 0 1 -1 4096 2 1 0 1 1000000 8984 Mbps
mempipe_thr 0 2 -1 4096 2 1 0 1 1000000 14932 Mbps
mempipe_thr 0 0 -1 65536 2 1 0 1 100000 16805 Mbps
mempipe_thr 0 1 -1 65536 2 1 0 1 100000 12366 Mbps
mempipe_thr 0 2 -1 65536 2 1 0 1 100000 20822 Mbps
mempipe_thr 0 0 -1 64 2 1 1 1 1000000 2214 Mbps
mempipe_thr 0 1 -1 64 2 1 1 1 1000000 2906 Mbps
mempipe_thr 0 2 -1 64 2 1 1 1 1000000 8444 Mbps
mempipe_thr 0 0 -1 4096 2 1 1 1 1000000 7863 Mbps
mempipe_thr 0 1 -1 4096 2 1 1 1 1000000 16040 Mbps
mempipe_thr 0 2 -1 4096 2 1 1 1 1000000 23927 Mbps
mempipe_thr 0 0 -1 65536 2 1 1 1 100000 22956 Mbps
mempipe_thr 0 1 -1 65536 2 1 1 1 100000 18616 Mbps
mempipe_thr 0 2 -1 65536 2 1 1 1 100000 34196 Mbps
mempipe_thr 0 0 -1 64 2 1 0 1 1000000 2208 Mbps
mempipe_thr 0 1 -1 64 2 1 0 1 1000000 3349 Mbps
mempipe_thr 0 2 -1 64 2 1 0 1 1000000 6952 Mbps
mempipe_thr 0 0 -1 4096 2 1 0 1 1000000 6891 Mbps
mempipe_thr 0 1 -1 4096 2 1 0 1 1000000 8990 Mbps
mempipe_thr 0 2 -1 4096 2 1 0 1 1000000 15757 Mbps
mempipe_thr 0 0 -1 65536 2 1 0 1 100000 16942 Mbps
mempipe_thr 0 1 -1 65536 2 1 0 1 100000 12413 Mbps
mempipe_thr 0 2 -1 65536 2 1 0 1 100000 21848 Mbps
mempipe_thr 0 0 -1 64 2 1 1 1 1000000 4026 Mbps
mempipe_thr 0 1 -1 64 2 1 1 1 1000000 2915 Mbps
mempipe_thr 0 2 -1 64 2 1 1 1 1000000 8011 Mbps
mempipe_thr 0 0 -1 4096 2 1 1 1 1000000 7814 Mbps
mempipe_thr 0 1 -1 4096 2 1 1 1 1000000 16063 Mbps
mempipe_thr 0 2 -1 4096 2 1 1 1 1000000 23608 Mbps
mempipe_thr 0 0 -1 65536 2 1 1 1 100000 23062 Mbps
mempipe_thr 0 1 -1 65536 2 1 1 1 100000 18630 Mbps
mempipe_thr 0 2 -1 65536 2 1 1 1 100000 31801 Mbps
mempipe_thr 0 0 -1 64 2 1 0 1 1000000 1873 Mbps
mempipe_thr 0 1 -1 64 2 1 0 1 1000000 3154 Mbps
mempipe_thr 0 2 -1 64 2 1 0 1 1000000 7059 Mbps
mempipe_thr 0 0 -1 4096 2 1 0 1 1000000 6810 Mbps
mempipe_thr 0 1 -1 4096 2 1 0 1 1000000 9119 Mbps
mempipe_thr 0 2 -1 4096 2 1 0 1 1000000 14501 Mbps
mempipe_thr 0 0 -1 65536 2 1 0 1 100000 16970 Mbps
mempipe_thr 0 1 -1 65536 2 1 0 1 100000 12443 Mbps
mempipe_thr 0 2 -1 65536 2 1 0 1 100000 20727 Mbps
mempipe_thr 0 0 -1 64 2 1 1 1 1000000 2124 Mbps
mempipe_thr 0 1 -1 64 2 1 1 1 1000000 2900 Mbps
mempipe_thr 0 2 -1 64 2 1 1 1 1000000 8109 Mbps
mempipe_thr 0 0 -1 4096 2 1 1 1 1000000 7920 Mbps
mempipe_thr 0 1 -1 4096 2 1 1 1 1000000 16083 Mbps
mempipe_thr 0 2 -1 4096 2 1 1 1 1000000 23866 Mbps
mempipe_thr 0 0 -1 65536 2 1 1 1 100000 23096 Mbps
mempipe_thr 0 1 -1 65536 2 1 1 1 100000 18598 Mbps
mempipe_thr 0 2 -1 65536 2 1 1 1 100000 34306 Mbps
mempipe_thr 0 0 -1 64 2 1 0 1 1000000 1691 Mbps
mempipe_thr 0 1 -1 64 2 1 0 1 1000000 3352 Mbps
mempipe_thr 0 2 -1 64 2 1 0 1 1000000 6995 Mbps
mempipe_thr 0 0 -1 4096 2 1 0 1 1000000 6849 Mbps
mempipe_thr 0 1 -1 4096 2 1 0 1 1000000 8975 Mbps
mempipe_thr 0 2 -1 4096 2 1 0 1 1000000 15769 Mbps
mempipe_thr 0 0 -1 65536 2 1 0 1 100000 16940 Mbps
mempipe_thr 0 1 -1 65536 2 1 0 1 100000 12402 Mbps
mempipe_thr 0 2 -1 65536 2 1 0 1 100000 21900 Mbps
mempipe_thr 0 0 -1 64 2 1 1 1 1000000 4104 Mbps
mempipe_thr 0 1 -1 64 2 1 1 1 1000000 2917 Mbps
mempipe_thr 0 2 -1 64 2 1 1 1 1000000 7636 Mbps
mempipe_thr 0 0 -1 4096 2 1 1 1 1000000 7850 Mbps
mempipe_thr 0 1 -1 4096 2 1 1 1 1000000 15998 Mbps
mempipe_thr 0 2 -1 4096 2 1 1 1 1000000 23962 Mbps
mempipe_thr 0 0 -1 65536 2 1 1 1 100000 23028 Mbps
mempipe_thr 0 1 -1 65536 2 1 1 1 100000 17337 Mbps
mempipe_thr 0 2 -1 65536 2 1 1 1 100000 34284 Mbps
mempipe_thr 0 0 -1 64 2 1 0 1 1000000 1587 Mbps
mempipe_thr 0 1 -1 64 2 1 0 1 1000000 3329 Mbps
mempipe_thr 0 2 -1 64 2 1 0 1 1000000 6869 Mbps
mempipe_thr 0 0 -1 4096 2 1 0 1 1000000 6933 Mbps
mempipe_thr 0 1 -1 4096 2 1 0 1 1000000 9060 Mbps
mempipe_thr 0 2 -1 4096 2 1 0 1 1000000 14890 Mbps
mempipe_thr 0 0 -1 65536 2 1 0 1 100000 16956 Mbps
mempipe_thr 0 1 -1 65536 2 1 0 1 100000 12425 Mbps
mempipe_thr 0 2 -1 65536 2 1 0 1 100000 20818 Mbps
mempipe_thr 0 0 -1 64 2 1 1 1 1000000 3801 Mbps
mempipe_thr 0 1 -1 64 2 1 1 1 1000000 2897 Mbps
mempipe_thr 0 2 -1 64 2 1 1 1 1000000 7807 Mbps
mempipe_thr 0 0 -1 4096 2 1 1 1 1000000 7833 Mbps
mempipe_thr 0 1 -1 4096 2 1 1 1 1000000 16105 Mbps
mempipe_thr 0 2 -1 4096 2 1 1 1 1000000 23692 Mbps
mempipe_thr 0 0 -1 65536 2 1 1 1 100000 23028 Mbps
mempipe_thr 0 1 -1 65536 2 1 1 1 100000 17017 Mbps
mempipe_thr 0 2 -1 65536 2 1 1 1 100000 34326 Mbps
mempipe_thr 0 0 -1 64 2 1 0 1 1000000 1920 Mbps
mempipe_thr 0 1 -1 64 2 1 0 1 1000000 3348 Mbps
mempipe_thr 0 2 -1 64 2 1 0 1 1000000 6783 Mbps
mempipe_thr 0 0 -1 4096 2 1 0 1 1000000 6927 Mbps
mempipe_thr 0 1 -1 4096 2 1 0 1 1000000 9029 Mbps
mempipe_thr 0 2 -1 4096 2 1 0 1 1000000 15639 Mbps
mempipe_thr 0 0 -1 65536 2 1 0 1 100000 16901 Mbps
mempipe_thr 0 1 -1 65536 2 1 0 1 100000 12427 Mbps
mempipe_thr 0 2 -1 65536 2 1 0 1 100000 21905 Mbps
mempipe_thr 0 0 -1 64 2 1 1 1 1000000 2578 Mbps
mempipe_thr 0 1 -1 64 2 1 1 1 1000000 2916 Mbps
mempipe_thr 0 2 -1 64 2 1 1 1 1000000 7890 Mbps
mempipe_thr 0 0 -1 4096 2 1 1 1 1000000 7824 Mbps
mempipe_thr 0 1 -1 4096 2 1 1 1 1000000 15982 Mbps
mempipe_thr 0 2 -1 4096 2 1 1 1 1000000 24006 Mbps
mempipe_thr 0 0 -1 65536 2 1 1 1 100000 23057 Mbps
mempipe_thr 0 1 -1 65536 2 1 1 1 100000 18293 Mbps
mempipe_thr 0 2 -1 65536 2 1 1 1 100000 33914 Mbps
mempipe_thr 0 0 -1 64 2 1 0 1 1000000 1981 Mbps
mempipe_thr 0 1 -1 64 2 1 0 1 1000000 3343 Mbps
mempipe_thr 0 2 -1 64 2 1 0 1 1000000 6743 Mbps
mempipe_thr 0 0 -1 4096 2 1 0 1 1000000 6871 Mbps
mempipe_thr 0 1 -1 4096 2 1 0 1 1000000 9018 Mbps
mempipe_thr 0 2 -1 4096 2 1 0 1 1000000 14703 Mbps
mempipe_thr 0 0 -1 65536 2 1 0 1 100000 16965 Mbps
mempipe_thr 0 1 -1 65536 2 1 0 1 100000 12426 Mbps
mempipe_thr 0 2 -1 65536 2 1 0 1 100000 21876 Mbps
mempipe_thr 0 0 -1 64 2 1 1 1 1000000 3061 Mbps
mempipe_thr 0 1 -1 64 2 1 1 1 1000000 2915 Mbps
mempipe_thr 0 2 -1 64 2 1 1 1 1000000 8062 Mbps
mempipe_thr 0 0 -1 4096 2 1 1 1 1000000 7829 Mbps
mempipe_thr 0 1 -1 4096 2 1 1 1 1000000 16200 Mbps
mempipe_thr 0 2 -1 4096 2 1 1 1 1000000 23907 Mbps
mempipe_thr 0 0 -1 65536 2 1 1 1 100000 23044 Mbps
mempipe_thr 0 1 -1 65536 2 1 1 1 100000 16990 Mbps
mempipe_thr 0 2 -1 65536 2 1 1 1 100000 34212 Mbps
mempipe_thr 0 0 -1 64 2 1 0 1 1000000 2186 Mbps
mempipe_thr 0 1 -1 64 2 1 0 1 1000000 3331 Mbps
mempipe_thr 0 2 -1 64 2 1 0 1 1000000 6786 Mbps
mempipe_thr 0 0 -1 4096 2 1 0 1 1000000 6921 Mbps
mempipe_thr 0 1 -1 4096 2 1 0 1 1000000 8979 Mbps
mempipe_thr 0 2 -1 4096 2 1 0 1 1000000 15551 Mbps
mempipe_thr 0 0 -1 65536 2 1 0 1 100000 16870 Mbps
mempipe_thr 0 1 -1 65536 2 1 0 1 100000 12403 Mbps
mempipe_thr 0 2 -1 65536 2 1 0 1 100000 21879 Mbps
mempipe_thr 0 0 -1 64 2 1 1 1 1000000 3276 Mbps
mempipe_thr 0 1 -1 64 2 1 1 1 1000000 2905 Mbps
mempipe_thr 0 2 -1 64 2 1 1 1 1000000 7800 Mbps
mempipe_thr 0 0 -1 4096 2 1 1 1 1000000 7817 Mbps
mempipe_thr 0 1 -1 4096 2 1 1 1 1000000 15916 Mbps
mempipe_thr 0 2 -1 4096 2 1 1 1 1000000 23764 Mbps
mempipe_thr 0 0 -1 65536 2 1 1 1 100000 23047 Mbps
mempipe_thr 0 1 -1 65536 2 1 1 1 100000 16879 Mbps
mempipe_thr 0 2 -1 65536 2 1 1 1 100000 34295 Mbps
mempipe_thr 0 0 -1 64 2 1 0 1 1000000 1558 Mbps
mempipe_thr 0 1 -1 64 2 1 0 1 1000000 3324 Mbps
mempipe_thr 0 2 -1 64 2 1 0 1 1000000 6804 Mbps
mempipe_thr 0 0 -1 4096 2 1 0 1 1000000 6889 Mbps
mempipe_thr 0 1 -1 4096 2 1 0 1 1000000 9023 Mbps
mempipe_thr 0 2 -1 4096 2 1 0 1 1000000 15789 Mbps
mempipe_thr 0 0 -1 65536 2 1 0 1 100000 16922 Mbps
mempipe_thr 0 1 -1 65536 2 1 0 1 100000 12435 Mbps
mempipe_thr 0 2 -1 65536 2 1 0 1 100000 21633 Mbps
