tcp_thr 0 0 -1 64 2 1 1 1 1000000 422 Mbps
tcp_thr 0 1 -1 64 2 1 1 1 1000000 876 Mbps
tcp_thr 0 2 -1 64 2 1 1 1 1000000 952 Mbps
tcp_thr 0 0 -1 4096 2 1 1 1 1000000 5440 Mbps
tcp_thr 0 1 -1 4096 2 1 1 1 1000000 7326 Mbps
tcp_thr 0 2 -1 4096 2 1 1 1 1000000 8001 Mbps
tcp_thr 0 0 -1 65536 2 1 1 1 100000 8135 Mbps
tcp_thr 0 1 -1 65536 2 1 1 1 100000 10094 Mbps
tcp_thr 0 2 -1 65536 2 1 1 1 100000 11917 Mbps
tcp_thr 0 0 -1 64 2 1 1 1 1000000 443 Mbps
tcp_thr 0 1 -1 64 2 1 1 1 1000000 838 Mbps
tcp_thr 0 2 -1 64 2 1 1 1 1000000 937 Mbps
tcp_thr 0 0 -1 4096 2 1 1 1 1000000 5748 Mbps
tcp_thr 0 1 -1 4096 2 1 1 1 1000000 7238 Mbps
tcp_thr 0 2 -1 4096 2 1 1 1 1000000 8612 Mbps
tcp_thr 0 0 -1 65536 2 1 1 1 100000 8010 Mbps
tcp_thr 0 1 -1 65536 2 1 1 1 100000 10258 Mbps
tcp_thr 0 2 -1 65536 2 1 1 1 100000 11077 Mbps
tcp_thr 0 0 -1 64 2 1 1 1 1000000 441 Mbps
tcp_thr 0 1 -1 64 2 1 1 1 1000000 849 Mbps
tcp_thr 0 2 -1 64 2 1 1 1 1000000 952 Mbps
tcp_thr 0 0 -1 4096 2 1 1 1 1000000 5787 Mbps
tcp_thr 0 1 -1 4096 2 1 1 1 1000000 7285 Mbps
tcp_thr 0 2 -1 4096 2 1 1 1 1000000 8479 Mbps
tcp_thr 0 0 -1 65536 2 1 1 1 100000 7962 Mbps
tcp_thr 0 1 -1 65536 2 1 1 1 100000 9791 Mbps
tcp_thr 0 2 -1 65536 2 1 1 1 100000 10932 Mbps
tcp_thr 0 0 -1 64 2 1 1 1 1000000 430 Mbps
tcp_thr 0 1 -1 64 2 1 1 1 1000000 876 Mbps
tcp_thr 0 2 -1 64 2 1 1 1 1000000 958 Mbps
tcp_thr 0 0 -1 4096 2 1 1 1 1000000 5849 Mbps
tcp_thr 0 1 -1 4096 2 1 1 1 1000000 7390 Mbps
tcp_thr 0 2 -1 4096 2 1 1 1 1000000 8588 Mbps
tcp_thr 0 0 -1 65536 2 1 1 1 100000 8024 Mbps
tcp_thr 0 1 -1 65536 2 1 1 1 100000 10513 Mbps
tcp_thr 0 2 -1 65536 2 1 1 1 100000 11943 Mbps
tcp_thr 0 0 -1 64 2 1 1 1 1000000 448 Mbps
tcp_thr 0 1 -1 64 2 1 1 1 1000000 870 Mbps
tcp_thr 0 2 -1 64 2 1 1 1 1000000 944 Mbps
tcp_thr 0 0 -1 4096 2 1 1 1 1000000 5764 Mbps
tcp_thr 0 1 -1 4096 2 1 1 1 1000000 7400 Mbps
tcp_thr 0 2 -1 4096 2 1 1 1 1000000 8398 Mbps
tcp_thr 0 0 -1 65536 2 1 1 1 100000 7995 Mbps
tcp_thr 0 1 -1 65536 2 1 1 1 100000 10546 Mbps
tcp_thr 0 2 -1 65536 2 1 1 1 100000 10763 Mbps
tcp_thr 0 0 -1 64 2 1 1 1 1000000 434 Mbps
tcp_thr 0 1 -1 64 2 1 1 1 1000000 870 Mbps
tcp_thr 0 2 -1 64 2 1 1 1 1000000 949 Mbps
tcp_thr 0 0 -1 4096 2 1 1 1 1000000 5754 Mbps
tcp_thr 0 1 -1 4096 2 1 1 1 1000000 7397 Mbps
tcp_thr 0 2 -1 4096 2 1 1 1 1000000 8559 Mbps
tcp_thr 0 0 -1 65536 2 1 1 1 100000 7993 Mbps
tcp_thr 0 1 -1 65536 2 1 1 1 100000 10584 Mbps
tcp_thr 0 2 -1 65536 2 1 1 1 100000 13760 Mbps
tcp_thr 0 0 -1 64 2 1 1 1 1000000 414 Mbps
tcp_thr 0 1 -1 64 2 1 1 1 1000000 868 Mbps
tcp_thr 0 2 -1 64 2 1 1 1 1000000 954 Mbps
tcp_thr 0 0 -1 4096 2 1 1 1 1000000 5760 Mbps
tcp_thr 0 1 -1 4096 2 1 1 1 1000000 7391 Mbps
tcp_thr 0 2 -1 4096 2 1 1 1 1000000 8411 Mbps
tcp_thr 0 0 -1 65536 2 1 1 1 100000 8003 Mbps
tcp_thr 0 1 -1 65536 2 1 1 1 100000 10574 Mbps
tcp_thr 0 2 -1 65536 2 1 1 1 100000 10715 Mbps
tcp_thr 0 0 -1 64 2 1 1 1 1000000 448 Mbps
tcp_thr 0 1 -1 64 2 1 1 1 1000000 872 Mbps
tcp_thr 0 2 -1 64 2 1 1 1 1000000 958 Mbps
tcp_thr 0 0 -1 4096 2 1 1 1 1000000 5803 Mbps
tcp_thr 0 1 -1 4096 2 1 1 1 1000000 7390 Mbps
tcp_thr 0 2 -1 4096 2 1 1 1 1000000 8598 Mbps
tcp_thr 0 0 -1 65536 2 1 1 1 100000 8017 Mbps
tcp_thr 0 1 -1 65536 2 1 1 1 100000 10559 Mbps
tcp_thr 0 2 -1 65536 2 1 1 1 100000 12001 Mbps
tcp_thr 0 0 -1 64 2 1 1 1 1000000 449 Mbps
tcp_thr 0 1 -1 64 2 1 1 1 1000000 874 Mbps
tcp_thr 0 2 -1 64 2 1 1 1 1000000 947 Mbps
tcp_thr 0 0 -1 4096 2 1 1 1 1000000 5786 Mbps
tcp_thr 0 1 -1 4096 2 1 1 1 1000000 7435 Mbps
tcp_thr 0 2 -1 4096 2 1 1 1 1000000 8458 Mbps
tcp_thr 0 0 -1 65536 2 1 1 1 100000 8018 Mbps
tcp_thr 0 1 -1 65536 2 1 1 1 100000 9980 Mbps
tcp_thr 0 2 -1 65536 2 1 1 1 100000 10961 Mbps
tcp_thr 0 0 -1 64 2 1 1 1 1000000 423 Mbps
tcp_thr 0 1 -1 64 2 1 1 1 1000000 874 Mbps
tcp_thr 0 2 -1 64 2 1 1 1 1000000 960 Mbps
tcp_thr 0 0 -1 4096 2 1 1 1 1000000 5769 Mbps
tcp_thr 0 1 -1 4096 2 1 1 1 1000000 7065 Mbps
tcp_thr 0 2 -1 4096 2 1 1 1 1000000 8712 Mbps
tcp_thr 0 0 -1 65536 2 1 1 1 100000 7999 Mbps
tcp_thr 0 1 -1 65536 2 1 1 1 100000 10511 Mbps
tcp_thr 0 2 -1 65536 2 1 1 1 100000 12535 Mbps
tcp_thr 0 0 -1 64 2 1 1 1 1000000 425 Mbps
tcp_thr 0 1 -1 64 2 1 1 1 1000000 875 Mbps
tcp_thr 0 2 -1 64 2 1 1 1 1000000 895 Mbps
tcp_thr 0 0 -1 4096 2 1 1 1 1000000 5763 Mbps
tcp_thr 0 1 -1 4096 2 1 1 1 1000000 7428 Mbps
tcp_thr 0 2 -1 4096 2 1 1 1 1000000 8659 Mbps
tcp_thr 0 0 -1 65536 2 1 1 1 100000 8003 Mbps
tcp_thr 0 1 -1 65536 2 1 1 1 100000 10582 Mbps
tcp_thr 0 2 -1 65536 2 1 1 1 100000 10766 Mbps
