vmsplice_coop_pipe_thr 0 0 -1 64 2 1 1 1 1000000 370 Mbps
vmsplice_coop_pipe_thr 0 1 -1 64 2 1 1 1 1000000 374 Mbps
vmsplice_coop_pipe_thr 0 2 -1 64 2 1 1 1 1000000 820 Mbps
vmsplice_coop_pipe_thr 0 0 -1 4096 2 1 1 1 1000000 6736 Mbps
vmsplice_coop_pipe_thr 0 1 -1 4096 2 1 1 1 1000000 6808 Mbps
vmsplice_coop_pipe_thr 0 2 -1 4096 2 1 1 1 1000000 14389 Mbps
vmsplice_coop_pipe_thr 0 0 -1 65536 2 1 1 1 100000 15810 Mbps
vmsplice_coop_pipe_thr 0 1 -1 65536 2 1 1 1 100000 13054 Mbps
vmsplice_coop_pipe_thr 0 2 -1 65536 2 1 1 1 100000 21282 Mbps
vmsplice_coop_pipe_thr 0 0 -1 64 2 1 1 1 1000000 358 Mbps
vmsplice_coop_pipe_thr 0 1 -1 64 2 1 1 1 1000000 370 Mbps
vmsplice_coop_pipe_thr 0 2 -1 64 2 1 1 1 1000000 809 Mbps
vmsplice_coop_pipe_thr 0 0 -1 4096 2 1 1 1 1000000 6878 Mbps
vmsplice_coop_pipe_thr 0 1 -1 4096 2 1 1 1 1000000 8112 Mbps
vmsplice_coop_pipe_thr 0 2 -1 4096 2 1 1 1 1000000 14825 Mbps
vmsplice_coop_pipe_thr 0 0 -1 65536 2 1 1 1 100000 15823 Mbps
vmsplice_coop_pipe_thr 0 1 -1 65536 2 1 1 1 100000 11802 Mbps
vmsplice_coop_pipe_thr 0 2 -1 65536 2 1 1 1 100000 21007 Mbps
vmsplice_coop_pipe_thr 0 0 -1 64 2 1 1 1 1000000 374 Mbps
vmsplice_coop_pipe_thr 0 1 -1 64 2 1 1 1 1000000 367 Mbps
vmsplice_coop_pipe_thr 0 2 -1 64 2 1 1 1 1000000 783 Mbps
vmsplice_coop_pipe_thr 0 0 -1 4096 2 1 1 1 1000000 6800 Mbps
vmsplice_coop_pipe_thr 0 1 -1 4096 2 1 1 1 1000000 8344 Mbps
vmsplice_coop_pipe_thr 0 2 -1 4096 2 1 1 1 1000000 14413 Mbps
vmsplice_coop_pipe_thr 0 0 -1 65536 2 1 1 1 100000 15702 Mbps
vmsplice_coop_pipe_thr 0 1 -1 65536 2 1 1 1 100000 12848 Mbps
vmsplice_coop_pipe_thr 0 2 -1 65536 2 1 1 1 100000 21147 Mbps
vmsplice_coop_pipe_thr 0 0 -1 64 2 1 1 1 1000000 364 Mbps
vmsplice_coop_pipe_thr 0 1 -1 64 2 1 1 1 1000000 387 Mbps
vmsplice_coop_pipe_thr 0 2 -1 64 2 1 1 1 1000000 812 Mbps
vmsplice_coop_pipe_thr 0 0 -1 4096 2 1 1 1 1000000 6845 Mbps
vmsplice_coop_pipe_thr 0 1 -1 4096 2 1 1 1 1000000 7876 Mbps
vmsplice_coop_pipe_thr 0 2 -1 4096 2 1 1 1 1000000 13631 Mbps
vmsplice_coop_pipe_thr 0 0 -1 65536 2 1 1 1 100000 15731 Mbps
vmsplice_coop_pipe_thr 0 1 -1 65536 2 1 1 1 100000 12924 Mbps
vmsplice_coop_pipe_thr 0 2 -1 65536 2 1 1 1 100000 20166 Mbps
vmsplice_coop_pipe_thr 0 0 -1 64 2 1 1 1 1000000 365 Mbps
vmsplice_coop_pipe_thr 0 1 -1 64 2 1 1 1 1000000 376 Mbps
vmsplice_coop_pipe_thr 0 2 -1 64 2 1 1 1 1000000 808 Mbps
vmsplice_coop_pipe_thr 0 0 -1 4096 2 1 1 1 1000000 6829 Mbps
vmsplice_coop_pipe_thr 0 1 -1 4096 2 1 1 1 1000000 9528 Mbps
vmsplice_coop_pipe_thr 0 2 -1 4096 2 1 1 1 1000000 14589 Mbps
vmsplice_coop_pipe_thr 0 0 -1 65536 2 1 1 1 100000 15709 Mbps
vmsplice_coop_pipe_thr 0 1 -1 65536 2 1 1 1 100000 12913 Mbps
vmsplice_coop_pipe_thr 0 2 -1 65536 2 1 1 1 100000 21177 Mbps
vmsplice_coop_pipe_thr 0 0 -1 64 2 1 1 1 1000000 364 Mbps
vmsplice_coop_pipe_thr 0 1 -1 64 2 1 1 1 1000000 379 Mbps
vmsplice_coop_pipe_thr 0 2 -1 64 2 1 1 1 1000000 812 Mbps
vmsplice_coop_pipe_thr 0 0 -1 4096 2 1 1 1 1000000 6859 Mbps
vmsplice_coop_pipe_thr 0 1 -1 4096 2 1 1 1 1000000 8304 Mbps
vmsplice_coop_pipe_thr 0 2 -1 4096 2 1 1 1 1000000 13666 Mbps
vmsplice_coop_pipe_thr 0 0 -1 65536 2 1 1 1 100000 15763 Mbps
vmsplice_coop_pipe_thr 0 1 -1 65536 2 1 1 1 100000 12911 Mbps
vmsplice_coop_pipe_thr 0 2 -1 65536 2 1 1 1 100000 20160 Mbps
vmsplice_coop_pipe_thr 0 0 -1 64 2 1 1 1 1000000 361 Mbps
vmsplice_coop_pipe_thr 0 1 -1 64 2 1 1 1 1000000 369 Mbps
vmsplice_coop_pipe_thr 0 2 -1 64 2 1 1 1 1000000 782 Mbps
vmsplice_coop_pipe_thr 0 0 -1 4096 2 1 1 1 1000000 6794 Mbps
vmsplice_coop_pipe_thr 0 1 -1 4096 2 1 1 1 1000000 8070 Mbps
vmsplice_coop_pipe_thr 0 2 -1 4096 2 1 1 1 1000000 14863 Mbps
vmsplice_coop_pipe_thr 0 0 -1 65536 2 1 1 1 100000 15715 Mbps
vmsplice_coop_pipe_thr 0 1 -1 65536 2 1 1 1 100000 12897 Mbps
vmsplice_coop_pipe_thr 0 2 -1 65536 2 1 1 1 100000 21144 Mbps
vmsplice_coop_pipe_thr 0 0 -1 64 2 1 1 1 1000000 368 Mbps
vmsplice_coop_pipe_thr 0 1 -1 64 2 1 1 1 1000000 390 Mbps
vmsplice_coop_pipe_thr 0 2 -1 64 2 1 1 1 1000000 812 Mbps
vmsplice_coop_pipe_thr 0 0 -1 4096 2 1 1 1 1000000 6850 Mbps
vmsplice_coop_pipe_thr 0 1 -1 4096 2 1 1 1 1000000 9386 Mbps
vmsplice_coop_pipe_thr 0 2 -1 4096 2 1 1 1 1000000 14523 Mbps
vmsplice_coop_pipe_thr 0 0 -1 65536 2 1 1 1 100000 15668 Mbps
vmsplice_coop_pipe_thr 0 1 -1 65536 2 1 1 1 100000 12897 Mbps
vmsplice_coop_pipe_thr 0 2 -1 65536 2 1 1 1 100000 21153 Mbps
vmsplice_coop_pipe_thr 0 0 -1 64 2 1 1 1 1000000 367 Mbps
vmsplice_coop_pipe_thr 0 1 -1 64 2 1 1 1 1000000 382 Mbps
vmsplice_coop_pipe_thr 0 2 -1 64 2 1 1 1 1000000 821 Mbps
vmsplice_coop_pipe_thr 0 0 -1 4096 2 1 1 1 1000000 6853 Mbps
vmsplice_coop_pipe_thr 0 1 -1 4096 2 1 1 1 1000000 7760 Mbps
vmsplice_coop_pipe_thr 0 2 -1 4096 2 1 1 1 1000000 14618 Mbps
vmsplice_coop_pipe_thr 0 0 -1 65536 2 1 1 1 100000 15759 Mbps
vmsplice_coop_pipe_thr 0 1 -1 65536 2 1 1 1 100000 12903 Mbps
vmsplice_coop_pipe_thr 0 2 -1 65536 2 1 1 1 100000 21159 Mbps
vmsplice_coop_pipe_thr 0 0 -1 64 2 1 1 1 1000000 369 Mbps
vmsplice_coop_pipe_thr 0 1 -1 64 2 1 1 1 1000000 366 Mbps
vmsplice_coop_pipe_thr 0 2 -1 64 2 1 1 1 1000000 808 Mbps
vmsplice_coop_pipe_thr 0 0 -1 4096 2 1 1 1 1000000 6847 Mbps
vmsplice_coop_pipe_thr 0 1 -1 4096 2 1 1 1 1000000 8360 Mbps
vmsplice_coop_pipe_thr 0 2 -1 4096 2 1 1 1 1000000 14309 Mbps
vmsplice_coop_pipe_thr 0 0 -1 65536 2 1 1 1 100000 15726 Mbps
vmsplice_coop_pipe_thr 0 1 -1 65536 2 1 1 1 100000 12893 Mbps
vmsplice_coop_pipe_thr 0 2 -1 65536 2 1 1 1 100000 21164 Mbps
vmsplice_coop_pipe_thr 0 0 -1 64 2 1 1 1 1000000 360 Mbps
vmsplice_coop_pipe_thr 0 1 -1 64 2 1 1 1 1000000 385 Mbps
vmsplice_coop_pipe_thr 0 2 -1 64 2 1 1 1 1000000 824 Mbps
vmsplice_coop_pipe_thr 0 0 -1 4096 2 1 1 1 1000000 6872 Mbps
vmsplice_coop_pipe_thr 0 1 -1 4096 2 1 1 1 1000000 8230 Mbps
vmsplice_coop_pipe_thr 0 2 -1 4096 2 1 1 1 1000000 14288 Mbps
vmsplice_coop_pipe_thr 0 0 -1 65536 2 1 1 1 100000 15718 Mbps
vmsplice_coop_pipe_thr 0 1 -1 65536 2 1 1 1 100000 12889 Mbps
vmsplice_coop_pipe_thr 0 2 -1 65536 2 1 1 1 100000 21179 Mbps
