mempipe_thr 0 0 1 64 2 1 1 1 1000000 300 Mbps
mempipe_thr 0 1 1 64 2 1 1 1 1000000 578 Mbps
mempipe_thr 0 6 1 64 2 1 1 1 1000000 474 Mbps
mempipe_thr 0 12 1 64 2 1 1 1 1000000 436 Mbps
mempipe_thr 0 18 1 64 2 1 1 1 1000000 506 Mbps
mempipe_thr 0 0 1 4096 2 1 1 1 1000000 11348 Mbps
mempipe_thr 0 1 1 4096 2 1 1 1 1000000 18206 Mbps
mempipe_thr 0 6 1 4096 2 1 1 1 1000000 9901 Mbps
mempipe_thr 0 12 1 4096 2 1 1 1 1000000 9414 Mbps
mempipe_thr 0 18 1 4096 2 1 1 1 1000000 7132 Mbps
mempipe_thr 0 0 1 65536 2 1 1 1 100000 23550 Mbps
mempipe_thr 0 1 1 65536 2 1 1 1 100000 21099 Mbps
mempipe_thr 0 6 1 65536 2 1 1 1 100000 12836 Mbps
mempipe_thr 0 12 1 65536 2 1 1 1 100000 12449 Mbps
mempipe_thr 0 18 1 65536 2 1 1 1 100000 10002 Mbps
mempipe_thr 0 0 1 64 2 1 0 1 1000000 458 Mbps
mempipe_thr 0 1 1 64 2 1 0 1 1000000 1892 Mbps
mempipe_thr 0 6 1 64 2 1 0 1 1000000 872 Mbps
mempipe_thr 0 12 1 64 2 1 0 1 1000000 1353 Mbps
mempipe_thr 0 18 1 64 2 1 0 1 1000000 993 Mbps
mempipe_thr 0 0 1 4096 2 1 0 1 1000000 6177 Mbps
mempipe_thr 0 1 1 4096 2 1 0 1 1000000 20093 Mbps
mempipe_thr 0 6 1 4096 2 1 0 1 1000000 10139 Mbps
mempipe_thr 0 12 1 4096 2 1 0 1 1000000 8945 Mbps
mempipe_thr 0 18 1 4096 2 1 0 1 1000000 8123 Mbps
mempipe_thr 0 0 1 65536 2 1 0 1 100000 14851 Mbps
mempipe_thr 0 1 1 65536 2 1 0 1 100000 21186 Mbps
mempipe_thr 0 6 1 65536 2 1 0 1 100000 12781 Mbps
mempipe_thr 0 12 1 65536 2 1 0 1 100000 12093 Mbps
mempipe_thr 0 18 1 65536 2 1 0 1 100000 11096 Mbps
mempipe_thr 0 1 1 64 2 1 1 1 1000000 1562 Mbps
mempipe_thr 0 6 1 64 2 1 1 1 1000000 1254 Mbps
mempipe_thr 0 12 1 64 2 1 1 1 1000000 1230 Mbps
mempipe_thr 0 18 1 64 2 1 1 1 1000000 927 Mbps
mempipe_thr 0 1 1 4096 2 1 1 1 1000000 17868 Mbps
mempipe_thr 0 6 1 4096 2 1 1 1 1000000 13424 Mbps
mempipe_thr 0 12 1 4096 2 1 1 1 1000000 12924 Mbps
mempipe_thr 0 18 1 4096 2 1 1 1 1000000 10009 Mbps
mempipe_thr 0 1 1 65536 2 1 1 1 100000 20967 Mbps
mempipe_thr 0 6 1 65536 2 1 1 1 100000 13794 Mbps
mempipe_thr 0 12 1 65536 2 1 1 1 100000 13363 Mbps
mempipe_thr 0 18 1 65536 2 1 1 1 100000 10716 Mbps
mempipe_thr 0 1 1 64 2 1 0 1 1000000 1572 Mbps
mempipe_thr 0 6 1 64 2 1 0 1 1000000 1257 Mbps
mempipe_thr 0 12 1 64 2 1 0 1 1000000 1274 Mbps
mempipe_thr 0 18 1 64 2 1 0 1 1000000 1067 Mbps
mempipe_thr 0 1 1 4096 2 1 0 1 1000000 19356 Mbps
mempipe_thr 0 6 1 4096 2 1 0 1 1000000 12901 Mbps
mempipe_thr 0 12 1 4096 2 1 0 1 1000000 12117 Mbps
mempipe_thr 0 18 1 4096 2 1 0 1 1000000 10866 Mbps
mempipe_thr 0 1 1 65536 2 1 0 1 100000 22146 Mbps
mempipe_thr 0 6 1 65536 2 1 0 1 100000 13748 Mbps
mempipe_thr 0 12 1 65536 2 1 0 1 100000 12922 Mbps
mempipe_thr 0 18 1 65536 2 1 0 1 100000 11909 Mbps
