mempipe_thr 0 0 1 64 2 1 1 1 1000000 249 Mbps
mempipe_thr 0 1 1 64 2 1 1 1 1000000 769 Mbps
mempipe_thr 0 6 1 64 2 1 1 1 1000000 428 Mbps
mempipe_thr 0 12 1 64 2 1 1 1 1000000 445 Mbps
mempipe_thr 0 18 1 64 2 1 1 1 1000000 479 Mbps
mempipe_thr 0 0 1 4096 2 1 1 1 1000000 10148 Mbps
mempipe_thr 0 1 1 4096 2 1 1 1 1000000 18193 Mbps
mempipe_thr 0 6 1 4096 2 1 1 1 1000000 9910 Mbps
mempipe_thr 0 12 1 4096 2 1 1 1 1000000 9495 Mbps
mempipe_thr 0 18 1 4096 2 1 1 1 1000000 7629 Mbps
mempipe_thr 0 0 1 65536 2 1 1 1 100000 22901 Mbps
mempipe_thr 0 1 1 65536 2 1 1 1 100000 20970 Mbps
mempipe_thr 0 6 1 65536 2 1 1 1 100000 12812 Mbps
mempipe_thr 0 12 1 65536 2 1 1 1 100000 12412 Mbps
mempipe_thr 0 18 1 65536 2 1 1 1 100000 10036 Mbps
mempipe_thr 0 0 1 64 2 1 0 1 1000000 576 Mbps
mempipe_thr 0 1 1 64 2 1 0 1 1000000 1880 Mbps
mempipe_thr 0 6 1 64 2 1 0 1 1000000 886 Mbps
mempipe_thr 0 12 1 64 2 1 0 1 1000000 1122 Mbps
mempipe_thr 0 18 1 64 2 1 0 1 1000000 1091 Mbps
mempipe_thr 0 0 1 4096 2 1 0 1 1000000 6173 Mbps
mempipe_thr 0 1 1 4096 2 1 0 1 1000000 19788 Mbps
mempipe_thr 0 6 1 4096 2 1 0 1 1000000 10137 Mbps
mempipe_thr 0 12 1 4096 2 1 0 1 1000000 9196 Mbps
mempipe_thr 0 18 1 4096 2 1 0 1 1000000 8064 Mbps
mempipe_thr 0 0 1 65536 2 1 0 1 100000 14744 Mbps
mempipe_thr 0 1 1 65536 2 1 0 1 100000 20661 Mbps
mempipe_thr 0 6 1 65536 2 1 0 1 100000 12795 Mbps
mempipe_thr 0 12 1 65536 2 1 0 1 100000 12154 Mbps
mempipe_thr 0 18 1 65536 2 1 0 1 100000 11157 Mbps
mempipe_thr 0 1 1 64 2 1 1 1 1000000 1557 Mbps
mempipe_thr 0 6 1 64 2 1 1 1 1000000 1252 Mbps
mempipe_thr 0 12 1 64 2 1 1 1 1000000 1247 Mbps
mempipe_thr 0 18 1 64 2 1 1 1 1000000 926 Mbps
mempipe_thr 0 1 1 4096 2 1 1 1 1000000 17783 Mbps
mempipe_thr 0 6 1 4096 2 1 1 1 1000000 13473 Mbps
mempipe_thr 0 12 1 4096 2 1 1 1 1000000 12925 Mbps
mempipe_thr 0 18 1 4096 2 1 1 1 1000000 10510 Mbps
mempipe_thr 0 1 1 65536 2 1 1 1 100000 21007 Mbps
mempipe_thr 0 6 1 65536 2 1 1 1 100000 13790 Mbps
mempipe_thr 0 12 1 65536 2 1 1 1 100000 13389 Mbps
mempipe_thr 0 18 1 65536 2 1 1 1 100000 10727 Mbps
mempipe_thr 0 1 1 64 2 1 0 1 1000000 1554 Mbps
mempipe_thr 0 6 1 64 2 1 0 1 1000000 1230 Mbps
mempipe_thr 0 12 1 64 2 1 0 1 1000000 1270 Mbps
mempipe_thr 0 18 1 64 2 1 0 1 1000000 1066 Mbps
mempipe_thr 0 1 1 4096 2 1 0 1 1000000 22348 Mbps
mempipe_thr 0 6 1 4096 2 1 0 1 1000000 12883 Mbps
mempipe_thr 0 12 1 4096 2 1 0 1 1000000 12125 Mbps
mempipe_thr 0 18 1 4096 2 1 0 1 1000000 10857 Mbps
mempipe_thr 0 1 1 65536 2 1 0 1 100000 22215 Mbps
mempipe_thr 0 6 1 65536 2 1 0 1 100000 13763 Mbps
mempipe_thr 0 12 1 65536 2 1 0 1 100000 12929 Mbps
mempipe_thr 0 18 1 65536 2 1 0 1 100000 11916 Mbps
