mempipe_thr 0 0 1 64 2 1 1 1 1000000 378 Mbps
mempipe_thr 0 1 1 64 2 1 1 1 1000000 798 Mbps
mempipe_thr 0 6 1 64 2 1 1 1 1000000 400 Mbps
mempipe_thr 0 12 1 64 2 1 1 1 1000000 482 Mbps
mempipe_thr 0 18 1 64 2 1 1 1 1000000 368 Mbps
mempipe_thr 0 0 1 4096 2 1 1 1 1000000 9636 Mbps
mempipe_thr 0 1 1 4096 2 1 1 1 1000000 18171 Mbps
mempipe_thr 0 6 1 4096 2 1 1 1 1000000 9816 Mbps
mempipe_thr 0 12 1 4096 2 1 1 1 1000000 9462 Mbps
mempipe_thr 0 18 1 4096 2 1 1 1 1000000 7744 Mbps
mempipe_thr 0 0 1 65536 2 1 1 1 100000 23474 Mbps
mempipe_thr 0 1 1 65536 2 1 1 1 100000 20985 Mbps
mempipe_thr 0 6 1 65536 2 1 1 1 100000 12784 Mbps
mempipe_thr 0 12 1 65536 2 1 1 1 100000 12437 Mbps
mempipe_thr 0 18 1 65536 2 1 1 1 100000 10034 Mbps
mempipe_thr 0 0 1 64 2 1 0 1 1000000 510 Mbps
mempipe_thr 0 1 1 64 2 1 0 1 1000000 1614 Mbps
mempipe_thr 0 6 1 64 2 1 0 1 1000000 889 Mbps
mempipe_thr 0 12 1 64 2 1 0 1 1000000 1261 Mbps
mempipe_thr 0 18 1 64 2 1 0 1 1000000 1066 Mbps
mempipe_thr 0 0 1 4096 2 1 0 1 1000000 6148 Mbps
mempipe_thr 0 1 1 4096 2 1 0 1 1000000 20027 Mbps
mempipe_thr 0 6 1 4096 2 1 0 1 1000000 10039 Mbps
mempipe_thr 0 12 1 4096 2 1 0 1 1000000 8862 Mbps
mempipe_thr 0 18 1 4096 2 1 0 1 1000000 8012 Mbps
mempipe_thr 0 0 1 65536 2 1 0 1 100000 14700 Mbps
mempipe_thr 0 1 1 65536 2 1 0 1 100000 21164 Mbps
mempipe_thr 0 6 1 65536 2 1 0 1 100000 12793 Mbps
mempipe_thr 0 12 1 65536 2 1 0 1 100000 12152 Mbps
mempipe_thr 0 18 1 65536 2 1 0 1 100000 11120 Mbps
mempipe_thr 0 1 1 64 2 1 1 1 1000000 1553 Mbps
mempipe_thr 0 6 1 64 2 1 1 1 1000000 1260 Mbps
mempipe_thr 0 12 1 64 2 1 1 1 1000000 1243 Mbps
mempipe_thr 0 18 1 64 2 1 1 1 1000000 914 Mbps
mempipe_thr 0 1 1 4096 2 1 1 1 1000000 17823 Mbps
mempipe_thr 0 6 1 4096 2 1 1 1 1000000 13422 Mbps
mempipe_thr 0 12 1 4096 2 1 1 1 1000000 12865 Mbps
mempipe_thr 0 18 1 4096 2 1 1 1 1000000 10485 Mbps
mempipe_thr 0 1 1 65536 2 1 1 1 100000 21072 Mbps
mempipe_thr 0 6 1 65536 2 1 1 1 100000 13761 Mbps
mempipe_thr 0 12 1 65536 2 1 1 1 100000 13369 Mbps
mempipe_thr 0 18 1 65536 2 1 1 1 100000 10695 Mbps
mempipe_thr 0 1 1 64 2 1 0 1 1000000 1570 Mbps
mempipe_thr 0 6 1 64 2 1 0 1 1000000 1232 Mbps
mempipe_thr 0 12 1 64 2 1 0 1 1000000 1269 Mbps
mempipe_thr 0 18 1 64 2 1 0 1 1000000 1066 Mbps
mempipe_thr 0 1 1 4096 2 1 0 1 1000000 19641 Mbps
mempipe_thr 0 6 1 4096 2 1 0 1 1000000 12891 Mbps
mempipe_thr 0 12 1 4096 2 1 0 1 1000000 12129 Mbps
mempipe_thr 0 18 1 4096 2 1 0 1 1000000 10855 Mbps
mempipe_thr 0 1 1 65536 2 1 0 1 100000 22206 Mbps
mempipe_thr 0 6 1 65536 2 1 0 1 100000 13765 Mbps
mempipe_thr 0 12 1 65536 2 1 0 1 100000 12936 Mbps
mempipe_thr 0 18 1 65536 2 1 0 1 100000 11916 Mbps
