shmem_pipe_thr 0 0 1 64 2 1 1 1 1000000 226 Mbps
shmem_pipe_thr 0 1 1 64 2 1 1 1 1000000 320 Mbps
shmem_pipe_thr 0 6 1 64 2 1 1 1 1000000 300 Mbps
shmem_pipe_thr 0 12 1 64 2 1 1 1 1000000 327 Mbps
shmem_pipe_thr 0 18 1 64 2 1 1 1 1000000 266 Mbps
shmem_pipe_thr 0 0 1 4096 2 1 1 1 1000000 8774 Mbps
shmem_pipe_thr 0 1 1 4096 2 1 1 1 1000000 14209 Mbps
shmem_pipe_thr 0 6 1 4096 2 1 1 1 1000000 13328 Mbps
shmem_pipe_thr 0 12 1 4096 2 1 1 1 1000000 12865 Mbps
shmem_pipe_thr 0 18 1 4096 2 1 1 1 1000000 10453 Mbps
shmem_pipe_thr 0 0 1 65536 2 1 1 1 100000 23864 Mbps
shmem_pipe_thr 0 1 1 65536 2 1 1 1 100000 20369 Mbps
shmem_pipe_thr 0 6 1 65536 2 1 1 1 100000 13588 Mbps
shmem_pipe_thr 0 12 1 65536 2 1 1 1 100000 13181 Mbps
shmem_pipe_thr 0 18 1 65536 2 1 1 1 100000 10532 Mbps
shmem_pipe_thr 0 0 1 64 2 1 0 1 1000000 231 Mbps
shmem_pipe_thr 0 1 1 64 2 1 0 1 1000000 316 Mbps
shmem_pipe_thr 0 6 1 64 2 1 0 1 1000000 307 Mbps
shmem_pipe_thr 0 12 1 64 2 1 0 1 1000000 324 Mbps
shmem_pipe_thr 0 18 1 64 2 1 0 1 1000000 253 Mbps
shmem_pipe_thr 0 0 1 4096 2 1 0 1 1000000 14108 Mbps
shmem_pipe_thr 0 1 1 4096 2 1 0 1 1000000 13961 Mbps
shmem_pipe_thr 0 6 1 4096 2 1 0 1 1000000 13358 Mbps
shmem_pipe_thr 0 12 1 4096 2 1 0 1 1000000 12224 Mbps
shmem_pipe_thr 0 18 1 4096 2 1 0 1 1000000 11078 Mbps
shmem_pipe_thr 0 0 1 65536 2 1 0 1 100000 16003 Mbps
shmem_pipe_thr 0 1 1 65536 2 1 0 1 100000 21878 Mbps
shmem_pipe_thr 0 6 1 65536 2 1 0 1 100000 14018 Mbps
shmem_pipe_thr 0 12 1 65536 2 1 0 1 100000 12921 Mbps
shmem_pipe_thr 0 18 1 65536 2 1 0 1 100000 11977 Mbps
