mempipe_thr 0 1 0 65536 2 1 1 1 100000 22472 Mbps
mempipe_thr 0 1 2 65536 2 1 1 1 100000 19350 Mbps
mempipe_thr 0 6 0 65536 2 1 1 1 100000 12684 Mbps
mempipe_thr 0 6 1 65536 2 1 1 1 100000 12754 Mbps
mempipe_thr 0 6 2 65536 2 1 1 1 100000 10040 Mbps
mempipe_thr 0 12 0 65536 2 1 1 1 100000 12406 Mbps
mempipe_thr 0 12 2 65536 2 1 1 1 100000 12419 Mbps
mempipe_thr 0 12 3 65536 2 1 1 1 100000 9945 Mbps
mempipe_thr 0 18 0 65536 2 1 1 1 100000 10010 Mbps
mempipe_thr 0 18 3 65536 2 1 1 1 100000 9991 Mbps
mempipe_thr 0 18 4 65536 2 1 1 1 100000 9007 Mbps
mempipe_thr 0 1 0 65536 2 1 0 1 100000 19789 Mbps
mempipe_thr 0 1 2 65536 2 1 0 1 100000 21358 Mbps
mempipe_thr 0 6 0 65536 2 1 0 1 100000 13488 Mbps
mempipe_thr 0 6 1 65536 2 1 0 1 100000 12752 Mbps
mempipe_thr 0 6 2 65536 2 1 0 1 100000 12071 Mbps
mempipe_thr 0 12 0 65536 2 1 0 1 100000 11603 Mbps
mempipe_thr 0 12 2 65536 2 1 0 1 100000 12074 Mbps
mempipe_thr 0 12 3 65536 2 1 0 1 100000 11541 Mbps
mempipe_thr 0 18 0 65536 2 1 0 1 100000 10857 Mbps
mempipe_thr 0 18 3 65536 2 1 0 1 100000 11068 Mbps
mempipe_thr 0 18 4 65536 2 1 0 1 100000 10884 Mbps
mempipe_thr 0 1 0 65536 2 1 1 1 100000 22326 Mbps
mempipe_thr 0 1 2 65536 2 1 1 1 100000 19415 Mbps
mempipe_thr 0 6 0 65536 2 1 1 1 100000 12631 Mbps
mempipe_thr 0 6 1 65536 2 1 1 1 100000 12756 Mbps
mempipe_thr 0 6 2 65536 2 1 1 1 100000 10036 Mbps
mempipe_thr 0 12 0 65536 2 1 1 1 100000 12503 Mbps
mempipe_thr 0 12 2 65536 2 1 1 1 100000 12373 Mbps
mempipe_thr 0 12 3 65536 2 1 1 1 100000 9944 Mbps
mempipe_thr 0 18 0 65536 2 1 1 1 100000 10043 Mbps
mempipe_thr 0 18 3 65536 2 1 1 1 100000 10014 Mbps
mempipe_thr 0 18 4 65536 2 1 1 1 100000 9024 Mbps
mempipe_thr 0 1 0 65536 2 1 0 1 100000 19921 Mbps
mempipe_thr 0 1 2 65536 2 1 0 1 100000 21439 Mbps
mempipe_thr 0 6 0 65536 2 1 0 1 100000 13468 Mbps
mempipe_thr 0 6 1 65536 2 1 0 1 100000 12756 Mbps
mempipe_thr 0 6 2 65536 2 1 0 1 100000 12150 Mbps
mempipe_thr 0 12 0 65536 2 1 0 1 100000 11616 Mbps
mempipe_thr 0 12 2 65536 2 1 0 1 100000 12089 Mbps
mempipe_thr 0 12 3 65536 2 1 0 1 100000 11465 Mbps
mempipe_thr 0 18 0 65536 2 1 0 1 100000 10809 Mbps
mempipe_thr 0 18 3 65536 2 1 0 1 100000 11102 Mbps
mempipe_thr 0 18 4 65536 2 1 0 1 100000 10889 Mbps
mempipe_thr 0 1 0 65536 2 1 1 1 100000 22498 Mbps
mempipe_thr 0 1 2 65536 2 1 1 1 100000 19342 Mbps
mempipe_thr 0 6 0 65536 2 1 1 1 100000 12640 Mbps
mempipe_thr 0 6 1 65536 2 1 1 1 100000 12864 Mbps
mempipe_thr 0 6 2 65536 2 1 1 1 100000 9994 Mbps
mempipe_thr 0 12 0 65536 2 1 1 1 100000 12344 Mbps
mempipe_thr 0 12 2 65536 2 1 1 1 100000 12380 Mbps
mempipe_thr 0 12 3 65536 2 1 1 1 100000 9957 Mbps
mempipe_thr 0 18 0 65536 2 1 1 1 100000 10007 Mbps
mempipe_thr 0 18 3 65536 2 1 1 1 100000 9978 Mbps
mempipe_thr 0 18 4 65536 2 1 1 1 100000 9015 Mbps
mempipe_thr 0 1 0 65536 2 1 0 1 100000 19738 Mbps
mempipe_thr 0 1 2 65536 2 1 0 1 100000 21334 Mbps
mempipe_thr 0 6 0 65536 2 1 0 1 100000 13407 Mbps
mempipe_thr 0 6 1 65536 2 1 0 1 100000 12739 Mbps
mempipe_thr 0 6 2 65536 2 1 0 1 100000 12263 Mbps
mempipe_thr 0 12 0 65536 2 1 0 1 100000 11583 Mbps
mempipe_thr 0 12 2 65536 2 1 0 1 100000 12157 Mbps
mempipe_thr 0 12 3 65536 2 1 0 1 100000 11488 Mbps
mempipe_thr 0 18 0 65536 2 1 0 1 100000 10766 Mbps
mempipe_thr 0 18 3 65536 2 1 0 1 100000 11143 Mbps
mempipe_thr 0 18 4 65536 2 1 0 1 100000 10837 Mbps
mempipe_thr 0 1 0 65536 2 1 1 1 100000 22447 Mbps
mempipe_thr 0 1 2 65536 2 1 1 1 100000 19388 Mbps
mempipe_thr 0 6 0 65536 2 1 1 1 100000 12581 Mbps
mempipe_thr 0 6 1 65536 2 1 1 1 100000 12806 Mbps
mempipe_thr 0 6 2 65536 2 1 1 1 100000 10040 Mbps
mempipe_thr 0 12 0 65536 2 1 1 1 100000 12437 Mbps
mempipe_thr 0 12 2 65536 2 1 1 1 100000 12392 Mbps
mempipe_thr 0 12 3 65536 2 1 1 1 100000 9915 Mbps
mempipe_thr 0 18 0 65536 2 1 1 1 100000 10004 Mbps
mempipe_thr 0 18 3 65536 2 1 1 1 100000 10006 Mbps
mempipe_thr 0 18 4 65536 2 1 1 1 100000 9057 Mbps
mempipe_thr 0 1 0 65536 2 1 0 1 100000 19774 Mbps
mempipe_thr 0 1 2 65536 2 1 0 1 100000 21446 Mbps
mempipe_thr 0 6 0 65536 2 1 0 1 100000 13425 Mbps
mempipe_thr 0 6 1 65536 2 1 0 1 100000 12775 Mbps
mempipe_thr 0 6 2 65536 2 1 0 1 100000 12193 Mbps
mempipe_thr 0 12 0 65536 2 1 0 1 100000 11565 Mbps
mempipe_thr 0 12 2 65536 2 1 0 1 100000 12091 Mbps
mempipe_thr 0 12 3 65536 2 1 0 1 100000 11442 Mbps
mempipe_thr 0 18 0 65536 2 1 0 1 100000 10866 Mbps
mempipe_thr 0 18 3 65536 2 1 0 1 100000 11126 Mbps
mempipe_thr 0 18 4 65536 2 1 0 1 100000 10855 Mbps
mempipe_thr 0 1 0 65536 2 1 1 1 100000 22457 Mbps
mempipe_thr 0 1 2 65536 2 1 1 1 100000 19296 Mbps
mempipe_thr 0 6 0 65536 2 1 1 1 100000 12548 Mbps
mempipe_thr 0 6 1 65536 2 1 1 1 100000 12851 Mbps
mempipe_thr 0 6 2 65536 2 1 1 1 100000 10040 Mbps
mempipe_thr 0 12 0 65536 2 1 1 1 100000 12517 Mbps
mempipe_thr 0 12 2 65536 2 1 1 1 100000 12459 Mbps
mempipe_thr 0 12 3 65536 2 1 1 1 100000 9873 Mbps
mempipe_thr 0 18 0 65536 2 1 1 1 100000 10022 Mbps
mempipe_thr 0 18 3 65536 2 1 1 1 100000 9976 Mbps
mempipe_thr 0 18 4 65536 2 1 1 1 100000 9023 Mbps
mempipe_thr 0 1 0 65536 2 1 0 1 100000 19938 Mbps
mempipe_thr 0 1 2 65536 2 1 0 1 100000 21301 Mbps
mempipe_thr 0 6 0 65536 2 1 0 1 100000 13511 Mbps
mempipe_thr 0 6 1 65536 2 1 0 1 100000 12798 Mbps
mempipe_thr 0 6 2 65536 2 1 0 1 100000 12206 Mbps
mempipe_thr 0 12 0 65536 2 1 0 1 100000 11561 Mbps
mempipe_thr 0 12 2 65536 2 1 0 1 100000 12089 Mbps
mempipe_thr 0 12 3 65536 2 1 0 1 100000 11430 Mbps
mempipe_thr 0 18 0 65536 2 1 0 1 100000 10825 Mbps
mempipe_thr 0 18 3 65536 2 1 0 1 100000 11108 Mbps
mempipe_thr 0 18 4 65536 2 1 0 1 100000 10907 Mbps
