mempipe_spin_thr 0 1 0 65536 2 1 1 1 100000 22347 Mbps
mempipe_spin_thr 0 1 2 65536 2 1 1 1 100000 19311 Mbps
mempipe_spin_thr 0 6 0 65536 2 1 1 1 100000 13609 Mbps
mempipe_spin_thr 0 6 1 65536 2 1 1 1 100000 13812 Mbps
mempipe_spin_thr 0 6 2 65536 2 1 1 1 100000 10700 Mbps
mempipe_spin_thr 0 12 0 65536 2 1 1 1 100000 13434 Mbps
mempipe_spin_thr 0 12 2 65536 2 1 1 1 100000 13334 Mbps
mempipe_spin_thr 0 12 3 65536 2 1 1 1 100000 10561 Mbps
mempipe_spin_thr 0 18 0 65536 2 1 1 1 100000 10727 Mbps
mempipe_spin_thr 0 18 3 65536 2 1 1 1 100000 10692 Mbps
mempipe_spin_thr 0 18 4 65536 2 1 1 1 100000 9578 Mbps
mempipe_spin_thr 0 1 0 65536 2 1 0 1 100000 21308 Mbps
mempipe_spin_thr 0 1 2 65536 2 1 0 1 100000 22310 Mbps
mempipe_spin_thr 0 6 0 65536 2 1 0 1 100000 14119 Mbps
mempipe_spin_thr 0 6 1 65536 2 1 0 1 100000 13824 Mbps
mempipe_spin_thr 0 6 2 65536 2 1 0 1 100000 12873 Mbps
mempipe_spin_thr 0 12 0 65536 2 1 0 1 100000 12350 Mbps
mempipe_spin_thr 0 12 2 65536 2 1 0 1 100000 12922 Mbps
mempipe_spin_thr 0 12 3 65536 2 1 0 1 100000 12248 Mbps
mempipe_spin_thr 0 18 0 65536 2 1 0 1 100000 11596 Mbps
mempipe_spin_thr 0 18 3 65536 2 1 0 1 100000 11908 Mbps
mempipe_spin_thr 0 18 4 65536 2 1 0 1 100000 11589 Mbps
mempipe_spin_thr 0 1 0 65536 2 1 1 1 100000 22453 Mbps
mempipe_spin_thr 0 1 2 65536 2 1 1 1 100000 19165 Mbps
mempipe_spin_thr 0 6 0 65536 2 1 1 1 100000 13561 Mbps
mempipe_spin_thr 0 6 1 65536 2 1 1 1 100000 13805 Mbps
mempipe_spin_thr 0 6 2 65536 2 1 1 1 100000 10702 Mbps
mempipe_spin_thr 0 12 0 65536 2 1 1 1 100000 13392 Mbps
mempipe_spin_thr 0 12 2 65536 2 1 1 1 100000 13375 Mbps
mempipe_spin_thr 0 12 3 65536 2 1 1 1 100000 10590 Mbps
mempipe_spin_thr 0 18 0 65536 2 1 1 1 100000 10698 Mbps
mempipe_spin_thr 0 18 3 65536 2 1 1 1 100000 10714 Mbps
mempipe_spin_thr 0 18 4 65536 2 1 1 1 100000 9610 Mbps
mempipe_spin_thr 0 1 0 65536 2 1 0 1 100000 21217 Mbps
mempipe_spin_thr 0 1 2 65536 2 1 0 1 100000 22307 Mbps
mempipe_spin_thr 0 6 0 65536 2 1 0 1 100000 14113 Mbps
mempipe_spin_thr 0 6 1 65536 2 1 0 1 100000 13745 Mbps
mempipe_spin_thr 0 6 2 65536 2 1 0 1 100000 12874 Mbps
mempipe_spin_thr 0 12 0 65536 2 1 0 1 100000 12347 Mbps
mempipe_spin_thr 0 12 2 65536 2 1 0 1 100000 12918 Mbps
mempipe_spin_thr 0 12 3 65536 2 1 0 1 100000 12257 Mbps
mempipe_spin_thr 0 18 0 65536 2 1 0 1 100000 11591 Mbps
mempipe_spin_thr 0 18 3 65536 2 1 0 1 100000 11911 Mbps
mempipe_spin_thr 0 18 4 65536 2 1 0 1 100000 11577 Mbps
mempipe_spin_thr 0 1 0 65536 2 1 1 1 100000 22282 Mbps
mempipe_spin_thr 0 1 2 65536 2 1 1 1 100000 19345 Mbps
mempipe_spin_thr 0 6 0 65536 2 1 1 1 100000 13605 Mbps
mempipe_spin_thr 0 6 1 65536 2 1 1 1 100000 13768 Mbps
mempipe_spin_thr 0 6 2 65536 2 1 1 1 100000 10690 Mbps
mempipe_spin_thr 0 12 0 65536 2 1 1 1 100000 13364 Mbps
mempipe_spin_thr 0 12 2 65536 2 1 1 1 100000 13350 Mbps
mempipe_spin_thr 0 12 3 65536 2 1 1 1 100000 10562 Mbps
mempipe_spin_thr 0 18 0 65536 2 1 1 1 100000 10695 Mbps
mempipe_spin_thr 0 18 3 65536 2 1 1 1 100000 10692 Mbps
mempipe_spin_thr 0 18 4 65536 2 1 1 1 100000 9588 Mbps
mempipe_spin_thr 0 1 0 65536 2 1 0 1 100000 21229 Mbps
mempipe_spin_thr 0 1 2 65536 2 1 0 1 100000 22298 Mbps
mempipe_spin_thr 0 6 0 65536 2 1 0 1 100000 14093 Mbps
mempipe_spin_thr 0 6 1 65536 2 1 0 1 100000 13734 Mbps
mempipe_spin_thr 0 6 2 65536 2 1 0 1 100000 12852 Mbps
mempipe_spin_thr 0 12 0 65536 2 1 0 1 100000 12349 Mbps
mempipe_spin_thr 0 12 2 65536 2 1 0 1 100000 12924 Mbps
mempipe_spin_thr 0 12 3 65536 2 1 0 1 100000 12235 Mbps
mempipe_spin_thr 0 18 0 65536 2 1 0 1 100000 11585 Mbps
mempipe_spin_thr 0 18 3 65536 2 1 0 1 100000 11899 Mbps
mempipe_spin_thr 0 18 4 65536 2 1 0 1 100000 11597 Mbps
mempipe_spin_thr 0 1 0 65536 2 1 1 1 100000 22467 Mbps
mempipe_spin_thr 0 1 2 65536 2 1 1 1 100000 19236 Mbps
mempipe_spin_thr 0 6 0 65536 2 1 1 1 100000 13530 Mbps
mempipe_spin_thr 0 6 1 65536 2 1 1 1 100000 13743 Mbps
mempipe_spin_thr 0 6 2 65536 2 1 1 1 100000 10699 Mbps
mempipe_spin_thr 0 12 0 65536 2 1 1 1 100000 13433 Mbps
mempipe_spin_thr 0 12 2 65536 2 1 1 1 100000 13391 Mbps
mempipe_spin_thr 0 12 3 65536 2 1 1 1 100000 10570 Mbps
mempipe_spin_thr 0 18 0 65536 2 1 1 1 100000 10696 Mbps
mempipe_spin_thr 0 18 3 65536 2 1 1 1 100000 10688 Mbps
mempipe_spin_thr 0 18 4 65536 2 1 1 1 100000 9613 Mbps
mempipe_spin_thr 0 1 0 65536 2 1 0 1 100000 21144 Mbps
mempipe_spin_thr 0 1 2 65536 2 1 0 1 100000 22319 Mbps
mempipe_spin_thr 0 6 0 65536 2 1 0 1 100000 14137 Mbps
mempipe_spin_thr 0 6 1 65536 2 1 0 1 100000 13729 Mbps
mempipe_spin_thr 0 6 2 65536 2 1 0 1 100000 12891 Mbps
mempipe_spin_thr 0 12 0 65536 2 1 0 1 100000 12349 Mbps
mempipe_spin_thr 0 12 2 65536 2 1 0 1 100000 12933 Mbps
mempipe_spin_thr 0 12 3 65536 2 1 0 1 100000 12250 Mbps
mempipe_spin_thr 0 18 0 65536 2 1 0 1 100000 11585 Mbps
mempipe_spin_thr 0 18 3 65536 2 1 0 1 100000 11914 Mbps
mempipe_spin_thr 0 18 4 65536 2 1 0 1 100000 11598 Mbps
mempipe_spin_thr 0 1 0 65536 2 1 1 1 100000 22380 Mbps
mempipe_spin_thr 0 1 2 65536 2 1 1 1 100000 19271 Mbps
mempipe_spin_thr 0 6 0 65536 2 1 1 1 100000 13605 Mbps
mempipe_spin_thr 0 6 1 65536 2 1 1 1 100000 13778 Mbps
mempipe_spin_thr 0 6 2 65536 2 1 1 1 100000 10662 Mbps
mempipe_spin_thr 0 12 0 65536 2 1 1 1 100000 13366 Mbps
mempipe_spin_thr 0 12 2 65536 2 1 1 1 100000 13391 Mbps
mempipe_spin_thr 0 12 3 65536 2 1 1 1 100000 10591 Mbps
mempipe_spin_thr 0 18 0 65536 2 1 1 1 100000 10706 Mbps
mempipe_spin_thr 0 18 3 65536 2 1 1 1 100000 10712 Mbps
mempipe_spin_thr 0 18 4 65536 2 1 1 1 100000 9590 Mbps
mempipe_spin_thr 0 1 0 65536 2 1 0 1 100000 21288 Mbps
mempipe_spin_thr 0 1 2 65536 2 1 0 1 100000 22298 Mbps
mempipe_spin_thr 0 6 0 65536 2 1 0 1 100000 14123 Mbps
mempipe_spin_thr 0 6 1 65536 2 1 0 1 100000 13745 Mbps
mempipe_spin_thr 0 6 2 65536 2 1 0 1 100000 12849 Mbps
mempipe_spin_thr 0 12 0 65536 2 1 0 1 100000 12336 Mbps
mempipe_spin_thr 0 12 2 65536 2 1 0 1 100000 12934 Mbps
mempipe_spin_thr 0 12 3 65536 2 1 0 1 100000 12248 Mbps
mempipe_spin_thr 0 18 0 65536 2 1 0 1 100000 11588 Mbps
mempipe_spin_thr 0 18 3 65536 2 1 0 1 100000 11905 Mbps
mempipe_spin_thr 0 18 4 65536 2 1 0 1 100000 11570 Mbps
