shmem_pipe_thr 0 1 0 65536 2 1 1 1 100000 21157 Mbps
shmem_pipe_thr 0 1 2 65536 2 1 1 1 100000 19071 Mbps
shmem_pipe_thr 0 6 0 65536 2 1 1 1 100000 13365 Mbps
shmem_pipe_thr 0 6 1 65536 2 1 1 1 100000 13583 Mbps
shmem_pipe_thr 0 6 2 65536 2 1 1 1 100000 10496 Mbps
shmem_pipe_thr 0 12 0 65536 2 1 1 1 100000 13118 Mbps
shmem_pipe_thr 0 12 2 65536 2 1 1 1 100000 13187 Mbps
shmem_pipe_thr 0 12 3 65536 2 1 1 1 100000 10441 Mbps
shmem_pipe_thr 0 18 0 65536 2 1 1 1 100000 10558 Mbps
shmem_pipe_thr 0 18 3 65536 2 1 1 1 100000 10578 Mbps
shmem_pipe_thr 0 18 4 65536 2 1 1 1 100000 9479 Mbps
shmem_pipe_thr 0 1 0 65536 2 1 0 1 100000 21572 Mbps
shmem_pipe_thr 0 1 2 65536 2 1 0 1 100000 22012 Mbps
shmem_pipe_thr 0 6 0 65536 2 1 0 1 100000 14388 Mbps
shmem_pipe_thr 0 6 1 65536 2 1 0 1 100000 14028 Mbps
shmem_pipe_thr 0 6 2 65536 2 1 0 1 100000 12894 Mbps
shmem_pipe_thr 0 12 0 65536 2 1 0 1 100000 12398 Mbps
shmem_pipe_thr 0 12 2 65536 2 1 0 1 100000 12920 Mbps
shmem_pipe_thr 0 12 3 65536 2 1 0 1 100000 12368 Mbps
shmem_pipe_thr 0 18 0 65536 2 1 0 1 100000 11535 Mbps
shmem_pipe_thr 0 18 3 65536 2 1 0 1 100000 11978 Mbps
shmem_pipe_thr 0 18 4 65536 2 1 0 1 100000 11628 Mbps
shmem_pipe_thr 0 1 0 65536 2 1 1 1 100000 21185 Mbps
shmem_pipe_thr 0 1 2 65536 2 1 1 1 100000 19081 Mbps
shmem_pipe_thr 0 6 0 65536 2 1 1 1 100000 13339 Mbps
shmem_pipe_thr 0 6 1 65536 2 1 1 1 100000 13589 Mbps
shmem_pipe_thr 0 6 2 65536 2 1 1 1 100000 10549 Mbps
shmem_pipe_thr 0 12 0 65536 2 1 1 1 100000 13182 Mbps
shmem_pipe_thr 0 12 2 65536 2 1 1 1 100000 13179 Mbps
shmem_pipe_thr 0 12 3 65536 2 1 1 1 100000 10446 Mbps
shmem_pipe_thr 0 18 0 65536 2 1 1 1 100000 10546 Mbps
shmem_pipe_thr 0 18 3 65536 2 1 1 1 100000 10574 Mbps
shmem_pipe_thr 0 18 4 65536 2 1 1 1 100000 9473 Mbps
shmem_pipe_thr 0 1 0 65536 2 1 0 1 100000 21594 Mbps
shmem_pipe_thr 0 1 2 65536 2 1 0 1 100000 22147 Mbps
shmem_pipe_thr 0 6 0 65536 2 1 0 1 100000 14399 Mbps
shmem_pipe_thr 0 6 1 65536 2 1 0 1 100000 14100 Mbps
shmem_pipe_thr 0 6 2 65536 2 1 0 1 100000 12891 Mbps
shmem_pipe_thr 0 12 0 65536 2 1 0 1 100000 12394 Mbps
shmem_pipe_thr 0 12 2 65536 2 1 0 1 100000 12923 Mbps
shmem_pipe_thr 0 12 3 65536 2 1 0 1 100000 12349 Mbps
shmem_pipe_thr 0 18 0 65536 2 1 0 1 100000 11690 Mbps
shmem_pipe_thr 0 18 3 65536 2 1 0 1 100000 11971 Mbps
shmem_pipe_thr 0 18 4 65536 2 1 0 1 100000 11614 Mbps
shmem_pipe_thr 0 1 0 65536 2 1 1 1 100000 21269 Mbps
shmem_pipe_thr 0 1 2 65536 2 1 1 1 100000 19158 Mbps
shmem_pipe_thr 0 6 0 65536 2 1 1 1 100000 13376 Mbps
shmem_pipe_thr 0 6 1 65536 2 1 1 1 100000 13571 Mbps
shmem_pipe_thr 0 6 2 65536 2 1 1 1 100000 10554 Mbps
shmem_pipe_thr 0 12 0 65536 2 1 1 1 100000 13223 Mbps
shmem_pipe_thr 0 12 2 65536 2 1 1 1 100000 13172 Mbps
shmem_pipe_thr 0 12 3 65536 2 1 1 1 100000 10475 Mbps
shmem_pipe_thr 0 18 0 65536 2 1 1 1 100000 10547 Mbps
shmem_pipe_thr 0 18 3 65536 2 1 1 1 100000 10566 Mbps
shmem_pipe_thr 0 18 4 65536 2 1 1 1 100000 9490 Mbps
shmem_pipe_thr 0 1 0 65536 2 1 0 1 100000 21641 Mbps
shmem_pipe_thr 0 1 2 65536 2 1 0 1 100000 21980 Mbps
shmem_pipe_thr 0 6 0 65536 2 1 0 1 100000 14409 Mbps
shmem_pipe_thr 0 6 1 65536 2 1 0 1 100000 14045 Mbps
shmem_pipe_thr 0 6 2 65536 2 1 0 1 100000 12890 Mbps
shmem_pipe_thr 0 12 0 65536 2 1 0 1 100000 12404 Mbps
shmem_pipe_thr 0 12 2 65536 2 1 0 1 100000 12922 Mbps
shmem_pipe_thr 0 12 3 65536 2 1 0 1 100000 12335 Mbps
shmem_pipe_thr 0 18 0 65536 2 1 0 1 100000 11685 Mbps
shmem_pipe_thr 0 18 3 65536 2 1 0 1 100000 11969 Mbps
shmem_pipe_thr 0 18 4 65536 2 1 0 1 100000 11627 Mbps
shmem_pipe_thr 0 1 0 65536 2 1 1 1 100000 21131 Mbps
shmem_pipe_thr 0 1 2 65536 2 1 1 1 100000 18924 Mbps
shmem_pipe_thr 0 6 0 65536 2 1 1 1 100000 13310 Mbps
shmem_pipe_thr 0 6 1 65536 2 1 1 1 100000 13507 Mbps
shmem_pipe_thr 0 6 2 65536 2 1 1 1 100000 10552 Mbps
shmem_pipe_thr 0 12 0 65536 2 1 1 1 100000 13194 Mbps
shmem_pipe_thr 0 12 2 65536 2 1 1 1 100000 13185 Mbps
shmem_pipe_thr 0 12 3 65536 2 1 1 1 100000 10462 Mbps
shmem_pipe_thr 0 18 0 65536 2 1 1 1 100000 10593 Mbps
shmem_pipe_thr 0 18 3 65536 2 1 1 1 100000 10541 Mbps
shmem_pipe_thr 0 18 4 65536 2 1 1 1 100000 9487 Mbps
shmem_pipe_thr 0 1 0 65536 2 1 0 1 100000 21823 Mbps
shmem_pipe_thr 0 1 2 65536 2 1 0 1 100000 22010 Mbps
shmem_pipe_thr 0 6 0 65536 2 1 0 1 100000 14392 Mbps
shmem_pipe_thr 0 6 1 65536 2 1 0 1 100000 14037 Mbps
shmem_pipe_thr 0 6 2 65536 2 1 0 1 100000 12903 Mbps
shmem_pipe_thr 0 12 0 65536 2 1 0 1 100000 12400 Mbps
shmem_pipe_thr 0 12 2 65536 2 1 0 1 100000 12885 Mbps
shmem_pipe_thr 0 12 3 65536 2 1 0 1 100000 12353 Mbps
shmem_pipe_thr 0 18 0 65536 2 1 0 1 100000 11683 Mbps
shmem_pipe_thr 0 18 3 65536 2 1 0 1 100000 11762 Mbps
shmem_pipe_thr 0 18 4 65536 2 1 0 1 100000 11615 Mbps
shmem_pipe_thr 0 1 0 65536 2 1 1 1 100000 21317 Mbps
shmem_pipe_thr 0 1 2 65536 2 1 1 1 100000 19055 Mbps
shmem_pipe_thr 0 6 0 65536 2 1 1 1 100000 13387 Mbps
shmem_pipe_thr 0 6 1 65536 2 1 1 1 100000 13545 Mbps
shmem_pipe_thr 0 6 2 65536 2 1 1 1 100000 10521 Mbps
shmem_pipe_thr 0 12 0 65536 2 1 1 1 100000 13225 Mbps
shmem_pipe_thr 0 12 2 65536 2 1 1 1 100000 13122 Mbps
shmem_pipe_thr 0 12 3 65536 2 1 1 1 100000 10435 Mbps
shmem_pipe_thr 0 18 0 65536 2 1 1 1 100000 10532 Mbps
shmem_pipe_thr 0 18 3 65536 2 1 1 1 100000 10570 Mbps
shmem_pipe_thr 0 18 4 65536 2 1 1 1 100000 9458 Mbps
shmem_pipe_thr 0 1 0 65536 2 1 0 1 100000 21860 Mbps
shmem_pipe_thr 0 1 2 65536 2 1 0 1 100000 22189 Mbps
shmem_pipe_thr 0 6 0 65536 2 1 0 1 100000 14414 Mbps
shmem_pipe_thr 0 6 1 65536 2 1 0 1 100000 14033 Mbps
shmem_pipe_thr 0 6 2 65536 2 1 0 1 100000 12912 Mbps
shmem_pipe_thr 0 12 0 65536 2 1 0 1 100000 12393 Mbps
shmem_pipe_thr 0 12 2 65536 2 1 0 1 100000 12923 Mbps
shmem_pipe_thr 0 12 3 65536 2 1 0 1 100000 12360 Mbps
shmem_pipe_thr 0 18 0 65536 2 1 0 1 100000 11670 Mbps
shmem_pipe_thr 0 18 3 65536 2 1 0 1 100000 11777 Mbps
shmem_pipe_thr 0 18 4 65536 2 1 0 1 100000 11621 Mbps
