mempipe_thr 0 0 64 2 1 1 1 1000000 524 Mbps
mempipe_thr 0 1 64 2 1 1 1 1000000 938 Mbps
mempipe_thr 0 6 64 2 1 1 1 1000000 405 Mbps
mempipe_thr 0 12 64 2 1 1 1 1000000 384 Mbps
mempipe_thr 0 18 64 2 1 1 1 1000000 396 Mbps
mempipe_thr 0 0 4096 2 1 1 1 1000000 15501 Mbps
mempipe_thr 0 1 4096 2 1 1 1 1000000 18720 Mbps
mempipe_thr 0 6 4096 2 1 1 1 1000000 9884 Mbps
mempipe_thr 0 12 4096 2 1 1 1 1000000 9400 Mbps
mempipe_thr 0 18 4096 2 1 1 1 1000000 7103 Mbps
mempipe_thr 0 0 65536 2 1 1 1 100000 23005 Mbps
mempipe_thr 0 1 65536 2 1 1 1 100000 22339 Mbps
mempipe_thr 0 6 65536 2 1 1 1 100000 12846 Mbps
mempipe_thr 0 12 65536 2 1 1 1 100000 12372 Mbps
mempipe_thr 0 18 65536 2 1 1 1 100000 9965 Mbps
mempipe_thr 0 0 64 2 1 0 1 1000000 700 Mbps
mempipe_thr 0 1 64 2 1 0 1 1000000 1922 Mbps
mempipe_thr 0 6 64 2 1 0 1 1000000 690 Mbps
mempipe_thr 0 12 64 2 1 0 1 1000000 993 Mbps
mempipe_thr 0 18 64 2 1 0 1 1000000 864 Mbps
mempipe_thr 0 0 4096 2 1 0 1 1000000 6375 Mbps
mempipe_thr 0 1 4096 2 1 0 1 1000000 18665 Mbps
mempipe_thr 0 6 4096 2 1 0 1 1000000 10179 Mbps
mempipe_thr 0 12 4096 2 1 0 1 1000000 8813 Mbps
mempipe_thr 0 18 4096 2 1 0 1 1000000 7921 Mbps
mempipe_thr 0 0 65536 2 1 0 1 100000 14912 Mbps
mempipe_thr 0 1 65536 2 1 0 1 100000 19933 Mbps
mempipe_thr 0 6 65536 2 1 0 1 100000 12790 Mbps
mempipe_thr 0 12 65536 2 1 0 1 100000 12070 Mbps
mempipe_thr 0 18 65536 2 1 0 1 100000 11104 Mbps
