mempipe_thr 0 0 1 64 2 1 1 1 1000000 319 Mbps
mempipe_thr 0 1 1 64 2 1 1 1 1000000 662 Mbps
mempipe_thr 0 6 1 64 2 1 1 1 1000000 472 Mbps
mempipe_thr 0 12 1 64 2 1 1 1 1000000 549 Mbps
mempipe_thr 0 18 1 64 2 1 1 1 1000000 378 Mbps
mempipe_thr 0 0 1 4096 2 1 1 1 1000000 7671 Mbps
mempipe_thr 0 1 1 4096 2 1 1 1 1000000 18624 Mbps
mempipe_thr 0 6 1 4096 2 1 1 1 1000000 9956 Mbps
mempipe_thr 0 12 1 4096 2 1 1 1 1000000 9469 Mbps
mempipe_thr 0 18 1 4096 2 1 1 1 1000000 7277 Mbps
mempipe_thr 0 0 1 65536 2 1 1 1 100000 23549 Mbps
mempipe_thr 0 1 1 65536 2 1 1 1 100000 22452 Mbps
mempipe_thr 0 6 1 65536 2 1 1 1 100000 12816 Mbps
mempipe_thr 0 12 1 65536 2 1 1 1 100000 12423 Mbps
mempipe_thr 0 18 1 65536 2 1 1 1 100000 10018 Mbps
mempipe_thr 0 0 1 64 2 1 0 1 1000000 536 Mbps
mempipe_thr 0 1 1 64 2 1 0 1 1000000 1527 Mbps
mempipe_thr 0 6 1 64 2 1 0 1 1000000 846 Mbps
mempipe_thr 0 12 1 64 2 1 0 1 1000000 1356 Mbps
mempipe_thr 0 18 1 64 2 1 0 1 1000000 930 Mbps
mempipe_thr 0 0 1 4096 2 1 0 1 1000000 6305 Mbps
mempipe_thr 0 1 1 4096 2 1 0 1 1000000 19173 Mbps
mempipe_thr 0 6 1 4096 2 1 0 1 1000000 10076 Mbps
mempipe_thr 0 12 1 4096 2 1 0 1 1000000 9178 Mbps
mempipe_thr 0 18 1 4096 2 1 0 1 1000000 8092 Mbps
mempipe_thr 0 0 1 65536 2 1 0 1 100000 14795 Mbps
mempipe_thr 0 1 1 65536 2 1 0 1 100000 20115 Mbps
mempipe_thr 0 6 1 65536 2 1 0 1 100000 12866 Mbps
mempipe_thr 0 12 1 65536 2 1 0 1 100000 12114 Mbps
mempipe_thr 0 18 1 65536 2 1 0 1 100000 11185 Mbps
mempipe_thr 0 1 1 64 2 1 1 1 1000000 1376 Mbps
mempipe_thr 0 6 1 64 2 1 1 1 1000000 1253 Mbps
mempipe_thr 0 12 1 64 2 1 1 1 1000000 1244 Mbps
mempipe_thr 0 18 1 64 2 1 1 1 1000000 929 Mbps
mempipe_thr 0 1 1 4096 2 1 1 1 1000000 18036 Mbps
mempipe_thr 0 6 1 4096 2 1 1 1 1000000 13439 Mbps
mempipe_thr 0 12 1 4096 2 1 1 1 1000000 12947 Mbps
mempipe_thr 0 18 1 4096 2 1 1 1 1000000 10479 Mbps
mempipe_thr 0 1 1 65536 2 1 1 1 100000 22427 Mbps
mempipe_thr 0 6 1 65536 2 1 1 1 100000 13794 Mbps
mempipe_thr 0 12 1 65536 2 1 1 1 100000 13380 Mbps
mempipe_thr 0 18 1 65536 2 1 1 1 100000 10723 Mbps
mempipe_thr 0 1 1 64 2 1 0 1 1000000 1517 Mbps
mempipe_thr 0 6 1 64 2 1 0 1 1000000 1235 Mbps
mempipe_thr 0 12 1 64 2 1 0 1 1000000 1265 Mbps
mempipe_thr 0 18 1 64 2 1 0 1 1000000 1068 Mbps
mempipe_thr 0 1 1 4096 2 1 0 1 1000000 23984 Mbps
mempipe_thr 0 6 1 4096 2 1 0 1 1000000 12899 Mbps
mempipe_thr 0 12 1 4096 2 1 0 1 1000000 12103 Mbps
mempipe_thr 0 18 1 4096 2 1 0 1 1000000 10852 Mbps
mempipe_thr 0 1 1 65536 2 1 0 1 100000 21179 Mbps
mempipe_thr 0 6 1 65536 2 1 0 1 100000 13749 Mbps
mempipe_thr 0 12 1 65536 2 1 0 1 100000 12935 Mbps
mempipe_thr 0 18 1 65536 2 1 0 1 100000 11909 Mbps
