mempipe_thr 0 0 1 64 2 1 1 1 1000000 166 Mbps
mempipe_thr 0 1 1 64 2 1 1 1 1000000 648 Mbps
mempipe_thr 0 6 1 64 2 1 1 1 1000000 490 Mbps
mempipe_thr 0 12 1 64 2 1 1 1 1000000 563 Mbps
mempipe_thr 0 18 1 64 2 1 1 1 1000000 385 Mbps
mempipe_thr 0 0 1 4096 2 1 1 1 1000000 12268 Mbps
mempipe_thr 0 1 1 4096 2 1 1 1 1000000 18795 Mbps
mempipe_thr 0 6 1 4096 2 1 1 1 1000000 9877 Mbps
mempipe_thr 0 12 1 4096 2 1 1 1 1000000 9465 Mbps
mempipe_thr 0 18 1 4096 2 1 1 1 1000000 7697 Mbps
mempipe_thr 0 0 1 65536 2 1 1 1 100000 22750 Mbps
mempipe_thr 0 1 1 65536 2 1 1 1 100000 22622 Mbps
mempipe_thr 0 6 1 65536 2 1 1 1 100000 12791 Mbps
mempipe_thr 0 12 1 65536 2 1 1 1 100000 12433 Mbps
mempipe_thr 0 18 1 65536 2 1 1 1 100000 10010 Mbps
mempipe_thr 0 0 1 64 2 1 0 1 1000000 386 Mbps
mempipe_thr 0 1 1 64 2 1 0 1 1000000 1905 Mbps
mempipe_thr 0 6 1 64 2 1 0 1 1000000 908 Mbps
mempipe_thr 0 12 1 64 2 1 0 1 1000000 1238 Mbps
mempipe_thr 0 18 1 64 2 1 0 1 1000000 938 Mbps
mempipe_thr 0 0 1 4096 2 1 0 1 1000000 6253 Mbps
mempipe_thr 0 1 1 4096 2 1 0 1 1000000 18829 Mbps
mempipe_thr 0 6 1 4096 2 1 0 1 1000000 10072 Mbps
mempipe_thr 0 12 1 4096 2 1 0 1 1000000 9098 Mbps
mempipe_thr 0 18 1 4096 2 1 0 1 1000000 8082 Mbps
mempipe_thr 0 0 1 65536 2 1 0 1 100000 14897 Mbps
mempipe_thr 0 1 1 65536 2 1 0 1 100000 19962 Mbps
mempipe_thr 0 6 1 65536 2 1 0 1 100000 12813 Mbps
mempipe_thr 0 12 1 65536 2 1 0 1 100000 12084 Mbps
mempipe_thr 0 18 1 65536 2 1 0 1 100000 11137 Mbps
mempipe_thr 0 1 1 64 2 1 1 1 1000000 1372 Mbps
mempipe_thr 0 6 1 64 2 1 1 1 1000000 1250 Mbps
mempipe_thr 0 12 1 64 2 1 1 1 1000000 1242 Mbps
mempipe_thr 0 18 1 64 2 1 1 1 1000000 910 Mbps
mempipe_thr 0 1 1 4096 2 1 1 1 1000000 18001 Mbps
mempipe_thr 0 6 1 4096 2 1 1 1 1000000 13463 Mbps
mempipe_thr 0 12 1 4096 2 1 1 1 1000000 12928 Mbps
mempipe_thr 0 18 1 4096 2 1 1 1 1000000 10476 Mbps
mempipe_thr 0 1 1 65536 2 1 1 1 100000 22538 Mbps
mempipe_thr 0 6 1 65536 2 1 1 1 100000 13789 Mbps
mempipe_thr 0 12 1 65536 2 1 1 1 100000 13423 Mbps
mempipe_thr 0 18 1 65536 2 1 1 1 100000 10721 Mbps
mempipe_thr 0 1 1 64 2 1 0 1 1000000 1505 Mbps
mempipe_thr 0 6 1 64 2 1 0 1 1000000 1251 Mbps
mempipe_thr 0 12 1 64 2 1 0 1 1000000 1272 Mbps
mempipe_thr 0 18 1 64 2 1 0 1 1000000 1070 Mbps
mempipe_thr 0 1 1 4096 2 1 0 1 1000000 24080 Mbps
mempipe_thr 0 6 1 4096 2 1 0 1 1000000 12899 Mbps
mempipe_thr 0 12 1 4096 2 1 0 1 1000000 12119 Mbps
mempipe_thr 0 18 1 4096 2 1 0 1 1000000 10854 Mbps
mempipe_thr 0 1 1 65536 2 1 0 1 100000 21198 Mbps
mempipe_thr 0 6 1 65536 2 1 0 1 100000 13772 Mbps
mempipe_thr 0 12 1 65536 2 1 0 1 100000 12937 Mbps
mempipe_thr 0 18 1 65536 2 1 0 1 100000 11913 Mbps
