shmem_pipe_thr 0 0 1 64 2 1 1 1 1000000 243 Mbps
shmem_pipe_thr 0 1 1 64 2 1 1 1 1000000 315 Mbps
shmem_pipe_thr 0 6 1 64 2 1 1 1 1000000 297 Mbps
shmem_pipe_thr 0 12 1 64 2 1 1 1 1000000 325 Mbps
shmem_pipe_thr 0 18 1 64 2 1 1 1 1000000 265 Mbps
shmem_pipe_thr 0 0 1 4096 2 1 1 1 1000000 8636 Mbps
shmem_pipe_thr 0 1 1 4096 2 1 1 1 1000000 11887 Mbps
shmem_pipe_thr 0 6 1 4096 2 1 1 1 1000000 13288 Mbps
shmem_pipe_thr 0 12 1 4096 2 1 1 1 1000000 12865 Mbps
shmem_pipe_thr 0 18 1 4096 2 1 1 1 1000000 10446 Mbps
shmem_pipe_thr 0 0 1 65536 2 1 1 1 100000 22468 Mbps
shmem_pipe_thr 0 1 1 65536 2 1 1 1 100000 21198 Mbps
shmem_pipe_thr 0 6 1 65536 2 1 1 1 100000 13537 Mbps
shmem_pipe_thr 0 12 1 65536 2 1 1 1 100000 13168 Mbps
shmem_pipe_thr 0 18 1 65536 2 1 1 1 100000 10576 Mbps
shmem_pipe_thr 0 0 1 64 2 1 0 1 1000000 241 Mbps
shmem_pipe_thr 0 1 1 64 2 1 0 1 1000000 326 Mbps
shmem_pipe_thr 0 6 1 64 2 1 0 1 1000000 303 Mbps
shmem_pipe_thr 0 12 1 64 2 1 0 1 1000000 322 Mbps
shmem_pipe_thr 0 18 1 64 2 1 0 1 1000000 270 Mbps
shmem_pipe_thr 0 0 1 4096 2 1 0 1 1000000 13923 Mbps
shmem_pipe_thr 0 1 1 4096 2 1 0 1 1000000 13649 Mbps
shmem_pipe_thr 0 6 1 4096 2 1 0 1 1000000 13382 Mbps
shmem_pipe_thr 0 12 1 4096 2 1 0 1 1000000 12228 Mbps
shmem_pipe_thr 0 18 1 4096 2 1 0 1 1000000 11069 Mbps
shmem_pipe_thr 0 0 1 65536 2 1 0 1 100000 15984 Mbps
shmem_pipe_thr 0 1 1 65536 2 1 0 1 100000 21731 Mbps
shmem_pipe_thr 0 6 1 65536 2 1 0 1 100000 14042 Mbps
shmem_pipe_thr 0 12 1 65536 2 1 0 1 100000 12777 Mbps
shmem_pipe_thr 0 18 1 65536 2 1 0 1 100000 11972 Mbps
