shmem_pipe_thr 0 0 1 64 2 1 1 1 1000000 230 Mbps
shmem_pipe_thr 0 1 1 64 2 1 1 1 1000000 308 Mbps
shmem_pipe_thr 0 6 1 64 2 1 1 1 1000000 299 Mbps
shmem_pipe_thr 0 12 1 64 2 1 1 1 1000000 316 Mbps
shmem_pipe_thr 0 18 1 64 2 1 1 1 1000000 261 Mbps
shmem_pipe_thr 0 0 1 4096 2 1 1 1 1000000 8945 Mbps
shmem_pipe_thr 0 1 1 4096 2 1 1 1 1000000 14046 Mbps
shmem_pipe_thr 0 6 1 4096 2 1 1 1 1000000 13297 Mbps
shmem_pipe_thr 0 12 1 4096 2 1 1 1 1000000 12845 Mbps
shmem_pipe_thr 0 18 1 4096 2 1 1 1 1000000 10415 Mbps
shmem_pipe_thr 0 0 1 65536 2 1 1 1 100000 24363 Mbps
shmem_pipe_thr 0 1 1 65536 2 1 1 1 100000 20353 Mbps
shmem_pipe_thr 0 6 1 65536 2 1 1 1 100000 13549 Mbps
shmem_pipe_thr 0 12 1 65536 2 1 1 1 100000 13117 Mbps
shmem_pipe_thr 0 18 1 65536 2 1 1 1 100000 10548 Mbps
shmem_pipe_thr 0 0 1 64 2 1 0 1 1000000 229 Mbps
shmem_pipe_thr 0 1 1 64 2 1 0 1 1000000 315 Mbps
shmem_pipe_thr 0 6 1 64 2 1 0 1 1000000 302 Mbps
shmem_pipe_thr 0 12 1 64 2 1 0 1 1000000 327 Mbps
shmem_pipe_thr 0 18 1 64 2 1 0 1 1000000 259 Mbps
shmem_pipe_thr 0 0 1 4096 2 1 0 1 1000000 14037 Mbps
shmem_pipe_thr 0 1 1 4096 2 1 0 1 1000000 14048 Mbps
shmem_pipe_thr 0 6 1 4096 2 1 0 1 1000000 13412 Mbps
shmem_pipe_thr 0 12 1 4096 2 1 0 1 1000000 12193 Mbps
shmem_pipe_thr 0 18 1 4096 2 1 0 1 1000000 11055 Mbps
shmem_pipe_thr 0 0 1 65536 2 1 0 1 100000 15992 Mbps
shmem_pipe_thr 0 1 1 65536 2 1 0 1 100000 21807 Mbps
shmem_pipe_thr 0 6 1 65536 2 1 0 1 100000 14078 Mbps
shmem_pipe_thr 0 12 1 65536 2 1 0 1 100000 12911 Mbps
shmem_pipe_thr 0 18 1 65536 2 1 0 1 100000 11967 Mbps
