mempipe_thr 0 0 1 64 2 1 1 1 1000000 231 Mbps
mempipe_thr 0 1 1 64 2 1 1 1 1000000 774 Mbps
mempipe_thr 0 6 1 64 2 1 1 1 1000000 423 Mbps
mempipe_thr 0 12 1 64 2 1 1 1 1000000 565 Mbps
mempipe_thr 0 18 1 64 2 1 1 1 1000000 387 Mbps
mempipe_thr 0 0 1 4096 2 1 1 1 1000000 12488 Mbps
mempipe_thr 0 1 1 4096 2 1 1 1 1000000 18479 Mbps
mempipe_thr 0 6 1 4096 2 1 1 1 1000000 9823 Mbps
mempipe_thr 0 12 1 4096 2 1 1 1 1000000 9419 Mbps
mempipe_thr 0 18 1 4096 2 1 1 1 1000000 7089 Mbps
mempipe_thr 0 0 1 65536 2 1 1 1 100000 23379 Mbps
mempipe_thr 0 1 1 65536 2 1 1 1 100000 21114 Mbps
mempipe_thr 0 6 1 65536 2 1 1 1 100000 12825 Mbps
mempipe_thr 0 12 1 65536 2 1 1 1 100000 12469 Mbps
mempipe_thr 0 18 1 65536 2 1 1 1 100000 10000 Mbps
mempipe_thr 0 0 1 64 2 1 0 1 1000000 414 Mbps
mempipe_thr 0 1 1 64 2 1 0 1 1000000 1839 Mbps
mempipe_thr 0 6 1 64 2 1 0 1 1000000 720 Mbps
mempipe_thr 0 12 1 64 2 1 0 1 1000000 1317 Mbps
mempipe_thr 0 18 1 64 2 1 0 1 1000000 987 Mbps
mempipe_thr 0 0 1 4096 2 1 0 1 1000000 6119 Mbps
mempipe_thr 0 1 1 4096 2 1 0 1 1000000 20319 Mbps
mempipe_thr 0 6 1 4096 2 1 0 1 1000000 10129 Mbps
mempipe_thr 0 12 1 4096 2 1 0 1 1000000 9029 Mbps
mempipe_thr 0 18 1 4096 2 1 0 1 1000000 7944 Mbps
mempipe_thr 0 0 1 65536 2 1 0 1 100000 14814 Mbps
mempipe_thr 0 1 1 65536 2 1 0 1 100000 21142 Mbps
mempipe_thr 0 6 1 65536 2 1 0 1 100000 12809 Mbps
mempipe_thr 0 12 1 65536 2 1 0 1 100000 12090 Mbps
mempipe_thr 0 18 1 65536 2 1 0 1 100000 11120 Mbps
mempipe_thr 0 1 1 64 2 1 1 1 1000000 1496 Mbps
mempipe_thr 0 6 1 64 2 1 1 1 1000000 1255 Mbps
mempipe_thr 0 12 1 64 2 1 1 1 1000000 1237 Mbps
mempipe_thr 0 18 1 64 2 1 1 1 1000000 927 Mbps
mempipe_thr 0 1 1 4096 2 1 1 1 1000000 17967 Mbps
mempipe_thr 0 6 1 4096 2 1 1 1 1000000 13461 Mbps
mempipe_thr 0 12 1 4096 2 1 1 1 1000000 12916 Mbps
mempipe_thr 0 18 1 4096 2 1 1 1 1000000 10481 Mbps
mempipe_thr 0 1 1 65536 2 1 1 1 100000 21471 Mbps
mempipe_thr 0 6 1 65536 2 1 1 1 100000 13785 Mbps
mempipe_thr 0 12 1 65536 2 1 1 1 100000 13332 Mbps
mempipe_thr 0 18 1 65536 2 1 1 1 100000 10697 Mbps
mempipe_thr 0 1 1 64 2 1 0 1 1000000 1573 Mbps
mempipe_thr 0 6 1 64 2 1 0 1 1000000 1240 Mbps
mempipe_thr 0 12 1 64 2 1 0 1 1000000 1268 Mbps
mempipe_thr 0 18 1 64 2 1 0 1 1000000 1069 Mbps
mempipe_thr 0 1 1 4096 2 1 0 1 1000000 19459 Mbps
mempipe_thr 0 6 1 4096 2 1 0 1 1000000 12897 Mbps
mempipe_thr 0 12 1 4096 2 1 0 1 1000000 12104 Mbps
mempipe_thr 0 18 1 4096 2 1 0 1 1000000 10856 Mbps
mempipe_thr 0 1 1 65536 2 1 0 1 100000 22195 Mbps
mempipe_thr 0 6 1 65536 2 1 0 1 100000 13762 Mbps
mempipe_thr 0 12 1 65536 2 1 0 1 100000 12916 Mbps
mempipe_thr 0 18 1 65536 2 1 0 1 100000 11917 Mbps
