shmem_pipe_thr 0 0 1 64 2 1 1 1 1000000 224 Mbps
shmem_pipe_thr 0 1 1 64 2 1 1 1 1000000 303 Mbps
shmem_pipe_thr 0 6 1 64 2 1 1 1 1000000 300 Mbps
shmem_pipe_thr 0 12 1 64 2 1 1 1 1000000 314 Mbps
shmem_pipe_thr 0 18 1 64 2 1 1 1 1000000 264 Mbps
shmem_pipe_thr 0 0 1 4096 2 1 1 1 1000000 9019 Mbps
shmem_pipe_thr 0 1 1 4096 2 1 1 1 1000000 14180 Mbps
shmem_pipe_thr 0 6 1 4096 2 1 1 1 1000000 13366 Mbps
shmem_pipe_thr 0 12 1 4096 2 1 1 1 1000000 12865 Mbps
shmem_pipe_thr 0 18 1 4096 2 1 1 1 1000000 10419 Mbps
shmem_pipe_thr 0 0 1 65536 2 1 1 1 100000 24104 Mbps
shmem_pipe_thr 0 1 1 65536 2 1 1 1 100000 20366 Mbps
shmem_pipe_thr 0 6 1 65536 2 1 1 1 100000 13551 Mbps
shmem_pipe_thr 0 12 1 65536 2 1 1 1 100000 13123 Mbps
shmem_pipe_thr 0 18 1 65536 2 1 1 1 100000 10570 Mbps
shmem_pipe_thr 0 0 1 64 2 1 0 1 1000000 228 Mbps
shmem_pipe_thr 0 1 1 64 2 1 0 1 1000000 315 Mbps
shmem_pipe_thr 0 6 1 64 2 1 0 1 1000000 305 Mbps
shmem_pipe_thr 0 12 1 64 2 1 0 1 1000000 329 Mbps
shmem_pipe_thr 0 18 1 64 2 1 0 1 1000000 267 Mbps
shmem_pipe_thr 0 0 1 4096 2 1 0 1 1000000 14081 Mbps
shmem_pipe_thr 0 1 1 4096 2 1 0 1 1000000 14042 Mbps
shmem_pipe_thr 0 6 1 4096 2 1 0 1 1000000 13368 Mbps
shmem_pipe_thr 0 12 1 4096 2 1 0 1 1000000 12223 Mbps
shmem_pipe_thr 0 18 1 4096 2 1 0 1 1000000 11085 Mbps
shmem_pipe_thr 0 0 1 65536 2 1 0 1 100000 15959 Mbps
shmem_pipe_thr 0 1 1 65536 2 1 0 1 100000 22044 Mbps
shmem_pipe_thr 0 6 1 65536 2 1 0 1 100000 14021 Mbps
shmem_pipe_thr 0 12 1 65536 2 1 0 1 100000 12895 Mbps
shmem_pipe_thr 0 18 1 65536 2 1 0 1 100000 11979 Mbps
