mempipe_thr 0 1 1 64 2 1 1 1 1000000 1376 1372 1390 1383 1373 1496 1562 1557 1553 1557 1461.9 89.6467759847
mempipe_thr 0 6 1 64 2 1 1 1 1000000 1253 1250 1258 1256 1263 1255 1254 1252 1260 1255 1255.6 3.8643671323
mempipe_thr 0 12 1 64 2 1 1 1 1000000 1244 1242 1243 1240 1245 1237 1230 1247 1243 1241 1241.2 4.8027769745
mempipe_thr 0 18 1 64 2 1 1 1 1000000 929 910 903 904 921 927 927 926 914 921 918.2 9.8070269592
mempipe_thr 0 1 1 4096 2 1 1 1 1000000 18036 18001 17965 17966 17987 17967 17868 17783 17823 17776 17917.2 95.6821125742
mempipe_thr 0 6 1 4096 2 1 1 1 1000000 13439 13463 13473 13436 13465 13461 13424 13473 13422 13465 13452.1 19.8071255416
mempipe_thr 0 12 1 4096 2 1 1 1 1000000 12947 12928 12922 12883 12868 12916 12924 12925 12865 12898 12907.6 27.6855357342
mempipe_thr 0 18 1 4096 2 1 1 1 1000000 10479 10476 10453 10512 10509 10481 10009 10510 10485 10477 10439.1 152.2639885929
mempipe_thr 0 1 1 65536 2 1 1 1 100000 22427 22538 22483 22563 22566 21471 20967 21007 21072 20957 21805.1 763.3652758964
mempipe_thr 0 6 1 65536 2 1 1 1 100000 13794 13789 13780 13792 13830 13785 13794 13790 13761 13790 13790.5 16.9983659345
mempipe_thr 0 12 1 65536 2 1 1 1 100000 13380 13423 13363 13412 13422 13332 13363 13389 13369 13375 13382.8 29.1882777079
mempipe_thr 0 18 1 65536 2 1 1 1 100000 10723 10721 10696 10697 10723 10697 10716 10727 10695 10730 10712.5 14.454910738
mempipe_thr 0 1 1 64 2 1 0 1 1000000 1517 1505 1527 1530 1530 1573 1572 1554 1570 1580 1545.8 27.0710998012
mempipe_thr 0 6 1 64 2 1 0 1 1000000 1235 1251 1236 1279 1234 1240 1257 1230 1232 1239 1243.3 15.1441224389
mempipe_thr 0 12 1 64 2 1 0 1 1000000 1265 1272 1265 1270 1276 1268 1274 1270 1269 1268 1269.7 3.5605867182
mempipe_thr 0 18 1 64 2 1 0 1 1000000 1068 1070 1062 1067 1068 1069 1067 1066 1066 1069 1067.2 2.2509257355
mempipe_thr 0 1 1 4096 2 1 0 1 1000000 23984 24080 24056 23868 24080 19459 19356 22348 19641 19646 22051.8 2234.912416877
mempipe_thr 0 6 1 4096 2 1 0 1 1000000 12899 12899 12905 12881 12892 12897 12901 12883 12891 12918 12896.6 10.7517440446
mempipe_thr 0 12 1 4096 2 1 0 1 1000000 12103 12119 12119 12100 12110 12104 12117 12125 12129 12109 12113.5 9.7780934292
mempipe_thr 0 18 1 4096 2 1 0 1 1000000 10852 10854 10855 10841 10858 10856 10866 10857 10855 10869 10856.3 7.6019003472
mempipe_thr 0 1 1 65536 2 1 0 1 100000 21179 21198 21129 21144 21189 22195 22146 22215 22206 22148 21674.9 535.345049685
mempipe_thr 0 6 1 65536 2 1 0 1 100000 13749 13772 13765 13752 13741 13762 13748 13763 13765 13753 13757 9.7524925589
mempipe_thr 0 12 1 65536 2 1 0 1 100000 12935 12937 12917 12929 12933 12916 12922 12929 12936 12923 12927.7 7.7895941985
mempipe_thr 0 18 1 65536 2 1 0 1 100000 11909 11913 11912 11917 11911 11917 11909 11916 11916 11911 11913.1 3.1780497164
