shmem_pipe_thr 0 0 1 64 2 1 1 1 1000000 234 Mbps
shmem_pipe_thr 0 1 1 64 2 1 1 1 1000000 313 Mbps
shmem_pipe_thr 0 6 1 64 2 1 1 1 1000000 300 Mbps
shmem_pipe_thr 0 12 1 64 2 1 1 1 1000000 315 Mbps
shmem_pipe_thr 0 18 1 64 2 1 1 1 1000000 260 Mbps
shmem_pipe_thr 0 0 1 4096 2 1 1 1 1000000 8604 Mbps
shmem_pipe_thr 0 1 1 4096 2 1 1 1 1000000 11778 Mbps
shmem_pipe_thr 0 6 1 4096 2 1 1 1 1000000 13308 Mbps
shmem_pipe_thr 0 12 1 4096 2 1 1 1 1000000 12889 Mbps
shmem_pipe_thr 0 18 1 4096 2 1 1 1 1000000 10418 Mbps
shmem_pipe_thr 0 0 1 65536 2 1 1 1 100000 24646 Mbps
shmem_pipe_thr 0 1 1 65536 2 1 1 1 100000 21212 Mbps
shmem_pipe_thr 0 6 1 65536 2 1 1 1 100000 13552 Mbps
shmem_pipe_thr 0 12 1 65536 2 1 1 1 100000 13118 Mbps
shmem_pipe_thr 0 18 1 65536 2 1 1 1 100000 10537 Mbps
shmem_pipe_thr 0 0 1 64 2 1 0 1 1000000 239 Mbps
shmem_pipe_thr 0 1 1 64 2 1 0 1 1000000 330 Mbps
shmem_pipe_thr 0 6 1 64 2 1 0 1 1000000 311 Mbps
shmem_pipe_thr 0 12 1 64 2 1 0 1 1000000 325 Mbps
shmem_pipe_thr 0 18 1 64 2 1 0 1 1000000 268 Mbps
shmem_pipe_thr 0 0 1 4096 2 1 0 1 1000000 14006 Mbps
shmem_pipe_thr 0 1 1 4096 2 1 0 1 1000000 13708 Mbps
shmem_pipe_thr 0 6 1 4096 2 1 0 1 1000000 13409 Mbps
shmem_pipe_thr 0 12 1 4096 2 1 0 1 1000000 12204 Mbps
shmem_pipe_thr 0 18 1 4096 2 1 0 1 1000000 11115 Mbps
shmem_pipe_thr 0 0 1 65536 2 1 0 1 100000 15942 Mbps
shmem_pipe_thr 0 1 1 65536 2 1 0 1 100000 21599 Mbps
shmem_pipe_thr 0 6 1 65536 2 1 0 1 100000 14033 Mbps
shmem_pipe_thr 0 12 1 65536 2 1 0 1 100000 12911 Mbps
shmem_pipe_thr 0 18 1 65536 2 1 0 1 100000 11961 Mbps
